10:07:41.601 [background-preinit] INFO  o.h.v.i.util.Version - [<clinit>,21] - HV000001: Hibernate Validator 6.1.7.Final
10:07:41.811 [main] INFO  c.u.j.c.EnableEncryptablePropertiesBeanFactoryPostProcessor - [postProcessBeanFactory,48] - Post-processing PropertySource instances
10:07:41.868 [main] INFO  c.u.j.EncryptablePropertySourceConverter - [makeEncryptable,41] - Converting PropertySource configurationProperties [org.springframework.boot.context.properties.source.ConfigurationPropertySourcesPropertySource] to AOP Proxy
10:07:41.869 [main] INFO  c.u.j.EncryptablePropertySourceConverter - [makeEncryptable,41] - Converting PropertySource bootstrap [org.springframework.core.env.MapPropertySource] to EncryptableMapPropertySourceWrapper
10:07:41.869 [main] INFO  c.u.j.EncryptablePropertySourceConverter - [makeEncryptable,41] - Converting PropertySource Inlined Test Properties [org.springframework.core.env.MapPropertySource] to EncryptableMapPropertySourceWrapper
10:07:41.869 [main] INFO  c.u.j.EncryptablePropertySourceConverter - [makeEncryptable,41] - Converting PropertySource systemProperties [org.springframework.core.env.PropertiesPropertySource] to EncryptableMapPropertySourceWrapper
10:07:41.870 [main] INFO  c.u.j.EncryptablePropertySourceConverter - [makeEncryptable,41] - Converting PropertySource systemEnvironment [org.springframework.boot.env.SystemEnvironmentPropertySourceEnvironmentPostProcessor$OriginAwareSystemEnvironmentPropertySource] to EncryptableSystemEnvironmentPropertySourceWrapper
10:07:41.870 [main] INFO  c.u.j.EncryptablePropertySourceConverter - [makeEncryptable,41] - Converting PropertySource random [org.springframework.boot.env.RandomValuePropertySource] to EncryptablePropertySourceWrapper
10:07:41.870 [main] INFO  c.u.j.EncryptablePropertySourceConverter - [makeEncryptable,41] - Converting PropertySource springCloudClientHostInfo [org.springframework.core.env.MapPropertySource] to EncryptableMapPropertySourceWrapper
10:07:41.913 [main] INFO  c.u.j.f.DefaultLazyPropertyFilter - [lambda$null$2,34] - Property Filter custom Bean not found with name 'encryptablePropertyFilter'. Initializing Default Property Filter
10:09:19.011 [background-preinit] INFO  o.h.v.i.util.Version - [<clinit>,21] - HV000001: Hibernate Validator 6.1.7.Final
10:09:19.227 [main] INFO  c.u.j.c.EnableEncryptablePropertiesBeanFactoryPostProcessor - [postProcessBeanFactory,48] - Post-processing PropertySource instances
10:09:19.277 [main] INFO  c.u.j.EncryptablePropertySourceConverter - [makeEncryptable,41] - Converting PropertySource configurationProperties [org.springframework.boot.context.properties.source.ConfigurationPropertySourcesPropertySource] to AOP Proxy
10:09:19.278 [main] INFO  c.u.j.EncryptablePropertySourceConverter - [makeEncryptable,41] - Converting PropertySource bootstrap [org.springframework.core.env.MapPropertySource] to EncryptableMapPropertySourceWrapper
10:09:19.278 [main] INFO  c.u.j.EncryptablePropertySourceConverter - [makeEncryptable,41] - Converting PropertySource Inlined Test Properties [org.springframework.core.env.MapPropertySource] to EncryptableMapPropertySourceWrapper
10:09:19.278 [main] INFO  c.u.j.EncryptablePropertySourceConverter - [makeEncryptable,41] - Converting PropertySource systemProperties [org.springframework.core.env.PropertiesPropertySource] to EncryptableMapPropertySourceWrapper
10:09:19.278 [main] INFO  c.u.j.EncryptablePropertySourceConverter - [makeEncryptable,41] - Converting PropertySource systemEnvironment [org.springframework.boot.env.SystemEnvironmentPropertySourceEnvironmentPostProcessor$OriginAwareSystemEnvironmentPropertySource] to EncryptableSystemEnvironmentPropertySourceWrapper
10:09:19.279 [main] INFO  c.u.j.EncryptablePropertySourceConverter - [makeEncryptable,41] - Converting PropertySource random [org.springframework.boot.env.RandomValuePropertySource] to EncryptablePropertySourceWrapper
10:09:19.279 [main] INFO  c.u.j.EncryptablePropertySourceConverter - [makeEncryptable,41] - Converting PropertySource springCloudClientHostInfo [org.springframework.core.env.MapPropertySource] to EncryptableMapPropertySourceWrapper
10:09:19.320 [main] INFO  c.u.j.f.DefaultLazyPropertyFilter - [lambda$null$2,34] - Property Filter custom Bean not found with name 'encryptablePropertyFilter'. Initializing Default Property Filter
10:20:41.298 [background-preinit] INFO  o.h.v.i.util.Version - [<clinit>,21] - HV000001: Hibernate Validator 6.1.7.Final
10:20:41.495 [main] INFO  c.u.j.c.EnableEncryptablePropertiesBeanFactoryPostProcessor - [postProcessBeanFactory,48] - Post-processing PropertySource instances
10:20:41.546 [main] INFO  c.u.j.EncryptablePropertySourceConverter - [makeEncryptable,41] - Converting PropertySource configurationProperties [org.springframework.boot.context.properties.source.ConfigurationPropertySourcesPropertySource] to AOP Proxy
10:20:41.547 [main] INFO  c.u.j.EncryptablePropertySourceConverter - [makeEncryptable,41] - Converting PropertySource bootstrap [org.springframework.core.env.MapPropertySource] to EncryptableMapPropertySourceWrapper
10:20:41.547 [main] INFO  c.u.j.EncryptablePropertySourceConverter - [makeEncryptable,41] - Converting PropertySource Inlined Test Properties [org.springframework.core.env.MapPropertySource] to EncryptableMapPropertySourceWrapper
10:20:41.547 [main] INFO  c.u.j.EncryptablePropertySourceConverter - [makeEncryptable,41] - Converting PropertySource systemProperties [org.springframework.core.env.PropertiesPropertySource] to EncryptableMapPropertySourceWrapper
10:20:41.547 [main] INFO  c.u.j.EncryptablePropertySourceConverter - [makeEncryptable,41] - Converting PropertySource systemEnvironment [org.springframework.boot.env.SystemEnvironmentPropertySourceEnvironmentPostProcessor$OriginAwareSystemEnvironmentPropertySource] to EncryptableSystemEnvironmentPropertySourceWrapper
10:20:41.548 [main] INFO  c.u.j.EncryptablePropertySourceConverter - [makeEncryptable,41] - Converting PropertySource random [org.springframework.boot.env.RandomValuePropertySource] to EncryptablePropertySourceWrapper
10:20:41.548 [main] INFO  c.u.j.EncryptablePropertySourceConverter - [makeEncryptable,41] - Converting PropertySource springCloudClientHostInfo [org.springframework.core.env.MapPropertySource] to EncryptableMapPropertySourceWrapper
10:20:41.588 [main] INFO  c.u.j.f.DefaultLazyPropertyFilter - [lambda$null$2,34] - Property Filter custom Bean not found with name 'encryptablePropertyFilter'. Initializing Default Property Filter
10:29:18.799 [background-preinit] INFO  o.h.v.i.util.Version - [<clinit>,21] - HV000001: Hibernate Validator 6.1.7.Final
10:29:19.008 [main] INFO  c.u.j.c.EnableEncryptablePropertiesBeanFactoryPostProcessor - [postProcessBeanFactory,48] - Post-processing PropertySource instances
10:29:19.060 [main] INFO  c.u.j.EncryptablePropertySourceConverter - [makeEncryptable,41] - Converting PropertySource configurationProperties [org.springframework.boot.context.properties.source.ConfigurationPropertySourcesPropertySource] to AOP Proxy
10:29:19.060 [main] INFO  c.u.j.EncryptablePropertySourceConverter - [makeEncryptable,41] - Converting PropertySource bootstrap [org.springframework.core.env.MapPropertySource] to EncryptableMapPropertySourceWrapper
10:29:19.061 [main] INFO  c.u.j.EncryptablePropertySourceConverter - [makeEncryptable,41] - Converting PropertySource Inlined Test Properties [org.springframework.core.env.MapPropertySource] to EncryptableMapPropertySourceWrapper
10:29:19.061 [main] INFO  c.u.j.EncryptablePropertySourceConverter - [makeEncryptable,41] - Converting PropertySource systemProperties [org.springframework.core.env.PropertiesPropertySource] to EncryptableMapPropertySourceWrapper
10:29:19.061 [main] INFO  c.u.j.EncryptablePropertySourceConverter - [makeEncryptable,41] - Converting PropertySource systemEnvironment [org.springframework.boot.env.SystemEnvironmentPropertySourceEnvironmentPostProcessor$OriginAwareSystemEnvironmentPropertySource] to EncryptableSystemEnvironmentPropertySourceWrapper
10:29:19.062 [main] INFO  c.u.j.EncryptablePropertySourceConverter - [makeEncryptable,41] - Converting PropertySource random [org.springframework.boot.env.RandomValuePropertySource] to EncryptablePropertySourceWrapper
10:29:19.062 [main] INFO  c.u.j.EncryptablePropertySourceConverter - [makeEncryptable,41] - Converting PropertySource springCloudClientHostInfo [org.springframework.core.env.MapPropertySource] to EncryptableMapPropertySourceWrapper
10:29:19.106 [main] INFO  c.u.j.f.DefaultLazyPropertyFilter - [lambda$null$2,34] - Property Filter custom Bean not found with name 'encryptablePropertyFilter'. Initializing Default Property Filter
10:29:43.283 [background-preinit] INFO  o.h.v.i.util.Version - [<clinit>,21] - HV000001: Hibernate Validator 6.1.7.Final
10:29:43.499 [main] INFO  c.u.j.c.EnableEncryptablePropertiesBeanFactoryPostProcessor - [postProcessBeanFactory,48] - Post-processing PropertySource instances
10:29:43.557 [main] INFO  c.u.j.EncryptablePropertySourceConverter - [makeEncryptable,41] - Converting PropertySource configurationProperties [org.springframework.boot.context.properties.source.ConfigurationPropertySourcesPropertySource] to AOP Proxy
10:29:43.557 [main] INFO  c.u.j.EncryptablePropertySourceConverter - [makeEncryptable,41] - Converting PropertySource bootstrap [org.springframework.core.env.MapPropertySource] to EncryptableMapPropertySourceWrapper
10:29:43.558 [main] INFO  c.u.j.EncryptablePropertySourceConverter - [makeEncryptable,41] - Converting PropertySource Inlined Test Properties [org.springframework.core.env.MapPropertySource] to EncryptableMapPropertySourceWrapper
10:29:43.558 [main] INFO  c.u.j.EncryptablePropertySourceConverter - [makeEncryptable,41] - Converting PropertySource systemProperties [org.springframework.core.env.PropertiesPropertySource] to EncryptableMapPropertySourceWrapper
10:29:43.558 [main] INFO  c.u.j.EncryptablePropertySourceConverter - [makeEncryptable,41] - Converting PropertySource systemEnvironment [org.springframework.boot.env.SystemEnvironmentPropertySourceEnvironmentPostProcessor$OriginAwareSystemEnvironmentPropertySource] to EncryptableSystemEnvironmentPropertySourceWrapper
10:29:43.558 [main] INFO  c.u.j.EncryptablePropertySourceConverter - [makeEncryptable,41] - Converting PropertySource random [org.springframework.boot.env.RandomValuePropertySource] to EncryptablePropertySourceWrapper
10:29:43.559 [main] INFO  c.u.j.EncryptablePropertySourceConverter - [makeEncryptable,41] - Converting PropertySource springCloudClientHostInfo [org.springframework.core.env.MapPropertySource] to EncryptableMapPropertySourceWrapper
10:29:43.602 [main] INFO  c.u.j.f.DefaultLazyPropertyFilter - [lambda$null$2,34] - Property Filter custom Bean not found with name 'encryptablePropertyFilter'. Initializing Default Property Filter
14:46:39.941 [background-preinit] INFO  o.h.v.i.util.Version - [<clinit>,21] - HV000001: Hibernate Validator 6.1.7.Final
14:46:40.141 [main] INFO  c.u.j.c.EnableEncryptablePropertiesBeanFactoryPostProcessor - [postProcessBeanFactory,48] - Post-processing PropertySource instances
14:46:40.193 [main] INFO  c.u.j.EncryptablePropertySourceConverter - [makeEncryptable,41] - Converting PropertySource configurationProperties [org.springframework.boot.context.properties.source.ConfigurationPropertySourcesPropertySource] to AOP Proxy
14:46:40.194 [main] INFO  c.u.j.EncryptablePropertySourceConverter - [makeEncryptable,41] - Converting PropertySource bootstrap [org.springframework.core.env.MapPropertySource] to EncryptableMapPropertySourceWrapper
14:46:40.194 [main] INFO  c.u.j.EncryptablePropertySourceConverter - [makeEncryptable,41] - Converting PropertySource Inlined Test Properties [org.springframework.core.env.MapPropertySource] to EncryptableMapPropertySourceWrapper
14:46:40.194 [main] INFO  c.u.j.EncryptablePropertySourceConverter - [makeEncryptable,41] - Converting PropertySource systemProperties [org.springframework.core.env.PropertiesPropertySource] to EncryptableMapPropertySourceWrapper
14:46:40.194 [main] INFO  c.u.j.EncryptablePropertySourceConverter - [makeEncryptable,41] - Converting PropertySource systemEnvironment [org.springframework.boot.env.SystemEnvironmentPropertySourceEnvironmentPostProcessor$OriginAwareSystemEnvironmentPropertySource] to EncryptableSystemEnvironmentPropertySourceWrapper
14:46:40.195 [main] INFO  c.u.j.EncryptablePropertySourceConverter - [makeEncryptable,41] - Converting PropertySource random [org.springframework.boot.env.RandomValuePropertySource] to EncryptablePropertySourceWrapper
14:46:40.195 [main] INFO  c.u.j.EncryptablePropertySourceConverter - [makeEncryptable,41] - Converting PropertySource springCloudClientHostInfo [org.springframework.core.env.MapPropertySource] to EncryptableMapPropertySourceWrapper
14:46:40.236 [main] INFO  c.u.j.f.DefaultLazyPropertyFilter - [lambda$null$2,34] - Property Filter custom Bean not found with name 'encryptablePropertyFilter'. Initializing Default Property Filter
14:47:17.922 [background-preinit] INFO  o.h.v.i.util.Version - [<clinit>,21] - HV000001: Hibernate Validator 6.1.7.Final
14:47:18.135 [main] INFO  c.u.j.c.EnableEncryptablePropertiesBeanFactoryPostProcessor - [postProcessBeanFactory,48] - Post-processing PropertySource instances
14:47:18.188 [main] INFO  c.u.j.EncryptablePropertySourceConverter - [makeEncryptable,41] - Converting PropertySource configurationProperties [org.springframework.boot.context.properties.source.ConfigurationPropertySourcesPropertySource] to AOP Proxy
14:47:18.188 [main] INFO  c.u.j.EncryptablePropertySourceConverter - [makeEncryptable,41] - Converting PropertySource bootstrap [org.springframework.core.env.MapPropertySource] to EncryptableMapPropertySourceWrapper
14:47:18.188 [main] INFO  c.u.j.EncryptablePropertySourceConverter - [makeEncryptable,41] - Converting PropertySource Inlined Test Properties [org.springframework.core.env.MapPropertySource] to EncryptableMapPropertySourceWrapper
14:47:18.188 [main] INFO  c.u.j.EncryptablePropertySourceConverter - [makeEncryptable,41] - Converting PropertySource systemProperties [org.springframework.core.env.PropertiesPropertySource] to EncryptableMapPropertySourceWrapper
14:47:18.189 [main] INFO  c.u.j.EncryptablePropertySourceConverter - [makeEncryptable,41] - Converting PropertySource systemEnvironment [org.springframework.boot.env.SystemEnvironmentPropertySourceEnvironmentPostProcessor$OriginAwareSystemEnvironmentPropertySource] to EncryptableSystemEnvironmentPropertySourceWrapper
14:47:18.189 [main] INFO  c.u.j.EncryptablePropertySourceConverter - [makeEncryptable,41] - Converting PropertySource random [org.springframework.boot.env.RandomValuePropertySource] to EncryptablePropertySourceWrapper
14:47:18.189 [main] INFO  c.u.j.EncryptablePropertySourceConverter - [makeEncryptable,41] - Converting PropertySource springCloudClientHostInfo [org.springframework.core.env.MapPropertySource] to EncryptableMapPropertySourceWrapper
14:47:18.236 [main] INFO  c.u.j.f.DefaultLazyPropertyFilter - [lambda$null$2,34] - Property Filter custom Bean not found with name 'encryptablePropertyFilter'. Initializing Default Property Filter
15:20:30.950 [background-preinit] INFO  o.h.v.i.util.Version - [<clinit>,21] - HV000001: Hibernate Validator 6.1.7.Final
15:20:31.161 [main] INFO  c.u.j.c.EnableEncryptablePropertiesBeanFactoryPostProcessor - [postProcessBeanFactory,48] - Post-processing PropertySource instances
15:20:31.215 [main] INFO  c.u.j.EncryptablePropertySourceConverter - [makeEncryptable,41] - Converting PropertySource configurationProperties [org.springframework.boot.context.properties.source.ConfigurationPropertySourcesPropertySource] to AOP Proxy
15:20:31.216 [main] INFO  c.u.j.EncryptablePropertySourceConverter - [makeEncryptable,41] - Converting PropertySource bootstrap [org.springframework.core.env.MapPropertySource] to EncryptableMapPropertySourceWrapper
15:20:31.216 [main] INFO  c.u.j.EncryptablePropertySourceConverter - [makeEncryptable,41] - Converting PropertySource Inlined Test Properties [org.springframework.core.env.MapPropertySource] to EncryptableMapPropertySourceWrapper
15:20:31.216 [main] INFO  c.u.j.EncryptablePropertySourceConverter - [makeEncryptable,41] - Converting PropertySource systemProperties [org.springframework.core.env.PropertiesPropertySource] to EncryptableMapPropertySourceWrapper
15:20:31.217 [main] INFO  c.u.j.EncryptablePropertySourceConverter - [makeEncryptable,41] - Converting PropertySource systemEnvironment [org.springframework.boot.env.SystemEnvironmentPropertySourceEnvironmentPostProcessor$OriginAwareSystemEnvironmentPropertySource] to EncryptableSystemEnvironmentPropertySourceWrapper
15:20:31.217 [main] INFO  c.u.j.EncryptablePropertySourceConverter - [makeEncryptable,41] - Converting PropertySource random [org.springframework.boot.env.RandomValuePropertySource] to EncryptablePropertySourceWrapper
15:20:31.217 [main] INFO  c.u.j.EncryptablePropertySourceConverter - [makeEncryptable,41] - Converting PropertySource springCloudClientHostInfo [org.springframework.core.env.MapPropertySource] to EncryptableMapPropertySourceWrapper
15:20:31.261 [main] INFO  c.u.j.f.DefaultLazyPropertyFilter - [lambda$null$2,34] - Property Filter custom Bean not found with name 'encryptablePropertyFilter'. Initializing Default Property Filter
16:18:22.897 [background-preinit] INFO  o.h.v.i.util.Version - [<clinit>,21] - HV000001: Hibernate Validator 6.1.7.Final
16:18:23.096 [main] INFO  c.u.j.c.EnableEncryptablePropertiesBeanFactoryPostProcessor - [postProcessBeanFactory,48] - Post-processing PropertySource instances
16:18:23.155 [main] INFO  c.u.j.EncryptablePropertySourceConverter - [makeEncryptable,41] - Converting PropertySource configurationProperties [org.springframework.boot.context.properties.source.ConfigurationPropertySourcesPropertySource] to AOP Proxy
16:18:23.156 [main] INFO  c.u.j.EncryptablePropertySourceConverter - [makeEncryptable,41] - Converting PropertySource bootstrap [org.springframework.core.env.MapPropertySource] to EncryptableMapPropertySourceWrapper
16:18:23.157 [main] INFO  c.u.j.EncryptablePropertySourceConverter - [makeEncryptable,41] - Converting PropertySource Inlined Test Properties [org.springframework.core.env.MapPropertySource] to EncryptableMapPropertySourceWrapper
16:18:23.157 [main] INFO  c.u.j.EncryptablePropertySourceConverter - [makeEncryptable,41] - Converting PropertySource systemProperties [org.springframework.core.env.PropertiesPropertySource] to EncryptableMapPropertySourceWrapper
16:18:23.157 [main] INFO  c.u.j.EncryptablePropertySourceConverter - [makeEncryptable,41] - Converting PropertySource systemEnvironment [org.springframework.boot.env.SystemEnvironmentPropertySourceEnvironmentPostProcessor$OriginAwareSystemEnvironmentPropertySource] to EncryptableSystemEnvironmentPropertySourceWrapper
16:18:23.157 [main] INFO  c.u.j.EncryptablePropertySourceConverter - [makeEncryptable,41] - Converting PropertySource random [org.springframework.boot.env.RandomValuePropertySource] to EncryptablePropertySourceWrapper
16:18:23.158 [main] INFO  c.u.j.EncryptablePropertySourceConverter - [makeEncryptable,41] - Converting PropertySource springCloudClientHostInfo [org.springframework.core.env.MapPropertySource] to EncryptableMapPropertySourceWrapper
16:18:23.205 [main] INFO  c.u.j.f.DefaultLazyPropertyFilter - [lambda$null$2,34] - Property Filter custom Bean not found with name 'encryptablePropertyFilter'. Initializing Default Property Filter
16:22:43.907 [background-preinit] INFO  o.h.v.i.util.Version - [<clinit>,21] - HV000001: Hibernate Validator 6.1.7.Final
16:22:44.106 [main] INFO  c.u.j.c.EnableEncryptablePropertiesBeanFactoryPostProcessor - [postProcessBeanFactory,48] - Post-processing PropertySource instances
16:22:44.168 [main] INFO  c.u.j.EncryptablePropertySourceConverter - [makeEncryptable,41] - Converting PropertySource configurationProperties [org.springframework.boot.context.properties.source.ConfigurationPropertySourcesPropertySource] to AOP Proxy
16:22:44.169 [main] INFO  c.u.j.EncryptablePropertySourceConverter - [makeEncryptable,41] - Converting PropertySource bootstrap [org.springframework.core.env.MapPropertySource] to EncryptableMapPropertySourceWrapper
16:22:44.170 [main] INFO  c.u.j.EncryptablePropertySourceConverter - [makeEncryptable,41] - Converting PropertySource Inlined Test Properties [org.springframework.core.env.MapPropertySource] to EncryptableMapPropertySourceWrapper
16:22:44.170 [main] INFO  c.u.j.EncryptablePropertySourceConverter - [makeEncryptable,41] - Converting PropertySource systemProperties [org.springframework.core.env.PropertiesPropertySource] to EncryptableMapPropertySourceWrapper
16:22:44.170 [main] INFO  c.u.j.EncryptablePropertySourceConverter - [makeEncryptable,41] - Converting PropertySource systemEnvironment [org.springframework.boot.env.SystemEnvironmentPropertySourceEnvironmentPostProcessor$OriginAwareSystemEnvironmentPropertySource] to EncryptableSystemEnvironmentPropertySourceWrapper
16:22:44.170 [main] INFO  c.u.j.EncryptablePropertySourceConverter - [makeEncryptable,41] - Converting PropertySource random [org.springframework.boot.env.RandomValuePropertySource] to EncryptablePropertySourceWrapper
16:22:44.170 [main] INFO  c.u.j.EncryptablePropertySourceConverter - [makeEncryptable,41] - Converting PropertySource springCloudClientHostInfo [org.springframework.core.env.MapPropertySource] to EncryptableMapPropertySourceWrapper
16:22:44.211 [main] INFO  c.u.j.f.DefaultLazyPropertyFilter - [lambda$null$2,34] - Property Filter custom Bean not found with name 'encryptablePropertyFilter'. Initializing Default Property Filter
16:25:09.057 [background-preinit] INFO  o.h.v.i.util.Version - [<clinit>,21] - HV000001: Hibernate Validator 6.1.7.Final
16:25:09.275 [main] INFO  c.u.j.c.EnableEncryptablePropertiesBeanFactoryPostProcessor - [postProcessBeanFactory,48] - Post-processing PropertySource instances
16:25:09.334 [main] INFO  c.u.j.EncryptablePropertySourceConverter - [makeEncryptable,41] - Converting PropertySource configurationProperties [org.springframework.boot.context.properties.source.ConfigurationPropertySourcesPropertySource] to AOP Proxy
16:25:09.335 [main] INFO  c.u.j.EncryptablePropertySourceConverter - [makeEncryptable,41] - Converting PropertySource bootstrap [org.springframework.core.env.MapPropertySource] to EncryptableMapPropertySourceWrapper
16:25:09.335 [main] INFO  c.u.j.EncryptablePropertySourceConverter - [makeEncryptable,41] - Converting PropertySource Inlined Test Properties [org.springframework.core.env.MapPropertySource] to EncryptableMapPropertySourceWrapper
16:25:09.335 [main] INFO  c.u.j.EncryptablePropertySourceConverter - [makeEncryptable,41] - Converting PropertySource systemProperties [org.springframework.core.env.PropertiesPropertySource] to EncryptableMapPropertySourceWrapper
16:25:09.335 [main] INFO  c.u.j.EncryptablePropertySourceConverter - [makeEncryptable,41] - Converting PropertySource systemEnvironment [org.springframework.boot.env.SystemEnvironmentPropertySourceEnvironmentPostProcessor$OriginAwareSystemEnvironmentPropertySource] to EncryptableSystemEnvironmentPropertySourceWrapper
16:25:09.336 [main] INFO  c.u.j.EncryptablePropertySourceConverter - [makeEncryptable,41] - Converting PropertySource random [org.springframework.boot.env.RandomValuePropertySource] to EncryptablePropertySourceWrapper
16:25:09.336 [main] INFO  c.u.j.EncryptablePropertySourceConverter - [makeEncryptable,41] - Converting PropertySource springCloudClientHostInfo [org.springframework.core.env.MapPropertySource] to EncryptableMapPropertySourceWrapper
16:25:09.389 [main] INFO  c.u.j.f.DefaultLazyPropertyFilter - [lambda$null$2,34] - Property Filter custom Bean not found with name 'encryptablePropertyFilter'. Initializing Default Property Filter
16:27:59.388 [background-preinit] INFO  o.h.v.i.util.Version - [<clinit>,21] - HV000001: Hibernate Validator 6.1.7.Final
16:27:59.600 [main] INFO  c.u.j.c.EnableEncryptablePropertiesBeanFactoryPostProcessor - [postProcessBeanFactory,48] - Post-processing PropertySource instances
16:27:59.657 [main] INFO  c.u.j.EncryptablePropertySourceConverter - [makeEncryptable,41] - Converting PropertySource configurationProperties [org.springframework.boot.context.properties.source.ConfigurationPropertySourcesPropertySource] to AOP Proxy
16:27:59.658 [main] INFO  c.u.j.EncryptablePropertySourceConverter - [makeEncryptable,41] - Converting PropertySource bootstrap [org.springframework.core.env.MapPropertySource] to EncryptableMapPropertySourceWrapper
16:27:59.658 [main] INFO  c.u.j.EncryptablePropertySourceConverter - [makeEncryptable,41] - Converting PropertySource Inlined Test Properties [org.springframework.core.env.MapPropertySource] to EncryptableMapPropertySourceWrapper
16:27:59.658 [main] INFO  c.u.j.EncryptablePropertySourceConverter - [makeEncryptable,41] - Converting PropertySource systemProperties [org.springframework.core.env.PropertiesPropertySource] to EncryptableMapPropertySourceWrapper
16:27:59.659 [main] INFO  c.u.j.EncryptablePropertySourceConverter - [makeEncryptable,41] - Converting PropertySource systemEnvironment [org.springframework.boot.env.SystemEnvironmentPropertySourceEnvironmentPostProcessor$OriginAwareSystemEnvironmentPropertySource] to EncryptableSystemEnvironmentPropertySourceWrapper
16:27:59.659 [main] INFO  c.u.j.EncryptablePropertySourceConverter - [makeEncryptable,41] - Converting PropertySource random [org.springframework.boot.env.RandomValuePropertySource] to EncryptablePropertySourceWrapper
16:27:59.659 [main] INFO  c.u.j.EncryptablePropertySourceConverter - [makeEncryptable,41] - Converting PropertySource springCloudClientHostInfo [org.springframework.core.env.MapPropertySource] to EncryptableMapPropertySourceWrapper
16:27:59.705 [main] INFO  c.u.j.f.DefaultLazyPropertyFilter - [lambda$null$2,34] - Property Filter custom Bean not found with name 'encryptablePropertyFilter'. Initializing Default Property Filter
16:32:14.328 [background-preinit] INFO  o.h.v.i.util.Version - [<clinit>,21] - HV000001: Hibernate Validator 6.1.7.Final
16:32:14.573 [main] INFO  c.u.j.c.EnableEncryptablePropertiesBeanFactoryPostProcessor - [postProcessBeanFactory,48] - Post-processing PropertySource instances
16:32:14.637 [main] INFO  c.u.j.EncryptablePropertySourceConverter - [makeEncryptable,41] - Converting PropertySource configurationProperties [org.springframework.boot.context.properties.source.ConfigurationPropertySourcesPropertySource] to AOP Proxy
16:32:14.638 [main] INFO  c.u.j.EncryptablePropertySourceConverter - [makeEncryptable,41] - Converting PropertySource bootstrap [org.springframework.core.env.MapPropertySource] to EncryptableMapPropertySourceWrapper
16:32:14.638 [main] INFO  c.u.j.EncryptablePropertySourceConverter - [makeEncryptable,41] - Converting PropertySource Inlined Test Properties [org.springframework.core.env.MapPropertySource] to EncryptableMapPropertySourceWrapper
16:32:14.639 [main] INFO  c.u.j.EncryptablePropertySourceConverter - [makeEncryptable,41] - Converting PropertySource systemProperties [org.springframework.core.env.PropertiesPropertySource] to EncryptableMapPropertySourceWrapper
16:32:14.639 [main] INFO  c.u.j.EncryptablePropertySourceConverter - [makeEncryptable,41] - Converting PropertySource systemEnvironment [org.springframework.boot.env.SystemEnvironmentPropertySourceEnvironmentPostProcessor$OriginAwareSystemEnvironmentPropertySource] to EncryptableSystemEnvironmentPropertySourceWrapper
16:32:14.639 [main] INFO  c.u.j.EncryptablePropertySourceConverter - [makeEncryptable,41] - Converting PropertySource random [org.springframework.boot.env.RandomValuePropertySource] to EncryptablePropertySourceWrapper
16:32:14.640 [main] INFO  c.u.j.EncryptablePropertySourceConverter - [makeEncryptable,41] - Converting PropertySource springCloudClientHostInfo [org.springframework.core.env.MapPropertySource] to EncryptableMapPropertySourceWrapper
16:32:14.689 [main] INFO  c.u.j.f.DefaultLazyPropertyFilter - [lambda$null$2,34] - Property Filter custom Bean not found with name 'encryptablePropertyFilter'. Initializing Default Property Filter
16:35:23.201 [background-preinit] INFO  o.h.v.i.util.Version - [<clinit>,21] - HV000001: Hibernate Validator 6.1.7.Final
16:35:23.409 [main] INFO  c.u.j.c.EnableEncryptablePropertiesBeanFactoryPostProcessor - [postProcessBeanFactory,48] - Post-processing PropertySource instances
16:35:23.465 [main] INFO  c.u.j.EncryptablePropertySourceConverter - [makeEncryptable,41] - Converting PropertySource configurationProperties [org.springframework.boot.context.properties.source.ConfigurationPropertySourcesPropertySource] to AOP Proxy
16:35:23.466 [main] INFO  c.u.j.EncryptablePropertySourceConverter - [makeEncryptable,41] - Converting PropertySource bootstrap [org.springframework.core.env.MapPropertySource] to EncryptableMapPropertySourceWrapper
16:35:23.466 [main] INFO  c.u.j.EncryptablePropertySourceConverter - [makeEncryptable,41] - Converting PropertySource Inlined Test Properties [org.springframework.core.env.MapPropertySource] to EncryptableMapPropertySourceWrapper
16:35:23.466 [main] INFO  c.u.j.EncryptablePropertySourceConverter - [makeEncryptable,41] - Converting PropertySource systemProperties [org.springframework.core.env.PropertiesPropertySource] to EncryptableMapPropertySourceWrapper
16:35:23.467 [main] INFO  c.u.j.EncryptablePropertySourceConverter - [makeEncryptable,41] - Converting PropertySource systemEnvironment [org.springframework.boot.env.SystemEnvironmentPropertySourceEnvironmentPostProcessor$OriginAwareSystemEnvironmentPropertySource] to EncryptableSystemEnvironmentPropertySourceWrapper
16:35:23.467 [main] INFO  c.u.j.EncryptablePropertySourceConverter - [makeEncryptable,41] - Converting PropertySource random [org.springframework.boot.env.RandomValuePropertySource] to EncryptablePropertySourceWrapper
16:35:23.467 [main] INFO  c.u.j.EncryptablePropertySourceConverter - [makeEncryptable,41] - Converting PropertySource springCloudClientHostInfo [org.springframework.core.env.MapPropertySource] to EncryptableMapPropertySourceWrapper
16:35:23.512 [main] INFO  c.u.j.f.DefaultLazyPropertyFilter - [lambda$null$2,34] - Property Filter custom Bean not found with name 'encryptablePropertyFilter'. Initializing Default Property Filter
16:35:47.544 [background-preinit] INFO  o.h.v.i.util.Version - [<clinit>,21] - HV000001: Hibernate Validator 6.1.7.Final
16:35:47.798 [main] INFO  c.u.j.c.EnableEncryptablePropertiesBeanFactoryPostProcessor - [postProcessBeanFactory,48] - Post-processing PropertySource instances
16:35:47.851 [main] INFO  c.u.j.EncryptablePropertySourceConverter - [makeEncryptable,41] - Converting PropertySource configurationProperties [org.springframework.boot.context.properties.source.ConfigurationPropertySourcesPropertySource] to AOP Proxy
16:35:47.851 [main] INFO  c.u.j.EncryptablePropertySourceConverter - [makeEncryptable,41] - Converting PropertySource bootstrap [org.springframework.core.env.MapPropertySource] to EncryptableMapPropertySourceWrapper
16:35:47.852 [main] INFO  c.u.j.EncryptablePropertySourceConverter - [makeEncryptable,41] - Converting PropertySource Inlined Test Properties [org.springframework.core.env.MapPropertySource] to EncryptableMapPropertySourceWrapper
16:35:47.852 [main] INFO  c.u.j.EncryptablePropertySourceConverter - [makeEncryptable,41] - Converting PropertySource systemProperties [org.springframework.core.env.PropertiesPropertySource] to EncryptableMapPropertySourceWrapper
16:35:47.852 [main] INFO  c.u.j.EncryptablePropertySourceConverter - [makeEncryptable,41] - Converting PropertySource systemEnvironment [org.springframework.boot.env.SystemEnvironmentPropertySourceEnvironmentPostProcessor$OriginAwareSystemEnvironmentPropertySource] to EncryptableSystemEnvironmentPropertySourceWrapper
16:35:47.852 [main] INFO  c.u.j.EncryptablePropertySourceConverter - [makeEncryptable,41] - Converting PropertySource random [org.springframework.boot.env.RandomValuePropertySource] to EncryptablePropertySourceWrapper
16:35:47.853 [main] INFO  c.u.j.EncryptablePropertySourceConverter - [makeEncryptable,41] - Converting PropertySource springCloudClientHostInfo [org.springframework.core.env.MapPropertySource] to EncryptableMapPropertySourceWrapper
16:35:47.901 [main] INFO  c.u.j.f.DefaultLazyPropertyFilter - [lambda$null$2,34] - Property Filter custom Bean not found with name 'encryptablePropertyFilter'. Initializing Default Property Filter
16:36:13.928 [background-preinit] INFO  o.h.v.i.util.Version - [<clinit>,21] - HV000001: Hibernate Validator 6.1.7.Final
16:36:14.220 [main] INFO  c.u.j.c.EnableEncryptablePropertiesBeanFactoryPostProcessor - [postProcessBeanFactory,48] - Post-processing PropertySource instances
16:36:14.304 [main] INFO  c.u.j.EncryptablePropertySourceConverter - [makeEncryptable,41] - Converting PropertySource configurationProperties [org.springframework.boot.context.properties.source.ConfigurationPropertySourcesPropertySource] to AOP Proxy
16:36:14.304 [main] INFO  c.u.j.EncryptablePropertySourceConverter - [makeEncryptable,41] - Converting PropertySource bootstrap [org.springframework.core.env.MapPropertySource] to EncryptableMapPropertySourceWrapper
16:36:14.306 [main] INFO  c.u.j.EncryptablePropertySourceConverter - [makeEncryptable,41] - Converting PropertySource Inlined Test Properties [org.springframework.core.env.MapPropertySource] to EncryptableMapPropertySourceWrapper
16:36:14.306 [main] INFO  c.u.j.EncryptablePropertySourceConverter - [makeEncryptable,41] - Converting PropertySource systemProperties [org.springframework.core.env.PropertiesPropertySource] to EncryptableMapPropertySourceWrapper
16:36:14.307 [main] INFO  c.u.j.EncryptablePropertySourceConverter - [makeEncryptable,41] - Converting PropertySource systemEnvironment [org.springframework.boot.env.SystemEnvironmentPropertySourceEnvironmentPostProcessor$OriginAwareSystemEnvironmentPropertySource] to EncryptableSystemEnvironmentPropertySourceWrapper
16:36:14.307 [main] INFO  c.u.j.EncryptablePropertySourceConverter - [makeEncryptable,41] - Converting PropertySource random [org.springframework.boot.env.RandomValuePropertySource] to EncryptablePropertySourceWrapper
16:36:14.308 [main] INFO  c.u.j.EncryptablePropertySourceConverter - [makeEncryptable,41] - Converting PropertySource springCloudClientHostInfo [org.springframework.core.env.MapPropertySource] to EncryptableMapPropertySourceWrapper
16:36:14.392 [main] INFO  c.u.j.f.DefaultLazyPropertyFilter - [lambda$null$2,34] - Property Filter custom Bean not found with name 'encryptablePropertyFilter'. Initializing Default Property Filter
16:40:26.755 [background-preinit] INFO  o.h.v.i.util.Version - [<clinit>,21] - HV000001: Hibernate Validator 6.1.7.Final
16:40:26.976 [main] INFO  c.u.j.c.EnableEncryptablePropertiesBeanFactoryPostProcessor - [postProcessBeanFactory,48] - Post-processing PropertySource instances
16:40:27.036 [main] INFO  c.u.j.EncryptablePropertySourceConverter - [makeEncryptable,41] - Converting PropertySource configurationProperties [org.springframework.boot.context.properties.source.ConfigurationPropertySourcesPropertySource] to AOP Proxy
16:40:27.037 [main] INFO  c.u.j.EncryptablePropertySourceConverter - [makeEncryptable,41] - Converting PropertySource bootstrap [org.springframework.core.env.MapPropertySource] to EncryptableMapPropertySourceWrapper
16:40:27.037 [main] INFO  c.u.j.EncryptablePropertySourceConverter - [makeEncryptable,41] - Converting PropertySource Inlined Test Properties [org.springframework.core.env.MapPropertySource] to EncryptableMapPropertySourceWrapper
16:40:27.037 [main] INFO  c.u.j.EncryptablePropertySourceConverter - [makeEncryptable,41] - Converting PropertySource systemProperties [org.springframework.core.env.PropertiesPropertySource] to EncryptableMapPropertySourceWrapper
16:40:27.038 [main] INFO  c.u.j.EncryptablePropertySourceConverter - [makeEncryptable,41] - Converting PropertySource systemEnvironment [org.springframework.boot.env.SystemEnvironmentPropertySourceEnvironmentPostProcessor$OriginAwareSystemEnvironmentPropertySource] to EncryptableSystemEnvironmentPropertySourceWrapper
16:40:27.038 [main] INFO  c.u.j.EncryptablePropertySourceConverter - [makeEncryptable,41] - Converting PropertySource random [org.springframework.boot.env.RandomValuePropertySource] to EncryptablePropertySourceWrapper
16:40:27.038 [main] INFO  c.u.j.EncryptablePropertySourceConverter - [makeEncryptable,41] - Converting PropertySource springCloudClientHostInfo [org.springframework.core.env.MapPropertySource] to EncryptableMapPropertySourceWrapper
16:40:27.097 [main] INFO  c.u.j.f.DefaultLazyPropertyFilter - [lambda$null$2,34] - Property Filter custom Bean not found with name 'encryptablePropertyFilter'. Initializing Default Property Filter
16:42:42.412 [background-preinit] INFO  o.h.v.i.util.Version - [<clinit>,21] - HV000001: Hibernate Validator 6.1.7.Final
16:42:42.652 [main] INFO  c.u.j.c.EnableEncryptablePropertiesBeanFactoryPostProcessor - [postProcessBeanFactory,48] - Post-processing PropertySource instances
16:42:42.724 [main] INFO  c.u.j.EncryptablePropertySourceConverter - [makeEncryptable,41] - Converting PropertySource configurationProperties [org.springframework.boot.context.properties.source.ConfigurationPropertySourcesPropertySource] to AOP Proxy
16:42:42.724 [main] INFO  c.u.j.EncryptablePropertySourceConverter - [makeEncryptable,41] - Converting PropertySource bootstrap [org.springframework.core.env.MapPropertySource] to EncryptableMapPropertySourceWrapper
16:42:42.725 [main] INFO  c.u.j.EncryptablePropertySourceConverter - [makeEncryptable,41] - Converting PropertySource Inlined Test Properties [org.springframework.core.env.MapPropertySource] to EncryptableMapPropertySourceWrapper
16:42:42.725 [main] INFO  c.u.j.EncryptablePropertySourceConverter - [makeEncryptable,41] - Converting PropertySource systemProperties [org.springframework.core.env.PropertiesPropertySource] to EncryptableMapPropertySourceWrapper
16:42:42.726 [main] INFO  c.u.j.EncryptablePropertySourceConverter - [makeEncryptable,41] - Converting PropertySource systemEnvironment [org.springframework.boot.env.SystemEnvironmentPropertySourceEnvironmentPostProcessor$OriginAwareSystemEnvironmentPropertySource] to EncryptableSystemEnvironmentPropertySourceWrapper
16:42:42.726 [main] INFO  c.u.j.EncryptablePropertySourceConverter - [makeEncryptable,41] - Converting PropertySource random [org.springframework.boot.env.RandomValuePropertySource] to EncryptablePropertySourceWrapper
16:42:42.727 [main] INFO  c.u.j.EncryptablePropertySourceConverter - [makeEncryptable,41] - Converting PropertySource springCloudClientHostInfo [org.springframework.core.env.MapPropertySource] to EncryptableMapPropertySourceWrapper
16:42:42.783 [main] INFO  c.u.j.f.DefaultLazyPropertyFilter - [lambda$null$2,34] - Property Filter custom Bean not found with name 'encryptablePropertyFilter'. Initializing Default Property Filter
16:43:25.463 [background-preinit] INFO  o.h.v.i.util.Version - [<clinit>,21] - HV000001: Hibernate Validator 6.1.7.Final
16:43:25.678 [main] INFO  c.u.j.c.EnableEncryptablePropertiesBeanFactoryPostProcessor - [postProcessBeanFactory,48] - Post-processing PropertySource instances
16:43:25.731 [main] INFO  c.u.j.EncryptablePropertySourceConverter - [makeEncryptable,41] - Converting PropertySource configurationProperties [org.springframework.boot.context.properties.source.ConfigurationPropertySourcesPropertySource] to AOP Proxy
16:43:25.732 [main] INFO  c.u.j.EncryptablePropertySourceConverter - [makeEncryptable,41] - Converting PropertySource bootstrap [org.springframework.core.env.MapPropertySource] to EncryptableMapPropertySourceWrapper
16:43:25.732 [main] INFO  c.u.j.EncryptablePropertySourceConverter - [makeEncryptable,41] - Converting PropertySource Inlined Test Properties [org.springframework.core.env.MapPropertySource] to EncryptableMapPropertySourceWrapper
16:43:25.732 [main] INFO  c.u.j.EncryptablePropertySourceConverter - [makeEncryptable,41] - Converting PropertySource systemProperties [org.springframework.core.env.PropertiesPropertySource] to EncryptableMapPropertySourceWrapper
16:43:25.732 [main] INFO  c.u.j.EncryptablePropertySourceConverter - [makeEncryptable,41] - Converting PropertySource systemEnvironment [org.springframework.boot.env.SystemEnvironmentPropertySourceEnvironmentPostProcessor$OriginAwareSystemEnvironmentPropertySource] to EncryptableSystemEnvironmentPropertySourceWrapper
16:43:25.733 [main] INFO  c.u.j.EncryptablePropertySourceConverter - [makeEncryptable,41] - Converting PropertySource random [org.springframework.boot.env.RandomValuePropertySource] to EncryptablePropertySourceWrapper
16:43:25.733 [main] INFO  c.u.j.EncryptablePropertySourceConverter - [makeEncryptable,41] - Converting PropertySource springCloudClientHostInfo [org.springframework.core.env.MapPropertySource] to EncryptableMapPropertySourceWrapper
16:43:25.776 [main] INFO  c.u.j.f.DefaultLazyPropertyFilter - [lambda$null$2,34] - Property Filter custom Bean not found with name 'encryptablePropertyFilter'. Initializing Default Property Filter
16:44:04.326 [background-preinit] INFO  o.h.v.i.util.Version - [<clinit>,21] - HV000001: Hibernate Validator 6.1.7.Final
16:44:04.536 [main] INFO  c.u.j.c.EnableEncryptablePropertiesBeanFactoryPostProcessor - [postProcessBeanFactory,48] - Post-processing PropertySource instances
16:44:04.591 [main] INFO  c.u.j.EncryptablePropertySourceConverter - [makeEncryptable,41] - Converting PropertySource configurationProperties [org.springframework.boot.context.properties.source.ConfigurationPropertySourcesPropertySource] to AOP Proxy
16:44:04.591 [main] INFO  c.u.j.EncryptablePropertySourceConverter - [makeEncryptable,41] - Converting PropertySource bootstrap [org.springframework.core.env.MapPropertySource] to EncryptableMapPropertySourceWrapper
16:44:04.591 [main] INFO  c.u.j.EncryptablePropertySourceConverter - [makeEncryptable,41] - Converting PropertySource Inlined Test Properties [org.springframework.core.env.MapPropertySource] to EncryptableMapPropertySourceWrapper
16:44:04.591 [main] INFO  c.u.j.EncryptablePropertySourceConverter - [makeEncryptable,41] - Converting PropertySource systemProperties [org.springframework.core.env.PropertiesPropertySource] to EncryptableMapPropertySourceWrapper
16:44:04.592 [main] INFO  c.u.j.EncryptablePropertySourceConverter - [makeEncryptable,41] - Converting PropertySource systemEnvironment [org.springframework.boot.env.SystemEnvironmentPropertySourceEnvironmentPostProcessor$OriginAwareSystemEnvironmentPropertySource] to EncryptableSystemEnvironmentPropertySourceWrapper
16:44:04.592 [main] INFO  c.u.j.EncryptablePropertySourceConverter - [makeEncryptable,41] - Converting PropertySource random [org.springframework.boot.env.RandomValuePropertySource] to EncryptablePropertySourceWrapper
16:44:04.592 [main] INFO  c.u.j.EncryptablePropertySourceConverter - [makeEncryptable,41] - Converting PropertySource springCloudClientHostInfo [org.springframework.core.env.MapPropertySource] to EncryptableMapPropertySourceWrapper
16:44:04.636 [main] INFO  c.u.j.f.DefaultLazyPropertyFilter - [lambda$null$2,34] - Property Filter custom Bean not found with name 'encryptablePropertyFilter'. Initializing Default Property Filter
16:45:51.510 [background-preinit] INFO  o.h.v.i.util.Version - [<clinit>,21] - HV000001: Hibernate Validator 6.1.7.Final
16:45:51.702 [main] INFO  c.u.j.c.EnableEncryptablePropertiesBeanFactoryPostProcessor - [postProcessBeanFactory,48] - Post-processing PropertySource instances
16:45:51.755 [main] INFO  c.u.j.EncryptablePropertySourceConverter - [makeEncryptable,41] - Converting PropertySource configurationProperties [org.springframework.boot.context.properties.source.ConfigurationPropertySourcesPropertySource] to AOP Proxy
16:45:51.756 [main] INFO  c.u.j.EncryptablePropertySourceConverter - [makeEncryptable,41] - Converting PropertySource bootstrap [org.springframework.core.env.MapPropertySource] to EncryptableMapPropertySourceWrapper
16:45:51.756 [main] INFO  c.u.j.EncryptablePropertySourceConverter - [makeEncryptable,41] - Converting PropertySource Inlined Test Properties [org.springframework.core.env.MapPropertySource] to EncryptableMapPropertySourceWrapper
16:45:51.756 [main] INFO  c.u.j.EncryptablePropertySourceConverter - [makeEncryptable,41] - Converting PropertySource systemProperties [org.springframework.core.env.PropertiesPropertySource] to EncryptableMapPropertySourceWrapper
16:45:51.756 [main] INFO  c.u.j.EncryptablePropertySourceConverter - [makeEncryptable,41] - Converting PropertySource systemEnvironment [org.springframework.boot.env.SystemEnvironmentPropertySourceEnvironmentPostProcessor$OriginAwareSystemEnvironmentPropertySource] to EncryptableSystemEnvironmentPropertySourceWrapper
16:45:51.758 [main] INFO  c.u.j.EncryptablePropertySourceConverter - [makeEncryptable,41] - Converting PropertySource random [org.springframework.boot.env.RandomValuePropertySource] to EncryptablePropertySourceWrapper
16:45:51.758 [main] INFO  c.u.j.EncryptablePropertySourceConverter - [makeEncryptable,41] - Converting PropertySource springCloudClientHostInfo [org.springframework.core.env.MapPropertySource] to EncryptableMapPropertySourceWrapper
16:45:51.800 [main] INFO  c.u.j.f.DefaultLazyPropertyFilter - [lambda$null$2,34] - Property Filter custom Bean not found with name 'encryptablePropertyFilter'. Initializing Default Property Filter
16:46:38.059 [background-preinit] INFO  o.h.v.i.util.Version - [<clinit>,21] - HV000001: Hibernate Validator 6.1.7.Final
16:46:38.266 [main] INFO  c.u.j.c.EnableEncryptablePropertiesBeanFactoryPostProcessor - [postProcessBeanFactory,48] - Post-processing PropertySource instances
16:46:38.322 [main] INFO  c.u.j.EncryptablePropertySourceConverter - [makeEncryptable,41] - Converting PropertySource configurationProperties [org.springframework.boot.context.properties.source.ConfigurationPropertySourcesPropertySource] to AOP Proxy
16:46:38.323 [main] INFO  c.u.j.EncryptablePropertySourceConverter - [makeEncryptable,41] - Converting PropertySource bootstrap [org.springframework.core.env.MapPropertySource] to EncryptableMapPropertySourceWrapper
16:46:38.323 [main] INFO  c.u.j.EncryptablePropertySourceConverter - [makeEncryptable,41] - Converting PropertySource Inlined Test Properties [org.springframework.core.env.MapPropertySource] to EncryptableMapPropertySourceWrapper
16:46:38.323 [main] INFO  c.u.j.EncryptablePropertySourceConverter - [makeEncryptable,41] - Converting PropertySource systemProperties [org.springframework.core.env.PropertiesPropertySource] to EncryptableMapPropertySourceWrapper
16:46:38.324 [main] INFO  c.u.j.EncryptablePropertySourceConverter - [makeEncryptable,41] - Converting PropertySource systemEnvironment [org.springframework.boot.env.SystemEnvironmentPropertySourceEnvironmentPostProcessor$OriginAwareSystemEnvironmentPropertySource] to EncryptableSystemEnvironmentPropertySourceWrapper
16:46:38.324 [main] INFO  c.u.j.EncryptablePropertySourceConverter - [makeEncryptable,41] - Converting PropertySource random [org.springframework.boot.env.RandomValuePropertySource] to EncryptablePropertySourceWrapper
16:46:38.324 [main] INFO  c.u.j.EncryptablePropertySourceConverter - [makeEncryptable,41] - Converting PropertySource springCloudClientHostInfo [org.springframework.core.env.MapPropertySource] to EncryptableMapPropertySourceWrapper
16:46:38.373 [main] INFO  c.u.j.f.DefaultLazyPropertyFilter - [lambda$null$2,34] - Property Filter custom Bean not found with name 'encryptablePropertyFilter'. Initializing Default Property Filter
16:50:10.143 [background-preinit] INFO  o.h.v.i.util.Version - [<clinit>,21] - HV000001: Hibernate Validator 6.1.7.Final
16:50:10.402 [main] INFO  c.u.j.c.EnableEncryptablePropertiesBeanFactoryPostProcessor - [postProcessBeanFactory,48] - Post-processing PropertySource instances
16:50:10.479 [main] INFO  c.u.j.EncryptablePropertySourceConverter - [makeEncryptable,41] - Converting PropertySource configurationProperties [org.springframework.boot.context.properties.source.ConfigurationPropertySourcesPropertySource] to AOP Proxy
16:50:10.480 [main] INFO  c.u.j.EncryptablePropertySourceConverter - [makeEncryptable,41] - Converting PropertySource bootstrap [org.springframework.core.env.MapPropertySource] to EncryptableMapPropertySourceWrapper
16:50:10.480 [main] INFO  c.u.j.EncryptablePropertySourceConverter - [makeEncryptable,41] - Converting PropertySource Inlined Test Properties [org.springframework.core.env.MapPropertySource] to EncryptableMapPropertySourceWrapper
16:50:10.480 [main] INFO  c.u.j.EncryptablePropertySourceConverter - [makeEncryptable,41] - Converting PropertySource systemProperties [org.springframework.core.env.PropertiesPropertySource] to EncryptableMapPropertySourceWrapper
16:50:10.481 [main] INFO  c.u.j.EncryptablePropertySourceConverter - [makeEncryptable,41] - Converting PropertySource systemEnvironment [org.springframework.boot.env.SystemEnvironmentPropertySourceEnvironmentPostProcessor$OriginAwareSystemEnvironmentPropertySource] to EncryptableSystemEnvironmentPropertySourceWrapper
16:50:10.481 [main] INFO  c.u.j.EncryptablePropertySourceConverter - [makeEncryptable,41] - Converting PropertySource random [org.springframework.boot.env.RandomValuePropertySource] to EncryptablePropertySourceWrapper
16:50:10.482 [main] INFO  c.u.j.EncryptablePropertySourceConverter - [makeEncryptable,41] - Converting PropertySource springCloudClientHostInfo [org.springframework.core.env.MapPropertySource] to EncryptableMapPropertySourceWrapper
16:50:10.550 [main] INFO  c.u.j.f.DefaultLazyPropertyFilter - [lambda$null$2,34] - Property Filter custom Bean not found with name 'encryptablePropertyFilter'. Initializing Default Property Filter
17:07:07.222 [background-preinit] INFO  o.h.v.i.util.Version - [<clinit>,21] - HV000001: Hibernate Validator 6.1.7.Final
17:07:07.464 [main] INFO  c.u.j.c.EnableEncryptablePropertiesBeanFactoryPostProcessor - [postProcessBeanFactory,48] - Post-processing PropertySource instances
17:07:07.529 [main] INFO  c.u.j.EncryptablePropertySourceConverter - [makeEncryptable,41] - Converting PropertySource configurationProperties [org.springframework.boot.context.properties.source.ConfigurationPropertySourcesPropertySource] to AOP Proxy
17:07:07.530 [main] INFO  c.u.j.EncryptablePropertySourceConverter - [makeEncryptable,41] - Converting PropertySource bootstrap [org.springframework.core.env.MapPropertySource] to EncryptableMapPropertySourceWrapper
17:07:07.530 [main] INFO  c.u.j.EncryptablePropertySourceConverter - [makeEncryptable,41] - Converting PropertySource Inlined Test Properties [org.springframework.core.env.MapPropertySource] to EncryptableMapPropertySourceWrapper
17:07:07.530 [main] INFO  c.u.j.EncryptablePropertySourceConverter - [makeEncryptable,41] - Converting PropertySource systemProperties [org.springframework.core.env.PropertiesPropertySource] to EncryptableMapPropertySourceWrapper
17:07:07.530 [main] INFO  c.u.j.EncryptablePropertySourceConverter - [makeEncryptable,41] - Converting PropertySource systemEnvironment [org.springframework.boot.env.SystemEnvironmentPropertySourceEnvironmentPostProcessor$OriginAwareSystemEnvironmentPropertySource] to EncryptableSystemEnvironmentPropertySourceWrapper
17:07:07.530 [main] INFO  c.u.j.EncryptablePropertySourceConverter - [makeEncryptable,41] - Converting PropertySource random [org.springframework.boot.env.RandomValuePropertySource] to EncryptablePropertySourceWrapper
17:07:07.531 [main] INFO  c.u.j.EncryptablePropertySourceConverter - [makeEncryptable,41] - Converting PropertySource springCloudClientHostInfo [org.springframework.core.env.MapPropertySource] to EncryptableMapPropertySourceWrapper
17:07:07.577 [main] INFO  c.u.j.f.DefaultLazyPropertyFilter - [lambda$null$2,34] - Property Filter custom Bean not found with name 'encryptablePropertyFilter'. Initializing Default Property Filter
17:09:04.636 [background-preinit] INFO  o.h.v.i.util.Version - [<clinit>,21] - HV000001: Hibernate Validator 6.1.7.Final
17:09:04.838 [main] INFO  c.u.j.c.EnableEncryptablePropertiesBeanFactoryPostProcessor - [postProcessBeanFactory,48] - Post-processing PropertySource instances
17:09:04.904 [main] INFO  c.u.j.EncryptablePropertySourceConverter - [makeEncryptable,41] - Converting PropertySource configurationProperties [org.springframework.boot.context.properties.source.ConfigurationPropertySourcesPropertySource] to AOP Proxy
17:09:04.905 [main] INFO  c.u.j.EncryptablePropertySourceConverter - [makeEncryptable,41] - Converting PropertySource bootstrap [org.springframework.core.env.MapPropertySource] to EncryptableMapPropertySourceWrapper
17:09:04.905 [main] INFO  c.u.j.EncryptablePropertySourceConverter - [makeEncryptable,41] - Converting PropertySource Inlined Test Properties [org.springframework.core.env.MapPropertySource] to EncryptableMapPropertySourceWrapper
17:09:04.906 [main] INFO  c.u.j.EncryptablePropertySourceConverter - [makeEncryptable,41] - Converting PropertySource systemProperties [org.springframework.core.env.PropertiesPropertySource] to EncryptableMapPropertySourceWrapper
17:09:04.906 [main] INFO  c.u.j.EncryptablePropertySourceConverter - [makeEncryptable,41] - Converting PropertySource systemEnvironment [org.springframework.boot.env.SystemEnvironmentPropertySourceEnvironmentPostProcessor$OriginAwareSystemEnvironmentPropertySource] to EncryptableSystemEnvironmentPropertySourceWrapper
17:09:04.906 [main] INFO  c.u.j.EncryptablePropertySourceConverter - [makeEncryptable,41] - Converting PropertySource random [org.springframework.boot.env.RandomValuePropertySource] to EncryptablePropertySourceWrapper
17:09:04.906 [main] INFO  c.u.j.EncryptablePropertySourceConverter - [makeEncryptable,41] - Converting PropertySource springCloudClientHostInfo [org.springframework.core.env.MapPropertySource] to EncryptableMapPropertySourceWrapper
17:09:04.964 [main] INFO  c.u.j.f.DefaultLazyPropertyFilter - [lambda$null$2,34] - Property Filter custom Bean not found with name 'encryptablePropertyFilter'. Initializing Default Property Filter
17:11:02.086 [background-preinit] INFO  o.h.v.i.util.Version - [<clinit>,21] - HV000001: Hibernate Validator 6.1.7.Final
17:11:02.362 [main] INFO  c.u.j.c.EnableEncryptablePropertiesBeanFactoryPostProcessor - [postProcessBeanFactory,48] - Post-processing PropertySource instances
17:11:02.431 [main] INFO  c.u.j.EncryptablePropertySourceConverter - [makeEncryptable,41] - Converting PropertySource configurationProperties [org.springframework.boot.context.properties.source.ConfigurationPropertySourcesPropertySource] to AOP Proxy
17:11:02.432 [main] INFO  c.u.j.EncryptablePropertySourceConverter - [makeEncryptable,41] - Converting PropertySource bootstrap [org.springframework.core.env.MapPropertySource] to EncryptableMapPropertySourceWrapper
17:11:02.432 [main] INFO  c.u.j.EncryptablePropertySourceConverter - [makeEncryptable,41] - Converting PropertySource Inlined Test Properties [org.springframework.core.env.MapPropertySource] to EncryptableMapPropertySourceWrapper
17:11:02.433 [main] INFO  c.u.j.EncryptablePropertySourceConverter - [makeEncryptable,41] - Converting PropertySource systemProperties [org.springframework.core.env.PropertiesPropertySource] to EncryptableMapPropertySourceWrapper
17:11:02.433 [main] INFO  c.u.j.EncryptablePropertySourceConverter - [makeEncryptable,41] - Converting PropertySource systemEnvironment [org.springframework.boot.env.SystemEnvironmentPropertySourceEnvironmentPostProcessor$OriginAwareSystemEnvironmentPropertySource] to EncryptableSystemEnvironmentPropertySourceWrapper
17:11:02.433 [main] INFO  c.u.j.EncryptablePropertySourceConverter - [makeEncryptable,41] - Converting PropertySource random [org.springframework.boot.env.RandomValuePropertySource] to EncryptablePropertySourceWrapper
17:11:02.435 [main] INFO  c.u.j.EncryptablePropertySourceConverter - [makeEncryptable,41] - Converting PropertySource springCloudClientHostInfo [org.springframework.core.env.MapPropertySource] to EncryptableMapPropertySourceWrapper
17:11:02.500 [main] INFO  c.u.j.f.DefaultLazyPropertyFilter - [lambda$null$2,34] - Property Filter custom Bean not found with name 'encryptablePropertyFilter'. Initializing Default Property Filter
17:13:24.594 [background-preinit] INFO  o.h.v.i.util.Version - [<clinit>,21] - HV000001: Hibernate Validator 6.1.7.Final
17:13:24.820 [main] INFO  c.u.j.c.EnableEncryptablePropertiesBeanFactoryPostProcessor - [postProcessBeanFactory,48] - Post-processing PropertySource instances
17:13:24.875 [main] INFO  c.u.j.EncryptablePropertySourceConverter - [makeEncryptable,41] - Converting PropertySource configurationProperties [org.springframework.boot.context.properties.source.ConfigurationPropertySourcesPropertySource] to AOP Proxy
17:13:24.875 [main] INFO  c.u.j.EncryptablePropertySourceConverter - [makeEncryptable,41] - Converting PropertySource bootstrap [org.springframework.core.env.MapPropertySource] to EncryptableMapPropertySourceWrapper
17:13:24.877 [main] INFO  c.u.j.EncryptablePropertySourceConverter - [makeEncryptable,41] - Converting PropertySource Inlined Test Properties [org.springframework.core.env.MapPropertySource] to EncryptableMapPropertySourceWrapper
17:13:24.877 [main] INFO  c.u.j.EncryptablePropertySourceConverter - [makeEncryptable,41] - Converting PropertySource systemProperties [org.springframework.core.env.PropertiesPropertySource] to EncryptableMapPropertySourceWrapper
17:13:24.877 [main] INFO  c.u.j.EncryptablePropertySourceConverter - [makeEncryptable,41] - Converting PropertySource systemEnvironment [org.springframework.boot.env.SystemEnvironmentPropertySourceEnvironmentPostProcessor$OriginAwareSystemEnvironmentPropertySource] to EncryptableSystemEnvironmentPropertySourceWrapper
17:13:24.877 [main] INFO  c.u.j.EncryptablePropertySourceConverter - [makeEncryptable,41] - Converting PropertySource random [org.springframework.boot.env.RandomValuePropertySource] to EncryptablePropertySourceWrapper
17:13:24.877 [main] INFO  c.u.j.EncryptablePropertySourceConverter - [makeEncryptable,41] - Converting PropertySource springCloudClientHostInfo [org.springframework.core.env.MapPropertySource] to EncryptableMapPropertySourceWrapper
17:13:24.936 [main] INFO  c.u.j.f.DefaultLazyPropertyFilter - [lambda$null$2,34] - Property Filter custom Bean not found with name 'encryptablePropertyFilter'. Initializing Default Property Filter
17:14:29.312 [background-preinit] INFO  o.h.v.i.util.Version - [<clinit>,21] - HV000001: Hibernate Validator 6.1.7.Final
17:14:29.530 [main] INFO  c.u.j.c.EnableEncryptablePropertiesBeanFactoryPostProcessor - [postProcessBeanFactory,48] - Post-processing PropertySource instances
17:14:29.593 [main] INFO  c.u.j.EncryptablePropertySourceConverter - [makeEncryptable,41] - Converting PropertySource configurationProperties [org.springframework.boot.context.properties.source.ConfigurationPropertySourcesPropertySource] to AOP Proxy
17:14:29.594 [main] INFO  c.u.j.EncryptablePropertySourceConverter - [makeEncryptable,41] - Converting PropertySource bootstrap [org.springframework.core.env.MapPropertySource] to EncryptableMapPropertySourceWrapper
17:14:29.594 [main] INFO  c.u.j.EncryptablePropertySourceConverter - [makeEncryptable,41] - Converting PropertySource Inlined Test Properties [org.springframework.core.env.MapPropertySource] to EncryptableMapPropertySourceWrapper
17:14:29.594 [main] INFO  c.u.j.EncryptablePropertySourceConverter - [makeEncryptable,41] - Converting PropertySource systemProperties [org.springframework.core.env.PropertiesPropertySource] to EncryptableMapPropertySourceWrapper
17:14:29.594 [main] INFO  c.u.j.EncryptablePropertySourceConverter - [makeEncryptable,41] - Converting PropertySource systemEnvironment [org.springframework.boot.env.SystemEnvironmentPropertySourceEnvironmentPostProcessor$OriginAwareSystemEnvironmentPropertySource] to EncryptableSystemEnvironmentPropertySourceWrapper
17:14:29.595 [main] INFO  c.u.j.EncryptablePropertySourceConverter - [makeEncryptable,41] - Converting PropertySource random [org.springframework.boot.env.RandomValuePropertySource] to EncryptablePropertySourceWrapper
17:14:29.595 [main] INFO  c.u.j.EncryptablePropertySourceConverter - [makeEncryptable,41] - Converting PropertySource springCloudClientHostInfo [org.springframework.core.env.MapPropertySource] to EncryptableMapPropertySourceWrapper
17:14:29.639 [main] INFO  c.u.j.f.DefaultLazyPropertyFilter - [lambda$null$2,34] - Property Filter custom Bean not found with name 'encryptablePropertyFilter'. Initializing Default Property Filter
17:15:09.735 [background-preinit] INFO  o.h.v.i.util.Version - [<clinit>,21] - HV000001: Hibernate Validator 6.1.7.Final
17:15:09.945 [main] INFO  c.u.j.c.EnableEncryptablePropertiesBeanFactoryPostProcessor - [postProcessBeanFactory,48] - Post-processing PropertySource instances
17:15:10.006 [main] INFO  c.u.j.EncryptablePropertySourceConverter - [makeEncryptable,41] - Converting PropertySource configurationProperties [org.springframework.boot.context.properties.source.ConfigurationPropertySourcesPropertySource] to AOP Proxy
17:15:10.007 [main] INFO  c.u.j.EncryptablePropertySourceConverter - [makeEncryptable,41] - Converting PropertySource bootstrap [org.springframework.core.env.MapPropertySource] to EncryptableMapPropertySourceWrapper
17:15:10.007 [main] INFO  c.u.j.EncryptablePropertySourceConverter - [makeEncryptable,41] - Converting PropertySource Inlined Test Properties [org.springframework.core.env.MapPropertySource] to EncryptableMapPropertySourceWrapper
17:15:10.007 [main] INFO  c.u.j.EncryptablePropertySourceConverter - [makeEncryptable,41] - Converting PropertySource systemProperties [org.springframework.core.env.PropertiesPropertySource] to EncryptableMapPropertySourceWrapper
17:15:10.007 [main] INFO  c.u.j.EncryptablePropertySourceConverter - [makeEncryptable,41] - Converting PropertySource systemEnvironment [org.springframework.boot.env.SystemEnvironmentPropertySourceEnvironmentPostProcessor$OriginAwareSystemEnvironmentPropertySource] to EncryptableSystemEnvironmentPropertySourceWrapper
17:15:10.008 [main] INFO  c.u.j.EncryptablePropertySourceConverter - [makeEncryptable,41] - Converting PropertySource random [org.springframework.boot.env.RandomValuePropertySource] to EncryptablePropertySourceWrapper
17:15:10.008 [main] INFO  c.u.j.EncryptablePropertySourceConverter - [makeEncryptable,41] - Converting PropertySource springCloudClientHostInfo [org.springframework.core.env.MapPropertySource] to EncryptableMapPropertySourceWrapper
17:15:10.050 [main] INFO  c.u.j.f.DefaultLazyPropertyFilter - [lambda$null$2,34] - Property Filter custom Bean not found with name 'encryptablePropertyFilter'. Initializing Default Property Filter
17:15:46.141 [background-preinit] INFO  o.h.v.i.util.Version - [<clinit>,21] - HV000001: Hibernate Validator 6.1.7.Final
17:15:46.345 [main] INFO  c.u.j.c.EnableEncryptablePropertiesBeanFactoryPostProcessor - [postProcessBeanFactory,48] - Post-processing PropertySource instances
17:15:46.405 [main] INFO  c.u.j.EncryptablePropertySourceConverter - [makeEncryptable,41] - Converting PropertySource configurationProperties [org.springframework.boot.context.properties.source.ConfigurationPropertySourcesPropertySource] to AOP Proxy
17:15:46.405 [main] INFO  c.u.j.EncryptablePropertySourceConverter - [makeEncryptable,41] - Converting PropertySource bootstrap [org.springframework.core.env.MapPropertySource] to EncryptableMapPropertySourceWrapper
17:15:46.406 [main] INFO  c.u.j.EncryptablePropertySourceConverter - [makeEncryptable,41] - Converting PropertySource Inlined Test Properties [org.springframework.core.env.MapPropertySource] to EncryptableMapPropertySourceWrapper
17:15:46.406 [main] INFO  c.u.j.EncryptablePropertySourceConverter - [makeEncryptable,41] - Converting PropertySource systemProperties [org.springframework.core.env.PropertiesPropertySource] to EncryptableMapPropertySourceWrapper
17:15:46.406 [main] INFO  c.u.j.EncryptablePropertySourceConverter - [makeEncryptable,41] - Converting PropertySource systemEnvironment [org.springframework.boot.env.SystemEnvironmentPropertySourceEnvironmentPostProcessor$OriginAwareSystemEnvironmentPropertySource] to EncryptableSystemEnvironmentPropertySourceWrapper
17:15:46.406 [main] INFO  c.u.j.EncryptablePropertySourceConverter - [makeEncryptable,41] - Converting PropertySource random [org.springframework.boot.env.RandomValuePropertySource] to EncryptablePropertySourceWrapper
17:15:46.406 [main] INFO  c.u.j.EncryptablePropertySourceConverter - [makeEncryptable,41] - Converting PropertySource springCloudClientHostInfo [org.springframework.core.env.MapPropertySource] to EncryptableMapPropertySourceWrapper
17:15:46.450 [main] INFO  c.u.j.f.DefaultLazyPropertyFilter - [lambda$null$2,34] - Property Filter custom Bean not found with name 'encryptablePropertyFilter'. Initializing Default Property Filter
17:16:20.213 [background-preinit] INFO  o.h.v.i.util.Version - [<clinit>,21] - HV000001: Hibernate Validator 6.1.7.Final
17:16:20.420 [main] INFO  c.u.j.c.EnableEncryptablePropertiesBeanFactoryPostProcessor - [postProcessBeanFactory,48] - Post-processing PropertySource instances
17:16:20.479 [main] INFO  c.u.j.EncryptablePropertySourceConverter - [makeEncryptable,41] - Converting PropertySource configurationProperties [org.springframework.boot.context.properties.source.ConfigurationPropertySourcesPropertySource] to AOP Proxy
17:16:20.480 [main] INFO  c.u.j.EncryptablePropertySourceConverter - [makeEncryptable,41] - Converting PropertySource bootstrap [org.springframework.core.env.MapPropertySource] to EncryptableMapPropertySourceWrapper
17:16:20.480 [main] INFO  c.u.j.EncryptablePropertySourceConverter - [makeEncryptable,41] - Converting PropertySource Inlined Test Properties [org.springframework.core.env.MapPropertySource] to EncryptableMapPropertySourceWrapper
17:16:20.480 [main] INFO  c.u.j.EncryptablePropertySourceConverter - [makeEncryptable,41] - Converting PropertySource systemProperties [org.springframework.core.env.PropertiesPropertySource] to EncryptableMapPropertySourceWrapper
17:16:20.481 [main] INFO  c.u.j.EncryptablePropertySourceConverter - [makeEncryptable,41] - Converting PropertySource systemEnvironment [org.springframework.boot.env.SystemEnvironmentPropertySourceEnvironmentPostProcessor$OriginAwareSystemEnvironmentPropertySource] to EncryptableSystemEnvironmentPropertySourceWrapper
17:16:20.481 [main] INFO  c.u.j.EncryptablePropertySourceConverter - [makeEncryptable,41] - Converting PropertySource random [org.springframework.boot.env.RandomValuePropertySource] to EncryptablePropertySourceWrapper
17:16:20.481 [main] INFO  c.u.j.EncryptablePropertySourceConverter - [makeEncryptable,41] - Converting PropertySource springCloudClientHostInfo [org.springframework.core.env.MapPropertySource] to EncryptableMapPropertySourceWrapper
17:16:20.529 [main] INFO  c.u.j.f.DefaultLazyPropertyFilter - [lambda$null$2,34] - Property Filter custom Bean not found with name 'encryptablePropertyFilter'. Initializing Default Property Filter
17:17:07.003 [background-preinit] INFO  o.h.v.i.util.Version - [<clinit>,21] - HV000001: Hibernate Validator 6.1.7.Final
17:17:07.208 [main] INFO  c.u.j.c.EnableEncryptablePropertiesBeanFactoryPostProcessor - [postProcessBeanFactory,48] - Post-processing PropertySource instances
17:17:07.264 [main] INFO  c.u.j.EncryptablePropertySourceConverter - [makeEncryptable,41] - Converting PropertySource configurationProperties [org.springframework.boot.context.properties.source.ConfigurationPropertySourcesPropertySource] to AOP Proxy
17:17:07.265 [main] INFO  c.u.j.EncryptablePropertySourceConverter - [makeEncryptable,41] - Converting PropertySource bootstrap [org.springframework.core.env.MapPropertySource] to EncryptableMapPropertySourceWrapper
17:17:07.265 [main] INFO  c.u.j.EncryptablePropertySourceConverter - [makeEncryptable,41] - Converting PropertySource Inlined Test Properties [org.springframework.core.env.MapPropertySource] to EncryptableMapPropertySourceWrapper
17:17:07.265 [main] INFO  c.u.j.EncryptablePropertySourceConverter - [makeEncryptable,41] - Converting PropertySource systemProperties [org.springframework.core.env.PropertiesPropertySource] to EncryptableMapPropertySourceWrapper
17:17:07.265 [main] INFO  c.u.j.EncryptablePropertySourceConverter - [makeEncryptable,41] - Converting PropertySource systemEnvironment [org.springframework.boot.env.SystemEnvironmentPropertySourceEnvironmentPostProcessor$OriginAwareSystemEnvironmentPropertySource] to EncryptableSystemEnvironmentPropertySourceWrapper
17:17:07.266 [main] INFO  c.u.j.EncryptablePropertySourceConverter - [makeEncryptable,41] - Converting PropertySource random [org.springframework.boot.env.RandomValuePropertySource] to EncryptablePropertySourceWrapper
17:17:07.266 [main] INFO  c.u.j.EncryptablePropertySourceConverter - [makeEncryptable,41] - Converting PropertySource springCloudClientHostInfo [org.springframework.core.env.MapPropertySource] to EncryptableMapPropertySourceWrapper
17:17:07.312 [main] INFO  c.u.j.f.DefaultLazyPropertyFilter - [lambda$null$2,34] - Property Filter custom Bean not found with name 'encryptablePropertyFilter'. Initializing Default Property Filter
17:18:28.973 [background-preinit] INFO  o.h.v.i.util.Version - [<clinit>,21] - HV000001: Hibernate Validator 6.1.7.Final
17:18:29.185 [main] INFO  c.u.j.c.EnableEncryptablePropertiesBeanFactoryPostProcessor - [postProcessBeanFactory,48] - Post-processing PropertySource instances
17:18:29.242 [main] INFO  c.u.j.EncryptablePropertySourceConverter - [makeEncryptable,41] - Converting PropertySource configurationProperties [org.springframework.boot.context.properties.source.ConfigurationPropertySourcesPropertySource] to AOP Proxy
17:18:29.243 [main] INFO  c.u.j.EncryptablePropertySourceConverter - [makeEncryptable,41] - Converting PropertySource bootstrap [org.springframework.core.env.MapPropertySource] to EncryptableMapPropertySourceWrapper
17:18:29.243 [main] INFO  c.u.j.EncryptablePropertySourceConverter - [makeEncryptable,41] - Converting PropertySource Inlined Test Properties [org.springframework.core.env.MapPropertySource] to EncryptableMapPropertySourceWrapper
17:18:29.243 [main] INFO  c.u.j.EncryptablePropertySourceConverter - [makeEncryptable,41] - Converting PropertySource systemProperties [org.springframework.core.env.PropertiesPropertySource] to EncryptableMapPropertySourceWrapper
17:18:29.243 [main] INFO  c.u.j.EncryptablePropertySourceConverter - [makeEncryptable,41] - Converting PropertySource systemEnvironment [org.springframework.boot.env.SystemEnvironmentPropertySourceEnvironmentPostProcessor$OriginAwareSystemEnvironmentPropertySource] to EncryptableSystemEnvironmentPropertySourceWrapper
17:18:29.244 [main] INFO  c.u.j.EncryptablePropertySourceConverter - [makeEncryptable,41] - Converting PropertySource random [org.springframework.boot.env.RandomValuePropertySource] to EncryptablePropertySourceWrapper
17:18:29.244 [main] INFO  c.u.j.EncryptablePropertySourceConverter - [makeEncryptable,41] - Converting PropertySource springCloudClientHostInfo [org.springframework.core.env.MapPropertySource] to EncryptableMapPropertySourceWrapper
17:18:29.290 [main] INFO  c.u.j.f.DefaultLazyPropertyFilter - [lambda$null$2,34] - Property Filter custom Bean not found with name 'encryptablePropertyFilter'. Initializing Default Property Filter
19:56:21.675 [background-preinit] INFO  o.h.v.i.util.Version - [<clinit>,21] - HV000001: Hibernate Validator 6.1.7.Final
19:56:21.906 [main] INFO  c.u.j.c.EnableEncryptablePropertiesBeanFactoryPostProcessor - [postProcessBeanFactory,48] - Post-processing PropertySource instances
19:56:21.961 [main] INFO  c.u.j.EncryptablePropertySourceConverter - [makeEncryptable,41] - Converting PropertySource configurationProperties [org.springframework.boot.context.properties.source.ConfigurationPropertySourcesPropertySource] to AOP Proxy
19:56:21.962 [main] INFO  c.u.j.EncryptablePropertySourceConverter - [makeEncryptable,41] - Converting PropertySource bootstrap [org.springframework.core.env.MapPropertySource] to EncryptableMapPropertySourceWrapper
19:56:21.962 [main] INFO  c.u.j.EncryptablePropertySourceConverter - [makeEncryptable,41] - Converting PropertySource Inlined Test Properties [org.springframework.core.env.MapPropertySource] to EncryptableMapPropertySourceWrapper
19:56:21.962 [main] INFO  c.u.j.EncryptablePropertySourceConverter - [makeEncryptable,41] - Converting PropertySource systemProperties [org.springframework.core.env.PropertiesPropertySource] to EncryptableMapPropertySourceWrapper
19:56:21.962 [main] INFO  c.u.j.EncryptablePropertySourceConverter - [makeEncryptable,41] - Converting PropertySource systemEnvironment [org.springframework.boot.env.SystemEnvironmentPropertySourceEnvironmentPostProcessor$OriginAwareSystemEnvironmentPropertySource] to EncryptableSystemEnvironmentPropertySourceWrapper
19:56:21.963 [main] INFO  c.u.j.EncryptablePropertySourceConverter - [makeEncryptable,41] - Converting PropertySource random [org.springframework.boot.env.RandomValuePropertySource] to EncryptablePropertySourceWrapper
19:56:21.963 [main] INFO  c.u.j.EncryptablePropertySourceConverter - [makeEncryptable,41] - Converting PropertySource springCloudClientHostInfo [org.springframework.core.env.MapPropertySource] to EncryptableMapPropertySourceWrapper
19:56:22.006 [main] INFO  c.u.j.f.DefaultLazyPropertyFilter - [lambda$null$2,34] - Property Filter custom Bean not found with name 'encryptablePropertyFilter'. Initializing Default Property Filter
20:45:05.151 [background-preinit] INFO  o.h.v.i.util.Version - [<clinit>,21] - HV000001: Hibernate Validator 6.1.7.Final
20:45:05.372 [main] INFO  c.u.j.c.EnableEncryptablePropertiesBeanFactoryPostProcessor - [postProcessBeanFactory,48] - Post-processing PropertySource instances
20:45:05.425 [main] INFO  c.u.j.EncryptablePropertySourceConverter - [makeEncryptable,41] - Converting PropertySource configurationProperties [org.springframework.boot.context.properties.source.ConfigurationPropertySourcesPropertySource] to AOP Proxy
20:45:05.426 [main] INFO  c.u.j.EncryptablePropertySourceConverter - [makeEncryptable,41] - Converting PropertySource bootstrap [org.springframework.core.env.MapPropertySource] to EncryptableMapPropertySourceWrapper
20:45:05.426 [main] INFO  c.u.j.EncryptablePropertySourceConverter - [makeEncryptable,41] - Converting PropertySource Inlined Test Properties [org.springframework.core.env.MapPropertySource] to EncryptableMapPropertySourceWrapper
20:45:05.426 [main] INFO  c.u.j.EncryptablePropertySourceConverter - [makeEncryptable,41] - Converting PropertySource systemProperties [org.springframework.core.env.PropertiesPropertySource] to EncryptableMapPropertySourceWrapper
20:45:05.427 [main] INFO  c.u.j.EncryptablePropertySourceConverter - [makeEncryptable,41] - Converting PropertySource systemEnvironment [org.springframework.boot.env.SystemEnvironmentPropertySourceEnvironmentPostProcessor$OriginAwareSystemEnvironmentPropertySource] to EncryptableSystemEnvironmentPropertySourceWrapper
20:45:05.427 [main] INFO  c.u.j.EncryptablePropertySourceConverter - [makeEncryptable,41] - Converting PropertySource random [org.springframework.boot.env.RandomValuePropertySource] to EncryptablePropertySourceWrapper
20:45:05.427 [main] INFO  c.u.j.EncryptablePropertySourceConverter - [makeEncryptable,41] - Converting PropertySource springCloudClientHostInfo [org.springframework.core.env.MapPropertySource] to EncryptableMapPropertySourceWrapper
20:45:05.473 [main] INFO  c.u.j.f.DefaultLazyPropertyFilter - [lambda$null$2,34] - Property Filter custom Bean not found with name 'encryptablePropertyFilter'. Initializing Default Property Filter
20:45:39.618 [background-preinit] INFO  o.h.v.i.util.Version - [<clinit>,21] - HV000001: Hibernate Validator 6.1.7.Final
20:45:39.836 [main] INFO  c.u.j.c.EnableEncryptablePropertiesBeanFactoryPostProcessor - [postProcessBeanFactory,48] - Post-processing PropertySource instances
20:45:39.887 [main] INFO  c.u.j.EncryptablePropertySourceConverter - [makeEncryptable,41] - Converting PropertySource configurationProperties [org.springframework.boot.context.properties.source.ConfigurationPropertySourcesPropertySource] to AOP Proxy
20:45:39.888 [main] INFO  c.u.j.EncryptablePropertySourceConverter - [makeEncryptable,41] - Converting PropertySource bootstrap [org.springframework.core.env.MapPropertySource] to EncryptableMapPropertySourceWrapper
20:45:39.888 [main] INFO  c.u.j.EncryptablePropertySourceConverter - [makeEncryptable,41] - Converting PropertySource Inlined Test Properties [org.springframework.core.env.MapPropertySource] to EncryptableMapPropertySourceWrapper
20:45:39.888 [main] INFO  c.u.j.EncryptablePropertySourceConverter - [makeEncryptable,41] - Converting PropertySource systemProperties [org.springframework.core.env.PropertiesPropertySource] to EncryptableMapPropertySourceWrapper
20:45:39.889 [main] INFO  c.u.j.EncryptablePropertySourceConverter - [makeEncryptable,41] - Converting PropertySource systemEnvironment [org.springframework.boot.env.SystemEnvironmentPropertySourceEnvironmentPostProcessor$OriginAwareSystemEnvironmentPropertySource] to EncryptableSystemEnvironmentPropertySourceWrapper
20:45:39.889 [main] INFO  c.u.j.EncryptablePropertySourceConverter - [makeEncryptable,41] - Converting PropertySource random [org.springframework.boot.env.RandomValuePropertySource] to EncryptablePropertySourceWrapper
20:45:39.889 [main] INFO  c.u.j.EncryptablePropertySourceConverter - [makeEncryptable,41] - Converting PropertySource springCloudClientHostInfo [org.springframework.core.env.MapPropertySource] to EncryptableMapPropertySourceWrapper
20:45:39.929 [main] INFO  c.u.j.f.DefaultLazyPropertyFilter - [lambda$null$2,34] - Property Filter custom Bean not found with name 'encryptablePropertyFilter'. Initializing Default Property Filter
20:46:11.513 [background-preinit] INFO  o.h.v.i.util.Version - [<clinit>,21] - HV000001: Hibernate Validator 6.1.7.Final
20:46:11.729 [main] INFO  c.u.j.c.EnableEncryptablePropertiesBeanFactoryPostProcessor - [postProcessBeanFactory,48] - Post-processing PropertySource instances
20:46:11.783 [main] INFO  c.u.j.EncryptablePropertySourceConverter - [makeEncryptable,41] - Converting PropertySource configurationProperties [org.springframework.boot.context.properties.source.ConfigurationPropertySourcesPropertySource] to AOP Proxy
20:46:11.783 [main] INFO  c.u.j.EncryptablePropertySourceConverter - [makeEncryptable,41] - Converting PropertySource bootstrap [org.springframework.core.env.MapPropertySource] to EncryptableMapPropertySourceWrapper
20:46:11.784 [main] INFO  c.u.j.EncryptablePropertySourceConverter - [makeEncryptable,41] - Converting PropertySource Inlined Test Properties [org.springframework.core.env.MapPropertySource] to EncryptableMapPropertySourceWrapper
20:46:11.784 [main] INFO  c.u.j.EncryptablePropertySourceConverter - [makeEncryptable,41] - Converting PropertySource systemProperties [org.springframework.core.env.PropertiesPropertySource] to EncryptableMapPropertySourceWrapper
20:46:11.784 [main] INFO  c.u.j.EncryptablePropertySourceConverter - [makeEncryptable,41] - Converting PropertySource systemEnvironment [org.springframework.boot.env.SystemEnvironmentPropertySourceEnvironmentPostProcessor$OriginAwareSystemEnvironmentPropertySource] to EncryptableSystemEnvironmentPropertySourceWrapper
20:46:11.784 [main] INFO  c.u.j.EncryptablePropertySourceConverter - [makeEncryptable,41] - Converting PropertySource random [org.springframework.boot.env.RandomValuePropertySource] to EncryptablePropertySourceWrapper
20:46:11.784 [main] INFO  c.u.j.EncryptablePropertySourceConverter - [makeEncryptable,41] - Converting PropertySource springCloudClientHostInfo [org.springframework.core.env.MapPropertySource] to EncryptableMapPropertySourceWrapper
20:46:11.826 [main] INFO  c.u.j.f.DefaultLazyPropertyFilter - [lambda$null$2,34] - Property Filter custom Bean not found with name 'encryptablePropertyFilter'. Initializing Default Property Filter
20:46:41.027 [background-preinit] INFO  o.h.v.i.util.Version - [<clinit>,21] - HV000001: Hibernate Validator 6.1.7.Final
20:46:41.259 [main] INFO  c.u.j.c.EnableEncryptablePropertiesBeanFactoryPostProcessor - [postProcessBeanFactory,48] - Post-processing PropertySource instances
20:46:41.329 [main] INFO  c.u.j.EncryptablePropertySourceConverter - [makeEncryptable,41] - Converting PropertySource configurationProperties [org.springframework.boot.context.properties.source.ConfigurationPropertySourcesPropertySource] to AOP Proxy
20:46:41.330 [main] INFO  c.u.j.EncryptablePropertySourceConverter - [makeEncryptable,41] - Converting PropertySource bootstrap [org.springframework.core.env.MapPropertySource] to EncryptableMapPropertySourceWrapper
20:46:41.330 [main] INFO  c.u.j.EncryptablePropertySourceConverter - [makeEncryptable,41] - Converting PropertySource Inlined Test Properties [org.springframework.core.env.MapPropertySource] to EncryptableMapPropertySourceWrapper
20:46:41.331 [main] INFO  c.u.j.EncryptablePropertySourceConverter - [makeEncryptable,41] - Converting PropertySource systemProperties [org.springframework.core.env.PropertiesPropertySource] to EncryptableMapPropertySourceWrapper
20:46:41.331 [main] INFO  c.u.j.EncryptablePropertySourceConverter - [makeEncryptable,41] - Converting PropertySource systemEnvironment [org.springframework.boot.env.SystemEnvironmentPropertySourceEnvironmentPostProcessor$OriginAwareSystemEnvironmentPropertySource] to EncryptableSystemEnvironmentPropertySourceWrapper
20:46:41.332 [main] INFO  c.u.j.EncryptablePropertySourceConverter - [makeEncryptable,41] - Converting PropertySource random [org.springframework.boot.env.RandomValuePropertySource] to EncryptablePropertySourceWrapper
20:46:41.332 [main] INFO  c.u.j.EncryptablePropertySourceConverter - [makeEncryptable,41] - Converting PropertySource springCloudClientHostInfo [org.springframework.core.env.MapPropertySource] to EncryptableMapPropertySourceWrapper
20:46:41.398 [main] INFO  c.u.j.f.DefaultLazyPropertyFilter - [lambda$null$2,34] - Property Filter custom Bean not found with name 'encryptablePropertyFilter'. Initializing Default Property Filter
13:52:10.044 [background-preinit] INFO  o.h.v.i.util.Version - [<clinit>,21] - HV000001: Hibernate Validator 6.1.7.Final
13:52:10.371 [main] INFO  c.u.j.c.EnableEncryptablePropertiesBeanFactoryPostProcessor - [postProcessBeanFactory,48] - Post-processing PropertySource instances
13:52:10.443 [main] INFO  c.u.j.EncryptablePropertySourceConverter - [makeEncryptable,41] - Converting PropertySource configurationProperties [org.springframework.boot.context.properties.source.ConfigurationPropertySourcesPropertySource] to AOP Proxy
13:52:10.444 [main] INFO  c.u.j.EncryptablePropertySourceConverter - [makeEncryptable,41] - Converting PropertySource bootstrap [org.springframework.core.env.MapPropertySource] to EncryptableMapPropertySourceWrapper
13:52:10.444 [main] INFO  c.u.j.EncryptablePropertySourceConverter - [makeEncryptable,41] - Converting PropertySource Inlined Test Properties [org.springframework.core.env.MapPropertySource] to EncryptableMapPropertySourceWrapper
13:52:10.445 [main] INFO  c.u.j.EncryptablePropertySourceConverter - [makeEncryptable,41] - Converting PropertySource systemProperties [org.springframework.core.env.PropertiesPropertySource] to EncryptableMapPropertySourceWrapper
13:52:10.445 [main] INFO  c.u.j.EncryptablePropertySourceConverter - [makeEncryptable,41] - Converting PropertySource systemEnvironment [org.springframework.boot.env.SystemEnvironmentPropertySourceEnvironmentPostProcessor$OriginAwareSystemEnvironmentPropertySource] to EncryptableSystemEnvironmentPropertySourceWrapper
13:52:10.446 [main] INFO  c.u.j.EncryptablePropertySourceConverter - [makeEncryptable,41] - Converting PropertySource random [org.springframework.boot.env.RandomValuePropertySource] to EncryptablePropertySourceWrapper
13:52:10.446 [main] INFO  c.u.j.EncryptablePropertySourceConverter - [makeEncryptable,41] - Converting PropertySource springCloudClientHostInfo [org.springframework.core.env.MapPropertySource] to EncryptableMapPropertySourceWrapper
13:52:10.519 [main] INFO  c.u.j.f.DefaultLazyPropertyFilter - [lambda$null$2,34] - Property Filter custom Bean not found with name 'encryptablePropertyFilter'. Initializing Default Property Filter
13:55:24.414 [background-preinit] INFO  o.h.v.i.util.Version - [<clinit>,21] - HV000001: Hibernate Validator 6.1.7.Final
13:55:25.024 [main] INFO  c.u.j.c.EnableEncryptablePropertiesBeanFactoryPostProcessor - [postProcessBeanFactory,48] - Post-processing PropertySource instances
13:55:25.139 [main] INFO  c.u.j.EncryptablePropertySourceConverter - [makeEncryptable,41] - Converting PropertySource configurationProperties [org.springframework.boot.context.properties.source.ConfigurationPropertySourcesPropertySource] to AOP Proxy
13:55:25.141 [main] INFO  c.u.j.EncryptablePropertySourceConverter - [makeEncryptable,41] - Converting PropertySource bootstrap [org.springframework.core.env.MapPropertySource] to EncryptableMapPropertySourceWrapper
13:55:25.142 [main] INFO  c.u.j.EncryptablePropertySourceConverter - [makeEncryptable,41] - Converting PropertySource Inlined Test Properties [org.springframework.core.env.MapPropertySource] to EncryptableMapPropertySourceWrapper
13:55:25.142 [main] INFO  c.u.j.EncryptablePropertySourceConverter - [makeEncryptable,41] - Converting PropertySource systemProperties [org.springframework.core.env.PropertiesPropertySource] to EncryptableMapPropertySourceWrapper
13:55:25.142 [main] INFO  c.u.j.EncryptablePropertySourceConverter - [makeEncryptable,41] - Converting PropertySource systemEnvironment [org.springframework.boot.env.SystemEnvironmentPropertySourceEnvironmentPostProcessor$OriginAwareSystemEnvironmentPropertySource] to EncryptableSystemEnvironmentPropertySourceWrapper
13:55:25.143 [main] INFO  c.u.j.EncryptablePropertySourceConverter - [makeEncryptable,41] - Converting PropertySource random [org.springframework.boot.env.RandomValuePropertySource] to EncryptablePropertySourceWrapper
13:55:25.143 [main] INFO  c.u.j.EncryptablePropertySourceConverter - [makeEncryptable,41] - Converting PropertySource springCloudClientHostInfo [org.springframework.core.env.MapPropertySource] to EncryptableMapPropertySourceWrapper
13:55:25.247 [main] INFO  c.u.j.f.DefaultLazyPropertyFilter - [lambda$null$2,34] - Property Filter custom Bean not found with name 'encryptablePropertyFilter'. Initializing Default Property Filter
13:56:21.242 [background-preinit] INFO  o.h.v.i.util.Version - [<clinit>,21] - HV000001: Hibernate Validator 6.1.7.Final
13:56:21.861 [main] INFO  c.u.j.c.EnableEncryptablePropertiesBeanFactoryPostProcessor - [postProcessBeanFactory,48] - Post-processing PropertySource instances
13:56:22.000 [main] INFO  c.u.j.EncryptablePropertySourceConverter - [makeEncryptable,41] - Converting PropertySource configurationProperties [org.springframework.boot.context.properties.source.ConfigurationPropertySourcesPropertySource] to AOP Proxy
13:56:22.001 [main] INFO  c.u.j.EncryptablePropertySourceConverter - [makeEncryptable,41] - Converting PropertySource bootstrap [org.springframework.core.env.MapPropertySource] to EncryptableMapPropertySourceWrapper
13:56:22.002 [main] INFO  c.u.j.EncryptablePropertySourceConverter - [makeEncryptable,41] - Converting PropertySource Inlined Test Properties [org.springframework.core.env.MapPropertySource] to EncryptableMapPropertySourceWrapper
13:56:22.002 [main] INFO  c.u.j.EncryptablePropertySourceConverter - [makeEncryptable,41] - Converting PropertySource systemProperties [org.springframework.core.env.PropertiesPropertySource] to EncryptableMapPropertySourceWrapper
13:56:22.003 [main] INFO  c.u.j.EncryptablePropertySourceConverter - [makeEncryptable,41] - Converting PropertySource systemEnvironment [org.springframework.boot.env.SystemEnvironmentPropertySourceEnvironmentPostProcessor$OriginAwareSystemEnvironmentPropertySource] to EncryptableSystemEnvironmentPropertySourceWrapper
13:56:22.004 [main] INFO  c.u.j.EncryptablePropertySourceConverter - [makeEncryptable,41] - Converting PropertySource random [org.springframework.boot.env.RandomValuePropertySource] to EncryptablePropertySourceWrapper
13:56:22.006 [main] INFO  c.u.j.EncryptablePropertySourceConverter - [makeEncryptable,41] - Converting PropertySource springCloudClientHostInfo [org.springframework.core.env.MapPropertySource] to EncryptableMapPropertySourceWrapper
13:56:22.141 [main] INFO  c.u.j.f.DefaultLazyPropertyFilter - [lambda$null$2,34] - Property Filter custom Bean not found with name 'encryptablePropertyFilter'. Initializing Default Property Filter
13:58:23.883 [background-preinit] INFO  o.h.v.i.util.Version - [<clinit>,21] - HV000001: Hibernate Validator 6.1.7.Final
13:58:24.419 [main] INFO  c.u.j.c.EnableEncryptablePropertiesBeanFactoryPostProcessor - [postProcessBeanFactory,48] - Post-processing PropertySource instances
13:58:24.606 [main] INFO  c.u.j.EncryptablePropertySourceConverter - [makeEncryptable,41] - Converting PropertySource configurationProperties [org.springframework.boot.context.properties.source.ConfigurationPropertySourcesPropertySource] to AOP Proxy
13:58:24.607 [main] INFO  c.u.j.EncryptablePropertySourceConverter - [makeEncryptable,41] - Converting PropertySource bootstrap [org.springframework.core.env.MapPropertySource] to EncryptableMapPropertySourceWrapper
13:58:24.607 [main] INFO  c.u.j.EncryptablePropertySourceConverter - [makeEncryptable,41] - Converting PropertySource Inlined Test Properties [org.springframework.core.env.MapPropertySource] to EncryptableMapPropertySourceWrapper
13:58:24.608 [main] INFO  c.u.j.EncryptablePropertySourceConverter - [makeEncryptable,41] - Converting PropertySource systemProperties [org.springframework.core.env.PropertiesPropertySource] to EncryptableMapPropertySourceWrapper
13:58:24.608 [main] INFO  c.u.j.EncryptablePropertySourceConverter - [makeEncryptable,41] - Converting PropertySource systemEnvironment [org.springframework.boot.env.SystemEnvironmentPropertySourceEnvironmentPostProcessor$OriginAwareSystemEnvironmentPropertySource] to EncryptableSystemEnvironmentPropertySourceWrapper
13:58:24.609 [main] INFO  c.u.j.EncryptablePropertySourceConverter - [makeEncryptable,41] - Converting PropertySource random [org.springframework.boot.env.RandomValuePropertySource] to EncryptablePropertySourceWrapper
13:58:24.609 [main] INFO  c.u.j.EncryptablePropertySourceConverter - [makeEncryptable,41] - Converting PropertySource springCloudClientHostInfo [org.springframework.core.env.MapPropertySource] to EncryptableMapPropertySourceWrapper
13:58:24.736 [main] INFO  c.u.j.f.DefaultLazyPropertyFilter - [lambda$null$2,34] - Property Filter custom Bean not found with name 'encryptablePropertyFilter'. Initializing Default Property Filter
14:01:27.700 [background-preinit] INFO  o.h.v.i.util.Version - [<clinit>,21] - HV000001: Hibernate Validator 6.1.7.Final
14:01:28.320 [main] INFO  c.u.j.c.EnableEncryptablePropertiesBeanFactoryPostProcessor - [postProcessBeanFactory,48] - Post-processing PropertySource instances
14:01:28.403 [main] INFO  c.u.j.EncryptablePropertySourceConverter - [makeEncryptable,41] - Converting PropertySource configurationProperties [org.springframework.boot.context.properties.source.ConfigurationPropertySourcesPropertySource] to AOP Proxy
14:01:28.404 [main] INFO  c.u.j.EncryptablePropertySourceConverter - [makeEncryptable,41] - Converting PropertySource bootstrap [org.springframework.core.env.MapPropertySource] to EncryptableMapPropertySourceWrapper
14:01:28.404 [main] INFO  c.u.j.EncryptablePropertySourceConverter - [makeEncryptable,41] - Converting PropertySource Inlined Test Properties [org.springframework.core.env.MapPropertySource] to EncryptableMapPropertySourceWrapper
14:01:28.405 [main] INFO  c.u.j.EncryptablePropertySourceConverter - [makeEncryptable,41] - Converting PropertySource systemProperties [org.springframework.core.env.PropertiesPropertySource] to EncryptableMapPropertySourceWrapper
14:01:28.405 [main] INFO  c.u.j.EncryptablePropertySourceConverter - [makeEncryptable,41] - Converting PropertySource systemEnvironment [org.springframework.boot.env.SystemEnvironmentPropertySourceEnvironmentPostProcessor$OriginAwareSystemEnvironmentPropertySource] to EncryptableSystemEnvironmentPropertySourceWrapper
14:01:28.405 [main] INFO  c.u.j.EncryptablePropertySourceConverter - [makeEncryptable,41] - Converting PropertySource random [org.springframework.boot.env.RandomValuePropertySource] to EncryptablePropertySourceWrapper
14:01:28.405 [main] INFO  c.u.j.EncryptablePropertySourceConverter - [makeEncryptable,41] - Converting PropertySource springCloudClientHostInfo [org.springframework.core.env.MapPropertySource] to EncryptableMapPropertySourceWrapper
14:01:28.499 [main] INFO  c.u.j.f.DefaultLazyPropertyFilter - [lambda$null$2,34] - Property Filter custom Bean not found with name 'encryptablePropertyFilter'. Initializing Default Property Filter
