00:20:51.419 [background-preinit] INFO  o.h.v.i.util.Version - [<clinit>,21] - HV000001: Hibernate Validator 6.1.7.Final
00:20:51.662 [main] INFO  c.u.j.c.EnableEncryptablePropertiesBeanFactoryPostProcessor - [postProcessBeanFactory,48] - Post-processing PropertySource instances
00:20:51.719 [main] INFO  c.u.j.EncryptablePropertySourceConverter - [makeEncryptable,41] - Converting PropertySource configurationProperties [org.springframework.boot.context.properties.source.ConfigurationPropertySourcesPropertySource] to AOP Proxy
00:20:51.719 [main] INFO  c.u.j.EncryptablePropertySourceConverter - [makeEncryptable,41] - Converting PropertySource bootstrap [org.springframework.core.env.MapPropertySource] to EncryptableMapPropertySourceWrapper
00:20:51.719 [main] INFO  c.u.j.EncryptablePropertySourceConverter - [makeEncryptable,41] - Converting PropertySource Inlined Test Properties [org.springframework.core.env.MapPropertySource] to EncryptableMapPropertySourceWrapper
00:20:51.721 [main] INFO  c.u.j.EncryptablePropertySourceConverter - [makeEncryptable,41] - Converting PropertySource systemProperties [org.springframework.core.env.PropertiesPropertySource] to EncryptableMapPropertySourceWrapper
00:20:51.721 [main] INFO  c.u.j.EncryptablePropertySourceConverter - [makeEncryptable,41] - Converting PropertySource systemEnvironment [org.springframework.boot.env.SystemEnvironmentPropertySourceEnvironmentPostProcessor$OriginAwareSystemEnvironmentPropertySource] to EncryptableSystemEnvironmentPropertySourceWrapper
00:20:51.721 [main] INFO  c.u.j.EncryptablePropertySourceConverter - [makeEncryptable,41] - Converting PropertySource random [org.springframework.boot.env.RandomValuePropertySource] to EncryptablePropertySourceWrapper
00:20:51.721 [main] INFO  c.u.j.EncryptablePropertySourceConverter - [makeEncryptable,41] - Converting PropertySource springCloudClientHostInfo [org.springframework.core.env.MapPropertySource] to EncryptableMapPropertySourceWrapper
00:20:51.764 [main] INFO  c.u.j.f.DefaultLazyPropertyFilter - [lambda$null$2,34] - Property Filter custom Bean not found with name 'encryptablePropertyFilter'. Initializing Default Property Filter
14:07:50.477 [background-preinit] INFO  o.h.v.i.util.Version - [<clinit>,21] - HV000001: Hibernate Validator 6.1.7.Final
14:07:50.732 [main] INFO  c.u.j.c.EnableEncryptablePropertiesBeanFactoryPostProcessor - [postProcessBeanFactory,48] - Post-processing PropertySource instances
14:07:50.788 [main] INFO  c.u.j.EncryptablePropertySourceConverter - [makeEncryptable,41] - Converting PropertySource configurationProperties [org.springframework.boot.context.properties.source.ConfigurationPropertySourcesPropertySource] to AOP Proxy
14:07:50.789 [main] INFO  c.u.j.EncryptablePropertySourceConverter - [makeEncryptable,41] - Converting PropertySource bootstrap [org.springframework.core.env.MapPropertySource] to EncryptableMapPropertySourceWrapper
14:07:50.789 [main] INFO  c.u.j.EncryptablePropertySourceConverter - [makeEncryptable,41] - Converting PropertySource Inlined Test Properties [org.springframework.core.env.MapPropertySource] to EncryptableMapPropertySourceWrapper
14:07:50.789 [main] INFO  c.u.j.EncryptablePropertySourceConverter - [makeEncryptable,41] - Converting PropertySource systemProperties [org.springframework.core.env.PropertiesPropertySource] to EncryptableMapPropertySourceWrapper
14:07:50.789 [main] INFO  c.u.j.EncryptablePropertySourceConverter - [makeEncryptable,41] - Converting PropertySource systemEnvironment [org.springframework.boot.env.SystemEnvironmentPropertySourceEnvironmentPostProcessor$OriginAwareSystemEnvironmentPropertySource] to EncryptableSystemEnvironmentPropertySourceWrapper
14:07:50.789 [main] INFO  c.u.j.EncryptablePropertySourceConverter - [makeEncryptable,41] - Converting PropertySource random [org.springframework.boot.env.RandomValuePropertySource] to EncryptablePropertySourceWrapper
14:07:50.790 [main] INFO  c.u.j.EncryptablePropertySourceConverter - [makeEncryptable,41] - Converting PropertySource springCloudClientHostInfo [org.springframework.core.env.MapPropertySource] to EncryptableMapPropertySourceWrapper
14:07:50.837 [main] INFO  c.u.j.f.DefaultLazyPropertyFilter - [lambda$null$2,34] - Property Filter custom Bean not found with name 'encryptablePropertyFilter'. Initializing Default Property Filter
14:09:05.451 [background-preinit] INFO  o.h.v.i.util.Version - [<clinit>,21] - HV000001: Hibernate Validator 6.1.7.Final
14:09:05.721 [main] INFO  c.u.j.c.EnableEncryptablePropertiesBeanFactoryPostProcessor - [postProcessBeanFactory,48] - Post-processing PropertySource instances
14:09:05.787 [main] INFO  c.u.j.EncryptablePropertySourceConverter - [makeEncryptable,41] - Converting PropertySource configurationProperties [org.springframework.boot.context.properties.source.ConfigurationPropertySourcesPropertySource] to AOP Proxy
14:09:05.788 [main] INFO  c.u.j.EncryptablePropertySourceConverter - [makeEncryptable,41] - Converting PropertySource bootstrap [org.springframework.core.env.MapPropertySource] to EncryptableMapPropertySourceWrapper
14:09:05.788 [main] INFO  c.u.j.EncryptablePropertySourceConverter - [makeEncryptable,41] - Converting PropertySource Inlined Test Properties [org.springframework.core.env.MapPropertySource] to EncryptableMapPropertySourceWrapper
14:09:05.788 [main] INFO  c.u.j.EncryptablePropertySourceConverter - [makeEncryptable,41] - Converting PropertySource systemProperties [org.springframework.core.env.PropertiesPropertySource] to EncryptableMapPropertySourceWrapper
14:09:05.788 [main] INFO  c.u.j.EncryptablePropertySourceConverter - [makeEncryptable,41] - Converting PropertySource systemEnvironment [org.springframework.boot.env.SystemEnvironmentPropertySourceEnvironmentPostProcessor$OriginAwareSystemEnvironmentPropertySource] to EncryptableSystemEnvironmentPropertySourceWrapper
14:09:05.788 [main] INFO  c.u.j.EncryptablePropertySourceConverter - [makeEncryptable,41] - Converting PropertySource random [org.springframework.boot.env.RandomValuePropertySource] to EncryptablePropertySourceWrapper
14:09:05.790 [main] INFO  c.u.j.EncryptablePropertySourceConverter - [makeEncryptable,41] - Converting PropertySource springCloudClientHostInfo [org.springframework.core.env.MapPropertySource] to EncryptableMapPropertySourceWrapper
14:09:05.845 [main] INFO  c.u.j.f.DefaultLazyPropertyFilter - [lambda$null$2,34] - Property Filter custom Bean not found with name 'encryptablePropertyFilter'. Initializing Default Property Filter
14:40:12.023 [background-preinit] INFO  o.h.v.i.util.Version - [<clinit>,21] - HV000001: Hibernate Validator 6.1.7.Final
14:40:12.292 [main] INFO  c.u.j.c.EnableEncryptablePropertiesBeanFactoryPostProcessor - [postProcessBeanFactory,48] - Post-processing PropertySource instances
14:40:12.350 [main] INFO  c.u.j.EncryptablePropertySourceConverter - [makeEncryptable,41] - Converting PropertySource configurationProperties [org.springframework.boot.context.properties.source.ConfigurationPropertySourcesPropertySource] to AOP Proxy
14:40:12.351 [main] INFO  c.u.j.EncryptablePropertySourceConverter - [makeEncryptable,41] - Converting PropertySource bootstrap [org.springframework.core.env.MapPropertySource] to EncryptableMapPropertySourceWrapper
14:40:12.351 [main] INFO  c.u.j.EncryptablePropertySourceConverter - [makeEncryptable,41] - Converting PropertySource Inlined Test Properties [org.springframework.core.env.MapPropertySource] to EncryptableMapPropertySourceWrapper
14:40:12.351 [main] INFO  c.u.j.EncryptablePropertySourceConverter - [makeEncryptable,41] - Converting PropertySource systemProperties [org.springframework.core.env.PropertiesPropertySource] to EncryptableMapPropertySourceWrapper
14:40:12.351 [main] INFO  c.u.j.EncryptablePropertySourceConverter - [makeEncryptable,41] - Converting PropertySource systemEnvironment [org.springframework.boot.env.SystemEnvironmentPropertySourceEnvironmentPostProcessor$OriginAwareSystemEnvironmentPropertySource] to EncryptableSystemEnvironmentPropertySourceWrapper
14:40:12.352 [main] INFO  c.u.j.EncryptablePropertySourceConverter - [makeEncryptable,41] - Converting PropertySource random [org.springframework.boot.env.RandomValuePropertySource] to EncryptablePropertySourceWrapper
14:40:12.352 [main] INFO  c.u.j.EncryptablePropertySourceConverter - [makeEncryptable,41] - Converting PropertySource springCloudClientHostInfo [org.springframework.core.env.MapPropertySource] to EncryptableMapPropertySourceWrapper
14:40:12.397 [main] INFO  c.u.j.f.DefaultLazyPropertyFilter - [lambda$null$2,34] - Property Filter custom Bean not found with name 'encryptablePropertyFilter'. Initializing Default Property Filter
14:41:39.825 [background-preinit] INFO  o.h.v.i.util.Version - [<clinit>,21] - HV000001: Hibernate Validator 6.1.7.Final
14:41:40.100 [main] INFO  c.u.j.c.EnableEncryptablePropertiesBeanFactoryPostProcessor - [postProcessBeanFactory,48] - Post-processing PropertySource instances
14:41:40.166 [main] INFO  c.u.j.EncryptablePropertySourceConverter - [makeEncryptable,41] - Converting PropertySource configurationProperties [org.springframework.boot.context.properties.source.ConfigurationPropertySourcesPropertySource] to AOP Proxy
14:41:40.167 [main] INFO  c.u.j.EncryptablePropertySourceConverter - [makeEncryptable,41] - Converting PropertySource bootstrap [org.springframework.core.env.MapPropertySource] to EncryptableMapPropertySourceWrapper
14:41:40.167 [main] INFO  c.u.j.EncryptablePropertySourceConverter - [makeEncryptable,41] - Converting PropertySource Inlined Test Properties [org.springframework.core.env.MapPropertySource] to EncryptableMapPropertySourceWrapper
14:41:40.167 [main] INFO  c.u.j.EncryptablePropertySourceConverter - [makeEncryptable,41] - Converting PropertySource systemProperties [org.springframework.core.env.PropertiesPropertySource] to EncryptableMapPropertySourceWrapper
14:41:40.167 [main] INFO  c.u.j.EncryptablePropertySourceConverter - [makeEncryptable,41] - Converting PropertySource systemEnvironment [org.springframework.boot.env.SystemEnvironmentPropertySourceEnvironmentPostProcessor$OriginAwareSystemEnvironmentPropertySource] to EncryptableSystemEnvironmentPropertySourceWrapper
14:41:40.168 [main] INFO  c.u.j.EncryptablePropertySourceConverter - [makeEncryptable,41] - Converting PropertySource random [org.springframework.boot.env.RandomValuePropertySource] to EncryptablePropertySourceWrapper
14:41:40.168 [main] INFO  c.u.j.EncryptablePropertySourceConverter - [makeEncryptable,41] - Converting PropertySource springCloudClientHostInfo [org.springframework.core.env.MapPropertySource] to EncryptableMapPropertySourceWrapper
14:41:40.223 [main] INFO  c.u.j.f.DefaultLazyPropertyFilter - [lambda$null$2,34] - Property Filter custom Bean not found with name 'encryptablePropertyFilter'. Initializing Default Property Filter
14:42:02.604 [background-preinit] INFO  o.h.v.i.util.Version - [<clinit>,21] - HV000001: Hibernate Validator 6.1.7.Final
14:42:02.912 [main] INFO  c.u.j.c.EnableEncryptablePropertiesBeanFactoryPostProcessor - [postProcessBeanFactory,48] - Post-processing PropertySource instances
14:42:02.977 [main] INFO  c.u.j.EncryptablePropertySourceConverter - [makeEncryptable,41] - Converting PropertySource configurationProperties [org.springframework.boot.context.properties.source.ConfigurationPropertySourcesPropertySource] to AOP Proxy
14:42:02.977 [main] INFO  c.u.j.EncryptablePropertySourceConverter - [makeEncryptable,41] - Converting PropertySource bootstrap [org.springframework.core.env.MapPropertySource] to EncryptableMapPropertySourceWrapper
14:42:02.977 [main] INFO  c.u.j.EncryptablePropertySourceConverter - [makeEncryptable,41] - Converting PropertySource Inlined Test Properties [org.springframework.core.env.MapPropertySource] to EncryptableMapPropertySourceWrapper
14:42:02.977 [main] INFO  c.u.j.EncryptablePropertySourceConverter - [makeEncryptable,41] - Converting PropertySource systemProperties [org.springframework.core.env.PropertiesPropertySource] to EncryptableMapPropertySourceWrapper
14:42:02.978 [main] INFO  c.u.j.EncryptablePropertySourceConverter - [makeEncryptable,41] - Converting PropertySource systemEnvironment [org.springframework.boot.env.SystemEnvironmentPropertySourceEnvironmentPostProcessor$OriginAwareSystemEnvironmentPropertySource] to EncryptableSystemEnvironmentPropertySourceWrapper
14:42:02.978 [main] INFO  c.u.j.EncryptablePropertySourceConverter - [makeEncryptable,41] - Converting PropertySource random [org.springframework.boot.env.RandomValuePropertySource] to EncryptablePropertySourceWrapper
14:42:02.978 [main] INFO  c.u.j.EncryptablePropertySourceConverter - [makeEncryptable,41] - Converting PropertySource springCloudClientHostInfo [org.springframework.core.env.MapPropertySource] to EncryptableMapPropertySourceWrapper
14:42:03.034 [main] INFO  c.u.j.f.DefaultLazyPropertyFilter - [lambda$null$2,34] - Property Filter custom Bean not found with name 'encryptablePropertyFilter'. Initializing Default Property Filter
