00:00:19.783 [http-nio-9802-exec-8] INFO  c.g.p.c.PcmCustService - [listAssCust,111] - 【查询条件--客户】PcmCustDTO4List(pageNo=1, pageSize=10, sort=null, order=null, orderBy=null, custName=, custState=, certType=, certNo=, isEmployee=)
00:06:35.114 [http-nio-9802-exec-10] INFO  c.g.p.c.PcmCustService - [listAssCust,111] - 【查询条件--客户】PcmCustDTO4List(pageNo=1, pageSize=10, sort=null, order=null, orderBy=null, custName=, custState=, certType=, certNo=, isEmployee=)
00:07:01.511 [http-nio-9802-exec-1] INFO  c.g.p.c.PcmCustService - [listAssCust,111] - 【查询条件--客户】PcmCustDTO4List(pageNo=1, pageSize=10, sort=null, order=null, orderBy=null, custName=, custState=, certType=, certNo=, isEmployee=)
00:07:26.883 [http-nio-9802-exec-2] INFO  c.g.p.c.PcmCustService - [listAssCust,111] - 【查询条件--客户】PcmCustDTO4List(pageNo=1, pageSize=10, sort=null, order=null, orderBy=null, custName=, custState=, certType=, certNo=, isEmployee=)
00:07:57.334 [http-nio-9802-exec-3] INFO  c.g.p.c.PcmCustService - [updateCust,68] - 【修改--客户】PcmCustDTO4Update(custId=1689B_0001, ecifCustId=0001, custName=江南, lawOrgId=0, lawOrgName=中国工商银行, custState=1, certType=120, certNo=589655200007257965, certAddr=安徽省合肥市江城县, mobile=18206013562, tel=18206013562, address=, sex=1, marStat=10, birthday=20000725, nation=01, country=CHN, livingType=5, isOwnCar=0, isOwnHouse=0, homeIntTotal=100000, highestEdu=21, hobby=, trade=C3743, profession=7, position=2, unitNm=, isBlacklist=0, blacklistSource=, remark=, remarkUser=, age=23, ageArea=, areaNo=, isMerchant=0, isStock=0, unitAddr=, unitTel=, isEmployee=0)
00:08:42.901 [http-nio-9802-exec-4] INFO  c.g.p.c.PcmCustService - [listAssCust,111] - 【查询条件--客户】PcmCustDTO4List(pageNo=1, pageSize=10, sort=null, order=null, orderBy=null, custName=, custState=, certType=, certNo=, isEmployee=)
00:08:46.533 [http-nio-9802-exec-5] INFO  c.g.p.c.PcmCustService - [updateCust,68] - 【修改--客户】PcmCustDTO4Update(custId=1689B_0001, ecifCustId=0001, custName=江南, lawOrgId=0, lawOrgName=中国工商银行, custState=1, certType=120, certNo=589655200007257965, certAddr=安徽省合肥市江城县, mobile=18206013562, tel=18206013562, address=, sex=1, marStat=10, birthday=20000725, nation=01, country=CHN, livingType=5, isOwnCar=0, isOwnHouse=0, homeIntTotal=100000, highestEdu=21, hobby=, trade=C3743, profession=7, position=2, unitNm=, isBlacklist=0, blacklistSource=, remark=, remarkUser=, age=23, ageArea=, areaNo=, isMerchant=0, isStock=0, unitAddr=, unitTel=, isEmployee=0)
00:09:16.313 [http-nio-9802-exec-6] INFO  c.g.p.c.PcmCustService - [updateCust,68] - 【修改--客户】PcmCustDTO4Update(custId=1689B_0001, ecifCustId=0001, custName=江南, lawOrgId=0, lawOrgName=中国工商银行, custState=1, certType=120, certNo=589655200007257965, certAddr=安徽省合肥市江城县, mobile=18206013562, tel=18206013562, address=, sex=1, marStat=10, birthday=20000725, nation=01, country=CHN, livingType=5, isOwnCar=0, isOwnHouse=0, homeIntTotal=100000, highestEdu=21, hobby=, trade=C3743, profession=7, position=2, unitNm=, isBlacklist=0, blacklistSource=, remark=, remarkUser=, age=23, ageArea=, areaNo=, isMerchant=0, isStock=0, unitAddr=, unitTel=, isEmployee=0)
00:09:39.991 [http-nio-9802-exec-7] INFO  c.g.p.c.PcmCustService - [updateCust,68] - 【修改--客户】PcmCustDTO4Update(custId=1689B_0001, ecifCustId=0001, custName=江南, lawOrgId=1, lawOrgName=中国工商银行, custState=1, certType=120, certNo=589655200007257965, certAddr=安徽省合肥市江城县, mobile=18206013562, tel=18206013562, address=, sex=1, marStat=10, birthday=20000725, nation=01, country=CHN, livingType=5, isOwnCar=0, isOwnHouse=0, homeIntTotal=100000, highestEdu=21, hobby=, trade=C3743, profession=7, position=2, unitNm=, isBlacklist=0, blacklistSource=, remark=, remarkUser=, age=23, ageArea=, areaNo=, isMerchant=0, isStock=0, unitAddr=, unitTel=, isEmployee=0)
00:10:37.191 [http-nio-9802-exec-8] INFO  c.g.p.c.PcmCustService - [listAssCust,111] - 【查询条件--客户】PcmCustDTO4List(pageNo=1, pageSize=10, sort=null, order=null, orderBy=null, custName=, custState=, certType=, certNo=, isEmployee=)
00:10:43.024 [http-nio-9802-exec-9] INFO  c.g.p.c.PcmCustService - [updateCust,68] - 【修改--客户】PcmCustDTO4Update(custId=1689B_0001, ecifCustId=0001, custName=江南, lawOrgId=0, lawOrgName=中国工商银行, custState=1, certType=120, certNo=589655200007257965, certAddr=安徽省合肥市江城县, mobile=18206013562, tel=18206013562, address=, sex=1, marStat=10, birthday=20000725, nation=01, country=CHN, livingType=5, isOwnCar=0, isOwnHouse=0, homeIntTotal=100000, highestEdu=21, hobby=, trade=C3743, profession=7, position=2, unitNm=, isBlacklist=0, blacklistSource=, remark=, remarkUser=, age=23, ageArea=, areaNo=, isMerchant=0, isStock=0, unitAddr=, unitTel=, isEmployee=0)
00:10:49.294 [http-nio-9802-exec-10] INFO  c.g.p.c.PcmCustService - [updateCust,68] - 【修改--客户】PcmCustDTO4Update(custId=1689B_0001, ecifCustId=0001, custName=江南, lawOrgId=1, lawOrgName=中国工商银行, custState=1, certType=120, certNo=589655200007257965, certAddr=安徽省合肥市江城县, mobile=18206013562, tel=18206013562, address=, sex=1, marStat=10, birthday=20000725, nation=01, country=CHN, livingType=5, isOwnCar=0, isOwnHouse=0, homeIntTotal=100000, highestEdu=21, hobby=, trade=C3743, profession=7, position=2, unitNm=, isBlacklist=0, blacklistSource=, remark=, remarkUser=, age=23, ageArea=, areaNo=, isMerchant=0, isStock=0, unitAddr=, unitTel=, isEmployee=0)
00:10:52.815 [http-nio-9802-exec-1] INFO  c.g.p.c.PcmCustService - [updateCust,68] - 【修改--客户】PcmCustDTO4Update(custId=1689B_0001, ecifCustId=0001, custName=江南, lawOrgId=3, lawOrgName=中国工商银行, custState=1, certType=120, certNo=589655200007257965, certAddr=安徽省合肥市江城县, mobile=18206013562, tel=18206013562, address=, sex=1, marStat=10, birthday=20000725, nation=01, country=CHN, livingType=5, isOwnCar=0, isOwnHouse=0, homeIntTotal=100000, highestEdu=21, hobby=, trade=C3743, profession=7, position=2, unitNm=, isBlacklist=0, blacklistSource=, remark=, remarkUser=, age=23, ageArea=, areaNo=, isMerchant=0, isStock=0, unitAddr=, unitTel=, isEmployee=0)
00:10:57.288 [http-nio-9802-exec-2] INFO  c.g.p.c.PcmCustService - [updateCust,68] - 【修改--客户】PcmCustDTO4Update(custId=1689B_0001, ecifCustId=0001, custName=江南, lawOrgId=4, lawOrgName=中国工商银行, custState=1, certType=120, certNo=589655200007257965, certAddr=安徽省合肥市江城县, mobile=18206013562, tel=18206013562, address=, sex=1, marStat=10, birthday=20000725, nation=01, country=CHN, livingType=5, isOwnCar=0, isOwnHouse=0, homeIntTotal=100000, highestEdu=21, hobby=, trade=C3743, profession=7, position=2, unitNm=, isBlacklist=0, blacklistSource=, remark=, remarkUser=, age=23, ageArea=, areaNo=, isMerchant=0, isStock=0, unitAddr=, unitTel=, isEmployee=0)
00:12:07.730 [http-nio-9802-exec-4] INFO  c.g.p.c.PcmCustService - [listAssCust,111] - 【查询条件--客户】PcmCustDTO4List(pageNo=1, pageSize=10, sort=null, order=null, orderBy=null, custName=, custState=, certType=, certNo=, isEmployee=)
00:12:12.237 [http-nio-9802-exec-5] INFO  c.g.p.c.PcmCustService - [updateCust,68] - 【修改--客户】PcmCustDTO4Update(custId=1689B_0001, ecifCustId=0001, custName=江南, lawOrgId=7759A, lawOrgName=中国工商银行, custState=1, certType=120, certNo=589655200007257965, certAddr=安徽省合肥市江城县, mobile=18206013562, tel=18206013562, address=, sex=1, marStat=10, birthday=20000725, nation=01, country=CHN, livingType=5, isOwnCar=0, isOwnHouse=0, homeIntTotal=100000, highestEdu=21, hobby=, trade=C3743, profession=7, position=2, unitNm=, isBlacklist=0, blacklistSource=, remark=, remarkUser=, age=23, ageArea=, areaNo=, isMerchant=0, isStock=0, unitAddr=, unitTel=, isEmployee=0)
00:12:16.805 [http-nio-9802-exec-6] INFO  c.g.p.c.PcmCustService - [updateCust,68] - 【修改--客户】PcmCustDTO4Update(custId=1689B_0001, ecifCustId=0001, custName=江南, lawOrgId=1689B, lawOrgName=中国工商银行, custState=1, certType=120, certNo=589655200007257965, certAddr=安徽省合肥市江城县, mobile=18206013562, tel=18206013562, address=, sex=1, marStat=10, birthday=20000725, nation=01, country=CHN, livingType=5, isOwnCar=0, isOwnHouse=0, homeIntTotal=100000, highestEdu=21, hobby=, trade=C3743, profession=7, position=2, unitNm=, isBlacklist=0, blacklistSource=, remark=, remarkUser=, age=23, ageArea=, areaNo=, isMerchant=0, isStock=0, unitAddr=, unitTel=, isEmployee=0)
00:12:18.320 [http-nio-9802-exec-7] INFO  c.g.p.c.PcmCustService - [updateCust,68] - 【修改--客户】PcmCustDTO4Update(custId=1689B_0001, ecifCustId=0001, custName=江南, lawOrgId=1689B, lawOrgName=中国工商银行, custState=1, certType=120, certNo=589655200007257965, certAddr=安徽省合肥市江城县, mobile=18206013562, tel=18206013562, address=, sex=1, marStat=10, birthday=20000725, nation=01, country=CHN, livingType=5, isOwnCar=0, isOwnHouse=0, homeIntTotal=100000, highestEdu=21, hobby=, trade=C3743, profession=7, position=2, unitNm=, isBlacklist=0, blacklistSource=, remark=, remarkUser=, age=23, ageArea=, areaNo=, isMerchant=0, isStock=0, unitAddr=, unitTel=, isEmployee=0)
00:12:53.477 [http-nio-9802-exec-8] INFO  c.g.p.c.PcmCustService - [updateCust,68] - 【修改--客户】PcmCustDTO4Update(custId=1689B_0001, ecifCustId=0001, custName=江南, lawOrgId=7759A, lawOrgName=中国工商银行, custState=1, certType=120, certNo=589655200007257965, certAddr=安徽省合肥市江城县, mobile=18206013562, tel=18206013562, address=, sex=1, marStat=10, birthday=20000725, nation=01, country=CHN, livingType=5, isOwnCar=0, isOwnHouse=0, homeIntTotal=100000, highestEdu=21, hobby=, trade=C3743, profession=7, position=2, unitNm=, isBlacklist=0, blacklistSource=, remark=, remarkUser=, age=23, ageArea=, areaNo=, isMerchant=0, isStock=0, unitAddr=, unitTel=, isEmployee=0)
00:17:32.796 [http-nio-9802-exec-10] INFO  c.g.p.c.PcmCustService - [listAssCust,111] - 【查询条件--客户】PcmCustDTO4List(pageNo=1, pageSize=10, sort=null, order=null, orderBy=null, custName=, custState=, certType=, certNo=, isEmployee=)
00:17:39.175 [http-nio-9802-exec-1] INFO  c.g.p.c.PcmCustService - [updateCust,68] - 【修改--客户】PcmCustDTO4Update(custId=1689B_0001, ecifCustId=0001, custName=江南, lawOrgId=7759A, lawOrgName=中国工商银行, custState=1, certType=120, certNo=589655200007257965, certAddr=安徽省合肥市江城县, mobile=18206013562, tel=18206013562, address=, sex=1, marStat=10, birthday=20000725, nation=01, country=CHN, livingType=5, isOwnCar=0, isOwnHouse=0, homeIntTotal=100000, highestEdu=21, hobby=, trade=C3743, profession=7, position=2, unitNm=, isBlacklist=0, blacklistSource=, remark=, remarkUser=, age=23, ageArea=, areaNo=, isMerchant=0, isStock=0, unitAddr=, unitTel=, isEmployee=0)
00:17:57.263 [http-nio-9802-exec-2] INFO  c.g.p.c.PcmCustService - [listAssCust,111] - 【查询条件--客户】PcmCustDTO4List(pageNo=1, pageSize=10, sort=null, order=null, orderBy=null, custName=, custState=, certType=, certNo=, isEmployee=)
00:18:01.431 [http-nio-9802-exec-3] INFO  c.g.p.c.PcmCustService - [updateCust,68] - 【修改--客户】PcmCustDTO4Update(custId=1689B_0001, ecifCustId=0001, custName=江南, lawOrgId=7759A, lawOrgName=中国工商银行, custState=1, certType=120, certNo=589655200007257965, certAddr=安徽省合肥市江城县, mobile=18206013562, tel=18206013562, address=, sex=1, marStat=10, birthday=20000725, nation=01, country=CHN, livingType=5, isOwnCar=0, isOwnHouse=0, homeIntTotal=100000, highestEdu=21, hobby=, trade=C3743, profession=7, position=2, unitNm=, isBlacklist=0, blacklistSource=, remark=, remarkUser=, age=23, ageArea=, areaNo=, isMerchant=0, isStock=0, unitAddr=, unitTel=, isEmployee=0)
00:18:53.571 [http-nio-9802-exec-4] INFO  c.g.p.c.PcmCustService - [updateCust,68] - 【修改--客户】PcmCustDTO4Update(custId=1689B_0001, ecifCustId=0001, custName=江南, lawOrgId=7759A, lawOrgName=中国工商银行, custState=1, certType=120, certNo=589655200007257965, certAddr=安徽省合肥市江城县, mobile=18206013562, tel=18206013562, address=, sex=1, marStat=10, birthday=20000725, nation=01, country=CHN, livingType=5, isOwnCar=0, isOwnHouse=0, homeIntTotal=100000, highestEdu=21, hobby=, trade=C3743, profession=7, position=2, unitNm=, isBlacklist=0, blacklistSource=, remark=, remarkUser=, age=23, ageArea=, areaNo=, isMerchant=0, isStock=0, unitAddr=, unitTel=, isEmployee=0)
00:23:10.851 [Thread-30] INFO  c.n.l.PollingServerListUpdater - [run,53] - Shutting down the Executor Pool for PollingServerListUpdater
00:23:11.269 [SpringContextShutdownHook] INFO  c.a.c.n.r.NacosServiceRegistry - [deregister,94] - De-registering from Nacos Server now...
00:23:11.271 [SpringContextShutdownHook] INFO  c.a.c.n.r.NacosServiceRegistry - [deregister,114] - De-registration finished.
00:23:11.594 [SpringContextShutdownHook] INFO  c.z.h.HikariDataSource - [close,350] - HikariPool-1 - Shutdown initiated...
00:23:11.603 [SpringContextShutdownHook] INFO  c.z.h.HikariDataSource - [close,352] - HikariPool-1 - Shutdown completed.
00:23:21.988 [restartedMain] INFO  o.r.Reflections - [scan,232] - Reflections took 21 ms to scan 1 urls, producing 3 keys and 6 values 
00:23:22.006 [restartedMain] INFO  o.r.Reflections - [scan,232] - Reflections took 8 ms to scan 1 urls, producing 4 keys and 9 values 
00:23:22.014 [restartedMain] INFO  o.r.Reflections - [scan,232] - Reflections took 6 ms to scan 1 urls, producing 3 keys and 10 values 
00:23:22.034 [restartedMain] INFO  o.r.Reflections - [scan,232] - Reflections took 17 ms to scan 6 urls, producing 0 keys and 0 values 
00:23:22.040 [restartedMain] INFO  o.r.Reflections - [scan,232] - Reflections took 5 ms to scan 1 urls, producing 1 keys and 5 values 
00:23:22.050 [restartedMain] INFO  o.r.Reflections - [scan,232] - Reflections took 7 ms to scan 1 urls, producing 1 keys and 7 values 
00:23:22.059 [restartedMain] INFO  o.r.Reflections - [scan,232] - Reflections took 7 ms to scan 1 urls, producing 2 keys and 8 values 
00:23:22.079 [restartedMain] INFO  o.r.Reflections - [scan,232] - Reflections took 16 ms to scan 6 urls, producing 0 keys and 0 values 
00:23:23.813 [restartedMain] INFO  c.gientech.StartPcm - [logStartupProfileInfo,652] - The following profiles are active: dev
00:23:25.332 [restartedMain] INFO  c.u.j.c.EnableEncryptablePropertiesBeanFactoryPostProcessor - [postProcessBeanFactory,48] - Post-processing PropertySource instances
00:23:25.343 [restartedMain] INFO  c.u.j.EncryptablePropertySourceConverter - [makeEncryptable,41] - Converting PropertySource bootstrapProperties-service-pcm-dev.properties,DEFAULT_GROUP [org.springframework.cloud.bootstrap.config.BootstrapPropertySource] to EncryptableEnumerablePropertySourceWrapper
00:23:25.344 [restartedMain] INFO  c.u.j.EncryptablePropertySourceConverter - [makeEncryptable,41] - Converting PropertySource bootstrapProperties-service-pcm.properties,DEFAULT_GROUP [org.springframework.cloud.bootstrap.config.BootstrapPropertySource] to EncryptableEnumerablePropertySourceWrapper
00:23:25.344 [restartedMain] INFO  c.u.j.EncryptablePropertySourceConverter - [makeEncryptable,41] - Converting PropertySource bootstrapProperties-service-pcm,DEFAULT_GROUP [org.springframework.cloud.bootstrap.config.BootstrapPropertySource] to EncryptableEnumerablePropertySourceWrapper
00:23:25.344 [restartedMain] INFO  c.u.j.EncryptablePropertySourceConverter - [makeEncryptable,41] - Converting PropertySource configurationProperties [org.springframework.boot.context.properties.source.ConfigurationPropertySourcesPropertySource] to AOP Proxy
00:23:25.344 [restartedMain] INFO  c.u.j.EncryptablePropertySourceConverter - [makeEncryptable,41] - Converting PropertySource servletConfigInitParams [org.springframework.core.env.PropertySource$StubPropertySource] to EncryptablePropertySourceWrapper
00:23:25.344 [restartedMain] INFO  c.u.j.EncryptablePropertySourceConverter - [makeEncryptable,41] - Converting PropertySource servletContextInitParams [org.springframework.core.env.PropertySource$StubPropertySource] to EncryptablePropertySourceWrapper
00:23:25.344 [restartedMain] INFO  c.u.j.EncryptablePropertySourceConverter - [makeEncryptable,41] - Converting PropertySource systemProperties [org.springframework.core.env.PropertiesPropertySource] to EncryptableMapPropertySourceWrapper
00:23:25.344 [restartedMain] INFO  c.u.j.EncryptablePropertySourceConverter - [makeEncryptable,41] - Converting PropertySource systemEnvironment [org.springframework.boot.env.SystemEnvironmentPropertySourceEnvironmentPostProcessor$OriginAwareSystemEnvironmentPropertySource] to EncryptableSystemEnvironmentPropertySourceWrapper
00:23:25.345 [restartedMain] INFO  c.u.j.EncryptablePropertySourceConverter - [makeEncryptable,41] - Converting PropertySource random [org.springframework.boot.env.RandomValuePropertySource] to EncryptablePropertySourceWrapper
00:23:25.345 [restartedMain] INFO  c.u.j.EncryptablePropertySourceConverter - [makeEncryptable,41] - Converting PropertySource springCloudClientHostInfo [org.springframework.core.env.MapPropertySource] to EncryptableMapPropertySourceWrapper
00:23:25.345 [restartedMain] INFO  c.u.j.EncryptablePropertySourceConverter - [makeEncryptable,41] - Converting PropertySource applicationConfig: [classpath:/application-dev.yml] [org.springframework.boot.env.OriginTrackedMapPropertySource] to EncryptableMapPropertySourceWrapper
00:23:25.345 [restartedMain] INFO  c.u.j.EncryptablePropertySourceConverter - [makeEncryptable,41] - Converting PropertySource applicationConfig: [classpath:/application.yml] [org.springframework.boot.env.OriginTrackedMapPropertySource] to EncryptableMapPropertySourceWrapper
00:23:25.345 [restartedMain] INFO  c.u.j.EncryptablePropertySourceConverter - [makeEncryptable,41] - Converting PropertySource devtools [org.springframework.core.env.MapPropertySource] to EncryptableMapPropertySourceWrapper
00:23:25.345 [restartedMain] INFO  c.u.j.EncryptablePropertySourceConverter - [makeEncryptable,41] - Converting PropertySource springCloudDefaultProperties [org.springframework.core.env.MapPropertySource] to EncryptableMapPropertySourceWrapper
00:23:25.345 [restartedMain] INFO  c.u.j.EncryptablePropertySourceConverter - [makeEncryptable,41] - Converting PropertySource cachedrandom [org.springframework.cloud.util.random.CachedRandomPropertySource] to EncryptablePropertySourceWrapper
00:23:25.388 [restartedMain] INFO  c.u.j.f.DefaultLazyPropertyFilter - [lambda$null$2,34] - Property Filter custom Bean not found with name 'encryptablePropertyFilter'. Initializing Default Property Filter
00:23:25.575 [restartedMain] INFO  c.u.j.r.DefaultLazyPropertyResolver - [lambda$null$2,35] - Property Resolver custom Bean not found with name 'encryptablePropertyResolver'. Initializing Default Property Resolver
00:23:25.575 [restartedMain] INFO  c.u.j.d.DefaultLazyPropertyDetector - [lambda$null$2,33] - Property Detector custom Bean not found with name 'encryptablePropertyDetector'. Initializing Default Property Detector
00:23:26.090 [restartedMain] INFO  o.a.c.h.Http11NioProtocol - [log,173] - Initializing ProtocolHandler ["http-nio-9802"]
00:23:26.090 [restartedMain] INFO  o.a.c.c.StandardService - [log,173] - Starting service [Tomcat]
00:23:26.090 [restartedMain] INFO  o.a.c.c.StandardEngine - [log,173] - Starting Servlet engine: [Apache Tomcat/9.0.46]
00:23:26.286 [restartedMain] INFO  o.a.c.c.C.[.[.[/] - [log,173] - Initializing Spring embedded WebApplicationContext
00:23:28.687 [restartedMain] INFO  c.a.c.s.SentinelWebAutoConfiguration - [addInterceptors,80] - [Sentinel Starter] register SentinelWebInterceptor with urlPatterns: [/**].
00:23:30.576 [restartedMain] INFO  s.d.s.w.WebMvcPropertySourcedRequestMappingHandlerMapping - [initHandlerMethods,69] - Mapped URL path [/v2/api-docs] onto method [springfox.documentation.swagger2.web.Swagger2ControllerWebMvc#getDocumentation(String, HttpServletRequest)]
00:23:30.603 [restartedMain] INFO  c.n.c.s.URLConfigurationSource - [<init>,127] - To enable URLs as dynamic configuration sources, define System property archaius.configurationSource.additionalUrls or make config.properties available on classpath.
00:23:30.607 [restartedMain] INFO  c.n.c.s.URLConfigurationSource - [<init>,127] - To enable URLs as dynamic configuration sources, define System property archaius.configurationSource.additionalUrls or make config.properties available on classpath.
00:23:32.731 [restartedMain] INFO  o.a.c.h.Http11NioProtocol - [log,173] - Starting ProtocolHandler ["http-nio-9802"]
00:23:32.754 [restartedMain] INFO  c.a.c.n.r.NacosServiceRegistry - [register,75] - nacos registry, DEFAULT_GROUP service-pcm 192.168.76.1:9802 register finished
00:23:34.232 [restartedMain] INFO  s.d.s.w.p.DocumentationPluginsBootstrapper - [start,93] - Documentation plugins bootstrapped
00:23:34.235 [restartedMain] INFO  s.d.s.w.p.DocumentationPluginsBootstrapper - [bootstrapDocumentationPlugins,79] - Found 1 custom documentation plugin(s)
00:23:34.268 [restartedMain] INFO  s.d.s.w.s.ApiListingReferenceScanner - [scan,44] - Scanning for api listing references
00:23:34.397 [restartedMain] INFO  s.d.s.w.r.o.CachingOperationNameGenerator - [startingWith,41] - Generating unique operation named: listUsingPOST_1
00:23:34.399 [restartedMain] INFO  s.d.s.w.r.o.CachingOperationNameGenerator - [startingWith,41] - Generating unique operation named: deleteUsingPOST_1
00:23:34.405 [restartedMain] INFO  s.d.s.w.r.o.CachingOperationNameGenerator - [startingWith,41] - Generating unique operation named: saveUsingPOST_1
00:23:34.408 [restartedMain] INFO  s.d.s.w.r.o.CachingOperationNameGenerator - [startingWith,41] - Generating unique operation named: updateUsingPOST_1
00:23:34.416 [restartedMain] INFO  s.d.s.w.r.o.CachingOperationNameGenerator - [startingWith,41] - Generating unique operation named: listUsingPOST_2
00:23:34.419 [restartedMain] INFO  s.d.s.w.r.o.CachingOperationNameGenerator - [startingWith,41] - Generating unique operation named: deleteUsingPOST_2
00:23:34.423 [restartedMain] INFO  s.d.s.w.r.o.CachingOperationNameGenerator - [startingWith,41] - Generating unique operation named: saveUsingPOST_2
00:23:34.428 [restartedMain] INFO  s.d.s.w.r.o.CachingOperationNameGenerator - [startingWith,41] - Generating unique operation named: updateUsingPOST_2
00:23:34.438 [restartedMain] INFO  s.d.s.w.r.o.CachingOperationNameGenerator - [startingWith,41] - Generating unique operation named: listUsingPOST_3
00:23:34.441 [restartedMain] INFO  s.d.s.w.r.o.CachingOperationNameGenerator - [startingWith,41] - Generating unique operation named: deleteUsingPOST_3
00:23:34.446 [restartedMain] INFO  s.d.s.w.r.o.CachingOperationNameGenerator - [startingWith,41] - Generating unique operation named: saveUsingPOST_3
00:23:34.451 [restartedMain] INFO  s.d.s.w.r.o.CachingOperationNameGenerator - [startingWith,41] - Generating unique operation named: updateUsingPOST_3
00:23:34.457 [restartedMain] INFO  s.d.s.w.r.o.CachingOperationNameGenerator - [startingWith,41] - Generating unique operation named: listUsingPOST_4
00:23:34.458 [restartedMain] INFO  s.d.s.w.r.o.CachingOperationNameGenerator - [startingWith,41] - Generating unique operation named: deleteUsingPOST_4
00:23:34.460 [restartedMain] INFO  s.d.s.w.r.o.CachingOperationNameGenerator - [startingWith,41] - Generating unique operation named: saveUsingPOST_4
00:23:34.462 [restartedMain] INFO  s.d.s.w.r.o.CachingOperationNameGenerator - [startingWith,41] - Generating unique operation named: updateUsingPOST_4
00:23:34.469 [restartedMain] INFO  s.d.s.w.r.o.CachingOperationNameGenerator - [startingWith,41] - Generating unique operation named: listUsingPOST_5
00:23:34.471 [restartedMain] INFO  s.d.s.w.r.o.CachingOperationNameGenerator - [startingWith,41] - Generating unique operation named: deleteUsingPOST_5
00:23:34.472 [restartedMain] INFO  s.d.s.w.r.o.CachingOperationNameGenerator - [startingWith,41] - Generating unique operation named: saveUsingPOST_5
00:23:34.474 [restartedMain] INFO  s.d.s.w.r.o.CachingOperationNameGenerator - [startingWith,41] - Generating unique operation named: updateUsingPOST_5
00:23:34.480 [restartedMain] INFO  s.d.s.w.r.o.CachingOperationNameGenerator - [startingWith,41] - Generating unique operation named: listUsingPOST_6
00:23:34.482 [restartedMain] INFO  s.d.s.w.r.o.CachingOperationNameGenerator - [startingWith,41] - Generating unique operation named: deleteUsingPOST_6
00:23:34.484 [restartedMain] INFO  s.d.s.w.r.o.CachingOperationNameGenerator - [startingWith,41] - Generating unique operation named: saveUsingPOST_6
00:23:34.487 [restartedMain] INFO  s.d.s.w.r.o.CachingOperationNameGenerator - [startingWith,41] - Generating unique operation named: updateUsingPOST_6
00:23:34.501 [restartedMain] INFO  s.d.s.w.r.o.CachingOperationNameGenerator - [startingWith,41] - Generating unique operation named: listUsingPOST_7
00:23:34.502 [restartedMain] INFO  s.d.s.w.r.o.CachingOperationNameGenerator - [startingWith,41] - Generating unique operation named: deleteUsingPOST_7
00:23:34.504 [restartedMain] INFO  s.d.s.w.r.o.CachingOperationNameGenerator - [startingWith,41] - Generating unique operation named: saveUsingPOST_7
00:23:34.507 [restartedMain] INFO  s.d.s.w.r.o.CachingOperationNameGenerator - [startingWith,41] - Generating unique operation named: updateUsingPOST_7
00:23:34.512 [restartedMain] INFO  s.d.s.w.r.o.CachingOperationNameGenerator - [startingWith,41] - Generating unique operation named: listUsingPOST_8
00:23:34.519 [restartedMain] INFO  s.d.s.w.r.o.CachingOperationNameGenerator - [startingWith,41] - Generating unique operation named: listUsingPOST_9
00:23:34.520 [restartedMain] INFO  s.d.s.w.r.o.CachingOperationNameGenerator - [startingWith,41] - Generating unique operation named: deleteUsingPOST_8
00:23:34.522 [restartedMain] INFO  s.d.s.w.r.o.CachingOperationNameGenerator - [startingWith,41] - Generating unique operation named: saveUsingPOST_8
00:23:34.524 [restartedMain] INFO  s.d.s.w.r.o.CachingOperationNameGenerator - [startingWith,41] - Generating unique operation named: updateUsingPOST_8
00:23:34.545 [restartedMain] INFO  c.gientech.StartPcm - [logStarted,61] - Started StartPcm in 16.147 seconds (JVM running for 17.455)
00:23:36.300 [RMI TCP Connection(17)-192.168.226.1] INFO  o.a.c.c.C.[.[.[/] - [log,173] - Initializing Spring DispatcherServlet 'dispatcherServlet'
00:23:36.322 [RMI TCP Connection(16)-192.168.226.1] INFO  c.z.h.HikariDataSource - [getConnection,110] - HikariPool-1 - Starting...
00:23:36.460 [RMI TCP Connection(16)-192.168.226.1] INFO  c.z.h.HikariDataSource - [getConnection,123] - HikariPool-1 - Start completed.
00:23:50.603 [http-nio-9802-exec-1] INFO  c.g.p.c.PcmCustService - [listAssCust,111] - 【查询条件--客户】PcmCustDTO4List(pageNo=1, pageSize=10, sort=null, order=null, orderBy=null, custName=, custState=, certType=, certNo=, isEmployee=)
00:23:50.967 [http-nio-9802-exec-1] INFO  c.n.c.ChainedDynamicProperty - [checkAndFlip,115] - Flipping property: service-sys.ribbon.ActiveConnectionsLimit to use NEXT property: niws.loadbalancer.availabilityFilteringRule.activeConnectionsLimit = 2147483647
00:23:50.989 [http-nio-9802-exec-1] INFO  c.n.l.BaseLoadBalancer - [initWithConfig,197] - Client: service-sys instantiated a LoadBalancer: DynamicServerListLoadBalancer:{NFLoadBalancer:name=service-sys,current list of Servers=[],Load balancer stats=Zone stats: {},Server stats: []}ServerList:null
00:23:50.993 [http-nio-9802-exec-1] INFO  c.n.l.DynamicServerListLoadBalancer - [enableAndInitLearnNewServersFeature,222] - Using serverListUpdater PollingServerListUpdater
00:23:51.018 [http-nio-9802-exec-1] INFO  c.n.c.ChainedDynamicProperty - [checkAndFlip,115] - Flipping property: service-sys.ribbon.ActiveConnectionsLimit to use NEXT property: niws.loadbalancer.availabilityFilteringRule.activeConnectionsLimit = 2147483647
00:23:51.019 [http-nio-9802-exec-1] INFO  c.n.l.DynamicServerListLoadBalancer - [restOfInit,150] - DynamicServerListLoadBalancer for client service-sys initialized: DynamicServerListLoadBalancer:{NFLoadBalancer:name=service-sys,current list of Servers=[192.168.76.1:9801],Load balancer stats=Zone stats: {unknown=[Zone:unknown;	Instance count:1;	Active connections count: 0;	Circuit breaker tripped count: 0;	Active connections per server: 0.0;]
},Server stats: [[Server:192.168.76.1:9801;	Zone:UNKNOWN;	Total Requests:0;	Successive connection failure:0;	Total blackout seconds:0;	Last connection made:Thu Jan 01 08:00:00 CST 1970;	First connection made: Thu Jan 01 08:00:00 CST 1970;	Active Connections:0;	total failure count in last (1000) msecs:0;	average resp time:0.0;	90 percentile resp time:0.0;	95 percentile resp time:0.0;	min resp time:0.0;	max resp time:0.0;	stddev resp time:0.0]
]}ServerList:com.alibaba.cloud.nacos.ribbon.NacosServerList@21d3e255
00:23:52.004 [PollingServerListUpdater-0] INFO  c.n.c.ChainedDynamicProperty - [checkAndFlip,115] - Flipping property: service-sys.ribbon.ActiveConnectionsLimit to use NEXT property: niws.loadbalancer.availabilityFilteringRule.activeConnectionsLimit = 2147483647
00:24:46.602 [http-nio-9802-exec-2] INFO  c.g.p.c.PcmCustService - [updateCust,68] - 【修改--客户】PcmCustDTO4Update(custId=1689B_0001, ecifCustId=0001, custName=江南1, lawOrgId=7759A, lawOrgName=中国工商银行, custState=1, certType=120, certNo=589655200007257965, certAddr=安徽省合肥市江城县, mobile=18206013562, tel=18206013562, address=, sex=1, marStat=10, birthday=20000725, nation=01, country=CHN, livingType=5, isOwnCar=0, isOwnHouse=0, homeIntTotal=100000, highestEdu=21, hobby=, trade=C3743, profession=7, position=2, unitNm=, isBlacklist=0, blacklistSource=, remark=, remarkUser=, age=23, ageArea=, areaNo=, isMerchant=0, isStock=0, unitAddr=, unitTel=, isEmployee=0)
00:24:46.658 [http-nio-9802-exec-3] INFO  c.g.p.c.PcmCustService - [listAssCust,111] - 【查询条件--客户】PcmCustDTO4List(pageNo=1, pageSize=10, sort=null, order=null, orderBy=null, custName=, custState=, certType=, certNo=, isEmployee=)
