15:33:13.139 [background-preinit] INFO  o.h.v.i.util.Version - [<clinit>,21] - HV000001: Hibernate Validator 6.1.7.Final
15:33:13.363 [main] INFO  c.u.j.c.EnableEncryptablePropertiesBeanFactoryPostProcessor - [postProcessBeanFactory,48] - Post-processing PropertySource instances
15:33:13.417 [main] INFO  c.u.j.EncryptablePropertySourceConverter - [makeEncryptable,41] - Converting PropertySource configurationProperties [org.springframework.boot.context.properties.source.ConfigurationPropertySourcesPropertySource] to AOP Proxy
15:33:13.417 [main] INFO  c.u.j.EncryptablePropertySourceConverter - [makeEncryptable,41] - Converting PropertySource bootstrap [org.springframework.core.env.MapPropertySource] to EncryptableMapPropertySourceWrapper
15:33:13.418 [main] INFO  c.u.j.EncryptablePropertySourceConverter - [makeEncryptable,41] - Converting PropertySource Inlined Test Properties [org.springframework.core.env.MapPropertySource] to EncryptableMapPropertySourceWrapper
15:33:13.418 [main] INFO  c.u.j.EncryptablePropertySourceConverter - [makeEncryptable,41] - Converting PropertySource systemProperties [org.springframework.core.env.PropertiesPropertySource] to EncryptableMapPropertySourceWrapper
15:33:13.418 [main] INFO  c.u.j.EncryptablePropertySourceConverter - [makeEncryptable,41] - Converting PropertySource systemEnvironment [org.springframework.boot.env.SystemEnvironmentPropertySourceEnvironmentPostProcessor$OriginAwareSystemEnvironmentPropertySource] to EncryptableSystemEnvironmentPropertySourceWrapper
15:33:13.418 [main] INFO  c.u.j.EncryptablePropertySourceConverter - [makeEncryptable,41] - Converting PropertySource random [org.springframework.boot.env.RandomValuePropertySource] to EncryptablePropertySourceWrapper
15:33:13.419 [main] INFO  c.u.j.EncryptablePropertySourceConverter - [makeEncryptable,41] - Converting PropertySource springCloudClientHostInfo [org.springframework.core.env.MapPropertySource] to EncryptableMapPropertySourceWrapper
15:33:13.460 [main] INFO  c.u.j.f.DefaultLazyPropertyFilter - [lambda$null$2,34] - Property Filter custom Bean not found with name 'encryptablePropertyFilter'. Initializing Default Property Filter
15:34:02.032 [background-preinit] INFO  o.h.v.i.util.Version - [<clinit>,21] - HV000001: Hibernate Validator 6.1.7.Final
15:34:02.262 [main] INFO  c.u.j.c.EnableEncryptablePropertiesBeanFactoryPostProcessor - [postProcessBeanFactory,48] - Post-processing PropertySource instances
15:34:02.314 [main] INFO  c.u.j.EncryptablePropertySourceConverter - [makeEncryptable,41] - Converting PropertySource configurationProperties [org.springframework.boot.context.properties.source.ConfigurationPropertySourcesPropertySource] to AOP Proxy
15:34:02.314 [main] INFO  c.u.j.EncryptablePropertySourceConverter - [makeEncryptable,41] - Converting PropertySource bootstrap [org.springframework.core.env.MapPropertySource] to EncryptableMapPropertySourceWrapper
15:34:02.315 [main] INFO  c.u.j.EncryptablePropertySourceConverter - [makeEncryptable,41] - Converting PropertySource Inlined Test Properties [org.springframework.core.env.MapPropertySource] to EncryptableMapPropertySourceWrapper
15:34:02.315 [main] INFO  c.u.j.EncryptablePropertySourceConverter - [makeEncryptable,41] - Converting PropertySource systemProperties [org.springframework.core.env.PropertiesPropertySource] to EncryptableMapPropertySourceWrapper
15:34:02.315 [main] INFO  c.u.j.EncryptablePropertySourceConverter - [makeEncryptable,41] - Converting PropertySource systemEnvironment [org.springframework.boot.env.SystemEnvironmentPropertySourceEnvironmentPostProcessor$OriginAwareSystemEnvironmentPropertySource] to EncryptableSystemEnvironmentPropertySourceWrapper
15:34:02.315 [main] INFO  c.u.j.EncryptablePropertySourceConverter - [makeEncryptable,41] - Converting PropertySource random [org.springframework.boot.env.RandomValuePropertySource] to EncryptablePropertySourceWrapper
15:34:02.315 [main] INFO  c.u.j.EncryptablePropertySourceConverter - [makeEncryptable,41] - Converting PropertySource springCloudClientHostInfo [org.springframework.core.env.MapPropertySource] to EncryptableMapPropertySourceWrapper
15:34:02.357 [main] INFO  c.u.j.f.DefaultLazyPropertyFilter - [lambda$null$2,34] - Property Filter custom Bean not found with name 'encryptablePropertyFilter'. Initializing Default Property Filter
