21:42:22.687 [background-preinit] INFO  o.h.v.i.util.Version - [<clinit>,21] - HV000001: Hibernate Validator 6.1.7.Final
21:42:22.894 [main] INFO  c.u.j.c.EnableEncryptablePropertiesBeanFactoryPostProcessor - [postProcessBeanFactory,48] - Post-processing PropertySource instances
21:42:22.952 [main] INFO  c.u.j.EncryptablePropertySourceConverter - [makeEncryptable,41] - Converting PropertySource configurationProperties [org.springframework.boot.context.properties.source.ConfigurationPropertySourcesPropertySource] to AOP Proxy
21:42:22.953 [main] INFO  c.u.j.EncryptablePropertySourceConverter - [makeEncryptable,41] - Converting PropertySource bootstrap [org.springframework.core.env.MapPropertySource] to EncryptableMapPropertySourceWrapper
21:42:22.953 [main] INFO  c.u.j.EncryptablePropertySourceConverter - [makeEncryptable,41] - Converting PropertySource Inlined Test Properties [org.springframework.core.env.MapPropertySource] to EncryptableMapPropertySourceWrapper
21:42:22.953 [main] INFO  c.u.j.EncryptablePropertySourceConverter - [makeEncryptable,41] - Converting PropertySource systemProperties [org.springframework.core.env.PropertiesPropertySource] to EncryptableMapPropertySourceWrapper
21:42:22.954 [main] INFO  c.u.j.EncryptablePropertySourceConverter - [makeEncryptable,41] - Converting PropertySource systemEnvironment [org.springframework.boot.env.SystemEnvironmentPropertySourceEnvironmentPostProcessor$OriginAwareSystemEnvironmentPropertySource] to EncryptableSystemEnvironmentPropertySourceWrapper
21:42:22.954 [main] INFO  c.u.j.EncryptablePropertySourceConverter - [makeEncryptable,41] - Converting PropertySource random [org.springframework.boot.env.RandomValuePropertySource] to EncryptablePropertySourceWrapper
21:42:22.954 [main] INFO  c.u.j.EncryptablePropertySourceConverter - [makeEncryptable,41] - Converting PropertySource springCloudClientHostInfo [org.springframework.core.env.MapPropertySource] to EncryptableMapPropertySourceWrapper
21:42:22.997 [main] INFO  c.u.j.f.DefaultLazyPropertyFilter - [lambda$null$2,34] - Property Filter custom Bean not found with name 'encryptablePropertyFilter'. Initializing Default Property Filter
21:42:51.800 [background-preinit] INFO  o.h.v.i.util.Version - [<clinit>,21] - HV000001: Hibernate Validator 6.1.7.Final
21:42:51.996 [main] INFO  c.u.j.c.EnableEncryptablePropertiesBeanFactoryPostProcessor - [postProcessBeanFactory,48] - Post-processing PropertySource instances
21:42:52.045 [main] INFO  c.u.j.EncryptablePropertySourceConverter - [makeEncryptable,41] - Converting PropertySource configurationProperties [org.springframework.boot.context.properties.source.ConfigurationPropertySourcesPropertySource] to AOP Proxy
21:42:52.045 [main] INFO  c.u.j.EncryptablePropertySourceConverter - [makeEncryptable,41] - Converting PropertySource bootstrap [org.springframework.core.env.MapPropertySource] to EncryptableMapPropertySourceWrapper
21:42:52.045 [main] INFO  c.u.j.EncryptablePropertySourceConverter - [makeEncryptable,41] - Converting PropertySource Inlined Test Properties [org.springframework.core.env.MapPropertySource] to EncryptableMapPropertySourceWrapper
21:42:52.045 [main] INFO  c.u.j.EncryptablePropertySourceConverter - [makeEncryptable,41] - Converting PropertySource systemProperties [org.springframework.core.env.PropertiesPropertySource] to EncryptableMapPropertySourceWrapper
21:42:52.046 [main] INFO  c.u.j.EncryptablePropertySourceConverter - [makeEncryptable,41] - Converting PropertySource systemEnvironment [org.springframework.boot.env.SystemEnvironmentPropertySourceEnvironmentPostProcessor$OriginAwareSystemEnvironmentPropertySource] to EncryptableSystemEnvironmentPropertySourceWrapper
21:42:52.046 [main] INFO  c.u.j.EncryptablePropertySourceConverter - [makeEncryptable,41] - Converting PropertySource random [org.springframework.boot.env.RandomValuePropertySource] to EncryptablePropertySourceWrapper
21:42:52.046 [main] INFO  c.u.j.EncryptablePropertySourceConverter - [makeEncryptable,41] - Converting PropertySource springCloudClientHostInfo [org.springframework.core.env.MapPropertySource] to EncryptableMapPropertySourceWrapper
21:42:52.084 [main] INFO  c.u.j.f.DefaultLazyPropertyFilter - [lambda$null$2,34] - Property Filter custom Bean not found with name 'encryptablePropertyFilter'. Initializing Default Property Filter
21:44:59.225 [background-preinit] INFO  o.h.v.i.util.Version - [<clinit>,21] - HV000001: Hibernate Validator 6.1.7.Final
21:44:59.436 [main] INFO  c.u.j.c.EnableEncryptablePropertiesBeanFactoryPostProcessor - [postProcessBeanFactory,48] - Post-processing PropertySource instances
21:44:59.493 [main] INFO  c.u.j.EncryptablePropertySourceConverter - [makeEncryptable,41] - Converting PropertySource configurationProperties [org.springframework.boot.context.properties.source.ConfigurationPropertySourcesPropertySource] to AOP Proxy
21:44:59.493 [main] INFO  c.u.j.EncryptablePropertySourceConverter - [makeEncryptable,41] - Converting PropertySource bootstrap [org.springframework.core.env.MapPropertySource] to EncryptableMapPropertySourceWrapper
21:44:59.494 [main] INFO  c.u.j.EncryptablePropertySourceConverter - [makeEncryptable,41] - Converting PropertySource Inlined Test Properties [org.springframework.core.env.MapPropertySource] to EncryptableMapPropertySourceWrapper
21:44:59.494 [main] INFO  c.u.j.EncryptablePropertySourceConverter - [makeEncryptable,41] - Converting PropertySource systemProperties [org.springframework.core.env.PropertiesPropertySource] to EncryptableMapPropertySourceWrapper
21:44:59.494 [main] INFO  c.u.j.EncryptablePropertySourceConverter - [makeEncryptable,41] - Converting PropertySource systemEnvironment [org.springframework.boot.env.SystemEnvironmentPropertySourceEnvironmentPostProcessor$OriginAwareSystemEnvironmentPropertySource] to EncryptableSystemEnvironmentPropertySourceWrapper
21:44:59.494 [main] INFO  c.u.j.EncryptablePropertySourceConverter - [makeEncryptable,41] - Converting PropertySource random [org.springframework.boot.env.RandomValuePropertySource] to EncryptablePropertySourceWrapper
21:44:59.495 [main] INFO  c.u.j.EncryptablePropertySourceConverter - [makeEncryptable,41] - Converting PropertySource springCloudClientHostInfo [org.springframework.core.env.MapPropertySource] to EncryptableMapPropertySourceWrapper
21:44:59.541 [main] INFO  c.u.j.f.DefaultLazyPropertyFilter - [lambda$null$2,34] - Property Filter custom Bean not found with name 'encryptablePropertyFilter'. Initializing Default Property Filter
21:46:49.336 [background-preinit] INFO  o.h.v.i.util.Version - [<clinit>,21] - HV000001: Hibernate Validator 6.1.7.Final
21:46:49.536 [main] INFO  c.u.j.c.EnableEncryptablePropertiesBeanFactoryPostProcessor - [postProcessBeanFactory,48] - Post-processing PropertySource instances
21:46:49.590 [main] INFO  c.u.j.EncryptablePropertySourceConverter - [makeEncryptable,41] - Converting PropertySource configurationProperties [org.springframework.boot.context.properties.source.ConfigurationPropertySourcesPropertySource] to AOP Proxy
21:46:49.591 [main] INFO  c.u.j.EncryptablePropertySourceConverter - [makeEncryptable,41] - Converting PropertySource bootstrap [org.springframework.core.env.MapPropertySource] to EncryptableMapPropertySourceWrapper
21:46:49.591 [main] INFO  c.u.j.EncryptablePropertySourceConverter - [makeEncryptable,41] - Converting PropertySource Inlined Test Properties [org.springframework.core.env.MapPropertySource] to EncryptableMapPropertySourceWrapper
21:46:49.592 [main] INFO  c.u.j.EncryptablePropertySourceConverter - [makeEncryptable,41] - Converting PropertySource systemProperties [org.springframework.core.env.PropertiesPropertySource] to EncryptableMapPropertySourceWrapper
21:46:49.592 [main] INFO  c.u.j.EncryptablePropertySourceConverter - [makeEncryptable,41] - Converting PropertySource systemEnvironment [org.springframework.boot.env.SystemEnvironmentPropertySourceEnvironmentPostProcessor$OriginAwareSystemEnvironmentPropertySource] to EncryptableSystemEnvironmentPropertySourceWrapper
21:46:49.592 [main] INFO  c.u.j.EncryptablePropertySourceConverter - [makeEncryptable,41] - Converting PropertySource random [org.springframework.boot.env.RandomValuePropertySource] to EncryptablePropertySourceWrapper
21:46:49.592 [main] INFO  c.u.j.EncryptablePropertySourceConverter - [makeEncryptable,41] - Converting PropertySource springCloudClientHostInfo [org.springframework.core.env.MapPropertySource] to EncryptableMapPropertySourceWrapper
21:46:49.635 [main] INFO  c.u.j.f.DefaultLazyPropertyFilter - [lambda$null$2,34] - Property Filter custom Bean not found with name 'encryptablePropertyFilter'. Initializing Default Property Filter
21:51:19.953 [background-preinit] INFO  o.h.v.i.util.Version - [<clinit>,21] - HV000001: Hibernate Validator 6.1.7.Final
21:51:20.164 [main] INFO  c.u.j.c.EnableEncryptablePropertiesBeanFactoryPostProcessor - [postProcessBeanFactory,48] - Post-processing PropertySource instances
21:51:20.217 [main] INFO  c.u.j.EncryptablePropertySourceConverter - [makeEncryptable,41] - Converting PropertySource configurationProperties [org.springframework.boot.context.properties.source.ConfigurationPropertySourcesPropertySource] to AOP Proxy
21:51:20.218 [main] INFO  c.u.j.EncryptablePropertySourceConverter - [makeEncryptable,41] - Converting PropertySource bootstrap [org.springframework.core.env.MapPropertySource] to EncryptableMapPropertySourceWrapper
21:51:20.218 [main] INFO  c.u.j.EncryptablePropertySourceConverter - [makeEncryptable,41] - Converting PropertySource Inlined Test Properties [org.springframework.core.env.MapPropertySource] to EncryptableMapPropertySourceWrapper
21:51:20.218 [main] INFO  c.u.j.EncryptablePropertySourceConverter - [makeEncryptable,41] - Converting PropertySource systemProperties [org.springframework.core.env.PropertiesPropertySource] to EncryptableMapPropertySourceWrapper
21:51:20.218 [main] INFO  c.u.j.EncryptablePropertySourceConverter - [makeEncryptable,41] - Converting PropertySource systemEnvironment [org.springframework.boot.env.SystemEnvironmentPropertySourceEnvironmentPostProcessor$OriginAwareSystemEnvironmentPropertySource] to EncryptableSystemEnvironmentPropertySourceWrapper
21:51:20.219 [main] INFO  c.u.j.EncryptablePropertySourceConverter - [makeEncryptable,41] - Converting PropertySource random [org.springframework.boot.env.RandomValuePropertySource] to EncryptablePropertySourceWrapper
21:51:20.219 [main] INFO  c.u.j.EncryptablePropertySourceConverter - [makeEncryptable,41] - Converting PropertySource springCloudClientHostInfo [org.springframework.core.env.MapPropertySource] to EncryptableMapPropertySourceWrapper
21:51:20.262 [main] INFO  c.u.j.f.DefaultLazyPropertyFilter - [lambda$null$2,34] - Property Filter custom Bean not found with name 'encryptablePropertyFilter'. Initializing Default Property Filter
21:55:16.656 [background-preinit] INFO  o.h.v.i.util.Version - [<clinit>,21] - HV000001: Hibernate Validator 6.1.7.Final
21:55:16.855 [main] INFO  c.u.j.c.EnableEncryptablePropertiesBeanFactoryPostProcessor - [postProcessBeanFactory,48] - Post-processing PropertySource instances
21:55:16.911 [main] INFO  c.u.j.EncryptablePropertySourceConverter - [makeEncryptable,41] - Converting PropertySource configurationProperties [org.springframework.boot.context.properties.source.ConfigurationPropertySourcesPropertySource] to AOP Proxy
21:55:16.911 [main] INFO  c.u.j.EncryptablePropertySourceConverter - [makeEncryptable,41] - Converting PropertySource bootstrap [org.springframework.core.env.MapPropertySource] to EncryptableMapPropertySourceWrapper
21:55:16.911 [main] INFO  c.u.j.EncryptablePropertySourceConverter - [makeEncryptable,41] - Converting PropertySource Inlined Test Properties [org.springframework.core.env.MapPropertySource] to EncryptableMapPropertySourceWrapper
21:55:16.912 [main] INFO  c.u.j.EncryptablePropertySourceConverter - [makeEncryptable,41] - Converting PropertySource systemProperties [org.springframework.core.env.PropertiesPropertySource] to EncryptableMapPropertySourceWrapper
21:55:16.912 [main] INFO  c.u.j.EncryptablePropertySourceConverter - [makeEncryptable,41] - Converting PropertySource systemEnvironment [org.springframework.boot.env.SystemEnvironmentPropertySourceEnvironmentPostProcessor$OriginAwareSystemEnvironmentPropertySource] to EncryptableSystemEnvironmentPropertySourceWrapper
21:55:16.912 [main] INFO  c.u.j.EncryptablePropertySourceConverter - [makeEncryptable,41] - Converting PropertySource random [org.springframework.boot.env.RandomValuePropertySource] to EncryptablePropertySourceWrapper
21:55:16.912 [main] INFO  c.u.j.EncryptablePropertySourceConverter - [makeEncryptable,41] - Converting PropertySource springCloudClientHostInfo [org.springframework.core.env.MapPropertySource] to EncryptableMapPropertySourceWrapper
21:55:16.957 [main] INFO  c.u.j.f.DefaultLazyPropertyFilter - [lambda$null$2,34] - Property Filter custom Bean not found with name 'encryptablePropertyFilter'. Initializing Default Property Filter
22:00:02.198 [background-preinit] INFO  o.h.v.i.util.Version - [<clinit>,21] - HV000001: Hibernate Validator 6.1.7.Final
22:00:02.406 [main] INFO  c.u.j.c.EnableEncryptablePropertiesBeanFactoryPostProcessor - [postProcessBeanFactory,48] - Post-processing PropertySource instances
22:00:02.456 [main] INFO  c.u.j.EncryptablePropertySourceConverter - [makeEncryptable,41] - Converting PropertySource configurationProperties [org.springframework.boot.context.properties.source.ConfigurationPropertySourcesPropertySource] to AOP Proxy
22:00:02.457 [main] INFO  c.u.j.EncryptablePropertySourceConverter - [makeEncryptable,41] - Converting PropertySource bootstrap [org.springframework.core.env.MapPropertySource] to EncryptableMapPropertySourceWrapper
22:00:02.458 [main] INFO  c.u.j.EncryptablePropertySourceConverter - [makeEncryptable,41] - Converting PropertySource Inlined Test Properties [org.springframework.core.env.MapPropertySource] to EncryptableMapPropertySourceWrapper
22:00:02.458 [main] INFO  c.u.j.EncryptablePropertySourceConverter - [makeEncryptable,41] - Converting PropertySource systemProperties [org.springframework.core.env.PropertiesPropertySource] to EncryptableMapPropertySourceWrapper
22:00:02.458 [main] INFO  c.u.j.EncryptablePropertySourceConverter - [makeEncryptable,41] - Converting PropertySource systemEnvironment [org.springframework.boot.env.SystemEnvironmentPropertySourceEnvironmentPostProcessor$OriginAwareSystemEnvironmentPropertySource] to EncryptableSystemEnvironmentPropertySourceWrapper
22:00:02.459 [main] INFO  c.u.j.EncryptablePropertySourceConverter - [makeEncryptable,41] - Converting PropertySource random [org.springframework.boot.env.RandomValuePropertySource] to EncryptablePropertySourceWrapper
22:00:02.459 [main] INFO  c.u.j.EncryptablePropertySourceConverter - [makeEncryptable,41] - Converting PropertySource springCloudClientHostInfo [org.springframework.core.env.MapPropertySource] to EncryptableMapPropertySourceWrapper
22:00:02.499 [main] INFO  c.u.j.f.DefaultLazyPropertyFilter - [lambda$null$2,34] - Property Filter custom Bean not found with name 'encryptablePropertyFilter'. Initializing Default Property Filter
22:00:54.488 [background-preinit] INFO  o.h.v.i.util.Version - [<clinit>,21] - HV000001: Hibernate Validator 6.1.7.Final
22:00:54.703 [main] INFO  c.u.j.c.EnableEncryptablePropertiesBeanFactoryPostProcessor - [postProcessBeanFactory,48] - Post-processing PropertySource instances
22:00:54.761 [main] INFO  c.u.j.EncryptablePropertySourceConverter - [makeEncryptable,41] - Converting PropertySource configurationProperties [org.springframework.boot.context.properties.source.ConfigurationPropertySourcesPropertySource] to AOP Proxy
22:00:54.761 [main] INFO  c.u.j.EncryptablePropertySourceConverter - [makeEncryptable,41] - Converting PropertySource bootstrap [org.springframework.core.env.MapPropertySource] to EncryptableMapPropertySourceWrapper
22:00:54.762 [main] INFO  c.u.j.EncryptablePropertySourceConverter - [makeEncryptable,41] - Converting PropertySource Inlined Test Properties [org.springframework.core.env.MapPropertySource] to EncryptableMapPropertySourceWrapper
22:00:54.762 [main] INFO  c.u.j.EncryptablePropertySourceConverter - [makeEncryptable,41] - Converting PropertySource systemProperties [org.springframework.core.env.PropertiesPropertySource] to EncryptableMapPropertySourceWrapper
22:00:54.762 [main] INFO  c.u.j.EncryptablePropertySourceConverter - [makeEncryptable,41] - Converting PropertySource systemEnvironment [org.springframework.boot.env.SystemEnvironmentPropertySourceEnvironmentPostProcessor$OriginAwareSystemEnvironmentPropertySource] to EncryptableSystemEnvironmentPropertySourceWrapper
22:00:54.762 [main] INFO  c.u.j.EncryptablePropertySourceConverter - [makeEncryptable,41] - Converting PropertySource random [org.springframework.boot.env.RandomValuePropertySource] to EncryptablePropertySourceWrapper
22:00:54.763 [main] INFO  c.u.j.EncryptablePropertySourceConverter - [makeEncryptable,41] - Converting PropertySource springCloudClientHostInfo [org.springframework.core.env.MapPropertySource] to EncryptableMapPropertySourceWrapper
22:00:54.810 [main] INFO  c.u.j.f.DefaultLazyPropertyFilter - [lambda$null$2,34] - Property Filter custom Bean not found with name 'encryptablePropertyFilter'. Initializing Default Property Filter
22:06:22.003 [background-preinit] INFO  o.h.v.i.util.Version - [<clinit>,21] - HV000001: Hibernate Validator 6.1.7.Final
22:06:22.210 [main] INFO  c.u.j.c.EnableEncryptablePropertiesBeanFactoryPostProcessor - [postProcessBeanFactory,48] - Post-processing PropertySource instances
22:06:22.261 [main] INFO  c.u.j.EncryptablePropertySourceConverter - [makeEncryptable,41] - Converting PropertySource configurationProperties [org.springframework.boot.context.properties.source.ConfigurationPropertySourcesPropertySource] to AOP Proxy
22:06:22.261 [main] INFO  c.u.j.EncryptablePropertySourceConverter - [makeEncryptable,41] - Converting PropertySource bootstrap [org.springframework.core.env.MapPropertySource] to EncryptableMapPropertySourceWrapper
22:06:22.262 [main] INFO  c.u.j.EncryptablePropertySourceConverter - [makeEncryptable,41] - Converting PropertySource Inlined Test Properties [org.springframework.core.env.MapPropertySource] to EncryptableMapPropertySourceWrapper
22:06:22.262 [main] INFO  c.u.j.EncryptablePropertySourceConverter - [makeEncryptable,41] - Converting PropertySource systemProperties [org.springframework.core.env.PropertiesPropertySource] to EncryptableMapPropertySourceWrapper
22:06:22.262 [main] INFO  c.u.j.EncryptablePropertySourceConverter - [makeEncryptable,41] - Converting PropertySource systemEnvironment [org.springframework.boot.env.SystemEnvironmentPropertySourceEnvironmentPostProcessor$OriginAwareSystemEnvironmentPropertySource] to EncryptableSystemEnvironmentPropertySourceWrapper
22:06:22.262 [main] INFO  c.u.j.EncryptablePropertySourceConverter - [makeEncryptable,41] - Converting PropertySource random [org.springframework.boot.env.RandomValuePropertySource] to EncryptablePropertySourceWrapper
22:06:22.262 [main] INFO  c.u.j.EncryptablePropertySourceConverter - [makeEncryptable,41] - Converting PropertySource springCloudClientHostInfo [org.springframework.core.env.MapPropertySource] to EncryptableMapPropertySourceWrapper
22:06:22.303 [main] INFO  c.u.j.f.DefaultLazyPropertyFilter - [lambda$null$2,34] - Property Filter custom Bean not found with name 'encryptablePropertyFilter'. Initializing Default Property Filter
23:21:06.189 [background-preinit] INFO  o.h.v.i.util.Version - [<clinit>,21] - HV000001: Hibernate Validator 6.1.7.Final
23:21:06.389 [main] INFO  c.u.j.c.EnableEncryptablePropertiesBeanFactoryPostProcessor - [postProcessBeanFactory,48] - Post-processing PropertySource instances
23:21:06.437 [main] INFO  c.u.j.EncryptablePropertySourceConverter - [makeEncryptable,41] - Converting PropertySource configurationProperties [org.springframework.boot.context.properties.source.ConfigurationPropertySourcesPropertySource] to AOP Proxy
23:21:06.438 [main] INFO  c.u.j.EncryptablePropertySourceConverter - [makeEncryptable,41] - Converting PropertySource bootstrap [org.springframework.core.env.MapPropertySource] to EncryptableMapPropertySourceWrapper
23:21:06.438 [main] INFO  c.u.j.EncryptablePropertySourceConverter - [makeEncryptable,41] - Converting PropertySource Inlined Test Properties [org.springframework.core.env.MapPropertySource] to EncryptableMapPropertySourceWrapper
23:21:06.439 [main] INFO  c.u.j.EncryptablePropertySourceConverter - [makeEncryptable,41] - Converting PropertySource systemProperties [org.springframework.core.env.PropertiesPropertySource] to EncryptableMapPropertySourceWrapper
23:21:06.439 [main] INFO  c.u.j.EncryptablePropertySourceConverter - [makeEncryptable,41] - Converting PropertySource systemEnvironment [org.springframework.boot.env.SystemEnvironmentPropertySourceEnvironmentPostProcessor$OriginAwareSystemEnvironmentPropertySource] to EncryptableSystemEnvironmentPropertySourceWrapper
23:21:06.439 [main] INFO  c.u.j.EncryptablePropertySourceConverter - [makeEncryptable,41] - Converting PropertySource random [org.springframework.boot.env.RandomValuePropertySource] to EncryptablePropertySourceWrapper
23:21:06.439 [main] INFO  c.u.j.EncryptablePropertySourceConverter - [makeEncryptable,41] - Converting PropertySource springCloudClientHostInfo [org.springframework.core.env.MapPropertySource] to EncryptableMapPropertySourceWrapper
23:21:06.477 [main] INFO  c.u.j.f.DefaultLazyPropertyFilter - [lambda$null$2,34] - Property Filter custom Bean not found with name 'encryptablePropertyFilter'. Initializing Default Property Filter
23:25:19.633 [background-preinit] INFO  o.h.v.i.util.Version - [<clinit>,21] - HV000001: Hibernate Validator 6.1.7.Final
23:25:19.868 [main] INFO  c.u.j.c.EnableEncryptablePropertiesBeanFactoryPostProcessor - [postProcessBeanFactory,48] - Post-processing PropertySource instances
23:25:19.923 [main] INFO  c.u.j.EncryptablePropertySourceConverter - [makeEncryptable,41] - Converting PropertySource configurationProperties [org.springframework.boot.context.properties.source.ConfigurationPropertySourcesPropertySource] to AOP Proxy
23:25:19.924 [main] INFO  c.u.j.EncryptablePropertySourceConverter - [makeEncryptable,41] - Converting PropertySource bootstrap [org.springframework.core.env.MapPropertySource] to EncryptableMapPropertySourceWrapper
23:25:19.924 [main] INFO  c.u.j.EncryptablePropertySourceConverter - [makeEncryptable,41] - Converting PropertySource Inlined Test Properties [org.springframework.core.env.MapPropertySource] to EncryptableMapPropertySourceWrapper
23:25:19.924 [main] INFO  c.u.j.EncryptablePropertySourceConverter - [makeEncryptable,41] - Converting PropertySource systemProperties [org.springframework.core.env.PropertiesPropertySource] to EncryptableMapPropertySourceWrapper
23:25:19.924 [main] INFO  c.u.j.EncryptablePropertySourceConverter - [makeEncryptable,41] - Converting PropertySource systemEnvironment [org.springframework.boot.env.SystemEnvironmentPropertySourceEnvironmentPostProcessor$OriginAwareSystemEnvironmentPropertySource] to EncryptableSystemEnvironmentPropertySourceWrapper
23:25:19.924 [main] INFO  c.u.j.EncryptablePropertySourceConverter - [makeEncryptable,41] - Converting PropertySource random [org.springframework.boot.env.RandomValuePropertySource] to EncryptablePropertySourceWrapper
23:25:19.925 [main] INFO  c.u.j.EncryptablePropertySourceConverter - [makeEncryptable,41] - Converting PropertySource springCloudClientHostInfo [org.springframework.core.env.MapPropertySource] to EncryptableMapPropertySourceWrapper
23:25:19.970 [main] INFO  c.u.j.f.DefaultLazyPropertyFilter - [lambda$null$2,34] - Property Filter custom Bean not found with name 'encryptablePropertyFilter'. Initializing Default Property Filter
23:27:17.510 [background-preinit] INFO  o.h.v.i.util.Version - [<clinit>,21] - HV000001: Hibernate Validator 6.1.7.Final
23:27:17.723 [main] INFO  c.u.j.c.EnableEncryptablePropertiesBeanFactoryPostProcessor - [postProcessBeanFactory,48] - Post-processing PropertySource instances
23:27:17.778 [main] INFO  c.u.j.EncryptablePropertySourceConverter - [makeEncryptable,41] - Converting PropertySource configurationProperties [org.springframework.boot.context.properties.source.ConfigurationPropertySourcesPropertySource] to AOP Proxy
23:27:17.779 [main] INFO  c.u.j.EncryptablePropertySourceConverter - [makeEncryptable,41] - Converting PropertySource bootstrap [org.springframework.core.env.MapPropertySource] to EncryptableMapPropertySourceWrapper
23:27:17.779 [main] INFO  c.u.j.EncryptablePropertySourceConverter - [makeEncryptable,41] - Converting PropertySource Inlined Test Properties [org.springframework.core.env.MapPropertySource] to EncryptableMapPropertySourceWrapper
23:27:17.779 [main] INFO  c.u.j.EncryptablePropertySourceConverter - [makeEncryptable,41] - Converting PropertySource systemProperties [org.springframework.core.env.PropertiesPropertySource] to EncryptableMapPropertySourceWrapper
23:27:17.780 [main] INFO  c.u.j.EncryptablePropertySourceConverter - [makeEncryptable,41] - Converting PropertySource systemEnvironment [org.springframework.boot.env.SystemEnvironmentPropertySourceEnvironmentPostProcessor$OriginAwareSystemEnvironmentPropertySource] to EncryptableSystemEnvironmentPropertySourceWrapper
23:27:17.780 [main] INFO  c.u.j.EncryptablePropertySourceConverter - [makeEncryptable,41] - Converting PropertySource random [org.springframework.boot.env.RandomValuePropertySource] to EncryptablePropertySourceWrapper
23:27:17.780 [main] INFO  c.u.j.EncryptablePropertySourceConverter - [makeEncryptable,41] - Converting PropertySource springCloudClientHostInfo [org.springframework.core.env.MapPropertySource] to EncryptableMapPropertySourceWrapper
23:27:17.826 [main] INFO  c.u.j.f.DefaultLazyPropertyFilter - [lambda$null$2,34] - Property Filter custom Bean not found with name 'encryptablePropertyFilter'. Initializing Default Property Filter
23:29:24.816 [background-preinit] INFO  o.h.v.i.util.Version - [<clinit>,21] - HV000001: Hibernate Validator 6.1.7.Final
23:29:25.032 [main] INFO  c.u.j.c.EnableEncryptablePropertiesBeanFactoryPostProcessor - [postProcessBeanFactory,48] - Post-processing PropertySource instances
23:29:25.088 [main] INFO  c.u.j.EncryptablePropertySourceConverter - [makeEncryptable,41] - Converting PropertySource configurationProperties [org.springframework.boot.context.properties.source.ConfigurationPropertySourcesPropertySource] to AOP Proxy
23:29:25.089 [main] INFO  c.u.j.EncryptablePropertySourceConverter - [makeEncryptable,41] - Converting PropertySource bootstrap [org.springframework.core.env.MapPropertySource] to EncryptableMapPropertySourceWrapper
23:29:25.089 [main] INFO  c.u.j.EncryptablePropertySourceConverter - [makeEncryptable,41] - Converting PropertySource Inlined Test Properties [org.springframework.core.env.MapPropertySource] to EncryptableMapPropertySourceWrapper
23:29:25.089 [main] INFO  c.u.j.EncryptablePropertySourceConverter - [makeEncryptable,41] - Converting PropertySource systemProperties [org.springframework.core.env.PropertiesPropertySource] to EncryptableMapPropertySourceWrapper
23:29:25.089 [main] INFO  c.u.j.EncryptablePropertySourceConverter - [makeEncryptable,41] - Converting PropertySource systemEnvironment [org.springframework.boot.env.SystemEnvironmentPropertySourceEnvironmentPostProcessor$OriginAwareSystemEnvironmentPropertySource] to EncryptableSystemEnvironmentPropertySourceWrapper
23:29:25.090 [main] INFO  c.u.j.EncryptablePropertySourceConverter - [makeEncryptable,41] - Converting PropertySource random [org.springframework.boot.env.RandomValuePropertySource] to EncryptablePropertySourceWrapper
23:29:25.090 [main] INFO  c.u.j.EncryptablePropertySourceConverter - [makeEncryptable,41] - Converting PropertySource springCloudClientHostInfo [org.springframework.core.env.MapPropertySource] to EncryptableMapPropertySourceWrapper
23:29:25.135 [main] INFO  c.u.j.f.DefaultLazyPropertyFilter - [lambda$null$2,34] - Property Filter custom Bean not found with name 'encryptablePropertyFilter'. Initializing Default Property Filter
23:33:17.414 [background-preinit] INFO  o.h.v.i.util.Version - [<clinit>,21] - HV000001: Hibernate Validator 6.1.7.Final
23:33:17.650 [main] INFO  c.u.j.c.EnableEncryptablePropertiesBeanFactoryPostProcessor - [postProcessBeanFactory,48] - Post-processing PropertySource instances
23:33:17.709 [main] INFO  c.u.j.EncryptablePropertySourceConverter - [makeEncryptable,41] - Converting PropertySource configurationProperties [org.springframework.boot.context.properties.source.ConfigurationPropertySourcesPropertySource] to AOP Proxy
23:33:17.710 [main] INFO  c.u.j.EncryptablePropertySourceConverter - [makeEncryptable,41] - Converting PropertySource bootstrap [org.springframework.core.env.MapPropertySource] to EncryptableMapPropertySourceWrapper
23:33:17.710 [main] INFO  c.u.j.EncryptablePropertySourceConverter - [makeEncryptable,41] - Converting PropertySource Inlined Test Properties [org.springframework.core.env.MapPropertySource] to EncryptableMapPropertySourceWrapper
23:33:17.711 [main] INFO  c.u.j.EncryptablePropertySourceConverter - [makeEncryptable,41] - Converting PropertySource systemProperties [org.springframework.core.env.PropertiesPropertySource] to EncryptableMapPropertySourceWrapper
23:33:17.711 [main] INFO  c.u.j.EncryptablePropertySourceConverter - [makeEncryptable,41] - Converting PropertySource systemEnvironment [org.springframework.boot.env.SystemEnvironmentPropertySourceEnvironmentPostProcessor$OriginAwareSystemEnvironmentPropertySource] to EncryptableSystemEnvironmentPropertySourceWrapper
23:33:17.711 [main] INFO  c.u.j.EncryptablePropertySourceConverter - [makeEncryptable,41] - Converting PropertySource random [org.springframework.boot.env.RandomValuePropertySource] to EncryptablePropertySourceWrapper
23:33:17.711 [main] INFO  c.u.j.EncryptablePropertySourceConverter - [makeEncryptable,41] - Converting PropertySource springCloudClientHostInfo [org.springframework.core.env.MapPropertySource] to EncryptableMapPropertySourceWrapper
23:33:17.759 [main] INFO  c.u.j.f.DefaultLazyPropertyFilter - [lambda$null$2,34] - Property Filter custom Bean not found with name 'encryptablePropertyFilter'. Initializing Default Property Filter
