17:55:46.262 [restartedMain] INFO  o.r.Reflections - [scan,232] - Reflections took 23 ms to scan 1 urls, producing 3 keys and 6 values 
17:55:46.286 [restartedMain] INFO  o.r.Reflections - [scan,232] - Reflections took 11 ms to scan 1 urls, producing 4 keys and 9 values 
17:55:46.294 [restartedMain] INFO  o.r.Reflections - [scan,232] - Reflections took 6 ms to scan 1 urls, producing 3 keys and 10 values 
17:55:46.309 [restartedMain] INFO  o.r.Reflections - [scan,232] - Reflections took 11 ms to scan 5 urls, producing 0 keys and 0 values 
17:55:46.314 [restartedMain] INFO  o.r.Reflections - [scan,232] - Reflections took 5 ms to scan 1 urls, producing 1 keys and 5 values 
17:55:46.324 [restartedMain] INFO  o.r.Reflections - [scan,232] - Reflections took 7 ms to scan 1 urls, producing 1 keys and 7 values 
17:55:46.335 [restartedMain] INFO  o.r.Reflections - [scan,232] - Reflections took 7 ms to scan 1 urls, producing 2 keys and 8 values 
17:55:46.348 [restartedMain] INFO  o.r.Reflections - [scan,232] - Reflections took 11 ms to scan 5 urls, producing 0 keys and 0 values 
17:55:48.036 [restartedMain] INFO  c.g.StartStudy - [logStartupProfileInfo,652] - The following profiles are active: dev
17:55:49.159 [restartedMain] INFO  c.u.j.c.EnableEncryptablePropertiesBeanFactoryPostProcessor - [postProcessBeanFactory,48] - Post-processing PropertySource instances
17:55:49.168 [restartedMain] INFO  c.u.j.EncryptablePropertySourceConverter - [makeEncryptable,41] - Converting PropertySource bootstrapProperties-service-study-dev.properties,DEFAULT_GROUP [org.springframework.cloud.bootstrap.config.BootstrapPropertySource] to EncryptableEnumerablePropertySourceWrapper
17:55:49.168 [restartedMain] INFO  c.u.j.EncryptablePropertySourceConverter - [makeEncryptable,41] - Converting PropertySource bootstrapProperties-service-study.properties,DEFAULT_GROUP [org.springframework.cloud.bootstrap.config.BootstrapPropertySource] to EncryptableEnumerablePropertySourceWrapper
17:55:49.168 [restartedMain] INFO  c.u.j.EncryptablePropertySourceConverter - [makeEncryptable,41] - Converting PropertySource bootstrapProperties-service-study,DEFAULT_GROUP [org.springframework.cloud.bootstrap.config.BootstrapPropertySource] to EncryptableEnumerablePropertySourceWrapper
17:55:49.168 [restartedMain] INFO  c.u.j.EncryptablePropertySourceConverter - [makeEncryptable,41] - Converting PropertySource configurationProperties [org.springframework.boot.context.properties.source.ConfigurationPropertySourcesPropertySource] to AOP Proxy
17:55:49.169 [restartedMain] INFO  c.u.j.EncryptablePropertySourceConverter - [makeEncryptable,41] - Converting PropertySource servletConfigInitParams [org.springframework.core.env.PropertySource$StubPropertySource] to EncryptablePropertySourceWrapper
17:55:49.169 [restartedMain] INFO  c.u.j.EncryptablePropertySourceConverter - [makeEncryptable,41] - Converting PropertySource servletContextInitParams [org.springframework.core.env.PropertySource$StubPropertySource] to EncryptablePropertySourceWrapper
17:55:49.169 [restartedMain] INFO  c.u.j.EncryptablePropertySourceConverter - [makeEncryptable,41] - Converting PropertySource systemProperties [org.springframework.core.env.PropertiesPropertySource] to EncryptableMapPropertySourceWrapper
17:55:49.169 [restartedMain] INFO  c.u.j.EncryptablePropertySourceConverter - [makeEncryptable,41] - Converting PropertySource systemEnvironment [org.springframework.boot.env.SystemEnvironmentPropertySourceEnvironmentPostProcessor$OriginAwareSystemEnvironmentPropertySource] to EncryptableSystemEnvironmentPropertySourceWrapper
17:55:49.169 [restartedMain] INFO  c.u.j.EncryptablePropertySourceConverter - [makeEncryptable,41] - Converting PropertySource random [org.springframework.boot.env.RandomValuePropertySource] to EncryptablePropertySourceWrapper
17:55:49.169 [restartedMain] INFO  c.u.j.EncryptablePropertySourceConverter - [makeEncryptable,41] - Converting PropertySource springCloudClientHostInfo [org.springframework.core.env.MapPropertySource] to EncryptableMapPropertySourceWrapper
17:55:49.169 [restartedMain] INFO  c.u.j.EncryptablePropertySourceConverter - [makeEncryptable,41] - Converting PropertySource applicationConfig: [classpath:/application-dev.yml] [org.springframework.boot.env.OriginTrackedMapPropertySource] to EncryptableMapPropertySourceWrapper
17:55:49.169 [restartedMain] INFO  c.u.j.EncryptablePropertySourceConverter - [makeEncryptable,41] - Converting PropertySource applicationConfig: [classpath:/application.yml] [org.springframework.boot.env.OriginTrackedMapPropertySource] to EncryptableMapPropertySourceWrapper
17:55:49.169 [restartedMain] INFO  c.u.j.EncryptablePropertySourceConverter - [makeEncryptable,41] - Converting PropertySource devtools [org.springframework.core.env.MapPropertySource] to EncryptableMapPropertySourceWrapper
17:55:49.170 [restartedMain] INFO  c.u.j.EncryptablePropertySourceConverter - [makeEncryptable,41] - Converting PropertySource springCloudDefaultProperties [org.springframework.core.env.MapPropertySource] to EncryptableMapPropertySourceWrapper
17:55:49.170 [restartedMain] INFO  c.u.j.EncryptablePropertySourceConverter - [makeEncryptable,41] - Converting PropertySource cachedrandom [org.springframework.cloud.util.random.CachedRandomPropertySource] to EncryptablePropertySourceWrapper
17:55:49.212 [restartedMain] INFO  c.u.j.f.DefaultLazyPropertyFilter - [lambda$null$2,34] - Property Filter custom Bean not found with name 'encryptablePropertyFilter'. Initializing Default Property Filter
17:55:49.403 [restartedMain] INFO  c.u.j.r.DefaultLazyPropertyResolver - [lambda$null$2,35] - Property Resolver custom Bean not found with name 'encryptablePropertyResolver'. Initializing Default Property Resolver
17:55:49.404 [restartedMain] INFO  c.u.j.d.DefaultLazyPropertyDetector - [lambda$null$2,33] - Property Detector custom Bean not found with name 'encryptablePropertyDetector'. Initializing Default Property Detector
17:55:49.866 [restartedMain] INFO  o.a.c.h.Http11NioProtocol - [log,173] - Initializing ProtocolHandler ["http-nio-9701"]
17:55:49.866 [restartedMain] INFO  o.a.c.c.StandardService - [log,173] - Starting service [Tomcat]
17:55:49.866 [restartedMain] INFO  o.a.c.c.StandardEngine - [log,173] - Starting Servlet engine: [Apache Tomcat/9.0.46]
17:55:50.048 [restartedMain] INFO  o.a.c.c.C.[.[.[/] - [log,173] - Initializing Spring embedded WebApplicationContext
17:55:50.756 [restartedMain] INFO  c.a.c.s.SentinelWebAutoConfiguration - [addInterceptors,80] - [Sentinel Starter] register SentinelWebInterceptor with urlPatterns: [/**].
17:55:52.457 [restartedMain] INFO  c.u.j.e.DefaultLazyEncryptor - [lambda$null$2,37] - String Encryptor custom Bean not found with name 'jasyptStringEncryptor'. Initializing Default String Encryptor
17:55:52.462 [restartedMain] INFO  c.u.j.e.DefaultLazyEncryptor - [getProperty,91] - Encryptor config not found for property jasypt.encryptor.algorithm, using default value: PBEWithMD5AndDES
17:55:52.462 [restartedMain] INFO  c.u.j.e.DefaultLazyEncryptor - [getProperty,91] - Encryptor config not found for property jasypt.encryptor.key-obtention-iterations, using default value: 1000
17:55:52.463 [restartedMain] INFO  c.u.j.e.DefaultLazyEncryptor - [getProperty,91] - Encryptor config not found for property jasypt.encryptor.pool-size, using default value: 1
17:55:52.463 [restartedMain] INFO  c.u.j.e.DefaultLazyEncryptor - [getProperty,91] - Encryptor config not found for property jasypt.encryptor.provider-name, using default value: null
17:55:52.463 [restartedMain] INFO  c.u.j.e.DefaultLazyEncryptor - [getProperty,91] - Encryptor config not found for property jasypt.encryptor.provider-class-name, using default value: null
17:55:52.464 [restartedMain] INFO  c.u.j.e.DefaultLazyEncryptor - [getProperty,91] - Encryptor config not found for property jasypt.encryptor.salt-generator-classname, using default value: org.jasypt.salt.RandomSaltGenerator
17:55:52.465 [restartedMain] INFO  c.u.j.e.DefaultLazyEncryptor - [getProperty,91] - Encryptor config not found for property jasypt.encryptor.iv-generator-classname, using default value: org.jasypt.iv.NoIvGenerator
17:55:52.466 [restartedMain] INFO  c.u.j.e.DefaultLazyEncryptor - [getProperty,91] - Encryptor config not found for property jasypt.encryptor.string-output-type, using default value: base64
17:55:52.706 [restartedMain] INFO  s.d.s.w.WebMvcPropertySourcedRequestMappingHandlerMapping - [initHandlerMethods,69] - Mapped URL path [/v2/api-docs] onto method [springfox.documentation.swagger2.web.Swagger2ControllerWebMvc#getDocumentation(String, HttpServletRequest)]
17:55:52.735 [restartedMain] INFO  c.n.c.s.URLConfigurationSource - [<init>,127] - To enable URLs as dynamic configuration sources, define System property archaius.configurationSource.additionalUrls or make config.properties available on classpath.
17:55:52.738 [restartedMain] INFO  c.n.c.s.URLConfigurationSource - [<init>,127] - To enable URLs as dynamic configuration sources, define System property archaius.configurationSource.additionalUrls or make config.properties available on classpath.
17:55:55.854 [restartedMain] INFO  o.a.c.h.Http11NioProtocol - [log,173] - Starting ProtocolHandler ["http-nio-9701"]
17:55:55.873 [restartedMain] INFO  c.a.c.n.r.NacosServiceRegistry - [register,75] - nacos registry, DEFAULT_GROUP service-study 192.168.76.1:9701 register finished
17:55:57.321 [restartedMain] INFO  s.d.s.w.p.DocumentationPluginsBootstrapper - [start,93] - Documentation plugins bootstrapped
17:55:57.324 [restartedMain] INFO  s.d.s.w.p.DocumentationPluginsBootstrapper - [bootstrapDocumentationPlugins,79] - Found 1 custom documentation plugin(s)
17:55:57.350 [restartedMain] INFO  s.d.s.w.s.ApiListingReferenceScanner - [scan,44] - Scanning for api listing references
17:55:57.371 [restartedMain] INFO  c.g.StartStudy - [logStarted,61] - Started StartStudy in 14.762 seconds (JVM running for 16.267)
17:55:58.363 [RMI TCP Connection(8)-192.168.226.1] INFO  o.a.c.c.C.[.[.[/] - [log,173] - Initializing Spring DispatcherServlet 'dispatcherServlet'
17:55:58.382 [RMI TCP Connection(7)-192.168.226.1] INFO  c.z.h.HikariDataSource - [getConnection,110] - HikariPool-1 - Starting...
17:58:58.580 [SpringContextShutdownHook] INFO  c.a.c.n.r.NacosServiceRegistry - [deregister,94] - De-registering from Nacos Server now...
17:58:58.584 [SpringContextShutdownHook] INFO  c.a.c.n.r.NacosServiceRegistry - [deregister,114] - De-registration finished.
17:59:06.341 [restartedMain] INFO  o.r.Reflections - [scan,232] - Reflections took 25 ms to scan 1 urls, producing 3 keys and 6 values 
17:59:06.364 [restartedMain] INFO  o.r.Reflections - [scan,232] - Reflections took 11 ms to scan 1 urls, producing 4 keys and 9 values 
17:59:06.372 [restartedMain] INFO  o.r.Reflections - [scan,232] - Reflections took 5 ms to scan 1 urls, producing 3 keys and 10 values 
17:59:06.393 [restartedMain] INFO  o.r.Reflections - [scan,232] - Reflections took 16 ms to scan 5 urls, producing 0 keys and 0 values 
17:59:06.401 [restartedMain] INFO  o.r.Reflections - [scan,232] - Reflections took 7 ms to scan 1 urls, producing 1 keys and 5 values 
17:59:06.411 [restartedMain] INFO  o.r.Reflections - [scan,232] - Reflections took 7 ms to scan 1 urls, producing 1 keys and 7 values 
17:59:06.422 [restartedMain] INFO  o.r.Reflections - [scan,232] - Reflections took 8 ms to scan 1 urls, producing 2 keys and 8 values 
17:59:06.436 [restartedMain] INFO  o.r.Reflections - [scan,232] - Reflections took 11 ms to scan 5 urls, producing 0 keys and 0 values 
17:59:08.221 [restartedMain] INFO  c.g.StartStudy - [logStartupProfileInfo,652] - The following profiles are active: dev
17:59:09.336 [restartedMain] INFO  c.u.j.c.EnableEncryptablePropertiesBeanFactoryPostProcessor - [postProcessBeanFactory,48] - Post-processing PropertySource instances
17:59:09.351 [restartedMain] INFO  c.u.j.EncryptablePropertySourceConverter - [makeEncryptable,41] - Converting PropertySource bootstrapProperties-service-study-dev.properties,DEFAULT_GROUP [org.springframework.cloud.bootstrap.config.BootstrapPropertySource] to EncryptableEnumerablePropertySourceWrapper
17:59:09.351 [restartedMain] INFO  c.u.j.EncryptablePropertySourceConverter - [makeEncryptable,41] - Converting PropertySource bootstrapProperties-service-study.properties,DEFAULT_GROUP [org.springframework.cloud.bootstrap.config.BootstrapPropertySource] to EncryptableEnumerablePropertySourceWrapper
17:59:09.352 [restartedMain] INFO  c.u.j.EncryptablePropertySourceConverter - [makeEncryptable,41] - Converting PropertySource bootstrapProperties-service-study,DEFAULT_GROUP [org.springframework.cloud.bootstrap.config.BootstrapPropertySource] to EncryptableEnumerablePropertySourceWrapper
17:59:09.352 [restartedMain] INFO  c.u.j.EncryptablePropertySourceConverter - [makeEncryptable,41] - Converting PropertySource configurationProperties [org.springframework.boot.context.properties.source.ConfigurationPropertySourcesPropertySource] to AOP Proxy
17:59:09.352 [restartedMain] INFO  c.u.j.EncryptablePropertySourceConverter - [makeEncryptable,41] - Converting PropertySource servletConfigInitParams [org.springframework.core.env.PropertySource$StubPropertySource] to EncryptablePropertySourceWrapper
17:59:09.352 [restartedMain] INFO  c.u.j.EncryptablePropertySourceConverter - [makeEncryptable,41] - Converting PropertySource servletContextInitParams [org.springframework.core.env.PropertySource$StubPropertySource] to EncryptablePropertySourceWrapper
17:59:09.352 [restartedMain] INFO  c.u.j.EncryptablePropertySourceConverter - [makeEncryptable,41] - Converting PropertySource systemProperties [org.springframework.core.env.PropertiesPropertySource] to EncryptableMapPropertySourceWrapper
17:59:09.352 [restartedMain] INFO  c.u.j.EncryptablePropertySourceConverter - [makeEncryptable,41] - Converting PropertySource systemEnvironment [org.springframework.boot.env.SystemEnvironmentPropertySourceEnvironmentPostProcessor$OriginAwareSystemEnvironmentPropertySource] to EncryptableSystemEnvironmentPropertySourceWrapper
17:59:09.352 [restartedMain] INFO  c.u.j.EncryptablePropertySourceConverter - [makeEncryptable,41] - Converting PropertySource random [org.springframework.boot.env.RandomValuePropertySource] to EncryptablePropertySourceWrapper
17:59:09.352 [restartedMain] INFO  c.u.j.EncryptablePropertySourceConverter - [makeEncryptable,41] - Converting PropertySource springCloudClientHostInfo [org.springframework.core.env.MapPropertySource] to EncryptableMapPropertySourceWrapper
17:59:09.352 [restartedMain] INFO  c.u.j.EncryptablePropertySourceConverter - [makeEncryptable,41] - Converting PropertySource applicationConfig: [classpath:/application-dev.yml] [org.springframework.boot.env.OriginTrackedMapPropertySource] to EncryptableMapPropertySourceWrapper
17:59:09.353 [restartedMain] INFO  c.u.j.EncryptablePropertySourceConverter - [makeEncryptable,41] - Converting PropertySource applicationConfig: [classpath:/application.yml] [org.springframework.boot.env.OriginTrackedMapPropertySource] to EncryptableMapPropertySourceWrapper
17:59:09.353 [restartedMain] INFO  c.u.j.EncryptablePropertySourceConverter - [makeEncryptable,41] - Converting PropertySource devtools [org.springframework.core.env.MapPropertySource] to EncryptableMapPropertySourceWrapper
17:59:09.353 [restartedMain] INFO  c.u.j.EncryptablePropertySourceConverter - [makeEncryptable,41] - Converting PropertySource springCloudDefaultProperties [org.springframework.core.env.MapPropertySource] to EncryptableMapPropertySourceWrapper
17:59:09.353 [restartedMain] INFO  c.u.j.EncryptablePropertySourceConverter - [makeEncryptable,41] - Converting PropertySource cachedrandom [org.springframework.cloud.util.random.CachedRandomPropertySource] to EncryptablePropertySourceWrapper
17:59:09.386 [restartedMain] INFO  c.u.j.f.DefaultLazyPropertyFilter - [lambda$null$2,34] - Property Filter custom Bean not found with name 'encryptablePropertyFilter'. Initializing Default Property Filter
17:59:09.532 [restartedMain] INFO  c.u.j.r.DefaultLazyPropertyResolver - [lambda$null$2,35] - Property Resolver custom Bean not found with name 'encryptablePropertyResolver'. Initializing Default Property Resolver
17:59:09.532 [restartedMain] INFO  c.u.j.d.DefaultLazyPropertyDetector - [lambda$null$2,33] - Property Detector custom Bean not found with name 'encryptablePropertyDetector'. Initializing Default Property Detector
17:59:09.953 [restartedMain] INFO  o.a.c.h.Http11NioProtocol - [log,173] - Initializing ProtocolHandler ["http-nio-9701"]
17:59:09.953 [restartedMain] INFO  o.a.c.c.StandardService - [log,173] - Starting service [Tomcat]
17:59:09.954 [restartedMain] INFO  o.a.c.c.StandardEngine - [log,173] - Starting Servlet engine: [Apache Tomcat/9.0.46]
17:59:10.138 [restartedMain] INFO  o.a.c.c.C.[.[.[/] - [log,173] - Initializing Spring embedded WebApplicationContext
17:59:10.900 [restartedMain] INFO  c.a.c.s.SentinelWebAutoConfiguration - [addInterceptors,80] - [Sentinel Starter] register SentinelWebInterceptor with urlPatterns: [/**].
17:59:12.773 [restartedMain] INFO  c.u.j.e.DefaultLazyEncryptor - [lambda$null$2,37] - String Encryptor custom Bean not found with name 'jasyptStringEncryptor'. Initializing Default String Encryptor
17:59:12.779 [restartedMain] INFO  c.u.j.e.DefaultLazyEncryptor - [getProperty,91] - Encryptor config not found for property jasypt.encryptor.algorithm, using default value: PBEWithMD5AndDES
17:59:12.779 [restartedMain] INFO  c.u.j.e.DefaultLazyEncryptor - [getProperty,91] - Encryptor config not found for property jasypt.encryptor.key-obtention-iterations, using default value: 1000
17:59:12.780 [restartedMain] INFO  c.u.j.e.DefaultLazyEncryptor - [getProperty,91] - Encryptor config not found for property jasypt.encryptor.pool-size, using default value: 1
17:59:12.780 [restartedMain] INFO  c.u.j.e.DefaultLazyEncryptor - [getProperty,91] - Encryptor config not found for property jasypt.encryptor.provider-name, using default value: null
17:59:12.780 [restartedMain] INFO  c.u.j.e.DefaultLazyEncryptor - [getProperty,91] - Encryptor config not found for property jasypt.encryptor.provider-class-name, using default value: null
17:59:12.781 [restartedMain] INFO  c.u.j.e.DefaultLazyEncryptor - [getProperty,91] - Encryptor config not found for property jasypt.encryptor.salt-generator-classname, using default value: org.jasypt.salt.RandomSaltGenerator
17:59:12.782 [restartedMain] INFO  c.u.j.e.DefaultLazyEncryptor - [getProperty,91] - Encryptor config not found for property jasypt.encryptor.iv-generator-classname, using default value: org.jasypt.iv.NoIvGenerator
17:59:12.783 [restartedMain] INFO  c.u.j.e.DefaultLazyEncryptor - [getProperty,91] - Encryptor config not found for property jasypt.encryptor.string-output-type, using default value: base64
17:59:13.029 [restartedMain] INFO  s.d.s.w.WebMvcPropertySourcedRequestMappingHandlerMapping - [initHandlerMethods,69] - Mapped URL path [/v2/api-docs] onto method [springfox.documentation.swagger2.web.Swagger2ControllerWebMvc#getDocumentation(String, HttpServletRequest)]
17:59:13.055 [restartedMain] INFO  c.n.c.s.URLConfigurationSource - [<init>,127] - To enable URLs as dynamic configuration sources, define System property archaius.configurationSource.additionalUrls or make config.properties available on classpath.
17:59:13.058 [restartedMain] INFO  c.n.c.s.URLConfigurationSource - [<init>,127] - To enable URLs as dynamic configuration sources, define System property archaius.configurationSource.additionalUrls or make config.properties available on classpath.
17:59:16.435 [restartedMain] INFO  o.a.c.h.Http11NioProtocol - [log,173] - Starting ProtocolHandler ["http-nio-9701"]
17:59:16.458 [restartedMain] INFO  c.a.c.n.r.NacosServiceRegistry - [register,75] - nacos registry, DEFAULT_GROUP service-study 192.168.76.1:9701 register finished
17:59:17.896 [restartedMain] INFO  s.d.s.w.p.DocumentationPluginsBootstrapper - [start,93] - Documentation plugins bootstrapped
17:59:17.898 [restartedMain] INFO  s.d.s.w.p.DocumentationPluginsBootstrapper - [bootstrapDocumentationPlugins,79] - Found 1 custom documentation plugin(s)
17:59:17.926 [restartedMain] INFO  s.d.s.w.s.ApiListingReferenceScanner - [scan,44] - Scanning for api listing references
17:59:17.944 [restartedMain] INFO  c.g.StartStudy - [logStarted,61] - Started StartStudy in 15.315 seconds (JVM running for 16.617)
17:59:18.751 [RMI TCP Connection(11)-192.168.226.1] INFO  o.a.c.c.C.[.[.[/] - [log,173] - Initializing Spring DispatcherServlet 'dispatcherServlet'
17:59:18.766 [RMI TCP Connection(12)-192.168.226.1] INFO  c.z.h.HikariDataSource - [getConnection,110] - HikariPool-1 - Starting...
18:05:06.384 [SpringContextShutdownHook] INFO  c.a.c.n.r.NacosServiceRegistry - [deregister,94] - De-registering from Nacos Server now...
18:05:06.387 [SpringContextShutdownHook] INFO  c.a.c.n.r.NacosServiceRegistry - [deregister,114] - De-registration finished.
18:05:13.918 [restartedMain] INFO  o.r.Reflections - [scan,232] - Reflections took 16 ms to scan 1 urls, producing 3 keys and 6 values 
18:05:13.940 [restartedMain] INFO  o.r.Reflections - [scan,232] - Reflections took 10 ms to scan 1 urls, producing 4 keys and 9 values 
18:05:13.949 [restartedMain] INFO  o.r.Reflections - [scan,232] - Reflections took 6 ms to scan 1 urls, producing 3 keys and 10 values 
18:05:13.964 [restartedMain] INFO  o.r.Reflections - [scan,232] - Reflections took 12 ms to scan 5 urls, producing 0 keys and 0 values 
18:05:13.970 [restartedMain] INFO  o.r.Reflections - [scan,232] - Reflections took 5 ms to scan 1 urls, producing 1 keys and 5 values 
18:05:13.978 [restartedMain] INFO  o.r.Reflections - [scan,232] - Reflections took 6 ms to scan 1 urls, producing 1 keys and 7 values 
18:05:13.988 [restartedMain] INFO  o.r.Reflections - [scan,232] - Reflections took 7 ms to scan 1 urls, producing 2 keys and 8 values 
18:05:14.002 [restartedMain] INFO  o.r.Reflections - [scan,232] - Reflections took 11 ms to scan 5 urls, producing 0 keys and 0 values 
18:05:15.956 [restartedMain] INFO  c.g.StartStudy - [logStartupProfileInfo,652] - The following profiles are active: dev
18:05:17.281 [restartedMain] INFO  c.u.j.c.EnableEncryptablePropertiesBeanFactoryPostProcessor - [postProcessBeanFactory,48] - Post-processing PropertySource instances
18:05:17.298 [restartedMain] INFO  c.u.j.EncryptablePropertySourceConverter - [makeEncryptable,41] - Converting PropertySource bootstrapProperties-service-study-dev.properties,DEFAULT_GROUP [org.springframework.cloud.bootstrap.config.BootstrapPropertySource] to EncryptableEnumerablePropertySourceWrapper
18:05:17.298 [restartedMain] INFO  c.u.j.EncryptablePropertySourceConverter - [makeEncryptable,41] - Converting PropertySource bootstrapProperties-service-study.properties,DEFAULT_GROUP [org.springframework.cloud.bootstrap.config.BootstrapPropertySource] to EncryptableEnumerablePropertySourceWrapper
18:05:17.298 [restartedMain] INFO  c.u.j.EncryptablePropertySourceConverter - [makeEncryptable,41] - Converting PropertySource bootstrapProperties-service-study,DEFAULT_GROUP [org.springframework.cloud.bootstrap.config.BootstrapPropertySource] to EncryptableEnumerablePropertySourceWrapper
18:05:17.298 [restartedMain] INFO  c.u.j.EncryptablePropertySourceConverter - [makeEncryptable,41] - Converting PropertySource configurationProperties [org.springframework.boot.context.properties.source.ConfigurationPropertySourcesPropertySource] to AOP Proxy
18:05:17.298 [restartedMain] INFO  c.u.j.EncryptablePropertySourceConverter - [makeEncryptable,41] - Converting PropertySource servletConfigInitParams [org.springframework.core.env.PropertySource$StubPropertySource] to EncryptablePropertySourceWrapper
18:05:17.298 [restartedMain] INFO  c.u.j.EncryptablePropertySourceConverter - [makeEncryptable,41] - Converting PropertySource servletContextInitParams [org.springframework.core.env.PropertySource$StubPropertySource] to EncryptablePropertySourceWrapper
18:05:17.299 [restartedMain] INFO  c.u.j.EncryptablePropertySourceConverter - [makeEncryptable,41] - Converting PropertySource systemProperties [org.springframework.core.env.PropertiesPropertySource] to EncryptableMapPropertySourceWrapper
18:05:17.299 [restartedMain] INFO  c.u.j.EncryptablePropertySourceConverter - [makeEncryptable,41] - Converting PropertySource systemEnvironment [org.springframework.boot.env.SystemEnvironmentPropertySourceEnvironmentPostProcessor$OriginAwareSystemEnvironmentPropertySource] to EncryptableSystemEnvironmentPropertySourceWrapper
18:05:17.299 [restartedMain] INFO  c.u.j.EncryptablePropertySourceConverter - [makeEncryptable,41] - Converting PropertySource random [org.springframework.boot.env.RandomValuePropertySource] to EncryptablePropertySourceWrapper
18:05:17.299 [restartedMain] INFO  c.u.j.EncryptablePropertySourceConverter - [makeEncryptable,41] - Converting PropertySource springCloudClientHostInfo [org.springframework.core.env.MapPropertySource] to EncryptableMapPropertySourceWrapper
18:05:17.299 [restartedMain] INFO  c.u.j.EncryptablePropertySourceConverter - [makeEncryptable,41] - Converting PropertySource applicationConfig: [classpath:/application-dev.yml] [org.springframework.boot.env.OriginTrackedMapPropertySource] to EncryptableMapPropertySourceWrapper
18:05:17.299 [restartedMain] INFO  c.u.j.EncryptablePropertySourceConverter - [makeEncryptable,41] - Converting PropertySource applicationConfig: [classpath:/application.yml] [org.springframework.boot.env.OriginTrackedMapPropertySource] to EncryptableMapPropertySourceWrapper
18:05:17.299 [restartedMain] INFO  c.u.j.EncryptablePropertySourceConverter - [makeEncryptable,41] - Converting PropertySource devtools [org.springframework.core.env.MapPropertySource] to EncryptableMapPropertySourceWrapper
18:05:17.299 [restartedMain] INFO  c.u.j.EncryptablePropertySourceConverter - [makeEncryptable,41] - Converting PropertySource springCloudDefaultProperties [org.springframework.core.env.MapPropertySource] to EncryptableMapPropertySourceWrapper
18:05:17.299 [restartedMain] INFO  c.u.j.EncryptablePropertySourceConverter - [makeEncryptable,41] - Converting PropertySource cachedrandom [org.springframework.cloud.util.random.CachedRandomPropertySource] to EncryptablePropertySourceWrapper
18:05:17.342 [restartedMain] INFO  c.u.j.f.DefaultLazyPropertyFilter - [lambda$null$2,34] - Property Filter custom Bean not found with name 'encryptablePropertyFilter'. Initializing Default Property Filter
18:05:17.509 [restartedMain] INFO  c.u.j.r.DefaultLazyPropertyResolver - [lambda$null$2,35] - Property Resolver custom Bean not found with name 'encryptablePropertyResolver'. Initializing Default Property Resolver
18:05:17.510 [restartedMain] INFO  c.u.j.d.DefaultLazyPropertyDetector - [lambda$null$2,33] - Property Detector custom Bean not found with name 'encryptablePropertyDetector'. Initializing Default Property Detector
18:05:17.947 [restartedMain] INFO  o.a.c.h.Http11NioProtocol - [log,173] - Initializing ProtocolHandler ["http-nio-9701"]
18:05:17.947 [restartedMain] INFO  o.a.c.c.StandardService - [log,173] - Starting service [Tomcat]
18:05:17.948 [restartedMain] INFO  o.a.c.c.StandardEngine - [log,173] - Starting Servlet engine: [Apache Tomcat/9.0.46]
18:05:18.134 [restartedMain] INFO  o.a.c.c.C.[.[.[/] - [log,173] - Initializing Spring embedded WebApplicationContext
18:05:18.774 [restartedMain] INFO  c.a.c.s.SentinelWebAutoConfiguration - [addInterceptors,80] - [Sentinel Starter] register SentinelWebInterceptor with urlPatterns: [/**].
18:05:20.716 [restartedMain] INFO  s.d.s.w.WebMvcPropertySourcedRequestMappingHandlerMapping - [initHandlerMethods,69] - Mapped URL path [/v2/api-docs] onto method [springfox.documentation.swagger2.web.Swagger2ControllerWebMvc#getDocumentation(String, HttpServletRequest)]
18:05:20.740 [restartedMain] INFO  c.n.c.s.URLConfigurationSource - [<init>,127] - To enable URLs as dynamic configuration sources, define System property archaius.configurationSource.additionalUrls or make config.properties available on classpath.
18:05:20.743 [restartedMain] INFO  c.n.c.s.URLConfigurationSource - [<init>,127] - To enable URLs as dynamic configuration sources, define System property archaius.configurationSource.additionalUrls or make config.properties available on classpath.
18:05:23.926 [restartedMain] INFO  o.a.c.h.Http11NioProtocol - [log,173] - Starting ProtocolHandler ["http-nio-9701"]
18:05:23.946 [restartedMain] INFO  c.a.c.n.r.NacosServiceRegistry - [register,75] - nacos registry, DEFAULT_GROUP service-study 192.168.76.1:9701 register finished
18:05:25.387 [restartedMain] INFO  s.d.s.w.p.DocumentationPluginsBootstrapper - [start,93] - Documentation plugins bootstrapped
18:05:25.390 [restartedMain] INFO  s.d.s.w.p.DocumentationPluginsBootstrapper - [bootstrapDocumentationPlugins,79] - Found 1 custom documentation plugin(s)
18:05:25.412 [restartedMain] INFO  s.d.s.w.s.ApiListingReferenceScanner - [scan,44] - Scanning for api listing references
18:05:25.427 [restartedMain] INFO  c.g.StartStudy - [logStarted,61] - Started StartStudy in 15.103 seconds (JVM running for 16.396)
18:05:25.949 [RMI TCP Connection(8)-192.168.226.1] INFO  o.a.c.c.C.[.[.[/] - [log,173] - Initializing Spring DispatcherServlet 'dispatcherServlet'
18:05:25.977 [RMI TCP Connection(7)-192.168.226.1] INFO  c.z.h.HikariDataSource - [getConnection,110] - HikariPool-1 - Starting...
18:05:26.109 [RMI TCP Connection(7)-192.168.226.1] INFO  c.z.h.HikariDataSource - [getConnection,123] - HikariPool-1 - Start completed.
18:11:05.703 [SpringContextShutdownHook] INFO  c.a.c.n.r.NacosServiceRegistry - [deregister,94] - De-registering from Nacos Server now...
18:11:05.705 [SpringContextShutdownHook] INFO  c.a.c.n.r.NacosServiceRegistry - [deregister,114] - De-registration finished.
18:11:06.039 [SpringContextShutdownHook] INFO  c.z.h.HikariDataSource - [close,350] - HikariPool-1 - Shutdown initiated...
18:11:06.049 [SpringContextShutdownHook] INFO  c.z.h.HikariDataSource - [close,352] - HikariPool-1 - Shutdown completed.
18:11:54.436 [restartedMain] INFO  o.r.Reflections - [scan,232] - Reflections took 17 ms to scan 1 urls, producing 3 keys and 6 values 
18:11:54.465 [restartedMain] INFO  o.r.Reflections - [scan,232] - Reflections took 15 ms to scan 1 urls, producing 4 keys and 9 values 
18:11:54.473 [restartedMain] INFO  o.r.Reflections - [scan,232] - Reflections took 5 ms to scan 1 urls, producing 3 keys and 10 values 
18:11:54.490 [restartedMain] INFO  o.r.Reflections - [scan,232] - Reflections took 13 ms to scan 5 urls, producing 0 keys and 0 values 
18:11:54.498 [restartedMain] INFO  o.r.Reflections - [scan,232] - Reflections took 6 ms to scan 1 urls, producing 1 keys and 5 values 
18:11:54.508 [restartedMain] INFO  o.r.Reflections - [scan,232] - Reflections took 8 ms to scan 1 urls, producing 1 keys and 7 values 
18:11:54.519 [restartedMain] INFO  o.r.Reflections - [scan,232] - Reflections took 8 ms to scan 1 urls, producing 2 keys and 8 values 
18:11:54.538 [restartedMain] INFO  o.r.Reflections - [scan,232] - Reflections took 15 ms to scan 5 urls, producing 0 keys and 0 values 
18:11:56.174 [restartedMain] INFO  c.g.StartStudy - [logStartupProfileInfo,652] - The following profiles are active: dev
18:11:57.264 [restartedMain] INFO  c.u.j.c.EnableEncryptablePropertiesBeanFactoryPostProcessor - [postProcessBeanFactory,48] - Post-processing PropertySource instances
18:11:57.273 [restartedMain] INFO  c.u.j.EncryptablePropertySourceConverter - [makeEncryptable,41] - Converting PropertySource bootstrapProperties-service-study-dev.properties,DEFAULT_GROUP [org.springframework.cloud.bootstrap.config.BootstrapPropertySource] to EncryptableEnumerablePropertySourceWrapper
18:11:57.273 [restartedMain] INFO  c.u.j.EncryptablePropertySourceConverter - [makeEncryptable,41] - Converting PropertySource bootstrapProperties-service-study.properties,DEFAULT_GROUP [org.springframework.cloud.bootstrap.config.BootstrapPropertySource] to EncryptableEnumerablePropertySourceWrapper
18:11:57.273 [restartedMain] INFO  c.u.j.EncryptablePropertySourceConverter - [makeEncryptable,41] - Converting PropertySource bootstrapProperties-service-study,DEFAULT_GROUP [org.springframework.cloud.bootstrap.config.BootstrapPropertySource] to EncryptableEnumerablePropertySourceWrapper
18:11:57.273 [restartedMain] INFO  c.u.j.EncryptablePropertySourceConverter - [makeEncryptable,41] - Converting PropertySource configurationProperties [org.springframework.boot.context.properties.source.ConfigurationPropertySourcesPropertySource] to AOP Proxy
18:11:57.275 [restartedMain] INFO  c.u.j.EncryptablePropertySourceConverter - [makeEncryptable,41] - Converting PropertySource servletConfigInitParams [org.springframework.core.env.PropertySource$StubPropertySource] to EncryptablePropertySourceWrapper
18:11:57.275 [restartedMain] INFO  c.u.j.EncryptablePropertySourceConverter - [makeEncryptable,41] - Converting PropertySource servletContextInitParams [org.springframework.core.env.PropertySource$StubPropertySource] to EncryptablePropertySourceWrapper
18:11:57.275 [restartedMain] INFO  c.u.j.EncryptablePropertySourceConverter - [makeEncryptable,41] - Converting PropertySource systemProperties [org.springframework.core.env.PropertiesPropertySource] to EncryptableMapPropertySourceWrapper
18:11:57.275 [restartedMain] INFO  c.u.j.EncryptablePropertySourceConverter - [makeEncryptable,41] - Converting PropertySource systemEnvironment [org.springframework.boot.env.SystemEnvironmentPropertySourceEnvironmentPostProcessor$OriginAwareSystemEnvironmentPropertySource] to EncryptableSystemEnvironmentPropertySourceWrapper
18:11:57.275 [restartedMain] INFO  c.u.j.EncryptablePropertySourceConverter - [makeEncryptable,41] - Converting PropertySource random [org.springframework.boot.env.RandomValuePropertySource] to EncryptablePropertySourceWrapper
18:11:57.275 [restartedMain] INFO  c.u.j.EncryptablePropertySourceConverter - [makeEncryptable,41] - Converting PropertySource springCloudClientHostInfo [org.springframework.core.env.MapPropertySource] to EncryptableMapPropertySourceWrapper
18:11:57.275 [restartedMain] INFO  c.u.j.EncryptablePropertySourceConverter - [makeEncryptable,41] - Converting PropertySource applicationConfig: [classpath:/application-dev.yml] [org.springframework.boot.env.OriginTrackedMapPropertySource] to EncryptableMapPropertySourceWrapper
18:11:57.275 [restartedMain] INFO  c.u.j.EncryptablePropertySourceConverter - [makeEncryptable,41] - Converting PropertySource applicationConfig: [classpath:/application.yml] [org.springframework.boot.env.OriginTrackedMapPropertySource] to EncryptableMapPropertySourceWrapper
18:11:57.275 [restartedMain] INFO  c.u.j.EncryptablePropertySourceConverter - [makeEncryptable,41] - Converting PropertySource devtools [org.springframework.core.env.MapPropertySource] to EncryptableMapPropertySourceWrapper
18:11:57.276 [restartedMain] INFO  c.u.j.EncryptablePropertySourceConverter - [makeEncryptable,41] - Converting PropertySource springCloudDefaultProperties [org.springframework.core.env.MapPropertySource] to EncryptableMapPropertySourceWrapper
18:11:57.276 [restartedMain] INFO  c.u.j.EncryptablePropertySourceConverter - [makeEncryptable,41] - Converting PropertySource cachedrandom [org.springframework.cloud.util.random.CachedRandomPropertySource] to EncryptablePropertySourceWrapper
18:11:57.318 [restartedMain] INFO  c.u.j.f.DefaultLazyPropertyFilter - [lambda$null$2,34] - Property Filter custom Bean not found with name 'encryptablePropertyFilter'. Initializing Default Property Filter
18:11:57.497 [restartedMain] INFO  c.u.j.r.DefaultLazyPropertyResolver - [lambda$null$2,35] - Property Resolver custom Bean not found with name 'encryptablePropertyResolver'. Initializing Default Property Resolver
18:11:57.497 [restartedMain] INFO  c.u.j.d.DefaultLazyPropertyDetector - [lambda$null$2,33] - Property Detector custom Bean not found with name 'encryptablePropertyDetector'. Initializing Default Property Detector
18:11:57.954 [restartedMain] INFO  o.a.c.h.Http11NioProtocol - [log,173] - Initializing ProtocolHandler ["http-nio-9701"]
18:11:57.955 [restartedMain] INFO  o.a.c.c.StandardService - [log,173] - Starting service [Tomcat]
18:11:57.955 [restartedMain] INFO  o.a.c.c.StandardEngine - [log,173] - Starting Servlet engine: [Apache Tomcat/9.0.46]
18:11:58.179 [restartedMain] INFO  o.a.c.c.C.[.[.[/] - [log,173] - Initializing Spring embedded WebApplicationContext
18:11:59.033 [restartedMain] INFO  c.a.c.s.SentinelWebAutoConfiguration - [addInterceptors,80] - [Sentinel Starter] register SentinelWebInterceptor with urlPatterns: [/**].
18:12:01.044 [restartedMain] INFO  s.d.s.w.WebMvcPropertySourcedRequestMappingHandlerMapping - [initHandlerMethods,69] - Mapped URL path [/v2/api-docs] onto method [springfox.documentation.swagger2.web.Swagger2ControllerWebMvc#getDocumentation(String, HttpServletRequest)]
18:12:01.072 [restartedMain] INFO  c.n.c.s.URLConfigurationSource - [<init>,127] - To enable URLs as dynamic configuration sources, define System property archaius.configurationSource.additionalUrls or make config.properties available on classpath.
18:12:01.076 [restartedMain] INFO  c.n.c.s.URLConfigurationSource - [<init>,127] - To enable URLs as dynamic configuration sources, define System property archaius.configurationSource.additionalUrls or make config.properties available on classpath.
18:12:04.719 [restartedMain] INFO  o.a.c.h.Http11NioProtocol - [log,173] - Starting ProtocolHandler ["http-nio-9701"]
18:12:04.739 [restartedMain] INFO  c.a.c.n.r.NacosServiceRegistry - [register,75] - nacos registry, DEFAULT_GROUP service-study 192.168.76.1:9701 register finished
18:12:06.187 [restartedMain] INFO  s.d.s.w.p.DocumentationPluginsBootstrapper - [start,93] - Documentation plugins bootstrapped
18:12:06.189 [restartedMain] INFO  s.d.s.w.p.DocumentationPluginsBootstrapper - [bootstrapDocumentationPlugins,79] - Found 1 custom documentation plugin(s)
18:12:06.213 [restartedMain] INFO  s.d.s.w.s.ApiListingReferenceScanner - [scan,44] - Scanning for api listing references
18:12:06.229 [restartedMain] INFO  c.g.StartStudy - [logStarted,61] - Started StartStudy in 15.493 seconds (JVM running for 17.042)
18:12:06.280 [RMI TCP Connection(11)-192.168.226.1] INFO  c.z.h.HikariDataSource - [getConnection,110] - HikariPool-1 - Starting...
18:12:06.396 [RMI TCP Connection(11)-192.168.226.1] INFO  c.z.h.HikariDataSource - [getConnection,123] - HikariPool-1 - Start completed.
18:12:06.934 [RMI TCP Connection(13)-192.168.226.1] INFO  o.a.c.c.C.[.[.[/] - [log,173] - Initializing Spring DispatcherServlet 'dispatcherServlet'
18:20:45.434 [SpringContextShutdownHook] INFO  c.a.c.n.r.NacosServiceRegistry - [deregister,94] - De-registering from Nacos Server now...
18:20:45.438 [SpringContextShutdownHook] INFO  c.a.c.n.r.NacosServiceRegistry - [deregister,114] - De-registration finished.
18:20:45.776 [SpringContextShutdownHook] INFO  c.z.h.HikariDataSource - [close,350] - HikariPool-1 - Shutdown initiated...
18:20:45.787 [SpringContextShutdownHook] INFO  c.z.h.HikariDataSource - [close,352] - HikariPool-1 - Shutdown completed.
18:35:28.634 [restartedMain] INFO  o.r.Reflections - [scan,232] - Reflections took 16 ms to scan 1 urls, producing 3 keys and 6 values 
18:35:28.654 [restartedMain] INFO  o.r.Reflections - [scan,232] - Reflections took 10 ms to scan 1 urls, producing 4 keys and 9 values 
18:35:28.662 [restartedMain] INFO  o.r.Reflections - [scan,232] - Reflections took 5 ms to scan 1 urls, producing 3 keys and 10 values 
18:35:28.677 [restartedMain] INFO  o.r.Reflections - [scan,232] - Reflections took 11 ms to scan 5 urls, producing 0 keys and 0 values 
18:35:28.684 [restartedMain] INFO  o.r.Reflections - [scan,232] - Reflections took 6 ms to scan 1 urls, producing 1 keys and 5 values 
18:35:28.694 [restartedMain] INFO  o.r.Reflections - [scan,232] - Reflections took 8 ms to scan 1 urls, producing 1 keys and 7 values 
18:35:28.703 [restartedMain] INFO  o.r.Reflections - [scan,232] - Reflections took 7 ms to scan 1 urls, producing 2 keys and 8 values 
18:35:28.717 [restartedMain] INFO  o.r.Reflections - [scan,232] - Reflections took 11 ms to scan 5 urls, producing 0 keys and 0 values 
18:35:30.254 [restartedMain] INFO  c.g.StartStudy - [logStartupProfileInfo,652] - The following profiles are active: dev
18:35:31.405 [restartedMain] INFO  c.u.j.c.EnableEncryptablePropertiesBeanFactoryPostProcessor - [postProcessBeanFactory,48] - Post-processing PropertySource instances
18:35:31.414 [restartedMain] INFO  c.u.j.EncryptablePropertySourceConverter - [makeEncryptable,41] - Converting PropertySource bootstrapProperties-service-study-dev.properties,DEFAULT_GROUP [org.springframework.cloud.bootstrap.config.BootstrapPropertySource] to EncryptableEnumerablePropertySourceWrapper
18:35:31.414 [restartedMain] INFO  c.u.j.EncryptablePropertySourceConverter - [makeEncryptable,41] - Converting PropertySource bootstrapProperties-service-study.properties,DEFAULT_GROUP [org.springframework.cloud.bootstrap.config.BootstrapPropertySource] to EncryptableEnumerablePropertySourceWrapper
18:35:31.415 [restartedMain] INFO  c.u.j.EncryptablePropertySourceConverter - [makeEncryptable,41] - Converting PropertySource bootstrapProperties-service-study,DEFAULT_GROUP [org.springframework.cloud.bootstrap.config.BootstrapPropertySource] to EncryptableEnumerablePropertySourceWrapper
18:35:31.415 [restartedMain] INFO  c.u.j.EncryptablePropertySourceConverter - [makeEncryptable,41] - Converting PropertySource configurationProperties [org.springframework.boot.context.properties.source.ConfigurationPropertySourcesPropertySource] to AOP Proxy
18:35:31.415 [restartedMain] INFO  c.u.j.EncryptablePropertySourceConverter - [makeEncryptable,41] - Converting PropertySource servletConfigInitParams [org.springframework.core.env.PropertySource$StubPropertySource] to EncryptablePropertySourceWrapper
18:35:31.415 [restartedMain] INFO  c.u.j.EncryptablePropertySourceConverter - [makeEncryptable,41] - Converting PropertySource servletContextInitParams [org.springframework.core.env.PropertySource$StubPropertySource] to EncryptablePropertySourceWrapper
18:35:31.415 [restartedMain] INFO  c.u.j.EncryptablePropertySourceConverter - [makeEncryptable,41] - Converting PropertySource systemProperties [org.springframework.core.env.PropertiesPropertySource] to EncryptableMapPropertySourceWrapper
18:35:31.415 [restartedMain] INFO  c.u.j.EncryptablePropertySourceConverter - [makeEncryptable,41] - Converting PropertySource systemEnvironment [org.springframework.boot.env.SystemEnvironmentPropertySourceEnvironmentPostProcessor$OriginAwareSystemEnvironmentPropertySource] to EncryptableSystemEnvironmentPropertySourceWrapper
18:35:31.415 [restartedMain] INFO  c.u.j.EncryptablePropertySourceConverter - [makeEncryptable,41] - Converting PropertySource random [org.springframework.boot.env.RandomValuePropertySource] to EncryptablePropertySourceWrapper
18:35:31.415 [restartedMain] INFO  c.u.j.EncryptablePropertySourceConverter - [makeEncryptable,41] - Converting PropertySource springCloudClientHostInfo [org.springframework.core.env.MapPropertySource] to EncryptableMapPropertySourceWrapper
18:35:31.415 [restartedMain] INFO  c.u.j.EncryptablePropertySourceConverter - [makeEncryptable,41] - Converting PropertySource applicationConfig: [classpath:/application-dev.yml] [org.springframework.boot.env.OriginTrackedMapPropertySource] to EncryptableMapPropertySourceWrapper
18:35:31.416 [restartedMain] INFO  c.u.j.EncryptablePropertySourceConverter - [makeEncryptable,41] - Converting PropertySource applicationConfig: [classpath:/application.yml] [org.springframework.boot.env.OriginTrackedMapPropertySource] to EncryptableMapPropertySourceWrapper
18:35:31.416 [restartedMain] INFO  c.u.j.EncryptablePropertySourceConverter - [makeEncryptable,41] - Converting PropertySource devtools [org.springframework.core.env.MapPropertySource] to EncryptableMapPropertySourceWrapper
18:35:31.416 [restartedMain] INFO  c.u.j.EncryptablePropertySourceConverter - [makeEncryptable,41] - Converting PropertySource springCloudDefaultProperties [org.springframework.core.env.MapPropertySource] to EncryptableMapPropertySourceWrapper
18:35:31.416 [restartedMain] INFO  c.u.j.EncryptablePropertySourceConverter - [makeEncryptable,41] - Converting PropertySource cachedrandom [org.springframework.cloud.util.random.CachedRandomPropertySource] to EncryptablePropertySourceWrapper
18:35:31.458 [restartedMain] INFO  c.u.j.f.DefaultLazyPropertyFilter - [lambda$null$2,34] - Property Filter custom Bean not found with name 'encryptablePropertyFilter'. Initializing Default Property Filter
18:35:31.621 [restartedMain] INFO  c.u.j.r.DefaultLazyPropertyResolver - [lambda$null$2,35] - Property Resolver custom Bean not found with name 'encryptablePropertyResolver'. Initializing Default Property Resolver
18:35:31.621 [restartedMain] INFO  c.u.j.d.DefaultLazyPropertyDetector - [lambda$null$2,33] - Property Detector custom Bean not found with name 'encryptablePropertyDetector'. Initializing Default Property Detector
18:35:32.061 [restartedMain] INFO  o.a.c.h.Http11NioProtocol - [log,173] - Initializing ProtocolHandler ["http-nio-9701"]
18:35:32.061 [restartedMain] INFO  o.a.c.c.StandardService - [log,173] - Starting service [Tomcat]
18:35:32.061 [restartedMain] INFO  o.a.c.c.StandardEngine - [log,173] - Starting Servlet engine: [Apache Tomcat/9.0.46]
18:35:32.232 [restartedMain] INFO  o.a.c.c.C.[.[.[/] - [log,173] - Initializing Spring embedded WebApplicationContext
18:35:32.913 [restartedMain] INFO  c.a.c.s.SentinelWebAutoConfiguration - [addInterceptors,80] - [Sentinel Starter] register SentinelWebInterceptor with urlPatterns: [/**].
18:35:34.793 [restartedMain] INFO  s.d.s.w.WebMvcPropertySourcedRequestMappingHandlerMapping - [initHandlerMethods,69] - Mapped URL path [/v2/api-docs] onto method [springfox.documentation.swagger2.web.Swagger2ControllerWebMvc#getDocumentation(String, HttpServletRequest)]
18:35:34.815 [restartedMain] INFO  c.n.c.s.URLConfigurationSource - [<init>,127] - To enable URLs as dynamic configuration sources, define System property archaius.configurationSource.additionalUrls or make config.properties available on classpath.
18:35:34.818 [restartedMain] INFO  c.n.c.s.URLConfigurationSource - [<init>,127] - To enable URLs as dynamic configuration sources, define System property archaius.configurationSource.additionalUrls or make config.properties available on classpath.
18:35:37.996 [restartedMain] INFO  o.a.c.h.Http11NioProtocol - [log,173] - Starting ProtocolHandler ["http-nio-9701"]
18:35:38.015 [restartedMain] INFO  c.a.c.n.r.NacosServiceRegistry - [register,75] - nacos registry, DEFAULT_GROUP service-study 192.168.76.1:9701 register finished
18:35:39.524 [restartedMain] INFO  s.d.s.w.p.DocumentationPluginsBootstrapper - [start,93] - Documentation plugins bootstrapped
18:35:39.527 [restartedMain] INFO  s.d.s.w.p.DocumentationPluginsBootstrapper - [bootstrapDocumentationPlugins,79] - Found 1 custom documentation plugin(s)
18:35:39.553 [restartedMain] INFO  s.d.s.w.s.ApiListingReferenceScanner - [scan,44] - Scanning for api listing references
18:35:39.566 [restartedMain] INFO  c.g.StartStudy - [logStarted,61] - Started StartStudy in 14.595 seconds (JVM running for 15.99)
18:35:40.544 [RMI TCP Connection(8)-192.168.226.1] INFO  o.a.c.c.C.[.[.[/] - [log,173] - Initializing Spring DispatcherServlet 'dispatcherServlet'
18:35:40.563 [RMI TCP Connection(9)-192.168.226.1] INFO  c.z.h.HikariDataSource - [getConnection,110] - HikariPool-1 - Starting...
18:35:40.710 [RMI TCP Connection(9)-192.168.226.1] INFO  c.z.h.HikariDataSource - [getConnection,123] - HikariPool-1 - Start completed.
18:36:38.651 [SpringContextShutdownHook] INFO  c.a.c.n.r.NacosServiceRegistry - [deregister,94] - De-registering from Nacos Server now...
18:36:38.667 [SpringContextShutdownHook] INFO  c.a.c.n.r.NacosServiceRegistry - [deregister,114] - De-registration finished.
18:36:39.008 [SpringContextShutdownHook] INFO  c.z.h.HikariDataSource - [close,350] - HikariPool-1 - Shutdown initiated...
18:36:39.018 [SpringContextShutdownHook] INFO  c.z.h.HikariDataSource - [close,352] - HikariPool-1 - Shutdown completed.
18:36:52.273 [restartedMain] INFO  o.r.Reflections - [scan,232] - Reflections took 17 ms to scan 1 urls, producing 3 keys and 6 values 
18:36:52.294 [restartedMain] INFO  o.r.Reflections - [scan,232] - Reflections took 11 ms to scan 1 urls, producing 4 keys and 9 values 
18:36:52.302 [restartedMain] INFO  o.r.Reflections - [scan,232] - Reflections took 5 ms to scan 1 urls, producing 3 keys and 10 values 
18:36:52.318 [restartedMain] INFO  o.r.Reflections - [scan,232] - Reflections took 12 ms to scan 5 urls, producing 0 keys and 0 values 
18:36:52.324 [restartedMain] INFO  o.r.Reflections - [scan,232] - Reflections took 5 ms to scan 1 urls, producing 1 keys and 5 values 
18:36:52.332 [restartedMain] INFO  o.r.Reflections - [scan,232] - Reflections took 6 ms to scan 1 urls, producing 1 keys and 7 values 
18:36:52.342 [restartedMain] INFO  o.r.Reflections - [scan,232] - Reflections took 7 ms to scan 1 urls, producing 2 keys and 8 values 
18:36:52.356 [restartedMain] INFO  o.r.Reflections - [scan,232] - Reflections took 11 ms to scan 5 urls, producing 0 keys and 0 values 
18:36:54.043 [restartedMain] INFO  c.g.StartStudy - [logStartupProfileInfo,652] - The following profiles are active: dev
18:36:55.208 [restartedMain] INFO  c.u.j.c.EnableEncryptablePropertiesBeanFactoryPostProcessor - [postProcessBeanFactory,48] - Post-processing PropertySource instances
18:36:55.220 [restartedMain] INFO  c.u.j.EncryptablePropertySourceConverter - [makeEncryptable,41] - Converting PropertySource bootstrapProperties-service-study-dev.properties,DEFAULT_GROUP [org.springframework.cloud.bootstrap.config.BootstrapPropertySource] to EncryptableEnumerablePropertySourceWrapper
18:36:55.221 [restartedMain] INFO  c.u.j.EncryptablePropertySourceConverter - [makeEncryptable,41] - Converting PropertySource bootstrapProperties-service-study.properties,DEFAULT_GROUP [org.springframework.cloud.bootstrap.config.BootstrapPropertySource] to EncryptableEnumerablePropertySourceWrapper
18:36:55.221 [restartedMain] INFO  c.u.j.EncryptablePropertySourceConverter - [makeEncryptable,41] - Converting PropertySource bootstrapProperties-service-study,DEFAULT_GROUP [org.springframework.cloud.bootstrap.config.BootstrapPropertySource] to EncryptableEnumerablePropertySourceWrapper
18:36:55.221 [restartedMain] INFO  c.u.j.EncryptablePropertySourceConverter - [makeEncryptable,41] - Converting PropertySource configurationProperties [org.springframework.boot.context.properties.source.ConfigurationPropertySourcesPropertySource] to AOP Proxy
18:36:55.221 [restartedMain] INFO  c.u.j.EncryptablePropertySourceConverter - [makeEncryptable,41] - Converting PropertySource servletConfigInitParams [org.springframework.core.env.PropertySource$StubPropertySource] to EncryptablePropertySourceWrapper
18:36:55.221 [restartedMain] INFO  c.u.j.EncryptablePropertySourceConverter - [makeEncryptable,41] - Converting PropertySource servletContextInitParams [org.springframework.core.env.PropertySource$StubPropertySource] to EncryptablePropertySourceWrapper
18:36:55.221 [restartedMain] INFO  c.u.j.EncryptablePropertySourceConverter - [makeEncryptable,41] - Converting PropertySource systemProperties [org.springframework.core.env.PropertiesPropertySource] to EncryptableMapPropertySourceWrapper
18:36:55.221 [restartedMain] INFO  c.u.j.EncryptablePropertySourceConverter - [makeEncryptable,41] - Converting PropertySource systemEnvironment [org.springframework.boot.env.SystemEnvironmentPropertySourceEnvironmentPostProcessor$OriginAwareSystemEnvironmentPropertySource] to EncryptableSystemEnvironmentPropertySourceWrapper
18:36:55.222 [restartedMain] INFO  c.u.j.EncryptablePropertySourceConverter - [makeEncryptable,41] - Converting PropertySource random [org.springframework.boot.env.RandomValuePropertySource] to EncryptablePropertySourceWrapper
18:36:55.222 [restartedMain] INFO  c.u.j.EncryptablePropertySourceConverter - [makeEncryptable,41] - Converting PropertySource springCloudClientHostInfo [org.springframework.core.env.MapPropertySource] to EncryptableMapPropertySourceWrapper
18:36:55.222 [restartedMain] INFO  c.u.j.EncryptablePropertySourceConverter - [makeEncryptable,41] - Converting PropertySource applicationConfig: [classpath:/application-dev.yml] [org.springframework.boot.env.OriginTrackedMapPropertySource] to EncryptableMapPropertySourceWrapper
18:36:55.222 [restartedMain] INFO  c.u.j.EncryptablePropertySourceConverter - [makeEncryptable,41] - Converting PropertySource applicationConfig: [classpath:/application.yml] [org.springframework.boot.env.OriginTrackedMapPropertySource] to EncryptableMapPropertySourceWrapper
18:36:55.222 [restartedMain] INFO  c.u.j.EncryptablePropertySourceConverter - [makeEncryptable,41] - Converting PropertySource devtools [org.springframework.core.env.MapPropertySource] to EncryptableMapPropertySourceWrapper
18:36:55.222 [restartedMain] INFO  c.u.j.EncryptablePropertySourceConverter - [makeEncryptable,41] - Converting PropertySource springCloudDefaultProperties [org.springframework.core.env.MapPropertySource] to EncryptableMapPropertySourceWrapper
18:36:55.222 [restartedMain] INFO  c.u.j.EncryptablePropertySourceConverter - [makeEncryptable,41] - Converting PropertySource cachedrandom [org.springframework.cloud.util.random.CachedRandomPropertySource] to EncryptablePropertySourceWrapper
18:36:55.261 [restartedMain] INFO  c.u.j.f.DefaultLazyPropertyFilter - [lambda$null$2,34] - Property Filter custom Bean not found with name 'encryptablePropertyFilter'. Initializing Default Property Filter
18:36:55.454 [restartedMain] INFO  c.u.j.r.DefaultLazyPropertyResolver - [lambda$null$2,35] - Property Resolver custom Bean not found with name 'encryptablePropertyResolver'. Initializing Default Property Resolver
18:36:55.454 [restartedMain] INFO  c.u.j.d.DefaultLazyPropertyDetector - [lambda$null$2,33] - Property Detector custom Bean not found with name 'encryptablePropertyDetector'. Initializing Default Property Detector
18:36:55.972 [restartedMain] INFO  o.a.c.h.Http11NioProtocol - [log,173] - Initializing ProtocolHandler ["http-nio-9701"]
18:36:55.972 [restartedMain] INFO  o.a.c.c.StandardService - [log,173] - Starting service [Tomcat]
18:36:55.972 [restartedMain] INFO  o.a.c.c.StandardEngine - [log,173] - Starting Servlet engine: [Apache Tomcat/9.0.46]
18:36:56.154 [restartedMain] INFO  o.a.c.c.C.[.[.[/] - [log,173] - Initializing Spring embedded WebApplicationContext
18:36:56.851 [restartedMain] INFO  c.a.c.s.SentinelWebAutoConfiguration - [addInterceptors,80] - [Sentinel Starter] register SentinelWebInterceptor with urlPatterns: [/**].
18:36:58.929 [restartedMain] INFO  s.d.s.w.WebMvcPropertySourcedRequestMappingHandlerMapping - [initHandlerMethods,69] - Mapped URL path [/v2/api-docs] onto method [springfox.documentation.swagger2.web.Swagger2ControllerWebMvc#getDocumentation(String, HttpServletRequest)]
18:36:58.965 [restartedMain] INFO  c.n.c.s.URLConfigurationSource - [<init>,127] - To enable URLs as dynamic configuration sources, define System property archaius.configurationSource.additionalUrls or make config.properties available on classpath.
18:36:58.971 [restartedMain] INFO  c.n.c.s.URLConfigurationSource - [<init>,127] - To enable URLs as dynamic configuration sources, define System property archaius.configurationSource.additionalUrls or make config.properties available on classpath.
18:37:02.427 [restartedMain] INFO  o.a.c.h.Http11NioProtocol - [log,173] - Starting ProtocolHandler ["http-nio-9701"]
18:37:02.448 [restartedMain] INFO  c.a.c.n.r.NacosServiceRegistry - [register,75] - nacos registry, DEFAULT_GROUP service-study 192.168.76.1:9701 register finished
18:37:04.041 [restartedMain] INFO  s.d.s.w.p.DocumentationPluginsBootstrapper - [start,93] - Documentation plugins bootstrapped
18:37:04.044 [restartedMain] INFO  s.d.s.w.p.DocumentationPluginsBootstrapper - [bootstrapDocumentationPlugins,79] - Found 1 custom documentation plugin(s)
18:37:04.071 [restartedMain] INFO  s.d.s.w.s.ApiListingReferenceScanner - [scan,44] - Scanning for api listing references
18:37:04.087 [restartedMain] INFO  c.g.StartStudy - [logStarted,61] - Started StartStudy in 15.468 seconds (JVM running for 16.778)
18:37:04.415 [RMI TCP Connection(10)-192.168.226.1] INFO  o.a.c.c.C.[.[.[/] - [log,173] - Initializing Spring DispatcherServlet 'dispatcherServlet'
18:37:04.448 [RMI TCP Connection(9)-192.168.226.1] INFO  c.z.h.HikariDataSource - [getConnection,110] - HikariPool-1 - Starting...
18:37:04.561 [RMI TCP Connection(9)-192.168.226.1] INFO  c.z.h.HikariDataSource - [getConnection,123] - HikariPool-1 - Start completed.
18:43:06.598 [SpringContextShutdownHook] INFO  c.a.c.n.r.NacosServiceRegistry - [deregister,94] - De-registering from Nacos Server now...
18:43:06.601 [SpringContextShutdownHook] INFO  c.a.c.n.r.NacosServiceRegistry - [deregister,114] - De-registration finished.
18:43:06.935 [SpringContextShutdownHook] INFO  c.z.h.HikariDataSource - [close,350] - HikariPool-1 - Shutdown initiated...
18:43:06.949 [SpringContextShutdownHook] INFO  c.z.h.HikariDataSource - [close,352] - HikariPool-1 - Shutdown completed.
18:43:34.337 [restartedMain] INFO  o.r.Reflections - [scan,232] - Reflections took 31 ms to scan 1 urls, producing 3 keys and 6 values 
18:43:34.373 [restartedMain] INFO  o.r.Reflections - [scan,232] - Reflections took 16 ms to scan 1 urls, producing 4 keys and 9 values 
18:43:34.390 [restartedMain] INFO  o.r.Reflections - [scan,232] - Reflections took 12 ms to scan 1 urls, producing 3 keys and 10 values 
18:43:34.415 [restartedMain] INFO  o.r.Reflections - [scan,232] - Reflections took 19 ms to scan 5 urls, producing 0 keys and 0 values 
18:43:34.426 [restartedMain] INFO  o.r.Reflections - [scan,232] - Reflections took 9 ms to scan 1 urls, producing 1 keys and 5 values 
18:43:34.452 [restartedMain] INFO  o.r.Reflections - [scan,232] - Reflections took 22 ms to scan 1 urls, producing 1 keys and 7 values 
18:43:34.478 [restartedMain] INFO  o.r.Reflections - [scan,232] - Reflections took 15 ms to scan 1 urls, producing 2 keys and 8 values 
18:43:34.503 [restartedMain] INFO  o.r.Reflections - [scan,232] - Reflections took 20 ms to scan 5 urls, producing 0 keys and 0 values 
18:43:37.261 [restartedMain] INFO  c.g.StartStudy - [logStartupProfileInfo,652] - The following profiles are active: dev
18:43:39.088 [restartedMain] INFO  c.u.j.c.EnableEncryptablePropertiesBeanFactoryPostProcessor - [postProcessBeanFactory,48] - Post-processing PropertySource instances
18:43:39.106 [restartedMain] INFO  c.u.j.EncryptablePropertySourceConverter - [makeEncryptable,41] - Converting PropertySource bootstrapProperties-service-study-dev.properties,DEFAULT_GROUP [org.springframework.cloud.bootstrap.config.BootstrapPropertySource] to EncryptableEnumerablePropertySourceWrapper
18:43:39.107 [restartedMain] INFO  c.u.j.EncryptablePropertySourceConverter - [makeEncryptable,41] - Converting PropertySource bootstrapProperties-service-study.properties,DEFAULT_GROUP [org.springframework.cloud.bootstrap.config.BootstrapPropertySource] to EncryptableEnumerablePropertySourceWrapper
18:43:39.107 [restartedMain] INFO  c.u.j.EncryptablePropertySourceConverter - [makeEncryptable,41] - Converting PropertySource bootstrapProperties-service-study,DEFAULT_GROUP [org.springframework.cloud.bootstrap.config.BootstrapPropertySource] to EncryptableEnumerablePropertySourceWrapper
18:43:39.107 [restartedMain] INFO  c.u.j.EncryptablePropertySourceConverter - [makeEncryptable,41] - Converting PropertySource configurationProperties [org.springframework.boot.context.properties.source.ConfigurationPropertySourcesPropertySource] to AOP Proxy
18:43:39.107 [restartedMain] INFO  c.u.j.EncryptablePropertySourceConverter - [makeEncryptable,41] - Converting PropertySource servletConfigInitParams [org.springframework.core.env.PropertySource$StubPropertySource] to EncryptablePropertySourceWrapper
18:43:39.108 [restartedMain] INFO  c.u.j.EncryptablePropertySourceConverter - [makeEncryptable,41] - Converting PropertySource servletContextInitParams [org.springframework.core.env.PropertySource$StubPropertySource] to EncryptablePropertySourceWrapper
18:43:39.108 [restartedMain] INFO  c.u.j.EncryptablePropertySourceConverter - [makeEncryptable,41] - Converting PropertySource systemProperties [org.springframework.core.env.PropertiesPropertySource] to EncryptableMapPropertySourceWrapper
18:43:39.108 [restartedMain] INFO  c.u.j.EncryptablePropertySourceConverter - [makeEncryptable,41] - Converting PropertySource systemEnvironment [org.springframework.boot.env.SystemEnvironmentPropertySourceEnvironmentPostProcessor$OriginAwareSystemEnvironmentPropertySource] to EncryptableSystemEnvironmentPropertySourceWrapper
18:43:39.108 [restartedMain] INFO  c.u.j.EncryptablePropertySourceConverter - [makeEncryptable,41] - Converting PropertySource random [org.springframework.boot.env.RandomValuePropertySource] to EncryptablePropertySourceWrapper
18:43:39.109 [restartedMain] INFO  c.u.j.EncryptablePropertySourceConverter - [makeEncryptable,41] - Converting PropertySource springCloudClientHostInfo [org.springframework.core.env.MapPropertySource] to EncryptableMapPropertySourceWrapper
18:43:39.109 [restartedMain] INFO  c.u.j.EncryptablePropertySourceConverter - [makeEncryptable,41] - Converting PropertySource applicationConfig: [classpath:/application-dev.yml] [org.springframework.boot.env.OriginTrackedMapPropertySource] to EncryptableMapPropertySourceWrapper
18:43:39.109 [restartedMain] INFO  c.u.j.EncryptablePropertySourceConverter - [makeEncryptable,41] - Converting PropertySource applicationConfig: [classpath:/application.yml] [org.springframework.boot.env.OriginTrackedMapPropertySource] to EncryptableMapPropertySourceWrapper
18:43:39.109 [restartedMain] INFO  c.u.j.EncryptablePropertySourceConverter - [makeEncryptable,41] - Converting PropertySource devtools [org.springframework.core.env.MapPropertySource] to EncryptableMapPropertySourceWrapper
18:43:39.109 [restartedMain] INFO  c.u.j.EncryptablePropertySourceConverter - [makeEncryptable,41] - Converting PropertySource springCloudDefaultProperties [org.springframework.core.env.MapPropertySource] to EncryptableMapPropertySourceWrapper
18:43:39.109 [restartedMain] INFO  c.u.j.EncryptablePropertySourceConverter - [makeEncryptable,41] - Converting PropertySource cachedrandom [org.springframework.cloud.util.random.CachedRandomPropertySource] to EncryptablePropertySourceWrapper
18:43:39.170 [restartedMain] INFO  c.u.j.f.DefaultLazyPropertyFilter - [lambda$null$2,34] - Property Filter custom Bean not found with name 'encryptablePropertyFilter'. Initializing Default Property Filter
18:43:39.425 [restartedMain] INFO  c.u.j.r.DefaultLazyPropertyResolver - [lambda$null$2,35] - Property Resolver custom Bean not found with name 'encryptablePropertyResolver'. Initializing Default Property Resolver
18:43:39.426 [restartedMain] INFO  c.u.j.d.DefaultLazyPropertyDetector - [lambda$null$2,33] - Property Detector custom Bean not found with name 'encryptablePropertyDetector'. Initializing Default Property Detector
18:43:40.041 [restartedMain] INFO  o.a.c.h.Http11NioProtocol - [log,173] - Initializing ProtocolHandler ["http-nio-9701"]
18:43:40.041 [restartedMain] INFO  o.a.c.c.StandardService - [log,173] - Starting service [Tomcat]
18:43:40.041 [restartedMain] INFO  o.a.c.c.StandardEngine - [log,173] - Starting Servlet engine: [Apache Tomcat/9.0.46]
18:43:40.234 [restartedMain] INFO  o.a.c.c.C.[.[.[/] - [log,173] - Initializing Spring embedded WebApplicationContext
18:43:41.003 [restartedMain] INFO  c.a.c.s.SentinelWebAutoConfiguration - [addInterceptors,80] - [Sentinel Starter] register SentinelWebInterceptor with urlPatterns: [/**].
18:43:42.962 [restartedMain] INFO  s.d.s.w.WebMvcPropertySourcedRequestMappingHandlerMapping - [initHandlerMethods,69] - Mapped URL path [/v2/api-docs] onto method [springfox.documentation.swagger2.web.Swagger2ControllerWebMvc#getDocumentation(String, HttpServletRequest)]
18:43:42.989 [restartedMain] INFO  c.n.c.s.URLConfigurationSource - [<init>,127] - To enable URLs as dynamic configuration sources, define System property archaius.configurationSource.additionalUrls or make config.properties available on classpath.
18:43:42.992 [restartedMain] INFO  c.n.c.s.URLConfigurationSource - [<init>,127] - To enable URLs as dynamic configuration sources, define System property archaius.configurationSource.additionalUrls or make config.properties available on classpath.
18:43:46.445 [restartedMain] INFO  o.a.c.h.Http11NioProtocol - [log,173] - Starting ProtocolHandler ["http-nio-9701"]
18:43:46.467 [restartedMain] INFO  c.a.c.n.r.NacosServiceRegistry - [register,75] - nacos registry, DEFAULT_GROUP service-study 192.168.76.1:9701 register finished
18:43:48.020 [restartedMain] INFO  s.d.s.w.p.DocumentationPluginsBootstrapper - [start,93] - Documentation plugins bootstrapped
18:43:48.023 [restartedMain] INFO  s.d.s.w.p.DocumentationPluginsBootstrapper - [bootstrapDocumentationPlugins,79] - Found 1 custom documentation plugin(s)
18:43:48.049 [restartedMain] INFO  s.d.s.w.s.ApiListingReferenceScanner - [scan,44] - Scanning for api listing references
18:43:48.070 [restartedMain] INFO  c.g.StartStudy - [logStarted,61] - Started StartStudy in 18.02 seconds (JVM running for 19.778)
18:43:48.468 [RMI TCP Connection(9)-192.168.226.1] INFO  o.a.c.c.C.[.[.[/] - [log,173] - Initializing Spring DispatcherServlet 'dispatcherServlet'
18:43:48.489 [RMI TCP Connection(7)-192.168.226.1] INFO  c.z.h.HikariDataSource - [getConnection,110] - HikariPool-1 - Starting...
18:43:48.632 [RMI TCP Connection(7)-192.168.226.1] INFO  c.z.h.HikariDataSource - [getConnection,123] - HikariPool-1 - Start completed.
19:10:56.295 [SpringContextShutdownHook] INFO  c.a.c.n.r.NacosServiceRegistry - [deregister,94] - De-registering from Nacos Server now...
19:10:56.297 [SpringContextShutdownHook] INFO  c.a.c.n.r.NacosServiceRegistry - [deregister,114] - De-registration finished.
19:10:56.639 [SpringContextShutdownHook] INFO  c.z.h.HikariDataSource - [close,350] - HikariPool-1 - Shutdown initiated...
19:10:56.650 [SpringContextShutdownHook] INFO  c.z.h.HikariDataSource - [close,352] - HikariPool-1 - Shutdown completed.
