00:20:53.789 [main] INFO  o.r.Reflections - [scan,232] - Reflections took 30 ms to scan 1 urls, producing 3 keys and 6 values 
00:20:53.815 [main] INFO  o.r.Reflections - [scan,232] - Reflections took 8 ms to scan 1 urls, producing 4 keys and 9 values 
00:20:53.823 [main] INFO  o.r.Reflections - [scan,232] - Reflections took 5 ms to scan 1 urls, producing 3 keys and 10 values 
00:20:53.830 [main] INFO  o.r.Reflections - [scan,232] - Reflections took 5 ms to scan 1 urls, producing 1 keys and 5 values 
00:20:53.836 [main] INFO  o.r.Reflections - [scan,232] - Reflections took 5 ms to scan 1 urls, producing 1 keys and 7 values 
00:20:53.842 [main] INFO  o.r.Reflections - [scan,232] - Reflections took 4 ms to scan 1 urls, producing 2 keys and 8 values 
00:20:55.696 [main] INFO  c.g.p.c.PcmCustServiceTest - [logStartupProfileInfo,652] - The following profiles are active: dev
00:20:57.108 [main] INFO  c.u.j.c.EnableEncryptablePropertiesBeanFactoryPostProcessor - [postProcessBeanFactory,48] - Post-processing PropertySource instances
00:20:57.119 [main] INFO  c.u.j.EncryptablePropertySourceConverter - [makeEncryptable,41] - Converting PropertySource bootstrapProperties-service-pcm-dev.properties,DEFAULT_GROUP [org.springframework.cloud.bootstrap.config.BootstrapPropertySource] to EncryptableEnumerablePropertySourceWrapper
00:20:57.119 [main] INFO  c.u.j.EncryptablePropertySourceConverter - [makeEncryptable,41] - Converting PropertySource bootstrapProperties-service-pcm.properties,DEFAULT_GROUP [org.springframework.cloud.bootstrap.config.BootstrapPropertySource] to EncryptableEnumerablePropertySourceWrapper
00:20:57.120 [main] INFO  c.u.j.EncryptablePropertySourceConverter - [makeEncryptable,41] - Converting PropertySource bootstrapProperties-service-pcm,DEFAULT_GROUP [org.springframework.cloud.bootstrap.config.BootstrapPropertySource] to EncryptableEnumerablePropertySourceWrapper
00:20:57.120 [main] INFO  c.u.j.EncryptablePropertySourceConverter - [makeEncryptable,41] - Converting PropertySource configurationProperties [org.springframework.boot.context.properties.source.ConfigurationPropertySourcesPropertySource] to AOP Proxy
00:20:57.120 [main] INFO  c.u.j.EncryptablePropertySourceConverter - [makeEncryptable,41] - Converting PropertySource Inlined Test Properties [org.springframework.core.env.MapPropertySource] to EncryptableMapPropertySourceWrapper
00:20:57.120 [main] INFO  c.u.j.EncryptablePropertySourceConverter - [makeEncryptable,41] - Converting PropertySource systemProperties [org.springframework.core.env.PropertiesPropertySource] to EncryptableMapPropertySourceWrapper
00:20:57.121 [main] INFO  c.u.j.EncryptablePropertySourceConverter - [makeEncryptable,41] - Converting PropertySource systemEnvironment [org.springframework.boot.env.SystemEnvironmentPropertySourceEnvironmentPostProcessor$OriginAwareSystemEnvironmentPropertySource] to EncryptableSystemEnvironmentPropertySourceWrapper
00:20:57.121 [main] INFO  c.u.j.EncryptablePropertySourceConverter - [makeEncryptable,41] - Converting PropertySource random [org.springframework.boot.env.RandomValuePropertySource] to EncryptablePropertySourceWrapper
00:20:57.122 [main] INFO  c.u.j.EncryptablePropertySourceConverter - [makeEncryptable,41] - Converting PropertySource springCloudClientHostInfo [org.springframework.core.env.MapPropertySource] to EncryptableMapPropertySourceWrapper
00:20:57.122 [main] INFO  c.u.j.EncryptablePropertySourceConverter - [makeEncryptable,41] - Converting PropertySource applicationConfig: [classpath:/application-dev.yml] [org.springframework.boot.env.OriginTrackedMapPropertySource] to EncryptableMapPropertySourceWrapper
00:20:57.122 [main] INFO  c.u.j.EncryptablePropertySourceConverter - [makeEncryptable,41] - Converting PropertySource applicationConfig: [classpath:/application.yml] [org.springframework.boot.env.OriginTrackedMapPropertySource] to EncryptableMapPropertySourceWrapper
00:20:57.122 [main] INFO  c.u.j.EncryptablePropertySourceConverter - [makeEncryptable,41] - Converting PropertySource springCloudDefaultProperties [org.springframework.core.env.MapPropertySource] to EncryptableMapPropertySourceWrapper
00:20:57.123 [main] INFO  c.u.j.EncryptablePropertySourceConverter - [makeEncryptable,41] - Converting PropertySource cachedrandom [org.springframework.cloud.util.random.CachedRandomPropertySource] to EncryptablePropertySourceWrapper
00:20:57.206 [main] INFO  c.u.j.f.DefaultLazyPropertyFilter - [lambda$null$2,34] - Property Filter custom Bean not found with name 'encryptablePropertyFilter'. Initializing Default Property Filter
00:20:57.581 [main] INFO  c.u.j.r.DefaultLazyPropertyResolver - [lambda$null$2,35] - Property Resolver custom Bean not found with name 'encryptablePropertyResolver'. Initializing Default Property Resolver
00:20:57.584 [main] INFO  c.u.j.d.DefaultLazyPropertyDetector - [lambda$null$2,33] - Property Detector custom Bean not found with name 'encryptablePropertyDetector'. Initializing Default Property Detector
00:21:01.076 [main] INFO  c.a.c.s.SentinelWebAutoConfiguration - [addInterceptors,80] - [Sentinel Starter] register SentinelWebInterceptor with urlPatterns: [/**].
00:21:03.309 [main] INFO  s.d.s.w.WebMvcPropertySourcedRequestMappingHandlerMapping - [initHandlerMethods,69] - Mapped URL path [/v2/api-docs] onto method [springfox.documentation.swagger2.web.Swagger2ControllerWebMvc#getDocumentation(String, HttpServletRequest)]
00:21:03.450 [main] INFO  c.n.c.s.URLConfigurationSource - [<init>,127] - To enable URLs as dynamic configuration sources, define System property archaius.configurationSource.additionalUrls or make config.properties available on classpath.
00:21:03.457 [main] INFO  c.n.c.s.URLConfigurationSource - [<init>,127] - To enable URLs as dynamic configuration sources, define System property archaius.configurationSource.additionalUrls or make config.properties available on classpath.
00:21:05.808 [main] INFO  s.d.s.w.p.DocumentationPluginsBootstrapper - [start,93] - Documentation plugins bootstrapped
00:21:05.811 [main] INFO  s.d.s.w.p.DocumentationPluginsBootstrapper - [bootstrapDocumentationPlugins,79] - Found 1 custom documentation plugin(s)
00:21:05.838 [main] INFO  s.d.s.w.s.ApiListingReferenceScanner - [scan,44] - Scanning for api listing references
00:21:05.980 [main] INFO  s.d.s.w.r.o.CachingOperationNameGenerator - [startingWith,41] - Generating unique operation named: listUsingPOST_1
00:21:05.994 [main] INFO  s.d.s.w.r.o.CachingOperationNameGenerator - [startingWith,41] - Generating unique operation named: deleteUsingPOST_1
00:21:06.005 [main] INFO  s.d.s.w.r.o.CachingOperationNameGenerator - [startingWith,41] - Generating unique operation named: saveUsingPOST_1
00:21:06.012 [main] INFO  s.d.s.w.r.o.CachingOperationNameGenerator - [startingWith,41] - Generating unique operation named: updateUsingPOST_1
00:21:06.027 [main] INFO  s.d.s.w.r.o.CachingOperationNameGenerator - [startingWith,41] - Generating unique operation named: listUsingPOST_2
00:21:06.031 [main] INFO  s.d.s.w.r.o.CachingOperationNameGenerator - [startingWith,41] - Generating unique operation named: deleteUsingPOST_2
00:21:06.036 [main] INFO  s.d.s.w.r.o.CachingOperationNameGenerator - [startingWith,41] - Generating unique operation named: saveUsingPOST_2
00:21:06.043 [main] INFO  s.d.s.w.r.o.CachingOperationNameGenerator - [startingWith,41] - Generating unique operation named: updateUsingPOST_2
00:21:06.057 [main] INFO  s.d.s.w.r.o.CachingOperationNameGenerator - [startingWith,41] - Generating unique operation named: listUsingPOST_3
00:21:06.060 [main] INFO  s.d.s.w.r.o.CachingOperationNameGenerator - [startingWith,41] - Generating unique operation named: deleteUsingPOST_3
00:21:06.071 [main] INFO  s.d.s.w.r.o.CachingOperationNameGenerator - [startingWith,41] - Generating unique operation named: saveUsingPOST_3
00:21:06.080 [main] INFO  s.d.s.w.r.o.CachingOperationNameGenerator - [startingWith,41] - Generating unique operation named: updateUsingPOST_3
00:21:06.090 [main] INFO  s.d.s.w.r.o.CachingOperationNameGenerator - [startingWith,41] - Generating unique operation named: listUsingPOST_4
00:21:06.094 [main] INFO  s.d.s.w.r.o.CachingOperationNameGenerator - [startingWith,41] - Generating unique operation named: deleteUsingPOST_4
00:21:06.098 [main] INFO  s.d.s.w.r.o.CachingOperationNameGenerator - [startingWith,41] - Generating unique operation named: saveUsingPOST_4
00:21:06.103 [main] INFO  s.d.s.w.r.o.CachingOperationNameGenerator - [startingWith,41] - Generating unique operation named: updateUsingPOST_4
00:21:06.111 [main] INFO  s.d.s.w.r.o.CachingOperationNameGenerator - [startingWith,41] - Generating unique operation named: listUsingPOST_5
00:21:06.114 [main] INFO  s.d.s.w.r.o.CachingOperationNameGenerator - [startingWith,41] - Generating unique operation named: deleteUsingPOST_5
00:21:06.119 [main] INFO  s.d.s.w.r.o.CachingOperationNameGenerator - [startingWith,41] - Generating unique operation named: saveUsingPOST_5
00:21:06.125 [main] INFO  s.d.s.w.r.o.CachingOperationNameGenerator - [startingWith,41] - Generating unique operation named: updateUsingPOST_5
00:21:06.134 [main] INFO  s.d.s.w.r.o.CachingOperationNameGenerator - [startingWith,41] - Generating unique operation named: listUsingPOST_6
00:21:06.138 [main] INFO  s.d.s.w.r.o.CachingOperationNameGenerator - [startingWith,41] - Generating unique operation named: deleteUsingPOST_6
00:21:06.141 [main] INFO  s.d.s.w.r.o.CachingOperationNameGenerator - [startingWith,41] - Generating unique operation named: saveUsingPOST_6
00:21:06.144 [main] INFO  s.d.s.w.r.o.CachingOperationNameGenerator - [startingWith,41] - Generating unique operation named: updateUsingPOST_6
00:21:06.154 [main] INFO  s.d.s.w.r.o.CachingOperationNameGenerator - [startingWith,41] - Generating unique operation named: listUsingPOST_7
00:21:06.156 [main] INFO  s.d.s.w.r.o.CachingOperationNameGenerator - [startingWith,41] - Generating unique operation named: deleteUsingPOST_7
00:21:06.159 [main] INFO  s.d.s.w.r.o.CachingOperationNameGenerator - [startingWith,41] - Generating unique operation named: saveUsingPOST_7
00:21:06.163 [main] INFO  s.d.s.w.r.o.CachingOperationNameGenerator - [startingWith,41] - Generating unique operation named: updateUsingPOST_7
00:21:06.169 [main] INFO  s.d.s.w.r.o.CachingOperationNameGenerator - [startingWith,41] - Generating unique operation named: listUsingPOST_8
00:21:06.177 [main] INFO  s.d.s.w.r.o.CachingOperationNameGenerator - [startingWith,41] - Generating unique operation named: listUsingPOST_9
00:21:06.179 [main] INFO  s.d.s.w.r.o.CachingOperationNameGenerator - [startingWith,41] - Generating unique operation named: deleteUsingPOST_8
00:21:06.182 [main] INFO  s.d.s.w.r.o.CachingOperationNameGenerator - [startingWith,41] - Generating unique operation named: saveUsingPOST_8
00:21:06.188 [main] INFO  s.d.s.w.r.o.CachingOperationNameGenerator - [startingWith,41] - Generating unique operation named: updateUsingPOST_8
00:21:06.213 [main] INFO  c.g.p.c.PcmCustServiceTest - [logStarted,61] - Started PcmCustServiceTest in 16.482 seconds (JVM running for 17.759)
00:21:06.652 [main] INFO  c.z.h.HikariDataSource - [getConnection,110] - HikariPool-1 - Starting...
00:21:06.823 [main] INFO  c.z.h.HikariDataSource - [getConnection,123] - HikariPool-1 - Start completed.
00:21:06.833 [main] INFO  c.g.p.c.PcmCustService - [updateCust,68] - 【修改--客户】PcmCustDTO4Update(custId=1689B_0001, ecifCustId=null, custName=江南1, lawOrgId=null, lawOrgName=null, custState=null, certType=null, certNo=null, certAddr=null, mobile=null, tel=null, address=null, sex=null, marStat=null, birthday=null, nation=null, country=null, livingType=null, isOwnCar=null, isOwnHouse=null, homeIntTotal=null, highestEdu=null, hobby=null, trade=null, profession=null, position=null, unitNm=null, isBlacklist=null, blacklistSource=null, remark=null, remarkUser=null, age=null, ageArea=null, areaNo=null, isMerchant=null, isStock=null, unitAddr=null, unitTel=null, isEmployee=null)
00:21:07.655 [SpringContextShutdownHook] INFO  c.z.h.HikariDataSource - [close,350] - HikariPool-1 - Shutdown initiated...
00:21:07.669 [SpringContextShutdownHook] INFO  c.z.h.HikariDataSource - [close,352] - HikariPool-1 - Shutdown completed.
14:07:52.977 [main] INFO  o.r.Reflections - [scan,232] - Reflections took 30 ms to scan 1 urls, producing 3 keys and 6 values 
14:07:53.003 [main] INFO  o.r.Reflections - [scan,232] - Reflections took 8 ms to scan 1 urls, producing 4 keys and 9 values 
14:07:53.015 [main] INFO  o.r.Reflections - [scan,232] - Reflections took 5 ms to scan 1 urls, producing 3 keys and 10 values 
14:07:53.025 [main] INFO  o.r.Reflections - [scan,232] - Reflections took 5 ms to scan 1 urls, producing 1 keys and 5 values 
14:07:53.033 [main] INFO  o.r.Reflections - [scan,232] - Reflections took 5 ms to scan 1 urls, producing 1 keys and 7 values 
14:07:53.040 [main] INFO  o.r.Reflections - [scan,232] - Reflections took 5 ms to scan 1 urls, producing 2 keys and 8 values 
14:07:54.955 [main] INFO  c.g.p.PcmProdOwnServiceTest - [logStartupProfileInfo,652] - The following profiles are active: dev
14:07:57.079 [main] INFO  c.u.j.c.EnableEncryptablePropertiesBeanFactoryPostProcessor - [postProcessBeanFactory,48] - Post-processing PropertySource instances
14:07:57.096 [main] INFO  c.u.j.EncryptablePropertySourceConverter - [makeEncryptable,41] - Converting PropertySource bootstrapProperties-service-pcm-dev.properties,DEFAULT_GROUP [org.springframework.cloud.bootstrap.config.BootstrapPropertySource] to EncryptableEnumerablePropertySourceWrapper
14:07:57.096 [main] INFO  c.u.j.EncryptablePropertySourceConverter - [makeEncryptable,41] - Converting PropertySource bootstrapProperties-service-pcm.properties,DEFAULT_GROUP [org.springframework.cloud.bootstrap.config.BootstrapPropertySource] to EncryptableEnumerablePropertySourceWrapper
14:07:57.097 [main] INFO  c.u.j.EncryptablePropertySourceConverter - [makeEncryptable,41] - Converting PropertySource bootstrapProperties-service-pcm,DEFAULT_GROUP [org.springframework.cloud.bootstrap.config.BootstrapPropertySource] to EncryptableEnumerablePropertySourceWrapper
14:07:57.097 [main] INFO  c.u.j.EncryptablePropertySourceConverter - [makeEncryptable,41] - Converting PropertySource configurationProperties [org.springframework.boot.context.properties.source.ConfigurationPropertySourcesPropertySource] to AOP Proxy
14:07:57.097 [main] INFO  c.u.j.EncryptablePropertySourceConverter - [makeEncryptable,41] - Converting PropertySource Inlined Test Properties [org.springframework.core.env.MapPropertySource] to EncryptableMapPropertySourceWrapper
14:07:57.097 [main] INFO  c.u.j.EncryptablePropertySourceConverter - [makeEncryptable,41] - Converting PropertySource systemProperties [org.springframework.core.env.PropertiesPropertySource] to EncryptableMapPropertySourceWrapper
14:07:57.098 [main] INFO  c.u.j.EncryptablePropertySourceConverter - [makeEncryptable,41] - Converting PropertySource systemEnvironment [org.springframework.boot.env.SystemEnvironmentPropertySourceEnvironmentPostProcessor$OriginAwareSystemEnvironmentPropertySource] to EncryptableSystemEnvironmentPropertySourceWrapper
14:07:57.098 [main] INFO  c.u.j.EncryptablePropertySourceConverter - [makeEncryptable,41] - Converting PropertySource random [org.springframework.boot.env.RandomValuePropertySource] to EncryptablePropertySourceWrapper
14:07:57.098 [main] INFO  c.u.j.EncryptablePropertySourceConverter - [makeEncryptable,41] - Converting PropertySource springCloudClientHostInfo [org.springframework.core.env.MapPropertySource] to EncryptableMapPropertySourceWrapper
14:07:57.098 [main] INFO  c.u.j.EncryptablePropertySourceConverter - [makeEncryptable,41] - Converting PropertySource applicationConfig: [classpath:/application-dev.yml] [org.springframework.boot.env.OriginTrackedMapPropertySource] to EncryptableMapPropertySourceWrapper
14:07:57.098 [main] INFO  c.u.j.EncryptablePropertySourceConverter - [makeEncryptable,41] - Converting PropertySource applicationConfig: [classpath:/application.yml] [org.springframework.boot.env.OriginTrackedMapPropertySource] to EncryptableMapPropertySourceWrapper
14:07:57.098 [main] INFO  c.u.j.EncryptablePropertySourceConverter - [makeEncryptable,41] - Converting PropertySource springCloudDefaultProperties [org.springframework.core.env.MapPropertySource] to EncryptableMapPropertySourceWrapper
14:07:57.100 [main] INFO  c.u.j.EncryptablePropertySourceConverter - [makeEncryptable,41] - Converting PropertySource cachedrandom [org.springframework.cloud.util.random.CachedRandomPropertySource] to EncryptablePropertySourceWrapper
14:07:57.193 [main] INFO  c.u.j.f.DefaultLazyPropertyFilter - [lambda$null$2,34] - Property Filter custom Bean not found with name 'encryptablePropertyFilter'. Initializing Default Property Filter
14:07:57.683 [main] INFO  c.u.j.r.DefaultLazyPropertyResolver - [lambda$null$2,35] - Property Resolver custom Bean not found with name 'encryptablePropertyResolver'. Initializing Default Property Resolver
14:07:57.686 [main] INFO  c.u.j.d.DefaultLazyPropertyDetector - [lambda$null$2,33] - Property Detector custom Bean not found with name 'encryptablePropertyDetector'. Initializing Default Property Detector
14:08:01.737 [main] INFO  c.a.c.s.SentinelWebAutoConfiguration - [addInterceptors,80] - [Sentinel Starter] register SentinelWebInterceptor with urlPatterns: [/**].
14:08:04.132 [main] INFO  s.d.s.w.WebMvcPropertySourcedRequestMappingHandlerMapping - [initHandlerMethods,69] - Mapped URL path [/v2/api-docs] onto method [springfox.documentation.swagger2.web.Swagger2ControllerWebMvc#getDocumentation(String, HttpServletRequest)]
14:08:04.292 [main] INFO  c.n.c.s.URLConfigurationSource - [<init>,127] - To enable URLs as dynamic configuration sources, define System property archaius.configurationSource.additionalUrls or make config.properties available on classpath.
14:08:04.299 [main] INFO  c.n.c.s.URLConfigurationSource - [<init>,127] - To enable URLs as dynamic configuration sources, define System property archaius.configurationSource.additionalUrls or make config.properties available on classpath.
14:08:06.799 [main] INFO  s.d.s.w.p.DocumentationPluginsBootstrapper - [start,93] - Documentation plugins bootstrapped
14:08:06.803 [main] INFO  s.d.s.w.p.DocumentationPluginsBootstrapper - [bootstrapDocumentationPlugins,79] - Found 1 custom documentation plugin(s)
14:08:06.842 [main] INFO  s.d.s.w.s.ApiListingReferenceScanner - [scan,44] - Scanning for api listing references
14:08:07.083 [main] INFO  s.d.s.w.r.o.CachingOperationNameGenerator - [startingWith,41] - Generating unique operation named: listUsingPOST_1
14:08:07.087 [main] INFO  s.d.s.w.r.o.CachingOperationNameGenerator - [startingWith,41] - Generating unique operation named: deleteUsingPOST_1
14:08:07.100 [main] INFO  s.d.s.w.r.o.CachingOperationNameGenerator - [startingWith,41] - Generating unique operation named: saveUsingPOST_1
14:08:07.109 [main] INFO  s.d.s.w.r.o.CachingOperationNameGenerator - [startingWith,41] - Generating unique operation named: updateUsingPOST_1
14:08:07.131 [main] INFO  s.d.s.w.r.o.CachingOperationNameGenerator - [startingWith,41] - Generating unique operation named: listUsingPOST_2
14:08:07.135 [main] INFO  s.d.s.w.r.o.CachingOperationNameGenerator - [startingWith,41] - Generating unique operation named: deleteUsingPOST_2
14:08:07.145 [main] INFO  s.d.s.w.r.o.CachingOperationNameGenerator - [startingWith,41] - Generating unique operation named: saveUsingPOST_2
14:08:07.155 [main] INFO  s.d.s.w.r.o.CachingOperationNameGenerator - [startingWith,41] - Generating unique operation named: updateUsingPOST_2
14:08:07.178 [main] INFO  s.d.s.w.r.o.CachingOperationNameGenerator - [startingWith,41] - Generating unique operation named: listUsingPOST_3
14:08:07.187 [main] INFO  s.d.s.w.r.o.CachingOperationNameGenerator - [startingWith,41] - Generating unique operation named: deleteUsingPOST_3
14:08:07.218 [main] INFO  s.d.s.w.r.o.CachingOperationNameGenerator - [startingWith,41] - Generating unique operation named: saveUsingPOST_3
14:08:07.237 [main] INFO  s.d.s.w.r.o.CachingOperationNameGenerator - [startingWith,41] - Generating unique operation named: updateUsingPOST_3
14:08:07.261 [main] INFO  s.d.s.w.r.o.CachingOperationNameGenerator - [startingWith,41] - Generating unique operation named: listUsingPOST_4
14:08:07.267 [main] INFO  s.d.s.w.r.o.CachingOperationNameGenerator - [startingWith,41] - Generating unique operation named: deleteUsingPOST_4
14:08:07.276 [main] INFO  s.d.s.w.r.o.CachingOperationNameGenerator - [startingWith,41] - Generating unique operation named: saveUsingPOST_4
14:08:07.286 [main] INFO  s.d.s.w.r.o.CachingOperationNameGenerator - [startingWith,41] - Generating unique operation named: updateUsingPOST_4
14:08:07.304 [main] INFO  s.d.s.w.r.o.CachingOperationNameGenerator - [startingWith,41] - Generating unique operation named: listUsingPOST_5
14:08:07.308 [main] INFO  s.d.s.w.r.o.CachingOperationNameGenerator - [startingWith,41] - Generating unique operation named: deleteUsingPOST_5
14:08:07.318 [main] INFO  s.d.s.w.r.o.CachingOperationNameGenerator - [startingWith,41] - Generating unique operation named: saveUsingPOST_5
14:08:07.326 [main] INFO  s.d.s.w.r.o.CachingOperationNameGenerator - [startingWith,41] - Generating unique operation named: updateUsingPOST_5
14:08:07.347 [main] INFO  s.d.s.w.r.o.CachingOperationNameGenerator - [startingWith,41] - Generating unique operation named: listUsingPOST_6
14:08:07.352 [main] INFO  s.d.s.w.r.o.CachingOperationNameGenerator - [startingWith,41] - Generating unique operation named: deleteUsingPOST_6
14:08:07.361 [main] INFO  s.d.s.w.r.o.CachingOperationNameGenerator - [startingWith,41] - Generating unique operation named: saveUsingPOST_6
14:08:07.368 [main] INFO  s.d.s.w.r.o.CachingOperationNameGenerator - [startingWith,41] - Generating unique operation named: updateUsingPOST_6
14:08:07.409 [main] INFO  s.d.s.w.r.o.CachingOperationNameGenerator - [startingWith,41] - Generating unique operation named: listUsingPOST_7
14:08:07.415 [main] INFO  s.d.s.w.r.o.CachingOperationNameGenerator - [startingWith,41] - Generating unique operation named: deleteUsingPOST_7
14:08:07.424 [main] INFO  s.d.s.w.r.o.CachingOperationNameGenerator - [startingWith,41] - Generating unique operation named: saveUsingPOST_7
14:08:07.430 [main] INFO  s.d.s.w.r.o.CachingOperationNameGenerator - [startingWith,41] - Generating unique operation named: updateUsingPOST_7
14:08:07.442 [main] INFO  s.d.s.w.r.o.CachingOperationNameGenerator - [startingWith,41] - Generating unique operation named: listUsingPOST_8
14:08:07.458 [main] INFO  s.d.s.w.r.o.CachingOperationNameGenerator - [startingWith,41] - Generating unique operation named: listUsingPOST_9
14:08:07.464 [main] INFO  s.d.s.w.r.o.CachingOperationNameGenerator - [startingWith,41] - Generating unique operation named: deleteUsingPOST_8
14:08:07.469 [main] INFO  s.d.s.w.r.o.CachingOperationNameGenerator - [startingWith,41] - Generating unique operation named: saveUsingPOST_8
14:08:07.476 [main] INFO  s.d.s.w.r.o.CachingOperationNameGenerator - [startingWith,41] - Generating unique operation named: updateUsingPOST_8
14:08:07.552 [main] INFO  c.g.p.PcmProdOwnServiceTest - [logStarted,61] - Started PcmProdOwnServiceTest in 18.798 seconds (JVM running for 20.051)
14:08:08.657 [main] INFO  c.z.h.HikariDataSource - [getConnection,110] - HikariPool-1 - Starting...
14:08:09.066 [main] INFO  c.z.h.HikariDataSource - [getConnection,123] - HikariPool-1 - Start completed.
14:08:09.083 [main] INFO  c.g.p.p.PcmProdOwnService - [listPcmProdOwn,34] - 【list查询条件--PcmProdOwn】PcmProdOwnDTO4List(pageNo=1, pageSize=10, sort=null, order=null, orderBy=null, prodOwnId=536486ab207a11eea53c6c24087ba410, prodName=null, kindId=null, prodStatus=null, proDescribe=null, doFlow=null, marketDiscourse=null, prodFeature=null)
14:08:10.025 [SpringContextShutdownHook] INFO  c.z.h.HikariDataSource - [close,350] - HikariPool-1 - Shutdown initiated...
14:08:10.044 [SpringContextShutdownHook] INFO  c.z.h.HikariDataSource - [close,352] - HikariPool-1 - Shutdown completed.
14:09:08.073 [main] INFO  o.r.Reflections - [scan,232] - Reflections took 41 ms to scan 1 urls, producing 3 keys and 6 values 
14:09:08.105 [main] INFO  o.r.Reflections - [scan,232] - Reflections took 11 ms to scan 1 urls, producing 4 keys and 9 values 
14:09:08.117 [main] INFO  o.r.Reflections - [scan,232] - Reflections took 8 ms to scan 1 urls, producing 3 keys and 10 values 
14:09:08.124 [main] INFO  o.r.Reflections - [scan,232] - Reflections took 4 ms to scan 1 urls, producing 1 keys and 5 values 
14:09:08.132 [main] INFO  o.r.Reflections - [scan,232] - Reflections took 5 ms to scan 1 urls, producing 1 keys and 7 values 
14:09:08.138 [main] INFO  o.r.Reflections - [scan,232] - Reflections took 4 ms to scan 1 urls, producing 2 keys and 8 values 
14:09:10.065 [main] INFO  c.g.p.PcmProdOwnServiceTest - [logStartupProfileInfo,652] - The following profiles are active: dev
14:09:11.880 [main] INFO  c.u.j.c.EnableEncryptablePropertiesBeanFactoryPostProcessor - [postProcessBeanFactory,48] - Post-processing PropertySource instances
14:09:11.891 [main] INFO  c.u.j.EncryptablePropertySourceConverter - [makeEncryptable,41] - Converting PropertySource bootstrapProperties-service-pcm-dev.properties,DEFAULT_GROUP [org.springframework.cloud.bootstrap.config.BootstrapPropertySource] to EncryptableEnumerablePropertySourceWrapper
14:09:11.892 [main] INFO  c.u.j.EncryptablePropertySourceConverter - [makeEncryptable,41] - Converting PropertySource bootstrapProperties-service-pcm.properties,DEFAULT_GROUP [org.springframework.cloud.bootstrap.config.BootstrapPropertySource] to EncryptableEnumerablePropertySourceWrapper
14:09:11.892 [main] INFO  c.u.j.EncryptablePropertySourceConverter - [makeEncryptable,41] - Converting PropertySource bootstrapProperties-service-pcm,DEFAULT_GROUP [org.springframework.cloud.bootstrap.config.BootstrapPropertySource] to EncryptableEnumerablePropertySourceWrapper
14:09:11.893 [main] INFO  c.u.j.EncryptablePropertySourceConverter - [makeEncryptable,41] - Converting PropertySource configurationProperties [org.springframework.boot.context.properties.source.ConfigurationPropertySourcesPropertySource] to AOP Proxy
14:09:11.893 [main] INFO  c.u.j.EncryptablePropertySourceConverter - [makeEncryptable,41] - Converting PropertySource Inlined Test Properties [org.springframework.core.env.MapPropertySource] to EncryptableMapPropertySourceWrapper
14:09:11.893 [main] INFO  c.u.j.EncryptablePropertySourceConverter - [makeEncryptable,41] - Converting PropertySource systemProperties [org.springframework.core.env.PropertiesPropertySource] to EncryptableMapPropertySourceWrapper
14:09:11.893 [main] INFO  c.u.j.EncryptablePropertySourceConverter - [makeEncryptable,41] - Converting PropertySource systemEnvironment [org.springframework.boot.env.SystemEnvironmentPropertySourceEnvironmentPostProcessor$OriginAwareSystemEnvironmentPropertySource] to EncryptableSystemEnvironmentPropertySourceWrapper
14:09:11.893 [main] INFO  c.u.j.EncryptablePropertySourceConverter - [makeEncryptable,41] - Converting PropertySource random [org.springframework.boot.env.RandomValuePropertySource] to EncryptablePropertySourceWrapper
14:09:11.893 [main] INFO  c.u.j.EncryptablePropertySourceConverter - [makeEncryptable,41] - Converting PropertySource springCloudClientHostInfo [org.springframework.core.env.MapPropertySource] to EncryptableMapPropertySourceWrapper
14:09:11.893 [main] INFO  c.u.j.EncryptablePropertySourceConverter - [makeEncryptable,41] - Converting PropertySource applicationConfig: [classpath:/application-dev.yml] [org.springframework.boot.env.OriginTrackedMapPropertySource] to EncryptableMapPropertySourceWrapper
14:09:11.894 [main] INFO  c.u.j.EncryptablePropertySourceConverter - [makeEncryptable,41] - Converting PropertySource applicationConfig: [classpath:/application.yml] [org.springframework.boot.env.OriginTrackedMapPropertySource] to EncryptableMapPropertySourceWrapper
14:09:11.894 [main] INFO  c.u.j.EncryptablePropertySourceConverter - [makeEncryptable,41] - Converting PropertySource springCloudDefaultProperties [org.springframework.core.env.MapPropertySource] to EncryptableMapPropertySourceWrapper
14:09:11.894 [main] INFO  c.u.j.EncryptablePropertySourceConverter - [makeEncryptable,41] - Converting PropertySource cachedrandom [org.springframework.cloud.util.random.CachedRandomPropertySource] to EncryptablePropertySourceWrapper
14:09:11.985 [main] INFO  c.u.j.f.DefaultLazyPropertyFilter - [lambda$null$2,34] - Property Filter custom Bean not found with name 'encryptablePropertyFilter'. Initializing Default Property Filter
14:09:12.410 [main] INFO  c.u.j.r.DefaultLazyPropertyResolver - [lambda$null$2,35] - Property Resolver custom Bean not found with name 'encryptablePropertyResolver'. Initializing Default Property Resolver
14:09:12.413 [main] INFO  c.u.j.d.DefaultLazyPropertyDetector - [lambda$null$2,33] - Property Detector custom Bean not found with name 'encryptablePropertyDetector'. Initializing Default Property Detector
14:09:16.286 [main] INFO  c.a.c.s.SentinelWebAutoConfiguration - [addInterceptors,80] - [Sentinel Starter] register SentinelWebInterceptor with urlPatterns: [/**].
14:09:18.574 [main] INFO  s.d.s.w.WebMvcPropertySourcedRequestMappingHandlerMapping - [initHandlerMethods,69] - Mapped URL path [/v2/api-docs] onto method [springfox.documentation.swagger2.web.Swagger2ControllerWebMvc#getDocumentation(String, HttpServletRequest)]
14:09:18.725 [main] INFO  c.n.c.s.URLConfigurationSource - [<init>,127] - To enable URLs as dynamic configuration sources, define System property archaius.configurationSource.additionalUrls or make config.properties available on classpath.
14:09:18.731 [main] INFO  c.n.c.s.URLConfigurationSource - [<init>,127] - To enable URLs as dynamic configuration sources, define System property archaius.configurationSource.additionalUrls or make config.properties available on classpath.
14:09:21.148 [main] INFO  s.d.s.w.p.DocumentationPluginsBootstrapper - [start,93] - Documentation plugins bootstrapped
14:09:21.152 [main] INFO  s.d.s.w.p.DocumentationPluginsBootstrapper - [bootstrapDocumentationPlugins,79] - Found 1 custom documentation plugin(s)
14:09:21.188 [main] INFO  s.d.s.w.s.ApiListingReferenceScanner - [scan,44] - Scanning for api listing references
14:09:21.371 [main] INFO  s.d.s.w.r.o.CachingOperationNameGenerator - [startingWith,41] - Generating unique operation named: listUsingPOST_1
14:09:21.376 [main] INFO  s.d.s.w.r.o.CachingOperationNameGenerator - [startingWith,41] - Generating unique operation named: deleteUsingPOST_1
14:09:21.388 [main] INFO  s.d.s.w.r.o.CachingOperationNameGenerator - [startingWith,41] - Generating unique operation named: saveUsingPOST_1
14:09:21.396 [main] INFO  s.d.s.w.r.o.CachingOperationNameGenerator - [startingWith,41] - Generating unique operation named: updateUsingPOST_1
14:09:21.414 [main] INFO  s.d.s.w.r.o.CachingOperationNameGenerator - [startingWith,41] - Generating unique operation named: listUsingPOST_2
14:09:21.418 [main] INFO  s.d.s.w.r.o.CachingOperationNameGenerator - [startingWith,41] - Generating unique operation named: deleteUsingPOST_2
14:09:21.426 [main] INFO  s.d.s.w.r.o.CachingOperationNameGenerator - [startingWith,41] - Generating unique operation named: saveUsingPOST_2
14:09:21.434 [main] INFO  s.d.s.w.r.o.CachingOperationNameGenerator - [startingWith,41] - Generating unique operation named: updateUsingPOST_2
14:09:21.456 [main] INFO  s.d.s.w.r.o.CachingOperationNameGenerator - [startingWith,41] - Generating unique operation named: listUsingPOST_3
14:09:21.460 [main] INFO  s.d.s.w.r.o.CachingOperationNameGenerator - [startingWith,41] - Generating unique operation named: deleteUsingPOST_3
14:09:21.470 [main] INFO  s.d.s.w.r.o.CachingOperationNameGenerator - [startingWith,41] - Generating unique operation named: saveUsingPOST_3
14:09:21.480 [main] INFO  s.d.s.w.r.o.CachingOperationNameGenerator - [startingWith,41] - Generating unique operation named: updateUsingPOST_3
14:09:21.490 [main] INFO  s.d.s.w.r.o.CachingOperationNameGenerator - [startingWith,41] - Generating unique operation named: listUsingPOST_4
14:09:21.494 [main] INFO  s.d.s.w.r.o.CachingOperationNameGenerator - [startingWith,41] - Generating unique operation named: deleteUsingPOST_4
14:09:21.498 [main] INFO  s.d.s.w.r.o.CachingOperationNameGenerator - [startingWith,41] - Generating unique operation named: saveUsingPOST_4
14:09:21.504 [main] INFO  s.d.s.w.r.o.CachingOperationNameGenerator - [startingWith,41] - Generating unique operation named: updateUsingPOST_4
14:09:21.516 [main] INFO  s.d.s.w.r.o.CachingOperationNameGenerator - [startingWith,41] - Generating unique operation named: listUsingPOST_5
14:09:21.534 [main] INFO  s.d.s.w.r.o.CachingOperationNameGenerator - [startingWith,41] - Generating unique operation named: deleteUsingPOST_5
14:09:21.538 [main] INFO  s.d.s.w.r.o.CachingOperationNameGenerator - [startingWith,41] - Generating unique operation named: saveUsingPOST_5
14:09:21.545 [main] INFO  s.d.s.w.r.o.CachingOperationNameGenerator - [startingWith,41] - Generating unique operation named: updateUsingPOST_5
14:09:21.557 [main] INFO  s.d.s.w.r.o.CachingOperationNameGenerator - [startingWith,41] - Generating unique operation named: listUsingPOST_6
14:09:21.560 [main] INFO  s.d.s.w.r.o.CachingOperationNameGenerator - [startingWith,41] - Generating unique operation named: deleteUsingPOST_6
14:09:21.564 [main] INFO  s.d.s.w.r.o.CachingOperationNameGenerator - [startingWith,41] - Generating unique operation named: saveUsingPOST_6
14:09:21.568 [main] INFO  s.d.s.w.r.o.CachingOperationNameGenerator - [startingWith,41] - Generating unique operation named: updateUsingPOST_6
14:09:21.579 [main] INFO  s.d.s.w.r.o.CachingOperationNameGenerator - [startingWith,41] - Generating unique operation named: listUsingPOST_7
14:09:21.582 [main] INFO  s.d.s.w.r.o.CachingOperationNameGenerator - [startingWith,41] - Generating unique operation named: deleteUsingPOST_7
14:09:21.587 [main] INFO  s.d.s.w.r.o.CachingOperationNameGenerator - [startingWith,41] - Generating unique operation named: saveUsingPOST_7
14:09:21.593 [main] INFO  s.d.s.w.r.o.CachingOperationNameGenerator - [startingWith,41] - Generating unique operation named: updateUsingPOST_7
14:09:21.600 [main] INFO  s.d.s.w.r.o.CachingOperationNameGenerator - [startingWith,41] - Generating unique operation named: listUsingPOST_8
14:09:21.610 [main] INFO  s.d.s.w.r.o.CachingOperationNameGenerator - [startingWith,41] - Generating unique operation named: listUsingPOST_9
14:09:21.612 [main] INFO  s.d.s.w.r.o.CachingOperationNameGenerator - [startingWith,41] - Generating unique operation named: deleteUsingPOST_8
14:09:21.615 [main] INFO  s.d.s.w.r.o.CachingOperationNameGenerator - [startingWith,41] - Generating unique operation named: saveUsingPOST_8
14:09:21.619 [main] INFO  s.d.s.w.r.o.CachingOperationNameGenerator - [startingWith,41] - Generating unique operation named: updateUsingPOST_8
14:09:21.643 [main] INFO  c.g.p.PcmProdOwnServiceTest - [logStarted,61] - Started PcmProdOwnServiceTest in 18.008 seconds (JVM running for 19.575)
14:09:22.109 [main] INFO  c.z.h.HikariDataSource - [getConnection,110] - HikariPool-1 - Starting...
14:09:22.307 [main] INFO  c.z.h.HikariDataSource - [getConnection,123] - HikariPool-1 - Start completed.
14:09:22.321 [main] INFO  c.g.p.p.PcmProdOwnService - [listPcmProdOwn,34] - 【list查询条件--PcmProdOwn】PcmProdOwnDTO4List(pageNo=1, pageSize=10, sort=null, order=null, orderBy=null, prodOwnId=536486ab207a11eea53c6c24087ba410, prodName=null, kindId=null, prodStatus=null, proDescribe=null, doFlow=null, marketDiscourse=null, prodFeature=null)
14:09:23.186 [SpringContextShutdownHook] INFO  c.z.h.HikariDataSource - [close,350] - HikariPool-1 - Shutdown initiated...
14:09:23.200 [SpringContextShutdownHook] INFO  c.z.h.HikariDataSource - [close,352] - HikariPool-1 - Shutdown completed.
14:40:14.511 [main] INFO  o.r.Reflections - [scan,232] - Reflections took 38 ms to scan 1 urls, producing 3 keys and 6 values 
14:40:14.537 [main] INFO  o.r.Reflections - [scan,232] - Reflections took 9 ms to scan 1 urls, producing 4 keys and 9 values 
14:40:14.548 [main] INFO  o.r.Reflections - [scan,232] - Reflections took 8 ms to scan 1 urls, producing 3 keys and 10 values 
14:40:14.559 [main] INFO  o.r.Reflections - [scan,232] - Reflections took 7 ms to scan 1 urls, producing 1 keys and 5 values 
14:40:14.567 [main] INFO  o.r.Reflections - [scan,232] - Reflections took 6 ms to scan 1 urls, producing 1 keys and 7 values 
14:40:14.575 [main] INFO  o.r.Reflections - [scan,232] - Reflections took 5 ms to scan 1 urls, producing 2 keys and 8 values 
14:40:16.444 [main] INFO  c.g.p.PcmProdOwnServiceTest - [logStartupProfileInfo,652] - The following profiles are active: dev
14:40:18.338 [main] INFO  c.u.j.c.EnableEncryptablePropertiesBeanFactoryPostProcessor - [postProcessBeanFactory,48] - Post-processing PropertySource instances
14:40:18.355 [main] INFO  c.u.j.EncryptablePropertySourceConverter - [makeEncryptable,41] - Converting PropertySource bootstrapProperties-service-pcm-dev.properties,DEFAULT_GROUP [org.springframework.cloud.bootstrap.config.BootstrapPropertySource] to EncryptableEnumerablePropertySourceWrapper
14:40:18.355 [main] INFO  c.u.j.EncryptablePropertySourceConverter - [makeEncryptable,41] - Converting PropertySource bootstrapProperties-service-pcm.properties,DEFAULT_GROUP [org.springframework.cloud.bootstrap.config.BootstrapPropertySource] to EncryptableEnumerablePropertySourceWrapper
14:40:18.355 [main] INFO  c.u.j.EncryptablePropertySourceConverter - [makeEncryptable,41] - Converting PropertySource bootstrapProperties-service-pcm,DEFAULT_GROUP [org.springframework.cloud.bootstrap.config.BootstrapPropertySource] to EncryptableEnumerablePropertySourceWrapper
14:40:18.356 [main] INFO  c.u.j.EncryptablePropertySourceConverter - [makeEncryptable,41] - Converting PropertySource configurationProperties [org.springframework.boot.context.properties.source.ConfigurationPropertySourcesPropertySource] to AOP Proxy
14:40:18.356 [main] INFO  c.u.j.EncryptablePropertySourceConverter - [makeEncryptable,41] - Converting PropertySource Inlined Test Properties [org.springframework.core.env.MapPropertySource] to EncryptableMapPropertySourceWrapper
14:40:18.356 [main] INFO  c.u.j.EncryptablePropertySourceConverter - [makeEncryptable,41] - Converting PropertySource systemProperties [org.springframework.core.env.PropertiesPropertySource] to EncryptableMapPropertySourceWrapper
14:40:18.356 [main] INFO  c.u.j.EncryptablePropertySourceConverter - [makeEncryptable,41] - Converting PropertySource systemEnvironment [org.springframework.boot.env.SystemEnvironmentPropertySourceEnvironmentPostProcessor$OriginAwareSystemEnvironmentPropertySource] to EncryptableSystemEnvironmentPropertySourceWrapper
14:40:18.356 [main] INFO  c.u.j.EncryptablePropertySourceConverter - [makeEncryptable,41] - Converting PropertySource random [org.springframework.boot.env.RandomValuePropertySource] to EncryptablePropertySourceWrapper
14:40:18.357 [main] INFO  c.u.j.EncryptablePropertySourceConverter - [makeEncryptable,41] - Converting PropertySource springCloudClientHostInfo [org.springframework.core.env.MapPropertySource] to EncryptableMapPropertySourceWrapper
14:40:18.357 [main] INFO  c.u.j.EncryptablePropertySourceConverter - [makeEncryptable,41] - Converting PropertySource applicationConfig: [classpath:/application-dev.yml] [org.springframework.boot.env.OriginTrackedMapPropertySource] to EncryptableMapPropertySourceWrapper
14:40:18.357 [main] INFO  c.u.j.EncryptablePropertySourceConverter - [makeEncryptable,41] - Converting PropertySource applicationConfig: [classpath:/application.yml] [org.springframework.boot.env.OriginTrackedMapPropertySource] to EncryptableMapPropertySourceWrapper
14:40:18.357 [main] INFO  c.u.j.EncryptablePropertySourceConverter - [makeEncryptable,41] - Converting PropertySource springCloudDefaultProperties [org.springframework.core.env.MapPropertySource] to EncryptableMapPropertySourceWrapper
14:40:18.357 [main] INFO  c.u.j.EncryptablePropertySourceConverter - [makeEncryptable,41] - Converting PropertySource cachedrandom [org.springframework.cloud.util.random.CachedRandomPropertySource] to EncryptablePropertySourceWrapper
14:40:18.458 [main] INFO  c.u.j.f.DefaultLazyPropertyFilter - [lambda$null$2,34] - Property Filter custom Bean not found with name 'encryptablePropertyFilter'. Initializing Default Property Filter
14:40:18.875 [main] INFO  c.u.j.r.DefaultLazyPropertyResolver - [lambda$null$2,35] - Property Resolver custom Bean not found with name 'encryptablePropertyResolver'. Initializing Default Property Resolver
14:40:18.880 [main] INFO  c.u.j.d.DefaultLazyPropertyDetector - [lambda$null$2,33] - Property Detector custom Bean not found with name 'encryptablePropertyDetector'. Initializing Default Property Detector
14:40:23.639 [main] INFO  c.a.c.s.SentinelWebAutoConfiguration - [addInterceptors,80] - [Sentinel Starter] register SentinelWebInterceptor with urlPatterns: [/**].
14:40:25.949 [main] INFO  s.d.s.w.WebMvcPropertySourcedRequestMappingHandlerMapping - [initHandlerMethods,69] - Mapped URL path [/v2/api-docs] onto method [springfox.documentation.swagger2.web.Swagger2ControllerWebMvc#getDocumentation(String, HttpServletRequest)]
14:40:26.087 [main] INFO  c.n.c.s.URLConfigurationSource - [<init>,127] - To enable URLs as dynamic configuration sources, define System property archaius.configurationSource.additionalUrls or make config.properties available on classpath.
14:40:26.096 [main] INFO  c.n.c.s.URLConfigurationSource - [<init>,127] - To enable URLs as dynamic configuration sources, define System property archaius.configurationSource.additionalUrls or make config.properties available on classpath.
14:40:28.579 [main] INFO  s.d.s.w.p.DocumentationPluginsBootstrapper - [start,93] - Documentation plugins bootstrapped
14:40:28.584 [main] INFO  s.d.s.w.p.DocumentationPluginsBootstrapper - [bootstrapDocumentationPlugins,79] - Found 1 custom documentation plugin(s)
14:40:28.628 [main] INFO  s.d.s.w.s.ApiListingReferenceScanner - [scan,44] - Scanning for api listing references
14:40:28.832 [main] INFO  s.d.s.w.r.o.CachingOperationNameGenerator - [startingWith,41] - Generating unique operation named: listUsingPOST_1
14:40:28.836 [main] INFO  s.d.s.w.r.o.CachingOperationNameGenerator - [startingWith,41] - Generating unique operation named: deleteUsingPOST_1
14:40:28.849 [main] INFO  s.d.s.w.r.o.CachingOperationNameGenerator - [startingWith,41] - Generating unique operation named: saveUsingPOST_1
14:40:28.860 [main] INFO  s.d.s.w.r.o.CachingOperationNameGenerator - [startingWith,41] - Generating unique operation named: updateUsingPOST_1
14:40:28.890 [main] INFO  s.d.s.w.r.o.CachingOperationNameGenerator - [startingWith,41] - Generating unique operation named: listUsingPOST_2
14:40:28.895 [main] INFO  s.d.s.w.r.o.CachingOperationNameGenerator - [startingWith,41] - Generating unique operation named: deleteUsingPOST_2
14:40:28.903 [main] INFO  s.d.s.w.r.o.CachingOperationNameGenerator - [startingWith,41] - Generating unique operation named: saveUsingPOST_2
14:40:28.911 [main] INFO  s.d.s.w.r.o.CachingOperationNameGenerator - [startingWith,41] - Generating unique operation named: updateUsingPOST_2
14:40:28.938 [main] INFO  s.d.s.w.r.o.CachingOperationNameGenerator - [startingWith,41] - Generating unique operation named: listUsingPOST_3
14:40:28.942 [main] INFO  s.d.s.w.r.o.CachingOperationNameGenerator - [startingWith,41] - Generating unique operation named: deleteUsingPOST_3
14:40:28.954 [main] INFO  s.d.s.w.r.o.CachingOperationNameGenerator - [startingWith,41] - Generating unique operation named: saveUsingPOST_3
14:40:28.967 [main] INFO  s.d.s.w.r.o.CachingOperationNameGenerator - [startingWith,41] - Generating unique operation named: updateUsingPOST_3
14:40:28.995 [main] INFO  s.d.s.w.r.o.CachingOperationNameGenerator - [startingWith,41] - Generating unique operation named: listUsingPOST_4
14:40:29.000 [main] INFO  s.d.s.w.r.o.CachingOperationNameGenerator - [startingWith,41] - Generating unique operation named: deleteUsingPOST_4
14:40:29.005 [main] INFO  s.d.s.w.r.o.CachingOperationNameGenerator - [startingWith,41] - Generating unique operation named: saveUsingPOST_4
14:40:29.012 [main] INFO  s.d.s.w.r.o.CachingOperationNameGenerator - [startingWith,41] - Generating unique operation named: updateUsingPOST_4
14:40:29.039 [main] INFO  s.d.s.w.r.o.CachingOperationNameGenerator - [startingWith,41] - Generating unique operation named: listUsingPOST_5
14:40:29.043 [main] INFO  s.d.s.w.r.o.CachingOperationNameGenerator - [startingWith,41] - Generating unique operation named: deleteUsingPOST_5
14:40:29.049 [main] INFO  s.d.s.w.r.o.CachingOperationNameGenerator - [startingWith,41] - Generating unique operation named: saveUsingPOST_5
14:40:29.057 [main] INFO  s.d.s.w.r.o.CachingOperationNameGenerator - [startingWith,41] - Generating unique operation named: updateUsingPOST_5
14:40:29.074 [main] INFO  s.d.s.w.r.o.CachingOperationNameGenerator - [startingWith,41] - Generating unique operation named: listUsingPOST_6
14:40:29.079 [main] INFO  s.d.s.w.r.o.CachingOperationNameGenerator - [startingWith,41] - Generating unique operation named: deleteUsingPOST_6
14:40:29.085 [main] INFO  s.d.s.w.r.o.CachingOperationNameGenerator - [startingWith,41] - Generating unique operation named: saveUsingPOST_6
14:40:29.092 [main] INFO  s.d.s.w.r.o.CachingOperationNameGenerator - [startingWith,41] - Generating unique operation named: updateUsingPOST_6
14:40:29.112 [main] INFO  s.d.s.w.r.o.CachingOperationNameGenerator - [startingWith,41] - Generating unique operation named: listUsingPOST_7
14:40:29.116 [main] INFO  s.d.s.w.r.o.CachingOperationNameGenerator - [startingWith,41] - Generating unique operation named: deleteUsingPOST_7
14:40:29.124 [main] INFO  s.d.s.w.r.o.CachingOperationNameGenerator - [startingWith,41] - Generating unique operation named: saveUsingPOST_7
14:40:29.132 [main] INFO  s.d.s.w.r.o.CachingOperationNameGenerator - [startingWith,41] - Generating unique operation named: updateUsingPOST_7
14:40:29.147 [main] INFO  s.d.s.w.r.o.CachingOperationNameGenerator - [startingWith,41] - Generating unique operation named: listUsingPOST_8
14:40:29.162 [main] INFO  s.d.s.w.r.o.CachingOperationNameGenerator - [startingWith,41] - Generating unique operation named: listUsingPOST_9
14:40:29.167 [main] INFO  s.d.s.w.r.o.CachingOperationNameGenerator - [startingWith,41] - Generating unique operation named: deleteUsingPOST_8
14:40:29.173 [main] INFO  s.d.s.w.r.o.CachingOperationNameGenerator - [startingWith,41] - Generating unique operation named: saveUsingPOST_8
14:40:29.180 [main] INFO  s.d.s.w.r.o.CachingOperationNameGenerator - [startingWith,41] - Generating unique operation named: updateUsingPOST_8
14:40:29.224 [main] INFO  c.g.p.PcmProdOwnServiceTest - [logStarted,61] - Started PcmProdOwnServiceTest in 18.943 seconds (JVM running for 20.217)
14:40:29.900 [main] INFO  c.z.h.HikariDataSource - [getConnection,110] - HikariPool-1 - Starting...
14:40:30.140 [main] INFO  c.z.h.HikariDataSource - [getConnection,123] - HikariPool-1 - Start completed.
14:40:30.157 [main] INFO  c.g.p.p.PcmProdOwnService - [listPcmProdOwn,34] - 【list查询条件--PcmProdOwn】PcmProdOwnDTO4List(pageNo=1, pageSize=10, sort=null, order=null, orderBy=null, prodOwnId=null, custId=1689B_0001, lawOrgId=null, ecifCustId=null, isDep=null, isFixedDep=null, isLoan=null, isWealth=null, depBal=null, fixedDepBal=null, loanBal=null, wealthBal=null)
14:40:30.942 [SpringContextShutdownHook] INFO  c.z.h.HikariDataSource - [close,350] - HikariPool-1 - Shutdown initiated...
14:40:30.957 [SpringContextShutdownHook] INFO  c.z.h.HikariDataSource - [close,352] - HikariPool-1 - Shutdown completed.
14:41:42.445 [main] INFO  o.r.Reflections - [scan,232] - Reflections took 41 ms to scan 1 urls, producing 3 keys and 6 values 
14:41:42.472 [main] INFO  o.r.Reflections - [scan,232] - Reflections took 8 ms to scan 1 urls, producing 4 keys and 9 values 
14:41:42.480 [main] INFO  o.r.Reflections - [scan,232] - Reflections took 6 ms to scan 1 urls, producing 3 keys and 10 values 
14:41:42.490 [main] INFO  o.r.Reflections - [scan,232] - Reflections took 5 ms to scan 1 urls, producing 1 keys and 5 values 
14:41:42.499 [main] INFO  o.r.Reflections - [scan,232] - Reflections took 7 ms to scan 1 urls, producing 1 keys and 7 values 
14:41:42.509 [main] INFO  o.r.Reflections - [scan,232] - Reflections took 6 ms to scan 1 urls, producing 2 keys and 8 values 
14:41:44.459 [main] INFO  c.g.p.PcmProdOwnServiceTest - [logStartupProfileInfo,652] - The following profiles are active: dev
14:41:45.992 [main] INFO  c.u.j.c.EnableEncryptablePropertiesBeanFactoryPostProcessor - [postProcessBeanFactory,48] - Post-processing PropertySource instances
14:41:46.004 [main] INFO  c.u.j.EncryptablePropertySourceConverter - [makeEncryptable,41] - Converting PropertySource bootstrapProperties-service-pcm-dev.properties,DEFAULT_GROUP [org.springframework.cloud.bootstrap.config.BootstrapPropertySource] to EncryptableEnumerablePropertySourceWrapper
14:41:46.004 [main] INFO  c.u.j.EncryptablePropertySourceConverter - [makeEncryptable,41] - Converting PropertySource bootstrapProperties-service-pcm.properties,DEFAULT_GROUP [org.springframework.cloud.bootstrap.config.BootstrapPropertySource] to EncryptableEnumerablePropertySourceWrapper
14:41:46.004 [main] INFO  c.u.j.EncryptablePropertySourceConverter - [makeEncryptable,41] - Converting PropertySource bootstrapProperties-service-pcm,DEFAULT_GROUP [org.springframework.cloud.bootstrap.config.BootstrapPropertySource] to EncryptableEnumerablePropertySourceWrapper
14:41:46.004 [main] INFO  c.u.j.EncryptablePropertySourceConverter - [makeEncryptable,41] - Converting PropertySource configurationProperties [org.springframework.boot.context.properties.source.ConfigurationPropertySourcesPropertySource] to AOP Proxy
14:41:46.005 [main] INFO  c.u.j.EncryptablePropertySourceConverter - [makeEncryptable,41] - Converting PropertySource Inlined Test Properties [org.springframework.core.env.MapPropertySource] to EncryptableMapPropertySourceWrapper
14:41:46.005 [main] INFO  c.u.j.EncryptablePropertySourceConverter - [makeEncryptable,41] - Converting PropertySource systemProperties [org.springframework.core.env.PropertiesPropertySource] to EncryptableMapPropertySourceWrapper
14:41:46.005 [main] INFO  c.u.j.EncryptablePropertySourceConverter - [makeEncryptable,41] - Converting PropertySource systemEnvironment [org.springframework.boot.env.SystemEnvironmentPropertySourceEnvironmentPostProcessor$OriginAwareSystemEnvironmentPropertySource] to EncryptableSystemEnvironmentPropertySourceWrapper
14:41:46.005 [main] INFO  c.u.j.EncryptablePropertySourceConverter - [makeEncryptable,41] - Converting PropertySource random [org.springframework.boot.env.RandomValuePropertySource] to EncryptablePropertySourceWrapper
14:41:46.005 [main] INFO  c.u.j.EncryptablePropertySourceConverter - [makeEncryptable,41] - Converting PropertySource springCloudClientHostInfo [org.springframework.core.env.MapPropertySource] to EncryptableMapPropertySourceWrapper
14:41:46.005 [main] INFO  c.u.j.EncryptablePropertySourceConverter - [makeEncryptable,41] - Converting PropertySource applicationConfig: [classpath:/application-dev.yml] [org.springframework.boot.env.OriginTrackedMapPropertySource] to EncryptableMapPropertySourceWrapper
14:41:46.005 [main] INFO  c.u.j.EncryptablePropertySourceConverter - [makeEncryptable,41] - Converting PropertySource applicationConfig: [classpath:/application.yml] [org.springframework.boot.env.OriginTrackedMapPropertySource] to EncryptableMapPropertySourceWrapper
14:41:46.006 [main] INFO  c.u.j.EncryptablePropertySourceConverter - [makeEncryptable,41] - Converting PropertySource springCloudDefaultProperties [org.springframework.core.env.MapPropertySource] to EncryptableMapPropertySourceWrapper
14:41:46.006 [main] INFO  c.u.j.EncryptablePropertySourceConverter - [makeEncryptable,41] - Converting PropertySource cachedrandom [org.springframework.cloud.util.random.CachedRandomPropertySource] to EncryptablePropertySourceWrapper
14:41:46.087 [main] INFO  c.u.j.f.DefaultLazyPropertyFilter - [lambda$null$2,34] - Property Filter custom Bean not found with name 'encryptablePropertyFilter'. Initializing Default Property Filter
14:41:46.486 [main] INFO  c.u.j.r.DefaultLazyPropertyResolver - [lambda$null$2,35] - Property Resolver custom Bean not found with name 'encryptablePropertyResolver'. Initializing Default Property Resolver
14:41:46.489 [main] INFO  c.u.j.d.DefaultLazyPropertyDetector - [lambda$null$2,33] - Property Detector custom Bean not found with name 'encryptablePropertyDetector'. Initializing Default Property Detector
14:41:50.555 [main] INFO  c.a.c.s.SentinelWebAutoConfiguration - [addInterceptors,80] - [Sentinel Starter] register SentinelWebInterceptor with urlPatterns: [/**].
14:41:53.042 [main] INFO  s.d.s.w.WebMvcPropertySourcedRequestMappingHandlerMapping - [initHandlerMethods,69] - Mapped URL path [/v2/api-docs] onto method [springfox.documentation.swagger2.web.Swagger2ControllerWebMvc#getDocumentation(String, HttpServletRequest)]
14:41:53.220 [main] INFO  c.n.c.s.URLConfigurationSource - [<init>,127] - To enable URLs as dynamic configuration sources, define System property archaius.configurationSource.additionalUrls or make config.properties available on classpath.
14:41:53.227 [main] INFO  c.n.c.s.URLConfigurationSource - [<init>,127] - To enable URLs as dynamic configuration sources, define System property archaius.configurationSource.additionalUrls or make config.properties available on classpath.
14:41:55.752 [main] INFO  s.d.s.w.p.DocumentationPluginsBootstrapper - [start,93] - Documentation plugins bootstrapped
14:41:55.756 [main] INFO  s.d.s.w.p.DocumentationPluginsBootstrapper - [bootstrapDocumentationPlugins,79] - Found 1 custom documentation plugin(s)
14:41:55.802 [main] INFO  s.d.s.w.s.ApiListingReferenceScanner - [scan,44] - Scanning for api listing references
14:41:56.034 [main] INFO  s.d.s.w.r.o.CachingOperationNameGenerator - [startingWith,41] - Generating unique operation named: listUsingPOST_1
14:41:56.038 [main] INFO  s.d.s.w.r.o.CachingOperationNameGenerator - [startingWith,41] - Generating unique operation named: deleteUsingPOST_1
14:41:56.047 [main] INFO  s.d.s.w.r.o.CachingOperationNameGenerator - [startingWith,41] - Generating unique operation named: saveUsingPOST_1
14:41:56.054 [main] INFO  s.d.s.w.r.o.CachingOperationNameGenerator - [startingWith,41] - Generating unique operation named: updateUsingPOST_1
14:41:56.074 [main] INFO  s.d.s.w.r.o.CachingOperationNameGenerator - [startingWith,41] - Generating unique operation named: listUsingPOST_2
14:41:56.079 [main] INFO  s.d.s.w.r.o.CachingOperationNameGenerator - [startingWith,41] - Generating unique operation named: deleteUsingPOST_2
14:41:56.088 [main] INFO  s.d.s.w.r.o.CachingOperationNameGenerator - [startingWith,41] - Generating unique operation named: saveUsingPOST_2
14:41:56.096 [main] INFO  s.d.s.w.r.o.CachingOperationNameGenerator - [startingWith,41] - Generating unique operation named: updateUsingPOST_2
14:41:56.118 [main] INFO  s.d.s.w.r.o.CachingOperationNameGenerator - [startingWith,41] - Generating unique operation named: listUsingPOST_3
14:41:56.123 [main] INFO  s.d.s.w.r.o.CachingOperationNameGenerator - [startingWith,41] - Generating unique operation named: deleteUsingPOST_3
14:41:56.132 [main] INFO  s.d.s.w.r.o.CachingOperationNameGenerator - [startingWith,41] - Generating unique operation named: saveUsingPOST_3
14:41:56.143 [main] INFO  s.d.s.w.r.o.CachingOperationNameGenerator - [startingWith,41] - Generating unique operation named: updateUsingPOST_3
14:41:56.156 [main] INFO  s.d.s.w.r.o.CachingOperationNameGenerator - [startingWith,41] - Generating unique operation named: listUsingPOST_4
14:41:56.160 [main] INFO  s.d.s.w.r.o.CachingOperationNameGenerator - [startingWith,41] - Generating unique operation named: deleteUsingPOST_4
14:41:56.165 [main] INFO  s.d.s.w.r.o.CachingOperationNameGenerator - [startingWith,41] - Generating unique operation named: saveUsingPOST_4
14:41:56.169 [main] INFO  s.d.s.w.r.o.CachingOperationNameGenerator - [startingWith,41] - Generating unique operation named: updateUsingPOST_4
14:41:56.192 [main] INFO  s.d.s.w.r.o.CachingOperationNameGenerator - [startingWith,41] - Generating unique operation named: listUsingPOST_5
14:41:56.196 [main] INFO  s.d.s.w.r.o.CachingOperationNameGenerator - [startingWith,41] - Generating unique operation named: deleteUsingPOST_5
14:41:56.202 [main] INFO  s.d.s.w.r.o.CachingOperationNameGenerator - [startingWith,41] - Generating unique operation named: saveUsingPOST_5
14:41:56.207 [main] INFO  s.d.s.w.r.o.CachingOperationNameGenerator - [startingWith,41] - Generating unique operation named: updateUsingPOST_5
14:41:56.219 [main] INFO  s.d.s.w.r.o.CachingOperationNameGenerator - [startingWith,41] - Generating unique operation named: listUsingPOST_6
14:41:56.222 [main] INFO  s.d.s.w.r.o.CachingOperationNameGenerator - [startingWith,41] - Generating unique operation named: deleteUsingPOST_6
14:41:56.228 [main] INFO  s.d.s.w.r.o.CachingOperationNameGenerator - [startingWith,41] - Generating unique operation named: saveUsingPOST_6
14:41:56.235 [main] INFO  s.d.s.w.r.o.CachingOperationNameGenerator - [startingWith,41] - Generating unique operation named: updateUsingPOST_6
14:41:56.249 [main] INFO  s.d.s.w.r.o.CachingOperationNameGenerator - [startingWith,41] - Generating unique operation named: listUsingPOST_7
14:41:56.252 [main] INFO  s.d.s.w.r.o.CachingOperationNameGenerator - [startingWith,41] - Generating unique operation named: deleteUsingPOST_7
14:41:56.257 [main] INFO  s.d.s.w.r.o.CachingOperationNameGenerator - [startingWith,41] - Generating unique operation named: saveUsingPOST_7
14:41:56.263 [main] INFO  s.d.s.w.r.o.CachingOperationNameGenerator - [startingWith,41] - Generating unique operation named: updateUsingPOST_7
14:41:56.273 [main] INFO  s.d.s.w.r.o.CachingOperationNameGenerator - [startingWith,41] - Generating unique operation named: listUsingPOST_8
14:41:56.287 [main] INFO  s.d.s.w.r.o.CachingOperationNameGenerator - [startingWith,41] - Generating unique operation named: listUsingPOST_9
14:41:56.291 [main] INFO  s.d.s.w.r.o.CachingOperationNameGenerator - [startingWith,41] - Generating unique operation named: deleteUsingPOST_8
14:41:56.296 [main] INFO  s.d.s.w.r.o.CachingOperationNameGenerator - [startingWith,41] - Generating unique operation named: saveUsingPOST_8
14:41:56.300 [main] INFO  s.d.s.w.r.o.CachingOperationNameGenerator - [startingWith,41] - Generating unique operation named: updateUsingPOST_8
14:41:56.332 [main] INFO  c.g.p.PcmProdOwnServiceTest - [logStarted,61] - Started PcmProdOwnServiceTest in 18.262 seconds (JVM running for 19.522)
14:42:05.530 [main] INFO  o.r.Reflections - [scan,232] - Reflections took 32 ms to scan 1 urls, producing 3 keys and 6 values 
14:42:05.556 [main] INFO  o.r.Reflections - [scan,232] - Reflections took 9 ms to scan 1 urls, producing 4 keys and 9 values 
14:42:05.568 [main] INFO  o.r.Reflections - [scan,232] - Reflections took 9 ms to scan 1 urls, producing 3 keys and 10 values 
14:42:05.577 [main] INFO  o.r.Reflections - [scan,232] - Reflections took 6 ms to scan 1 urls, producing 1 keys and 5 values 
14:42:05.586 [main] INFO  o.r.Reflections - [scan,232] - Reflections took 6 ms to scan 1 urls, producing 1 keys and 7 values 
14:42:05.595 [main] INFO  o.r.Reflections - [scan,232] - Reflections took 6 ms to scan 1 urls, producing 2 keys and 8 values 
14:42:07.570 [main] INFO  c.g.p.PcmProdOwnServiceTest - [logStartupProfileInfo,652] - The following profiles are active: dev
14:42:09.255 [main] INFO  c.u.j.c.EnableEncryptablePropertiesBeanFactoryPostProcessor - [postProcessBeanFactory,48] - Post-processing PropertySource instances
14:42:09.272 [main] INFO  c.u.j.EncryptablePropertySourceConverter - [makeEncryptable,41] - Converting PropertySource bootstrapProperties-service-pcm-dev.properties,DEFAULT_GROUP [org.springframework.cloud.bootstrap.config.BootstrapPropertySource] to EncryptableEnumerablePropertySourceWrapper
14:42:09.273 [main] INFO  c.u.j.EncryptablePropertySourceConverter - [makeEncryptable,41] - Converting PropertySource bootstrapProperties-service-pcm.properties,DEFAULT_GROUP [org.springframework.cloud.bootstrap.config.BootstrapPropertySource] to EncryptableEnumerablePropertySourceWrapper
14:42:09.273 [main] INFO  c.u.j.EncryptablePropertySourceConverter - [makeEncryptable,41] - Converting PropertySource bootstrapProperties-service-pcm,DEFAULT_GROUP [org.springframework.cloud.bootstrap.config.BootstrapPropertySource] to EncryptableEnumerablePropertySourceWrapper
14:42:09.274 [main] INFO  c.u.j.EncryptablePropertySourceConverter - [makeEncryptable,41] - Converting PropertySource configurationProperties [org.springframework.boot.context.properties.source.ConfigurationPropertySourcesPropertySource] to AOP Proxy
14:42:09.275 [main] INFO  c.u.j.EncryptablePropertySourceConverter - [makeEncryptable,41] - Converting PropertySource Inlined Test Properties [org.springframework.core.env.MapPropertySource] to EncryptableMapPropertySourceWrapper
14:42:09.275 [main] INFO  c.u.j.EncryptablePropertySourceConverter - [makeEncryptable,41] - Converting PropertySource systemProperties [org.springframework.core.env.PropertiesPropertySource] to EncryptableMapPropertySourceWrapper
14:42:09.275 [main] INFO  c.u.j.EncryptablePropertySourceConverter - [makeEncryptable,41] - Converting PropertySource systemEnvironment [org.springframework.boot.env.SystemEnvironmentPropertySourceEnvironmentPostProcessor$OriginAwareSystemEnvironmentPropertySource] to EncryptableSystemEnvironmentPropertySourceWrapper
14:42:09.275 [main] INFO  c.u.j.EncryptablePropertySourceConverter - [makeEncryptable,41] - Converting PropertySource random [org.springframework.boot.env.RandomValuePropertySource] to EncryptablePropertySourceWrapper
14:42:09.276 [main] INFO  c.u.j.EncryptablePropertySourceConverter - [makeEncryptable,41] - Converting PropertySource springCloudClientHostInfo [org.springframework.core.env.MapPropertySource] to EncryptableMapPropertySourceWrapper
14:42:09.276 [main] INFO  c.u.j.EncryptablePropertySourceConverter - [makeEncryptable,41] - Converting PropertySource applicationConfig: [classpath:/application-dev.yml] [org.springframework.boot.env.OriginTrackedMapPropertySource] to EncryptableMapPropertySourceWrapper
14:42:09.276 [main] INFO  c.u.j.EncryptablePropertySourceConverter - [makeEncryptable,41] - Converting PropertySource applicationConfig: [classpath:/application.yml] [org.springframework.boot.env.OriginTrackedMapPropertySource] to EncryptableMapPropertySourceWrapper
14:42:09.276 [main] INFO  c.u.j.EncryptablePropertySourceConverter - [makeEncryptable,41] - Converting PropertySource springCloudDefaultProperties [org.springframework.core.env.MapPropertySource] to EncryptableMapPropertySourceWrapper
14:42:09.276 [main] INFO  c.u.j.EncryptablePropertySourceConverter - [makeEncryptable,41] - Converting PropertySource cachedrandom [org.springframework.cloud.util.random.CachedRandomPropertySource] to EncryptablePropertySourceWrapper
14:42:09.372 [main] INFO  c.u.j.f.DefaultLazyPropertyFilter - [lambda$null$2,34] - Property Filter custom Bean not found with name 'encryptablePropertyFilter'. Initializing Default Property Filter
14:42:09.847 [main] INFO  c.u.j.r.DefaultLazyPropertyResolver - [lambda$null$2,35] - Property Resolver custom Bean not found with name 'encryptablePropertyResolver'. Initializing Default Property Resolver
14:42:09.853 [main] INFO  c.u.j.d.DefaultLazyPropertyDetector - [lambda$null$2,33] - Property Detector custom Bean not found with name 'encryptablePropertyDetector'. Initializing Default Property Detector
14:42:13.990 [main] INFO  c.a.c.s.SentinelWebAutoConfiguration - [addInterceptors,80] - [Sentinel Starter] register SentinelWebInterceptor with urlPatterns: [/**].
14:42:16.442 [main] INFO  s.d.s.w.WebMvcPropertySourcedRequestMappingHandlerMapping - [initHandlerMethods,69] - Mapped URL path [/v2/api-docs] onto method [springfox.documentation.swagger2.web.Swagger2ControllerWebMvc#getDocumentation(String, HttpServletRequest)]
14:42:16.613 [main] INFO  c.n.c.s.URLConfigurationSource - [<init>,127] - To enable URLs as dynamic configuration sources, define System property archaius.configurationSource.additionalUrls or make config.properties available on classpath.
14:42:16.620 [main] INFO  c.n.c.s.URLConfigurationSource - [<init>,127] - To enable URLs as dynamic configuration sources, define System property archaius.configurationSource.additionalUrls or make config.properties available on classpath.
14:42:19.178 [main] INFO  s.d.s.w.p.DocumentationPluginsBootstrapper - [start,93] - Documentation plugins bootstrapped
14:42:19.182 [main] INFO  s.d.s.w.p.DocumentationPluginsBootstrapper - [bootstrapDocumentationPlugins,79] - Found 1 custom documentation plugin(s)
14:42:19.217 [main] INFO  s.d.s.w.s.ApiListingReferenceScanner - [scan,44] - Scanning for api listing references
14:42:19.389 [main] INFO  s.d.s.w.r.o.CachingOperationNameGenerator - [startingWith,41] - Generating unique operation named: listUsingPOST_1
14:42:19.394 [main] INFO  s.d.s.w.r.o.CachingOperationNameGenerator - [startingWith,41] - Generating unique operation named: deleteUsingPOST_1
14:42:19.405 [main] INFO  s.d.s.w.r.o.CachingOperationNameGenerator - [startingWith,41] - Generating unique operation named: saveUsingPOST_1
14:42:19.414 [main] INFO  s.d.s.w.r.o.CachingOperationNameGenerator - [startingWith,41] - Generating unique operation named: updateUsingPOST_1
14:42:19.433 [main] INFO  s.d.s.w.r.o.CachingOperationNameGenerator - [startingWith,41] - Generating unique operation named: listUsingPOST_2
14:42:19.435 [main] INFO  s.d.s.w.r.o.CachingOperationNameGenerator - [startingWith,41] - Generating unique operation named: deleteUsingPOST_2
14:42:19.440 [main] INFO  s.d.s.w.r.o.CachingOperationNameGenerator - [startingWith,41] - Generating unique operation named: saveUsingPOST_2
14:42:19.445 [main] INFO  s.d.s.w.r.o.CachingOperationNameGenerator - [startingWith,41] - Generating unique operation named: updateUsingPOST_2
14:42:19.462 [main] INFO  s.d.s.w.r.o.CachingOperationNameGenerator - [startingWith,41] - Generating unique operation named: listUsingPOST_3
14:42:19.466 [main] INFO  s.d.s.w.r.o.CachingOperationNameGenerator - [startingWith,41] - Generating unique operation named: deleteUsingPOST_3
14:42:19.476 [main] INFO  s.d.s.w.r.o.CachingOperationNameGenerator - [startingWith,41] - Generating unique operation named: saveUsingPOST_3
14:42:19.488 [main] INFO  s.d.s.w.r.o.CachingOperationNameGenerator - [startingWith,41] - Generating unique operation named: updateUsingPOST_3
14:42:19.497 [main] INFO  s.d.s.w.r.o.CachingOperationNameGenerator - [startingWith,41] - Generating unique operation named: listUsingPOST_4
14:42:19.500 [main] INFO  s.d.s.w.r.o.CachingOperationNameGenerator - [startingWith,41] - Generating unique operation named: deleteUsingPOST_4
14:42:19.504 [main] INFO  s.d.s.w.r.o.CachingOperationNameGenerator - [startingWith,41] - Generating unique operation named: saveUsingPOST_4
14:42:19.508 [main] INFO  s.d.s.w.r.o.CachingOperationNameGenerator - [startingWith,41] - Generating unique operation named: updateUsingPOST_4
14:42:19.518 [main] INFO  s.d.s.w.r.o.CachingOperationNameGenerator - [startingWith,41] - Generating unique operation named: listUsingPOST_5
14:42:19.521 [main] INFO  s.d.s.w.r.o.CachingOperationNameGenerator - [startingWith,41] - Generating unique operation named: deleteUsingPOST_5
14:42:19.525 [main] INFO  s.d.s.w.r.o.CachingOperationNameGenerator - [startingWith,41] - Generating unique operation named: saveUsingPOST_5
14:42:19.530 [main] INFO  s.d.s.w.r.o.CachingOperationNameGenerator - [startingWith,41] - Generating unique operation named: updateUsingPOST_5
14:42:19.557 [main] INFO  s.d.s.w.r.o.CachingOperationNameGenerator - [startingWith,41] - Generating unique operation named: listUsingPOST_6
14:42:19.559 [main] INFO  s.d.s.w.r.o.CachingOperationNameGenerator - [startingWith,41] - Generating unique operation named: deleteUsingPOST_6
14:42:19.564 [main] INFO  s.d.s.w.r.o.CachingOperationNameGenerator - [startingWith,41] - Generating unique operation named: saveUsingPOST_6
14:42:19.568 [main] INFO  s.d.s.w.r.o.CachingOperationNameGenerator - [startingWith,41] - Generating unique operation named: updateUsingPOST_6
14:42:19.580 [main] INFO  s.d.s.w.r.o.CachingOperationNameGenerator - [startingWith,41] - Generating unique operation named: listUsingPOST_7
14:42:19.583 [main] INFO  s.d.s.w.r.o.CachingOperationNameGenerator - [startingWith,41] - Generating unique operation named: deleteUsingPOST_7
14:42:19.588 [main] INFO  s.d.s.w.r.o.CachingOperationNameGenerator - [startingWith,41] - Generating unique operation named: saveUsingPOST_7
14:42:19.593 [main] INFO  s.d.s.w.r.o.CachingOperationNameGenerator - [startingWith,41] - Generating unique operation named: updateUsingPOST_7
14:42:19.602 [main] INFO  s.d.s.w.r.o.CachingOperationNameGenerator - [startingWith,41] - Generating unique operation named: listUsingPOST_8
14:42:19.613 [main] INFO  s.d.s.w.r.o.CachingOperationNameGenerator - [startingWith,41] - Generating unique operation named: listUsingPOST_9
14:42:19.618 [main] INFO  s.d.s.w.r.o.CachingOperationNameGenerator - [startingWith,41] - Generating unique operation named: deleteUsingPOST_8
14:42:19.622 [main] INFO  s.d.s.w.r.o.CachingOperationNameGenerator - [startingWith,41] - Generating unique operation named: saveUsingPOST_8
14:42:19.625 [main] INFO  s.d.s.w.r.o.CachingOperationNameGenerator - [startingWith,41] - Generating unique operation named: updateUsingPOST_8
14:42:19.650 [main] INFO  c.g.p.PcmProdOwnServiceTest - [logStarted,61] - Started PcmProdOwnServiceTest in 18.87 seconds (JVM running for 20.522)
14:42:20.087 [main] INFO  c.z.h.HikariDataSource - [getConnection,110] - HikariPool-1 - Starting...
14:42:20.305 [main] INFO  c.z.h.HikariDataSource - [getConnection,123] - HikariPool-1 - Start completed.
14:42:20.320 [main] INFO  c.g.p.p.PcmProdOwnService - [listPcmProdOwn,34] - 【list查询条件--PcmProdOwn】PcmProdOwnDTO4List(pageNo=1, pageSize=10, sort=null, order=null, orderBy=null, prodOwnId=null, custId=1689B_0001, lawOrgId=null, ecifCustId=null, isDep=null, isFixedDep=null, isLoan=null, isWealth=null, depBal=null, fixedDepBal=null, loanBal=null, wealthBal=null)
14:42:21.203 [SpringContextShutdownHook] INFO  c.z.h.HikariDataSource - [close,350] - HikariPool-1 - Shutdown initiated...
14:42:21.217 [SpringContextShutdownHook] INFO  c.z.h.HikariDataSource - [close,352] - HikariPool-1 - Shutdown completed.
