18:16:25.089 [restartedMain] INFO  o.r.Reflections - [scan,232] - Reflections took 21 ms to scan 1 urls, producing 3 keys and 6 values 
18:16:25.111 [restartedMain] INFO  o.r.Reflections - [scan,232] - Reflections took 9 ms to scan 1 urls, producing 4 keys and 9 values 
18:16:25.122 [restartedMain] INFO  o.r.Reflections - [scan,232] - Reflections took 8 ms to scan 1 urls, producing 3 keys and 10 values 
18:16:25.128 [restartedMain] INFO  o.r.Reflections - [scan,232] - Reflections took 4 ms to scan 1 urls, producing 0 keys and 0 values 
18:16:25.135 [restartedMain] INFO  o.r.Reflections - [scan,232] - Reflections took 6 ms to scan 1 urls, producing 1 keys and 5 values 
18:16:25.144 [restartedMain] INFO  o.r.Reflections - [scan,232] - Reflections took 7 ms to scan 1 urls, producing 1 keys and 7 values 
18:16:25.155 [restartedMain] INFO  o.r.Reflections - [scan,232] - Reflections took 9 ms to scan 1 urls, producing 2 keys and 8 values 
18:16:25.161 [restartedMain] INFO  o.r.Reflections - [scan,232] - Reflections took 1 ms to scan 1 urls, producing 0 keys and 0 values 
18:16:27.273 [restartedMain] INFO  c.g.g.StartGateway - [logStartupProfileInfo,652] - The following profiles are active: dev
18:16:27.938 [restartedMain] INFO  c.n.c.s.URLConfigurationSource - [<init>,127] - To enable URLs as dynamic configuration sources, define System property archaius.configurationSource.additionalUrls or make config.properties available on classpath.
18:16:27.941 [restartedMain] INFO  c.n.c.s.URLConfigurationSource - [<init>,127] - To enable URLs as dynamic configuration sources, define System property archaius.configurationSource.additionalUrls or make config.properties available on classpath.
18:16:37.528 [restartedMain] INFO  c.a.c.n.r.NacosServiceRegistry - [register,75] - nacos registry, DEFAULT_GROUP service-gateway 192.168.76.1:9999 register finished
18:16:37.547 [restartedMain] INFO  c.g.g.StartGateway - [logStarted,61] - Started StartGateway in 17.17 seconds (JVM running for 18.641)
18:18:22.305 [reactor-http-nio-2] INFO  c.n.c.ChainedDynamicProperty - [checkAndFlip,115] - Flipping property: service-sys.ribbon.ActiveConnectionsLimit to use NEXT property: niws.loadbalancer.availabilityFilteringRule.activeConnectionsLimit = 2147483647
18:18:22.325 [reactor-http-nio-2] INFO  c.n.l.BaseLoadBalancer - [initWithConfig,197] - Client: service-sys instantiated a LoadBalancer: DynamicServerListLoadBalancer:{NFLoadBalancer:name=service-sys,current list of Servers=[],Load balancer stats=Zone stats: {},Server stats: []}ServerList:null
18:18:22.328 [reactor-http-nio-2] INFO  c.n.l.DynamicServerListLoadBalancer - [enableAndInitLearnNewServersFeature,222] - Using serverListUpdater PollingServerListUpdater
18:18:22.341 [reactor-http-nio-2] INFO  c.n.c.ChainedDynamicProperty - [checkAndFlip,115] - Flipping property: service-sys.ribbon.ActiveConnectionsLimit to use NEXT property: niws.loadbalancer.availabilityFilteringRule.activeConnectionsLimit = 2147483647
18:18:22.343 [reactor-http-nio-2] INFO  c.n.l.DynamicServerListLoadBalancer - [restOfInit,150] - DynamicServerListLoadBalancer for client service-sys initialized: DynamicServerListLoadBalancer:{NFLoadBalancer:name=service-sys,current list of Servers=[192.168.76.1:9801],Load balancer stats=Zone stats: {unknown=[Zone:unknown;	Instance count:1;	Active connections count: 0;	Circuit breaker tripped count: 0;	Active connections per server: 0.0;]
},Server stats: [[Server:192.168.76.1:9801;	Zone:UNKNOWN;	Total Requests:0;	Successive connection failure:0;	Total blackout seconds:0;	Last connection made:Thu Jan 01 08:00:00 CST 1970;	First connection made: Thu Jan 01 08:00:00 CST 1970;	Active Connections:0;	total failure count in last (1000) msecs:0;	average resp time:0.0;	90 percentile resp time:0.0;	95 percentile resp time:0.0;	min resp time:0.0;	max resp time:0.0;	stddev resp time:0.0]
]}ServerList:com.alibaba.cloud.nacos.ribbon.NacosServerList@5f2d5ee8
18:18:23.338 [PollingServerListUpdater-0] INFO  c.n.c.ChainedDynamicProperty - [checkAndFlip,115] - Flipping property: service-sys.ribbon.ActiveConnectionsLimit to use NEXT property: niws.loadbalancer.availabilityFilteringRule.activeConnectionsLimit = 2147483647
18:25:53.331 [Thread-25] INFO  c.n.l.PollingServerListUpdater - [run,53] - Shutting down the Executor Pool for PollingServerListUpdater
18:25:53.341 [SpringContextShutdownHook] INFO  c.a.c.n.r.NacosServiceRegistry - [deregister,94] - De-registering from Nacos Server now...
18:25:53.343 [SpringContextShutdownHook] INFO  c.a.c.n.r.NacosServiceRegistry - [deregister,114] - De-registration finished.
18:26:07.339 [restartedMain] INFO  o.r.Reflections - [scan,232] - Reflections took 15 ms to scan 1 urls, producing 3 keys and 6 values 
18:26:07.354 [restartedMain] INFO  o.r.Reflections - [scan,232] - Reflections took 7 ms to scan 1 urls, producing 4 keys and 9 values 
18:26:07.363 [restartedMain] INFO  o.r.Reflections - [scan,232] - Reflections took 7 ms to scan 1 urls, producing 3 keys and 10 values 
18:26:07.367 [restartedMain] INFO  o.r.Reflections - [scan,232] - Reflections took 1 ms to scan 1 urls, producing 0 keys and 0 values 
18:26:07.372 [restartedMain] INFO  o.r.Reflections - [scan,232] - Reflections took 5 ms to scan 1 urls, producing 1 keys and 5 values 
18:26:07.380 [restartedMain] INFO  o.r.Reflections - [scan,232] - Reflections took 5 ms to scan 1 urls, producing 1 keys and 7 values 
18:26:07.387 [restartedMain] INFO  o.r.Reflections - [scan,232] - Reflections took 6 ms to scan 1 urls, producing 2 keys and 8 values 
18:26:07.389 [restartedMain] INFO  o.r.Reflections - [scan,232] - Reflections took 0 ms to scan 1 urls, producing 0 keys and 0 values 
18:26:09.039 [restartedMain] INFO  c.g.g.StartGateway - [logStartupProfileInfo,652] - The following profiles are active: dev
18:26:09.762 [restartedMain] INFO  c.n.c.s.URLConfigurationSource - [<init>,127] - To enable URLs as dynamic configuration sources, define System property archaius.configurationSource.additionalUrls or make config.properties available on classpath.
18:26:09.764 [restartedMain] INFO  c.n.c.s.URLConfigurationSource - [<init>,127] - To enable URLs as dynamic configuration sources, define System property archaius.configurationSource.additionalUrls or make config.properties available on classpath.
18:26:18.748 [restartedMain] INFO  c.a.c.n.r.NacosServiceRegistry - [register,75] - nacos registry, DEFAULT_GROUP service-gateway 192.168.76.1:9999 register finished
18:26:18.760 [restartedMain] INFO  c.g.g.StartGateway - [logStarted,61] - Started StartGateway in 14.859 seconds (JVM running for 16.097)
18:28:48.200 [reactor-http-nio-2] INFO  c.n.c.ChainedDynamicProperty - [checkAndFlip,115] - Flipping property: service-sys.ribbon.ActiveConnectionsLimit to use NEXT property: niws.loadbalancer.availabilityFilteringRule.activeConnectionsLimit = 2147483647
18:28:48.216 [reactor-http-nio-2] INFO  c.n.l.BaseLoadBalancer - [initWithConfig,197] - Client: service-sys instantiated a LoadBalancer: DynamicServerListLoadBalancer:{NFLoadBalancer:name=service-sys,current list of Servers=[],Load balancer stats=Zone stats: {},Server stats: []}ServerList:null
18:28:48.220 [reactor-http-nio-2] INFO  c.n.l.DynamicServerListLoadBalancer - [enableAndInitLearnNewServersFeature,222] - Using serverListUpdater PollingServerListUpdater
18:28:48.232 [reactor-http-nio-2] INFO  c.n.c.ChainedDynamicProperty - [checkAndFlip,115] - Flipping property: service-sys.ribbon.ActiveConnectionsLimit to use NEXT property: niws.loadbalancer.availabilityFilteringRule.activeConnectionsLimit = 2147483647
18:28:48.233 [reactor-http-nio-2] INFO  c.n.l.DynamicServerListLoadBalancer - [restOfInit,150] - DynamicServerListLoadBalancer for client service-sys initialized: DynamicServerListLoadBalancer:{NFLoadBalancer:name=service-sys,current list of Servers=[192.168.76.1:9801],Load balancer stats=Zone stats: {unknown=[Zone:unknown;	Instance count:1;	Active connections count: 0;	Circuit breaker tripped count: 0;	Active connections per server: 0.0;]
},Server stats: [[Server:192.168.76.1:9801;	Zone:UNKNOWN;	Total Requests:0;	Successive connection failure:0;	Total blackout seconds:0;	Last connection made:Thu Jan 01 08:00:00 CST 1970;	First connection made: Thu Jan 01 08:00:00 CST 1970;	Active Connections:0;	total failure count in last (1000) msecs:0;	average resp time:0.0;	90 percentile resp time:0.0;	95 percentile resp time:0.0;	min resp time:0.0;	max resp time:0.0;	stddev resp time:0.0]
]}ServerList:com.alibaba.cloud.nacos.ribbon.NacosServerList@3659c19c
18:28:49.234 [PollingServerListUpdater-0] INFO  c.n.c.ChainedDynamicProperty - [checkAndFlip,115] - Flipping property: service-sys.ribbon.ActiveConnectionsLimit to use NEXT property: niws.loadbalancer.availabilityFilteringRule.activeConnectionsLimit = 2147483647
18:33:18.122 [Thread-23] INFO  c.n.l.PollingServerListUpdater - [run,53] - Shutting down the Executor Pool for PollingServerListUpdater
18:33:18.132 [SpringContextShutdownHook] INFO  c.a.c.n.r.NacosServiceRegistry - [deregister,94] - De-registering from Nacos Server now...
18:33:18.134 [SpringContextShutdownHook] INFO  c.a.c.n.r.NacosServiceRegistry - [deregister,114] - De-registration finished.
18:33:27.871 [restartedMain] INFO  o.r.Reflections - [scan,232] - Reflections took 14 ms to scan 1 urls, producing 3 keys and 6 values 
18:33:27.886 [restartedMain] INFO  o.r.Reflections - [scan,232] - Reflections took 6 ms to scan 1 urls, producing 4 keys and 9 values 
18:33:27.893 [restartedMain] INFO  o.r.Reflections - [scan,232] - Reflections took 6 ms to scan 1 urls, producing 3 keys and 10 values 
18:33:27.896 [restartedMain] INFO  o.r.Reflections - [scan,232] - Reflections took 1 ms to scan 1 urls, producing 0 keys and 0 values 
18:33:27.902 [restartedMain] INFO  o.r.Reflections - [scan,232] - Reflections took 5 ms to scan 1 urls, producing 1 keys and 5 values 
18:33:27.909 [restartedMain] INFO  o.r.Reflections - [scan,232] - Reflections took 6 ms to scan 1 urls, producing 1 keys and 7 values 
18:33:27.916 [restartedMain] INFO  o.r.Reflections - [scan,232] - Reflections took 5 ms to scan 1 urls, producing 2 keys and 8 values 
18:33:27.918 [restartedMain] INFO  o.r.Reflections - [scan,232] - Reflections took 1 ms to scan 1 urls, producing 0 keys and 0 values 
18:33:29.385 [restartedMain] INFO  c.g.g.StartGateway - [logStartupProfileInfo,652] - The following profiles are active: dev
18:33:29.993 [restartedMain] INFO  c.n.c.s.URLConfigurationSource - [<init>,127] - To enable URLs as dynamic configuration sources, define System property archaius.configurationSource.additionalUrls or make config.properties available on classpath.
18:33:29.996 [restartedMain] INFO  c.n.c.s.URLConfigurationSource - [<init>,127] - To enable URLs as dynamic configuration sources, define System property archaius.configurationSource.additionalUrls or make config.properties available on classpath.
18:33:39.216 [restartedMain] INFO  c.a.c.n.r.NacosServiceRegistry - [register,75] - nacos registry, DEFAULT_GROUP service-gateway 192.168.76.1:9999 register finished
18:33:39.228 [restartedMain] INFO  c.g.g.StartGateway - [logStarted,61] - Started StartGateway in 14.75 seconds (JVM running for 15.915)
18:34:13.905 [reactor-http-nio-2] INFO  c.n.c.ChainedDynamicProperty - [checkAndFlip,115] - Flipping property: service-sys.ribbon.ActiveConnectionsLimit to use NEXT property: niws.loadbalancer.availabilityFilteringRule.activeConnectionsLimit = 2147483647
18:34:13.922 [reactor-http-nio-2] INFO  c.n.l.BaseLoadBalancer - [initWithConfig,197] - Client: service-sys instantiated a LoadBalancer: DynamicServerListLoadBalancer:{NFLoadBalancer:name=service-sys,current list of Servers=[],Load balancer stats=Zone stats: {},Server stats: []}ServerList:null
18:34:13.926 [reactor-http-nio-2] INFO  c.n.l.DynamicServerListLoadBalancer - [enableAndInitLearnNewServersFeature,222] - Using serverListUpdater PollingServerListUpdater
18:34:13.936 [reactor-http-nio-2] INFO  c.n.c.ChainedDynamicProperty - [checkAndFlip,115] - Flipping property: service-sys.ribbon.ActiveConnectionsLimit to use NEXT property: niws.loadbalancer.availabilityFilteringRule.activeConnectionsLimit = 2147483647
18:34:13.937 [reactor-http-nio-2] INFO  c.n.l.DynamicServerListLoadBalancer - [restOfInit,150] - DynamicServerListLoadBalancer for client service-sys initialized: DynamicServerListLoadBalancer:{NFLoadBalancer:name=service-sys,current list of Servers=[192.168.76.1:9801],Load balancer stats=Zone stats: {unknown=[Zone:unknown;	Instance count:1;	Active connections count: 0;	Circuit breaker tripped count: 0;	Active connections per server: 0.0;]
},Server stats: [[Server:192.168.76.1:9801;	Zone:UNKNOWN;	Total Requests:0;	Successive connection failure:0;	Total blackout seconds:0;	Last connection made:Thu Jan 01 08:00:00 CST 1970;	First connection made: Thu Jan 01 08:00:00 CST 1970;	Active Connections:0;	total failure count in last (1000) msecs:0;	average resp time:0.0;	90 percentile resp time:0.0;	95 percentile resp time:0.0;	min resp time:0.0;	max resp time:0.0;	stddev resp time:0.0]
]}ServerList:com.alibaba.cloud.nacos.ribbon.NacosServerList@1569e181
18:34:14.938 [PollingServerListUpdater-0] INFO  c.n.c.ChainedDynamicProperty - [checkAndFlip,115] - Flipping property: service-sys.ribbon.ActiveConnectionsLimit to use NEXT property: niws.loadbalancer.availabilityFilteringRule.activeConnectionsLimit = 2147483647
18:35:59.765 [Thread-25] INFO  c.n.l.PollingServerListUpdater - [run,53] - Shutting down the Executor Pool for PollingServerListUpdater
18:35:59.776 [SpringContextShutdownHook] INFO  c.a.c.n.r.NacosServiceRegistry - [deregister,94] - De-registering from Nacos Server now...
18:35:59.778 [SpringContextShutdownHook] INFO  c.a.c.n.r.NacosServiceRegistry - [deregister,114] - De-registration finished.
18:37:18.288 [restartedMain] INFO  o.r.Reflections - [scan,232] - Reflections took 14 ms to scan 1 urls, producing 3 keys and 6 values 
18:37:18.303 [restartedMain] INFO  o.r.Reflections - [scan,232] - Reflections took 7 ms to scan 1 urls, producing 4 keys and 9 values 
18:37:18.311 [restartedMain] INFO  o.r.Reflections - [scan,232] - Reflections took 6 ms to scan 1 urls, producing 3 keys and 10 values 
18:37:18.315 [restartedMain] INFO  o.r.Reflections - [scan,232] - Reflections took 2 ms to scan 1 urls, producing 0 keys and 0 values 
18:37:18.321 [restartedMain] INFO  o.r.Reflections - [scan,232] - Reflections took 6 ms to scan 1 urls, producing 1 keys and 5 values 
18:37:18.328 [restartedMain] INFO  o.r.Reflections - [scan,232] - Reflections took 6 ms to scan 1 urls, producing 1 keys and 7 values 
18:37:18.335 [restartedMain] INFO  o.r.Reflections - [scan,232] - Reflections took 5 ms to scan 1 urls, producing 2 keys and 8 values 
18:37:18.338 [restartedMain] INFO  o.r.Reflections - [scan,232] - Reflections took 0 ms to scan 1 urls, producing 0 keys and 0 values 
18:37:19.779 [restartedMain] INFO  c.g.g.StartGateway - [logStartupProfileInfo,652] - The following profiles are active: dev
18:37:20.353 [restartedMain] INFO  c.n.c.s.URLConfigurationSource - [<init>,127] - To enable URLs as dynamic configuration sources, define System property archaius.configurationSource.additionalUrls or make config.properties available on classpath.
18:37:20.355 [restartedMain] INFO  c.n.c.s.URLConfigurationSource - [<init>,127] - To enable URLs as dynamic configuration sources, define System property archaius.configurationSource.additionalUrls or make config.properties available on classpath.
18:37:29.704 [restartedMain] INFO  c.a.c.n.r.NacosServiceRegistry - [register,75] - nacos registry, DEFAULT_GROUP service-gateway 192.168.76.1:9999 register finished
18:37:29.716 [restartedMain] INFO  c.g.g.StartGateway - [logStarted,61] - Started StartGateway in 14.8 seconds (JVM running for 16.129)
18:37:34.772 [reactor-http-nio-2] INFO  c.n.c.ChainedDynamicProperty - [checkAndFlip,115] - Flipping property: service-sys.ribbon.ActiveConnectionsLimit to use NEXT property: niws.loadbalancer.availabilityFilteringRule.activeConnectionsLimit = 2147483647
18:37:34.790 [reactor-http-nio-2] INFO  c.n.l.BaseLoadBalancer - [initWithConfig,197] - Client: service-sys instantiated a LoadBalancer: DynamicServerListLoadBalancer:{NFLoadBalancer:name=service-sys,current list of Servers=[],Load balancer stats=Zone stats: {},Server stats: []}ServerList:null
18:37:34.793 [reactor-http-nio-2] INFO  c.n.l.DynamicServerListLoadBalancer - [enableAndInitLearnNewServersFeature,222] - Using serverListUpdater PollingServerListUpdater
18:37:34.804 [reactor-http-nio-2] INFO  c.n.c.ChainedDynamicProperty - [checkAndFlip,115] - Flipping property: service-sys.ribbon.ActiveConnectionsLimit to use NEXT property: niws.loadbalancer.availabilityFilteringRule.activeConnectionsLimit = 2147483647
18:37:34.805 [reactor-http-nio-2] INFO  c.n.l.DynamicServerListLoadBalancer - [restOfInit,150] - DynamicServerListLoadBalancer for client service-sys initialized: DynamicServerListLoadBalancer:{NFLoadBalancer:name=service-sys,current list of Servers=[192.168.76.1:9801],Load balancer stats=Zone stats: {unknown=[Zone:unknown;	Instance count:1;	Active connections count: 0;	Circuit breaker tripped count: 0;	Active connections per server: 0.0;]
},Server stats: [[Server:192.168.76.1:9801;	Zone:UNKNOWN;	Total Requests:0;	Successive connection failure:0;	Total blackout seconds:0;	Last connection made:Thu Jan 01 08:00:00 CST 1970;	First connection made: Thu Jan 01 08:00:00 CST 1970;	Active Connections:0;	total failure count in last (1000) msecs:0;	average resp time:0.0;	90 percentile resp time:0.0;	95 percentile resp time:0.0;	min resp time:0.0;	max resp time:0.0;	stddev resp time:0.0]
]}ServerList:com.alibaba.cloud.nacos.ribbon.NacosServerList@5564a3b0
18:37:35.810 [PollingServerListUpdater-0] INFO  c.n.c.ChainedDynamicProperty - [checkAndFlip,115] - Flipping property: service-sys.ribbon.ActiveConnectionsLimit to use NEXT property: niws.loadbalancer.availabilityFilteringRule.activeConnectionsLimit = 2147483647
18:42:55.338 [Thread-23] INFO  c.n.l.PollingServerListUpdater - [run,53] - Shutting down the Executor Pool for PollingServerListUpdater
18:42:55.349 [SpringContextShutdownHook] INFO  c.a.c.n.r.NacosServiceRegistry - [deregister,94] - De-registering from Nacos Server now...
18:42:55.351 [SpringContextShutdownHook] INFO  c.a.c.n.r.NacosServiceRegistry - [deregister,114] - De-registration finished.
18:43:04.289 [restartedMain] INFO  o.r.Reflections - [scan,232] - Reflections took 15 ms to scan 1 urls, producing 3 keys and 6 values 
18:43:04.304 [restartedMain] INFO  o.r.Reflections - [scan,232] - Reflections took 7 ms to scan 1 urls, producing 4 keys and 9 values 
18:43:04.312 [restartedMain] INFO  o.r.Reflections - [scan,232] - Reflections took 6 ms to scan 1 urls, producing 3 keys and 10 values 
18:43:04.315 [restartedMain] INFO  o.r.Reflections - [scan,232] - Reflections took 1 ms to scan 1 urls, producing 0 keys and 0 values 
18:43:04.321 [restartedMain] INFO  o.r.Reflections - [scan,232] - Reflections took 5 ms to scan 1 urls, producing 1 keys and 5 values 
18:43:04.328 [restartedMain] INFO  o.r.Reflections - [scan,232] - Reflections took 6 ms to scan 1 urls, producing 1 keys and 7 values 
18:43:04.335 [restartedMain] INFO  o.r.Reflections - [scan,232] - Reflections took 6 ms to scan 1 urls, producing 2 keys and 8 values 
18:43:04.337 [restartedMain] INFO  o.r.Reflections - [scan,232] - Reflections took 1 ms to scan 1 urls, producing 0 keys and 0 values 
18:43:05.764 [restartedMain] INFO  c.g.g.StartGateway - [logStartupProfileInfo,652] - The following profiles are active: dev
18:43:06.435 [restartedMain] INFO  c.n.c.s.URLConfigurationSource - [<init>,127] - To enable URLs as dynamic configuration sources, define System property archaius.configurationSource.additionalUrls or make config.properties available on classpath.
18:43:06.437 [restartedMain] INFO  c.n.c.s.URLConfigurationSource - [<init>,127] - To enable URLs as dynamic configuration sources, define System property archaius.configurationSource.additionalUrls or make config.properties available on classpath.
18:43:14.984 [restartedMain] INFO  c.a.c.n.r.NacosServiceRegistry - [register,75] - nacos registry, DEFAULT_GROUP service-gateway 192.168.76.1:9999 register finished
18:43:14.996 [restartedMain] INFO  c.g.g.StartGateway - [logStarted,61] - Started StartGateway in 14.09 seconds (JVM running for 15.286)
18:43:40.790 [reactor-http-nio-2] INFO  c.n.c.ChainedDynamicProperty - [checkAndFlip,115] - Flipping property: service-sys.ribbon.ActiveConnectionsLimit to use NEXT property: niws.loadbalancer.availabilityFilteringRule.activeConnectionsLimit = 2147483647
18:43:40.808 [reactor-http-nio-2] INFO  c.n.l.BaseLoadBalancer - [initWithConfig,197] - Client: service-sys instantiated a LoadBalancer: DynamicServerListLoadBalancer:{NFLoadBalancer:name=service-sys,current list of Servers=[],Load balancer stats=Zone stats: {},Server stats: []}ServerList:null
18:43:40.811 [reactor-http-nio-2] INFO  c.n.l.DynamicServerListLoadBalancer - [enableAndInitLearnNewServersFeature,222] - Using serverListUpdater PollingServerListUpdater
18:43:40.821 [reactor-http-nio-2] INFO  c.n.c.ChainedDynamicProperty - [checkAndFlip,115] - Flipping property: service-sys.ribbon.ActiveConnectionsLimit to use NEXT property: niws.loadbalancer.availabilityFilteringRule.activeConnectionsLimit = 2147483647
18:43:40.823 [reactor-http-nio-2] INFO  c.n.l.DynamicServerListLoadBalancer - [restOfInit,150] - DynamicServerListLoadBalancer for client service-sys initialized: DynamicServerListLoadBalancer:{NFLoadBalancer:name=service-sys,current list of Servers=[192.168.76.1:9801],Load balancer stats=Zone stats: {unknown=[Zone:unknown;	Instance count:1;	Active connections count: 0;	Circuit breaker tripped count: 0;	Active connections per server: 0.0;]
},Server stats: [[Server:192.168.76.1:9801;	Zone:UNKNOWN;	Total Requests:0;	Successive connection failure:0;	Total blackout seconds:0;	Last connection made:Thu Jan 01 08:00:00 CST 1970;	First connection made: Thu Jan 01 08:00:00 CST 1970;	Active Connections:0;	total failure count in last (1000) msecs:0;	average resp time:0.0;	90 percentile resp time:0.0;	95 percentile resp time:0.0;	min resp time:0.0;	max resp time:0.0;	stddev resp time:0.0]
]}ServerList:com.alibaba.cloud.nacos.ribbon.NacosServerList@460863b4
18:43:41.826 [PollingServerListUpdater-0] INFO  c.n.c.ChainedDynamicProperty - [checkAndFlip,115] - Flipping property: service-sys.ribbon.ActiveConnectionsLimit to use NEXT property: niws.loadbalancer.availabilityFilteringRule.activeConnectionsLimit = 2147483647
18:46:49.958 [Thread-23] INFO  c.n.l.PollingServerListUpdater - [run,53] - Shutting down the Executor Pool for PollingServerListUpdater
18:46:49.967 [SpringContextShutdownHook] INFO  c.a.c.n.r.NacosServiceRegistry - [deregister,94] - De-registering from Nacos Server now...
18:46:49.969 [SpringContextShutdownHook] INFO  c.a.c.n.r.NacosServiceRegistry - [deregister,114] - De-registration finished.
18:47:16.383 [restartedMain] INFO  o.r.Reflections - [scan,232] - Reflections took 14 ms to scan 1 urls, producing 3 keys and 6 values 
18:47:16.398 [restartedMain] INFO  o.r.Reflections - [scan,232] - Reflections took 7 ms to scan 1 urls, producing 4 keys and 9 values 
18:47:16.405 [restartedMain] INFO  o.r.Reflections - [scan,232] - Reflections took 5 ms to scan 1 urls, producing 3 keys and 10 values 
18:47:16.409 [restartedMain] INFO  o.r.Reflections - [scan,232] - Reflections took 2 ms to scan 1 urls, producing 0 keys and 0 values 
18:47:16.415 [restartedMain] INFO  o.r.Reflections - [scan,232] - Reflections took 6 ms to scan 1 urls, producing 1 keys and 5 values 
18:47:16.422 [restartedMain] INFO  o.r.Reflections - [scan,232] - Reflections took 5 ms to scan 1 urls, producing 1 keys and 7 values 
18:47:16.429 [restartedMain] INFO  o.r.Reflections - [scan,232] - Reflections took 5 ms to scan 1 urls, producing 2 keys and 8 values 
18:47:16.431 [restartedMain] INFO  o.r.Reflections - [scan,232] - Reflections took 1 ms to scan 1 urls, producing 0 keys and 0 values 
18:47:17.884 [restartedMain] INFO  c.g.g.StartGateway - [logStartupProfileInfo,652] - The following profiles are active: dev
18:47:18.465 [restartedMain] INFO  c.n.c.s.URLConfigurationSource - [<init>,127] - To enable URLs as dynamic configuration sources, define System property archaius.configurationSource.additionalUrls or make config.properties available on classpath.
18:47:18.467 [restartedMain] INFO  c.n.c.s.URLConfigurationSource - [<init>,127] - To enable URLs as dynamic configuration sources, define System property archaius.configurationSource.additionalUrls or make config.properties available on classpath.
18:47:27.135 [restartedMain] INFO  c.a.c.n.r.NacosServiceRegistry - [register,75] - nacos registry, DEFAULT_GROUP service-gateway 192.168.76.1:9999 register finished
18:47:27.147 [restartedMain] INFO  c.g.g.StartGateway - [logStarted,61] - Started StartGateway in 14.13 seconds (JVM running for 15.335)
18:47:34.385 [reactor-http-nio-2] INFO  c.n.c.ChainedDynamicProperty - [checkAndFlip,115] - Flipping property: service-sys.ribbon.ActiveConnectionsLimit to use NEXT property: niws.loadbalancer.availabilityFilteringRule.activeConnectionsLimit = 2147483647
18:47:34.403 [reactor-http-nio-2] INFO  c.n.l.BaseLoadBalancer - [initWithConfig,197] - Client: service-sys instantiated a LoadBalancer: DynamicServerListLoadBalancer:{NFLoadBalancer:name=service-sys,current list of Servers=[],Load balancer stats=Zone stats: {},Server stats: []}ServerList:null
18:47:34.406 [reactor-http-nio-2] INFO  c.n.l.DynamicServerListLoadBalancer - [enableAndInitLearnNewServersFeature,222] - Using serverListUpdater PollingServerListUpdater
18:47:34.416 [reactor-http-nio-2] INFO  c.n.c.ChainedDynamicProperty - [checkAndFlip,115] - Flipping property: service-sys.ribbon.ActiveConnectionsLimit to use NEXT property: niws.loadbalancer.availabilityFilteringRule.activeConnectionsLimit = 2147483647
18:47:34.418 [reactor-http-nio-2] INFO  c.n.l.DynamicServerListLoadBalancer - [restOfInit,150] - DynamicServerListLoadBalancer for client service-sys initialized: DynamicServerListLoadBalancer:{NFLoadBalancer:name=service-sys,current list of Servers=[192.168.76.1:9801],Load balancer stats=Zone stats: {unknown=[Zone:unknown;	Instance count:1;	Active connections count: 0;	Circuit breaker tripped count: 0;	Active connections per server: 0.0;]
},Server stats: [[Server:192.168.76.1:9801;	Zone:UNKNOWN;	Total Requests:0;	Successive connection failure:0;	Total blackout seconds:0;	Last connection made:Thu Jan 01 08:00:00 CST 1970;	First connection made: Thu Jan 01 08:00:00 CST 1970;	Active Connections:0;	total failure count in last (1000) msecs:0;	average resp time:0.0;	90 percentile resp time:0.0;	95 percentile resp time:0.0;	min resp time:0.0;	max resp time:0.0;	stddev resp time:0.0]
]}ServerList:com.alibaba.cloud.nacos.ribbon.NacosServerList@121dfc0b
18:47:35.414 [PollingServerListUpdater-0] INFO  c.n.c.ChainedDynamicProperty - [checkAndFlip,115] - Flipping property: service-sys.ribbon.ActiveConnectionsLimit to use NEXT property: niws.loadbalancer.availabilityFilteringRule.activeConnectionsLimit = 2147483647
18:53:28.644 [Thread-23] INFO  c.n.l.PollingServerListUpdater - [run,53] - Shutting down the Executor Pool for PollingServerListUpdater
18:53:28.654 [SpringContextShutdownHook] INFO  c.a.c.n.r.NacosServiceRegistry - [deregister,94] - De-registering from Nacos Server now...
18:53:28.656 [SpringContextShutdownHook] INFO  c.a.c.n.r.NacosServiceRegistry - [deregister,114] - De-registration finished.
18:53:43.881 [restartedMain] INFO  o.r.Reflections - [scan,232] - Reflections took 15 ms to scan 1 urls, producing 3 keys and 6 values 
18:53:43.896 [restartedMain] INFO  o.r.Reflections - [scan,232] - Reflections took 7 ms to scan 1 urls, producing 4 keys and 9 values 
18:53:43.904 [restartedMain] INFO  o.r.Reflections - [scan,232] - Reflections took 6 ms to scan 1 urls, producing 3 keys and 10 values 
18:53:43.907 [restartedMain] INFO  o.r.Reflections - [scan,232] - Reflections took 1 ms to scan 1 urls, producing 0 keys and 0 values 
18:53:43.914 [restartedMain] INFO  o.r.Reflections - [scan,232] - Reflections took 6 ms to scan 1 urls, producing 1 keys and 5 values 
18:53:43.924 [restartedMain] INFO  o.r.Reflections - [scan,232] - Reflections took 8 ms to scan 1 urls, producing 1 keys and 7 values 
18:53:43.934 [restartedMain] INFO  o.r.Reflections - [scan,232] - Reflections took 8 ms to scan 1 urls, producing 2 keys and 8 values 
18:53:43.937 [restartedMain] INFO  o.r.Reflections - [scan,232] - Reflections took 1 ms to scan 1 urls, producing 0 keys and 0 values 
18:53:45.527 [restartedMain] INFO  c.g.g.StartGateway - [logStartupProfileInfo,652] - The following profiles are active: dev
18:53:46.231 [restartedMain] INFO  c.n.c.s.URLConfigurationSource - [<init>,127] - To enable URLs as dynamic configuration sources, define System property archaius.configurationSource.additionalUrls or make config.properties available on classpath.
18:53:46.233 [restartedMain] INFO  c.n.c.s.URLConfigurationSource - [<init>,127] - To enable URLs as dynamic configuration sources, define System property archaius.configurationSource.additionalUrls or make config.properties available on classpath.
18:53:54.871 [restartedMain] INFO  c.a.c.n.r.NacosServiceRegistry - [register,75] - nacos registry, DEFAULT_GROUP service-gateway 192.168.76.1:9999 register finished
18:53:54.883 [restartedMain] INFO  c.g.g.StartGateway - [logStarted,61] - Started StartGateway in 14.364 seconds (JVM running for 15.489)
18:57:30.515 [reactor-http-nio-2] INFO  c.n.c.ChainedDynamicProperty - [checkAndFlip,115] - Flipping property: service-sys.ribbon.ActiveConnectionsLimit to use NEXT property: niws.loadbalancer.availabilityFilteringRule.activeConnectionsLimit = 2147483647
18:57:30.537 [reactor-http-nio-2] INFO  c.n.l.BaseLoadBalancer - [initWithConfig,197] - Client: service-sys instantiated a LoadBalancer: DynamicServerListLoadBalancer:{NFLoadBalancer:name=service-sys,current list of Servers=[],Load balancer stats=Zone stats: {},Server stats: []}ServerList:null
18:57:30.542 [reactor-http-nio-2] INFO  c.n.l.DynamicServerListLoadBalancer - [enableAndInitLearnNewServersFeature,222] - Using serverListUpdater PollingServerListUpdater
18:57:30.555 [reactor-http-nio-2] INFO  c.n.c.ChainedDynamicProperty - [checkAndFlip,115] - Flipping property: service-sys.ribbon.ActiveConnectionsLimit to use NEXT property: niws.loadbalancer.availabilityFilteringRule.activeConnectionsLimit = 2147483647
18:57:30.556 [reactor-http-nio-2] INFO  c.n.l.DynamicServerListLoadBalancer - [restOfInit,150] - DynamicServerListLoadBalancer for client service-sys initialized: DynamicServerListLoadBalancer:{NFLoadBalancer:name=service-sys,current list of Servers=[192.168.76.1:9801],Load balancer stats=Zone stats: {unknown=[Zone:unknown;	Instance count:1;	Active connections count: 0;	Circuit breaker tripped count: 0;	Active connections per server: 0.0;]
},Server stats: [[Server:192.168.76.1:9801;	Zone:UNKNOWN;	Total Requests:0;	Successive connection failure:0;	Total blackout seconds:0;	Last connection made:Thu Jan 01 08:00:00 CST 1970;	First connection made: Thu Jan 01 08:00:00 CST 1970;	Active Connections:0;	total failure count in last (1000) msecs:0;	average resp time:0.0;	90 percentile resp time:0.0;	95 percentile resp time:0.0;	min resp time:0.0;	max resp time:0.0;	stddev resp time:0.0]
]}ServerList:com.alibaba.cloud.nacos.ribbon.NacosServerList@309769fd
18:57:31.554 [PollingServerListUpdater-0] INFO  c.n.c.ChainedDynamicProperty - [checkAndFlip,115] - Flipping property: service-sys.ribbon.ActiveConnectionsLimit to use NEXT property: niws.loadbalancer.availabilityFilteringRule.activeConnectionsLimit = 2147483647
19:01:12.570 [Thread-25] INFO  c.n.l.PollingServerListUpdater - [run,53] - Shutting down the Executor Pool for PollingServerListUpdater
19:01:12.579 [SpringContextShutdownHook] INFO  c.a.c.n.r.NacosServiceRegistry - [deregister,94] - De-registering from Nacos Server now...
19:01:12.581 [SpringContextShutdownHook] INFO  c.a.c.n.r.NacosServiceRegistry - [deregister,114] - De-registration finished.
19:01:25.569 [restartedMain] INFO  o.r.Reflections - [scan,232] - Reflections took 14 ms to scan 1 urls, producing 3 keys and 6 values 
19:01:25.585 [restartedMain] INFO  o.r.Reflections - [scan,232] - Reflections took 7 ms to scan 1 urls, producing 4 keys and 9 values 
19:01:25.592 [restartedMain] INFO  o.r.Reflections - [scan,232] - Reflections took 5 ms to scan 1 urls, producing 3 keys and 10 values 
19:01:25.596 [restartedMain] INFO  o.r.Reflections - [scan,232] - Reflections took 2 ms to scan 1 urls, producing 0 keys and 0 values 
19:01:25.602 [restartedMain] INFO  o.r.Reflections - [scan,232] - Reflections took 5 ms to scan 1 urls, producing 1 keys and 5 values 
19:01:25.611 [restartedMain] INFO  o.r.Reflections - [scan,232] - Reflections took 7 ms to scan 1 urls, producing 1 keys and 7 values 
19:01:25.618 [restartedMain] INFO  o.r.Reflections - [scan,232] - Reflections took 5 ms to scan 1 urls, producing 2 keys and 8 values 
19:01:25.621 [restartedMain] INFO  o.r.Reflections - [scan,232] - Reflections took 1 ms to scan 1 urls, producing 0 keys and 0 values 
19:01:27.082 [restartedMain] INFO  c.g.g.StartGateway - [logStartupProfileInfo,652] - The following profiles are active: dev
19:01:27.689 [restartedMain] INFO  c.n.c.s.URLConfigurationSource - [<init>,127] - To enable URLs as dynamic configuration sources, define System property archaius.configurationSource.additionalUrls or make config.properties available on classpath.
19:01:27.691 [restartedMain] INFO  c.n.c.s.URLConfigurationSource - [<init>,127] - To enable URLs as dynamic configuration sources, define System property archaius.configurationSource.additionalUrls or make config.properties available on classpath.
19:01:36.543 [restartedMain] INFO  c.a.c.n.r.NacosServiceRegistry - [register,75] - nacos registry, DEFAULT_GROUP service-gateway 192.168.76.1:9999 register finished
19:01:36.555 [restartedMain] INFO  c.g.g.StartGateway - [logStarted,61] - Started StartGateway in 14.386 seconds (JVM running for 15.624)
19:03:16.755 [SpringContextShutdownHook] INFO  c.a.c.n.r.NacosServiceRegistry - [deregister,94] - De-registering from Nacos Server now...
19:03:16.758 [SpringContextShutdownHook] INFO  c.a.c.n.r.NacosServiceRegistry - [deregister,114] - De-registration finished.
19:03:30.214 [restartedMain] INFO  o.r.Reflections - [scan,232] - Reflections took 15 ms to scan 1 urls, producing 3 keys and 6 values 
19:03:30.230 [restartedMain] INFO  o.r.Reflections - [scan,232] - Reflections took 8 ms to scan 1 urls, producing 4 keys and 9 values 
19:03:30.241 [restartedMain] INFO  o.r.Reflections - [scan,232] - Reflections took 9 ms to scan 1 urls, producing 3 keys and 10 values 
19:03:30.245 [restartedMain] INFO  o.r.Reflections - [scan,232] - Reflections took 2 ms to scan 1 urls, producing 0 keys and 0 values 
19:03:30.250 [restartedMain] INFO  o.r.Reflections - [scan,232] - Reflections took 5 ms to scan 1 urls, producing 1 keys and 5 values 
19:03:30.257 [restartedMain] INFO  o.r.Reflections - [scan,232] - Reflections took 5 ms to scan 1 urls, producing 1 keys and 7 values 
19:03:30.264 [restartedMain] INFO  o.r.Reflections - [scan,232] - Reflections took 5 ms to scan 1 urls, producing 2 keys and 8 values 
19:03:30.266 [restartedMain] INFO  o.r.Reflections - [scan,232] - Reflections took 1 ms to scan 1 urls, producing 0 keys and 0 values 
19:03:31.709 [restartedMain] INFO  c.g.g.StartGateway - [logStartupProfileInfo,652] - The following profiles are active: dev
19:03:32.322 [restartedMain] INFO  c.n.c.s.URLConfigurationSource - [<init>,127] - To enable URLs as dynamic configuration sources, define System property archaius.configurationSource.additionalUrls or make config.properties available on classpath.
19:03:32.325 [restartedMain] INFO  c.n.c.s.URLConfigurationSource - [<init>,127] - To enable URLs as dynamic configuration sources, define System property archaius.configurationSource.additionalUrls or make config.properties available on classpath.
19:03:40.959 [restartedMain] INFO  c.a.c.n.r.NacosServiceRegistry - [register,75] - nacos registry, DEFAULT_GROUP service-gateway 192.168.76.1:9999 register finished
19:03:40.971 [restartedMain] INFO  c.g.g.StartGateway - [logStarted,61] - Started StartGateway in 14.116 seconds (JVM running for 15.288)
19:04:19.182 [reactor-http-nio-2] INFO  c.n.c.ChainedDynamicProperty - [checkAndFlip,115] - Flipping property: service-sys.ribbon.ActiveConnectionsLimit to use NEXT property: niws.loadbalancer.availabilityFilteringRule.activeConnectionsLimit = 2147483647
19:04:19.199 [reactor-http-nio-2] INFO  c.n.l.BaseLoadBalancer - [initWithConfig,197] - Client: service-sys instantiated a LoadBalancer: DynamicServerListLoadBalancer:{NFLoadBalancer:name=service-sys,current list of Servers=[],Load balancer stats=Zone stats: {},Server stats: []}ServerList:null
19:04:19.202 [reactor-http-nio-2] INFO  c.n.l.DynamicServerListLoadBalancer - [enableAndInitLearnNewServersFeature,222] - Using serverListUpdater PollingServerListUpdater
19:04:19.214 [reactor-http-nio-2] INFO  c.n.c.ChainedDynamicProperty - [checkAndFlip,115] - Flipping property: service-sys.ribbon.ActiveConnectionsLimit to use NEXT property: niws.loadbalancer.availabilityFilteringRule.activeConnectionsLimit = 2147483647
19:04:19.215 [reactor-http-nio-2] INFO  c.n.l.DynamicServerListLoadBalancer - [restOfInit,150] - DynamicServerListLoadBalancer for client service-sys initialized: DynamicServerListLoadBalancer:{NFLoadBalancer:name=service-sys,current list of Servers=[192.168.76.1:9801],Load balancer stats=Zone stats: {unknown=[Zone:unknown;	Instance count:1;	Active connections count: 0;	Circuit breaker tripped count: 0;	Active connections per server: 0.0;]
},Server stats: [[Server:192.168.76.1:9801;	Zone:UNKNOWN;	Total Requests:0;	Successive connection failure:0;	Total blackout seconds:0;	Last connection made:Thu Jan 01 08:00:00 CST 1970;	First connection made: Thu Jan 01 08:00:00 CST 1970;	Active Connections:0;	total failure count in last (1000) msecs:0;	average resp time:0.0;	90 percentile resp time:0.0;	95 percentile resp time:0.0;	min resp time:0.0;	max resp time:0.0;	stddev resp time:0.0]
]}ServerList:com.alibaba.cloud.nacos.ribbon.NacosServerList@6386713a
19:04:20.207 [PollingServerListUpdater-0] INFO  c.n.c.ChainedDynamicProperty - [checkAndFlip,115] - Flipping property: service-sys.ribbon.ActiveConnectionsLimit to use NEXT property: niws.loadbalancer.availabilityFilteringRule.activeConnectionsLimit = 2147483647
19:12:36.940 [Thread-25] INFO  c.n.l.PollingServerListUpdater - [run,53] - Shutting down the Executor Pool for PollingServerListUpdater
19:12:36.949 [SpringContextShutdownHook] INFO  c.a.c.n.r.NacosServiceRegistry - [deregister,94] - De-registering from Nacos Server now...
19:12:36.951 [SpringContextShutdownHook] INFO  c.a.c.n.r.NacosServiceRegistry - [deregister,114] - De-registration finished.
19:12:52.601 [restartedMain] INFO  o.r.Reflections - [scan,232] - Reflections took 16 ms to scan 1 urls, producing 3 keys and 6 values 
19:12:52.616 [restartedMain] INFO  o.r.Reflections - [scan,232] - Reflections took 6 ms to scan 1 urls, producing 4 keys and 9 values 
19:12:52.624 [restartedMain] INFO  o.r.Reflections - [scan,232] - Reflections took 5 ms to scan 1 urls, producing 3 keys and 10 values 
19:12:52.628 [restartedMain] INFO  o.r.Reflections - [scan,232] - Reflections took 2 ms to scan 1 urls, producing 0 keys and 0 values 
19:12:52.634 [restartedMain] INFO  o.r.Reflections - [scan,232] - Reflections took 5 ms to scan 1 urls, producing 1 keys and 5 values 
19:12:52.642 [restartedMain] INFO  o.r.Reflections - [scan,232] - Reflections took 6 ms to scan 1 urls, producing 1 keys and 7 values 
19:12:52.649 [restartedMain] INFO  o.r.Reflections - [scan,232] - Reflections took 5 ms to scan 1 urls, producing 2 keys and 8 values 
19:12:52.653 [restartedMain] INFO  o.r.Reflections - [scan,232] - Reflections took 1 ms to scan 1 urls, producing 0 keys and 0 values 
19:12:54.186 [restartedMain] INFO  c.g.g.StartGateway - [logStartupProfileInfo,652] - The following profiles are active: dev
19:12:54.852 [restartedMain] INFO  c.n.c.s.URLConfigurationSource - [<init>,127] - To enable URLs as dynamic configuration sources, define System property archaius.configurationSource.additionalUrls or make config.properties available on classpath.
19:12:54.854 [restartedMain] INFO  c.n.c.s.URLConfigurationSource - [<init>,127] - To enable URLs as dynamic configuration sources, define System property archaius.configurationSource.additionalUrls or make config.properties available on classpath.
19:13:03.800 [restartedMain] INFO  c.a.c.n.r.NacosServiceRegistry - [register,75] - nacos registry, DEFAULT_GROUP service-gateway 192.168.76.1:9999 register finished
19:13:03.813 [restartedMain] INFO  c.g.g.StartGateway - [logStarted,61] - Started StartGateway in 14.659 seconds (JVM running for 16.119)
19:15:25.357 [reactor-http-nio-2] INFO  c.n.c.ChainedDynamicProperty - [checkAndFlip,115] - Flipping property: service-sys.ribbon.ActiveConnectionsLimit to use NEXT property: niws.loadbalancer.availabilityFilteringRule.activeConnectionsLimit = 2147483647
19:15:25.376 [reactor-http-nio-2] INFO  c.n.l.BaseLoadBalancer - [initWithConfig,197] - Client: service-sys instantiated a LoadBalancer: DynamicServerListLoadBalancer:{NFLoadBalancer:name=service-sys,current list of Servers=[],Load balancer stats=Zone stats: {},Server stats: []}ServerList:null
19:15:25.381 [reactor-http-nio-2] INFO  c.n.l.DynamicServerListLoadBalancer - [enableAndInitLearnNewServersFeature,222] - Using serverListUpdater PollingServerListUpdater
19:15:25.391 [reactor-http-nio-2] INFO  c.n.c.ChainedDynamicProperty - [checkAndFlip,115] - Flipping property: service-sys.ribbon.ActiveConnectionsLimit to use NEXT property: niws.loadbalancer.availabilityFilteringRule.activeConnectionsLimit = 2147483647
19:15:25.393 [reactor-http-nio-2] INFO  c.n.l.DynamicServerListLoadBalancer - [restOfInit,150] - DynamicServerListLoadBalancer for client service-sys initialized: DynamicServerListLoadBalancer:{NFLoadBalancer:name=service-sys,current list of Servers=[192.168.76.1:9801],Load balancer stats=Zone stats: {unknown=[Zone:unknown;	Instance count:1;	Active connections count: 0;	Circuit breaker tripped count: 0;	Active connections per server: 0.0;]
},Server stats: [[Server:192.168.76.1:9801;	Zone:UNKNOWN;	Total Requests:0;	Successive connection failure:0;	Total blackout seconds:0;	Last connection made:Thu Jan 01 08:00:00 CST 1970;	First connection made: Thu Jan 01 08:00:00 CST 1970;	Active Connections:0;	total failure count in last (1000) msecs:0;	average resp time:0.0;	90 percentile resp time:0.0;	95 percentile resp time:0.0;	min resp time:0.0;	max resp time:0.0;	stddev resp time:0.0]
]}ServerList:com.alibaba.cloud.nacos.ribbon.NacosServerList@44f9e2e3
19:15:26.392 [PollingServerListUpdater-0] INFO  c.n.c.ChainedDynamicProperty - [checkAndFlip,115] - Flipping property: service-sys.ribbon.ActiveConnectionsLimit to use NEXT property: niws.loadbalancer.availabilityFilteringRule.activeConnectionsLimit = 2147483647
19:24:16.237 [Thread-23] INFO  c.n.l.PollingServerListUpdater - [run,53] - Shutting down the Executor Pool for PollingServerListUpdater
19:24:16.245 [SpringContextShutdownHook] INFO  c.a.c.n.r.NacosServiceRegistry - [deregister,94] - De-registering from Nacos Server now...
19:24:16.247 [SpringContextShutdownHook] INFO  c.a.c.n.r.NacosServiceRegistry - [deregister,114] - De-registration finished.
19:24:26.270 [restartedMain] INFO  o.r.Reflections - [scan,232] - Reflections took 16 ms to scan 1 urls, producing 3 keys and 6 values 
19:24:26.285 [restartedMain] INFO  o.r.Reflections - [scan,232] - Reflections took 8 ms to scan 1 urls, producing 4 keys and 9 values 
19:24:26.293 [restartedMain] INFO  o.r.Reflections - [scan,232] - Reflections took 5 ms to scan 1 urls, producing 3 keys and 10 values 
19:24:26.298 [restartedMain] INFO  o.r.Reflections - [scan,232] - Reflections took 3 ms to scan 1 urls, producing 0 keys and 0 values 
19:24:26.304 [restartedMain] INFO  o.r.Reflections - [scan,232] - Reflections took 6 ms to scan 1 urls, producing 1 keys and 5 values 
19:24:26.313 [restartedMain] INFO  o.r.Reflections - [scan,232] - Reflections took 7 ms to scan 1 urls, producing 1 keys and 7 values 
19:24:26.322 [restartedMain] INFO  o.r.Reflections - [scan,232] - Reflections took 7 ms to scan 1 urls, producing 2 keys and 8 values 
19:24:26.325 [restartedMain] INFO  o.r.Reflections - [scan,232] - Reflections took 1 ms to scan 1 urls, producing 0 keys and 0 values 
19:24:27.849 [restartedMain] INFO  c.g.g.StartGateway - [logStartupProfileInfo,652] - The following profiles are active: dev
19:24:28.760 [restartedMain] INFO  c.n.c.s.URLConfigurationSource - [<init>,127] - To enable URLs as dynamic configuration sources, define System property archaius.configurationSource.additionalUrls or make config.properties available on classpath.
19:24:28.765 [restartedMain] INFO  c.n.c.s.URLConfigurationSource - [<init>,127] - To enable URLs as dynamic configuration sources, define System property archaius.configurationSource.additionalUrls or make config.properties available on classpath.
19:24:37.851 [restartedMain] INFO  c.a.c.n.r.NacosServiceRegistry - [register,75] - nacos registry, DEFAULT_GROUP service-gateway 192.168.76.1:9999 register finished
19:24:37.863 [restartedMain] INFO  c.g.g.StartGateway - [logStarted,61] - Started StartGateway in 15.072 seconds (JVM running for 16.392)
19:25:09.046 [reactor-http-nio-2] INFO  c.n.c.ChainedDynamicProperty - [checkAndFlip,115] - Flipping property: service-sys.ribbon.ActiveConnectionsLimit to use NEXT property: niws.loadbalancer.availabilityFilteringRule.activeConnectionsLimit = 2147483647
19:25:09.064 [reactor-http-nio-2] INFO  c.n.l.BaseLoadBalancer - [initWithConfig,197] - Client: service-sys instantiated a LoadBalancer: DynamicServerListLoadBalancer:{NFLoadBalancer:name=service-sys,current list of Servers=[],Load balancer stats=Zone stats: {},Server stats: []}ServerList:null
19:25:09.068 [reactor-http-nio-2] INFO  c.n.l.DynamicServerListLoadBalancer - [enableAndInitLearnNewServersFeature,222] - Using serverListUpdater PollingServerListUpdater
19:25:09.080 [reactor-http-nio-2] INFO  c.n.c.ChainedDynamicProperty - [checkAndFlip,115] - Flipping property: service-sys.ribbon.ActiveConnectionsLimit to use NEXT property: niws.loadbalancer.availabilityFilteringRule.activeConnectionsLimit = 2147483647
19:25:09.082 [reactor-http-nio-2] INFO  c.n.l.DynamicServerListLoadBalancer - [restOfInit,150] - DynamicServerListLoadBalancer for client service-sys initialized: DynamicServerListLoadBalancer:{NFLoadBalancer:name=service-sys,current list of Servers=[192.168.76.1:9801],Load balancer stats=Zone stats: {unknown=[Zone:unknown;	Instance count:1;	Active connections count: 0;	Circuit breaker tripped count: 0;	Active connections per server: 0.0;]
},Server stats: [[Server:192.168.76.1:9801;	Zone:UNKNOWN;	Total Requests:0;	Successive connection failure:0;	Total blackout seconds:0;	Last connection made:Thu Jan 01 08:00:00 CST 1970;	First connection made: Thu Jan 01 08:00:00 CST 1970;	Active Connections:0;	total failure count in last (1000) msecs:0;	average resp time:0.0;	90 percentile resp time:0.0;	95 percentile resp time:0.0;	min resp time:0.0;	max resp time:0.0;	stddev resp time:0.0]
]}ServerList:com.alibaba.cloud.nacos.ribbon.NacosServerList@6eca7aef
19:25:10.075 [PollingServerListUpdater-0] INFO  c.n.c.ChainedDynamicProperty - [checkAndFlip,115] - Flipping property: service-sys.ribbon.ActiveConnectionsLimit to use NEXT property: niws.loadbalancer.availabilityFilteringRule.activeConnectionsLimit = 2147483647
19:27:16.885 [Thread-25] INFO  c.n.l.PollingServerListUpdater - [run,53] - Shutting down the Executor Pool for PollingServerListUpdater
19:27:16.894 [SpringContextShutdownHook] INFO  c.a.c.n.r.NacosServiceRegistry - [deregister,94] - De-registering from Nacos Server now...
19:27:16.896 [SpringContextShutdownHook] INFO  c.a.c.n.r.NacosServiceRegistry - [deregister,114] - De-registration finished.
19:27:38.468 [restartedMain] INFO  o.r.Reflections - [scan,232] - Reflections took 16 ms to scan 1 urls, producing 3 keys and 6 values 
19:27:38.484 [restartedMain] INFO  o.r.Reflections - [scan,232] - Reflections took 8 ms to scan 1 urls, producing 4 keys and 9 values 
19:27:38.493 [restartedMain] INFO  o.r.Reflections - [scan,232] - Reflections took 7 ms to scan 1 urls, producing 3 keys and 10 values 
19:27:38.497 [restartedMain] INFO  o.r.Reflections - [scan,232] - Reflections took 1 ms to scan 1 urls, producing 0 keys and 0 values 
19:27:38.503 [restartedMain] INFO  o.r.Reflections - [scan,232] - Reflections took 6 ms to scan 1 urls, producing 1 keys and 5 values 
19:27:38.511 [restartedMain] INFO  o.r.Reflections - [scan,232] - Reflections took 6 ms to scan 1 urls, producing 1 keys and 7 values 
19:27:38.520 [restartedMain] INFO  o.r.Reflections - [scan,232] - Reflections took 7 ms to scan 1 urls, producing 2 keys and 8 values 
19:27:38.523 [restartedMain] INFO  o.r.Reflections - [scan,232] - Reflections took 1 ms to scan 1 urls, producing 0 keys and 0 values 
19:27:40.069 [restartedMain] INFO  c.g.g.StartGateway - [logStartupProfileInfo,652] - The following profiles are active: dev
19:27:40.716 [restartedMain] INFO  c.n.c.s.URLConfigurationSource - [<init>,127] - To enable URLs as dynamic configuration sources, define System property archaius.configurationSource.additionalUrls or make config.properties available on classpath.
19:27:40.719 [restartedMain] INFO  c.n.c.s.URLConfigurationSource - [<init>,127] - To enable URLs as dynamic configuration sources, define System property archaius.configurationSource.additionalUrls or make config.properties available on classpath.
19:27:49.687 [restartedMain] INFO  c.a.c.n.r.NacosServiceRegistry - [register,75] - nacos registry, DEFAULT_GROUP service-gateway 192.168.76.1:9999 register finished
19:27:49.699 [restartedMain] INFO  c.g.g.StartGateway - [logStarted,61] - Started StartGateway in 14.693 seconds (JVM running for 16.044)
19:28:29.831 [reactor-http-nio-2] INFO  c.n.c.ChainedDynamicProperty - [checkAndFlip,115] - Flipping property: service-sys.ribbon.ActiveConnectionsLimit to use NEXT property: niws.loadbalancer.availabilityFilteringRule.activeConnectionsLimit = 2147483647
19:28:29.848 [reactor-http-nio-2] INFO  c.n.l.BaseLoadBalancer - [initWithConfig,197] - Client: service-sys instantiated a LoadBalancer: DynamicServerListLoadBalancer:{NFLoadBalancer:name=service-sys,current list of Servers=[],Load balancer stats=Zone stats: {},Server stats: []}ServerList:null
19:28:29.851 [reactor-http-nio-2] INFO  c.n.l.DynamicServerListLoadBalancer - [enableAndInitLearnNewServersFeature,222] - Using serverListUpdater PollingServerListUpdater
19:28:29.863 [reactor-http-nio-2] INFO  c.n.c.ChainedDynamicProperty - [checkAndFlip,115] - Flipping property: service-sys.ribbon.ActiveConnectionsLimit to use NEXT property: niws.loadbalancer.availabilityFilteringRule.activeConnectionsLimit = 2147483647
19:28:29.864 [reactor-http-nio-2] INFO  c.n.l.DynamicServerListLoadBalancer - [restOfInit,150] - DynamicServerListLoadBalancer for client service-sys initialized: DynamicServerListLoadBalancer:{NFLoadBalancer:name=service-sys,current list of Servers=[192.168.76.1:9801],Load balancer stats=Zone stats: {unknown=[Zone:unknown;	Instance count:1;	Active connections count: 0;	Circuit breaker tripped count: 0;	Active connections per server: 0.0;]
},Server stats: [[Server:192.168.76.1:9801;	Zone:UNKNOWN;	Total Requests:0;	Successive connection failure:0;	Total blackout seconds:0;	Last connection made:Thu Jan 01 08:00:00 CST 1970;	First connection made: Thu Jan 01 08:00:00 CST 1970;	Active Connections:0;	total failure count in last (1000) msecs:0;	average resp time:0.0;	90 percentile resp time:0.0;	95 percentile resp time:0.0;	min resp time:0.0;	max resp time:0.0;	stddev resp time:0.0]
]}ServerList:com.alibaba.cloud.nacos.ribbon.NacosServerList@1262f181
19:28:30.866 [PollingServerListUpdater-0] INFO  c.n.c.ChainedDynamicProperty - [checkAndFlip,115] - Flipping property: service-sys.ribbon.ActiveConnectionsLimit to use NEXT property: niws.loadbalancer.availabilityFilteringRule.activeConnectionsLimit = 2147483647
20:54:13.795 [Thread-23] INFO  c.n.l.PollingServerListUpdater - [run,53] - Shutting down the Executor Pool for PollingServerListUpdater
20:54:13.815 [SpringContextShutdownHook] INFO  c.a.c.n.r.NacosServiceRegistry - [deregister,94] - De-registering from Nacos Server now...
20:54:13.819 [SpringContextShutdownHook] INFO  c.a.c.n.r.NacosServiceRegistry - [deregister,114] - De-registration finished.
20:54:31.039 [restartedMain] INFO  o.r.Reflections - [scan,232] - Reflections took 14 ms to scan 1 urls, producing 3 keys and 6 values 
20:54:31.058 [restartedMain] INFO  o.r.Reflections - [scan,232] - Reflections took 6 ms to scan 1 urls, producing 4 keys and 9 values 
20:54:31.066 [restartedMain] INFO  o.r.Reflections - [scan,232] - Reflections took 6 ms to scan 1 urls, producing 3 keys and 10 values 
20:54:31.070 [restartedMain] INFO  o.r.Reflections - [scan,232] - Reflections took 2 ms to scan 1 urls, producing 0 keys and 0 values 
20:54:31.076 [restartedMain] INFO  o.r.Reflections - [scan,232] - Reflections took 6 ms to scan 1 urls, producing 1 keys and 5 values 
20:54:31.084 [restartedMain] INFO  o.r.Reflections - [scan,232] - Reflections took 7 ms to scan 1 urls, producing 1 keys and 7 values 
20:54:31.091 [restartedMain] INFO  o.r.Reflections - [scan,232] - Reflections took 5 ms to scan 1 urls, producing 2 keys and 8 values 
20:54:31.094 [restartedMain] INFO  o.r.Reflections - [scan,232] - Reflections took 1 ms to scan 1 urls, producing 0 keys and 0 values 
20:54:32.871 [restartedMain] INFO  c.g.g.StartGateway - [logStartupProfileInfo,652] - The following profiles are active: dev
20:54:33.529 [restartedMain] INFO  c.n.c.s.URLConfigurationSource - [<init>,127] - To enable URLs as dynamic configuration sources, define System property archaius.configurationSource.additionalUrls or make config.properties available on classpath.
20:54:33.531 [restartedMain] INFO  c.n.c.s.URLConfigurationSource - [<init>,127] - To enable URLs as dynamic configuration sources, define System property archaius.configurationSource.additionalUrls or make config.properties available on classpath.
20:54:42.673 [restartedMain] INFO  c.a.c.n.r.NacosServiceRegistry - [register,75] - nacos registry, DEFAULT_GROUP service-gateway 192.168.76.1:9999 register finished
20:54:42.686 [restartedMain] INFO  c.g.g.StartGateway - [logStarted,61] - Started StartGateway in 15.392 seconds (JVM running for 16.576)
20:55:47.067 [reactor-http-nio-2] INFO  c.n.c.ChainedDynamicProperty - [checkAndFlip,115] - Flipping property: service-sys.ribbon.ActiveConnectionsLimit to use NEXT property: niws.loadbalancer.availabilityFilteringRule.activeConnectionsLimit = 2147483647
20:55:47.085 [reactor-http-nio-2] INFO  c.n.l.BaseLoadBalancer - [initWithConfig,197] - Client: service-sys instantiated a LoadBalancer: DynamicServerListLoadBalancer:{NFLoadBalancer:name=service-sys,current list of Servers=[],Load balancer stats=Zone stats: {},Server stats: []}ServerList:null
20:55:47.088 [reactor-http-nio-2] INFO  c.n.l.DynamicServerListLoadBalancer - [enableAndInitLearnNewServersFeature,222] - Using serverListUpdater PollingServerListUpdater
20:55:47.098 [reactor-http-nio-2] INFO  c.n.c.ChainedDynamicProperty - [checkAndFlip,115] - Flipping property: service-sys.ribbon.ActiveConnectionsLimit to use NEXT property: niws.loadbalancer.availabilityFilteringRule.activeConnectionsLimit = 2147483647
20:55:47.100 [reactor-http-nio-2] INFO  c.n.l.DynamicServerListLoadBalancer - [restOfInit,150] - DynamicServerListLoadBalancer for client service-sys initialized: DynamicServerListLoadBalancer:{NFLoadBalancer:name=service-sys,current list of Servers=[192.168.76.1:9801],Load balancer stats=Zone stats: {unknown=[Zone:unknown;	Instance count:1;	Active connections count: 0;	Circuit breaker tripped count: 0;	Active connections per server: 0.0;]
},Server stats: [[Server:192.168.76.1:9801;	Zone:UNKNOWN;	Total Requests:0;	Successive connection failure:0;	Total blackout seconds:0;	Last connection made:Thu Jan 01 08:00:00 CST 1970;	First connection made: Thu Jan 01 08:00:00 CST 1970;	Active Connections:0;	total failure count in last (1000) msecs:0;	average resp time:0.0;	90 percentile resp time:0.0;	95 percentile resp time:0.0;	min resp time:0.0;	max resp time:0.0;	stddev resp time:0.0]
]}ServerList:com.alibaba.cloud.nacos.ribbon.NacosServerList@703ef9dc
20:55:48.097 [PollingServerListUpdater-0] INFO  c.n.c.ChainedDynamicProperty - [checkAndFlip,115] - Flipping property: service-sys.ribbon.ActiveConnectionsLimit to use NEXT property: niws.loadbalancer.availabilityFilteringRule.activeConnectionsLimit = 2147483647
22:03:30.860 [Thread-25] INFO  c.n.l.PollingServerListUpdater - [run,53] - Shutting down the Executor Pool for PollingServerListUpdater
22:03:30.888 [SpringContextShutdownHook] INFO  c.a.c.n.r.NacosServiceRegistry - [deregister,94] - De-registering from Nacos Server now...
22:03:30.894 [SpringContextShutdownHook] INFO  c.a.c.n.r.NacosServiceRegistry - [deregister,114] - De-registration finished.
22:06:55.518 [restartedMain] INFO  o.r.Reflections - [scan,232] - Reflections took 16 ms to scan 1 urls, producing 3 keys and 6 values 
22:06:55.535 [restartedMain] INFO  o.r.Reflections - [scan,232] - Reflections took 9 ms to scan 1 urls, producing 4 keys and 9 values 
22:06:55.545 [restartedMain] INFO  o.r.Reflections - [scan,232] - Reflections took 8 ms to scan 1 urls, producing 3 keys and 10 values 
22:06:55.549 [restartedMain] INFO  o.r.Reflections - [scan,232] - Reflections took 1 ms to scan 1 urls, producing 0 keys and 0 values 
22:06:55.557 [restartedMain] INFO  o.r.Reflections - [scan,232] - Reflections took 8 ms to scan 1 urls, producing 1 keys and 5 values 
22:06:55.565 [restartedMain] INFO  o.r.Reflections - [scan,232] - Reflections took 6 ms to scan 1 urls, producing 1 keys and 7 values 
22:06:55.573 [restartedMain] INFO  o.r.Reflections - [scan,232] - Reflections took 7 ms to scan 1 urls, producing 2 keys and 8 values 
22:06:55.575 [restartedMain] INFO  o.r.Reflections - [scan,232] - Reflections took 1 ms to scan 1 urls, producing 0 keys and 0 values 
22:06:57.086 [restartedMain] INFO  c.g.g.StartGateway - [logStartupProfileInfo,652] - The following profiles are active: dev
22:06:57.904 [restartedMain] INFO  c.n.c.s.URLConfigurationSource - [<init>,127] - To enable URLs as dynamic configuration sources, define System property archaius.configurationSource.additionalUrls or make config.properties available on classpath.
22:06:57.906 [restartedMain] INFO  c.n.c.s.URLConfigurationSource - [<init>,127] - To enable URLs as dynamic configuration sources, define System property archaius.configurationSource.additionalUrls or make config.properties available on classpath.
22:07:06.710 [restartedMain] INFO  c.a.c.n.r.NacosServiceRegistry - [register,75] - nacos registry, DEFAULT_GROUP service-gateway 192.168.76.1:9999 register finished
22:07:06.722 [restartedMain] INFO  c.g.g.StartGateway - [logStarted,61] - Started StartGateway in 15.086 seconds (JVM running for 16.363)
22:09:21.823 [reactor-http-nio-2] INFO  c.n.c.ChainedDynamicProperty - [checkAndFlip,115] - Flipping property: service-sys.ribbon.ActiveConnectionsLimit to use NEXT property: niws.loadbalancer.availabilityFilteringRule.activeConnectionsLimit = 2147483647
22:09:21.840 [reactor-http-nio-2] INFO  c.n.l.BaseLoadBalancer - [initWithConfig,197] - Client: service-sys instantiated a LoadBalancer: DynamicServerListLoadBalancer:{NFLoadBalancer:name=service-sys,current list of Servers=[],Load balancer stats=Zone stats: {},Server stats: []}ServerList:null
22:09:21.843 [reactor-http-nio-2] INFO  c.n.l.DynamicServerListLoadBalancer - [enableAndInitLearnNewServersFeature,222] - Using serverListUpdater PollingServerListUpdater
22:09:21.854 [reactor-http-nio-2] INFO  c.n.c.ChainedDynamicProperty - [checkAndFlip,115] - Flipping property: service-sys.ribbon.ActiveConnectionsLimit to use NEXT property: niws.loadbalancer.availabilityFilteringRule.activeConnectionsLimit = 2147483647
22:09:21.855 [reactor-http-nio-2] INFO  c.n.l.DynamicServerListLoadBalancer - [restOfInit,150] - DynamicServerListLoadBalancer for client service-sys initialized: DynamicServerListLoadBalancer:{NFLoadBalancer:name=service-sys,current list of Servers=[192.168.76.1:9801],Load balancer stats=Zone stats: {unknown=[Zone:unknown;	Instance count:1;	Active connections count: 0;	Circuit breaker tripped count: 0;	Active connections per server: 0.0;]
},Server stats: [[Server:192.168.76.1:9801;	Zone:UNKNOWN;	Total Requests:0;	Successive connection failure:0;	Total blackout seconds:0;	Last connection made:Thu Jan 01 08:00:00 CST 1970;	First connection made: Thu Jan 01 08:00:00 CST 1970;	Active Connections:0;	total failure count in last (1000) msecs:0;	average resp time:0.0;	90 percentile resp time:0.0;	95 percentile resp time:0.0;	min resp time:0.0;	max resp time:0.0;	stddev resp time:0.0]
]}ServerList:com.alibaba.cloud.nacos.ribbon.NacosServerList@5a4b52cd
22:09:22.856 [PollingServerListUpdater-0] INFO  c.n.c.ChainedDynamicProperty - [checkAndFlip,115] - Flipping property: service-sys.ribbon.ActiveConnectionsLimit to use NEXT property: niws.loadbalancer.availabilityFilteringRule.activeConnectionsLimit = 2147483647
22:55:07.339 [Thread-25] INFO  c.n.l.PollingServerListUpdater - [run,53] - Shutting down the Executor Pool for PollingServerListUpdater
22:55:07.346 [SpringContextShutdownHook] INFO  c.a.c.n.r.NacosServiceRegistry - [deregister,94] - De-registering from Nacos Server now...
22:55:07.349 [SpringContextShutdownHook] INFO  c.a.c.n.r.NacosServiceRegistry - [deregister,114] - De-registration finished.
22:55:32.681 [restartedMain] INFO  o.r.Reflections - [scan,232] - Reflections took 14 ms to scan 1 urls, producing 3 keys and 6 values 
22:55:32.696 [restartedMain] INFO  o.r.Reflections - [scan,232] - Reflections took 7 ms to scan 1 urls, producing 4 keys and 9 values 
22:55:32.704 [restartedMain] INFO  o.r.Reflections - [scan,232] - Reflections took 5 ms to scan 1 urls, producing 3 keys and 10 values 
22:55:32.707 [restartedMain] INFO  o.r.Reflections - [scan,232] - Reflections took 1 ms to scan 1 urls, producing 0 keys and 0 values 
22:55:32.713 [restartedMain] INFO  o.r.Reflections - [scan,232] - Reflections took 5 ms to scan 1 urls, producing 1 keys and 5 values 
22:55:32.720 [restartedMain] INFO  o.r.Reflections - [scan,232] - Reflections took 5 ms to scan 1 urls, producing 1 keys and 7 values 
22:55:32.727 [restartedMain] INFO  o.r.Reflections - [scan,232] - Reflections took 5 ms to scan 1 urls, producing 2 keys and 8 values 
22:55:32.730 [restartedMain] INFO  o.r.Reflections - [scan,232] - Reflections took 1 ms to scan 1 urls, producing 0 keys and 0 values 
22:55:34.190 [restartedMain] INFO  c.g.g.StartGateway - [logStartupProfileInfo,652] - The following profiles are active: dev
22:55:34.774 [restartedMain] INFO  c.n.c.s.URLConfigurationSource - [<init>,127] - To enable URLs as dynamic configuration sources, define System property archaius.configurationSource.additionalUrls or make config.properties available on classpath.
22:55:34.777 [restartedMain] INFO  c.n.c.s.URLConfigurationSource - [<init>,127] - To enable URLs as dynamic configuration sources, define System property archaius.configurationSource.additionalUrls or make config.properties available on classpath.
22:55:43.655 [restartedMain] INFO  c.a.c.n.r.NacosServiceRegistry - [register,75] - nacos registry, DEFAULT_GROUP service-gateway 192.168.76.1:9999 register finished
22:55:43.669 [restartedMain] INFO  c.g.g.StartGateway - [logStarted,61] - Started StartGateway in 14.464 seconds (JVM running for 15.656)
22:55:53.633 [reactor-http-nio-2] INFO  c.n.c.ChainedDynamicProperty - [checkAndFlip,115] - Flipping property: service-sys.ribbon.ActiveConnectionsLimit to use NEXT property: niws.loadbalancer.availabilityFilteringRule.activeConnectionsLimit = 2147483647
22:55:53.650 [reactor-http-nio-2] INFO  c.n.l.BaseLoadBalancer - [initWithConfig,197] - Client: service-sys instantiated a LoadBalancer: DynamicServerListLoadBalancer:{NFLoadBalancer:name=service-sys,current list of Servers=[],Load balancer stats=Zone stats: {},Server stats: []}ServerList:null
22:55:53.654 [reactor-http-nio-2] INFO  c.n.l.DynamicServerListLoadBalancer - [enableAndInitLearnNewServersFeature,222] - Using serverListUpdater PollingServerListUpdater
22:55:53.666 [reactor-http-nio-2] INFO  c.n.c.ChainedDynamicProperty - [checkAndFlip,115] - Flipping property: service-sys.ribbon.ActiveConnectionsLimit to use NEXT property: niws.loadbalancer.availabilityFilteringRule.activeConnectionsLimit = 2147483647
22:55:53.667 [reactor-http-nio-2] INFO  c.n.l.DynamicServerListLoadBalancer - [restOfInit,150] - DynamicServerListLoadBalancer for client service-sys initialized: DynamicServerListLoadBalancer:{NFLoadBalancer:name=service-sys,current list of Servers=[192.168.76.1:9801],Load balancer stats=Zone stats: {unknown=[Zone:unknown;	Instance count:1;	Active connections count: 0;	Circuit breaker tripped count: 0;	Active connections per server: 0.0;]
},Server stats: [[Server:192.168.76.1:9801;	Zone:UNKNOWN;	Total Requests:0;	Successive connection failure:0;	Total blackout seconds:0;	Last connection made:Thu Jan 01 08:00:00 CST 1970;	First connection made: Thu Jan 01 08:00:00 CST 1970;	Active Connections:0;	total failure count in last (1000) msecs:0;	average resp time:0.0;	90 percentile resp time:0.0;	95 percentile resp time:0.0;	min resp time:0.0;	max resp time:0.0;	stddev resp time:0.0]
]}ServerList:com.alibaba.cloud.nacos.ribbon.NacosServerList@5664d46a
22:55:54.665 [PollingServerListUpdater-0] INFO  c.n.c.ChainedDynamicProperty - [checkAndFlip,115] - Flipping property: service-sys.ribbon.ActiveConnectionsLimit to use NEXT property: niws.loadbalancer.availabilityFilteringRule.activeConnectionsLimit = 2147483647
22:59:18.603 [Thread-23] INFO  c.n.l.PollingServerListUpdater - [run,53] - Shutting down the Executor Pool for PollingServerListUpdater
22:59:18.611 [SpringContextShutdownHook] INFO  c.a.c.n.r.NacosServiceRegistry - [deregister,94] - De-registering from Nacos Server now...
22:59:18.614 [SpringContextShutdownHook] INFO  c.a.c.n.r.NacosServiceRegistry - [deregister,114] - De-registration finished.
22:59:33.466 [restartedMain] INFO  o.r.Reflections - [scan,232] - Reflections took 15 ms to scan 1 urls, producing 3 keys and 6 values 
22:59:33.482 [restartedMain] INFO  o.r.Reflections - [scan,232] - Reflections took 7 ms to scan 1 urls, producing 4 keys and 9 values 
22:59:33.490 [restartedMain] INFO  o.r.Reflections - [scan,232] - Reflections took 6 ms to scan 1 urls, producing 3 keys and 10 values 
22:59:33.494 [restartedMain] INFO  o.r.Reflections - [scan,232] - Reflections took 2 ms to scan 1 urls, producing 0 keys and 0 values 
22:59:33.500 [restartedMain] INFO  o.r.Reflections - [scan,232] - Reflections took 5 ms to scan 1 urls, producing 1 keys and 5 values 
22:59:33.508 [restartedMain] INFO  o.r.Reflections - [scan,232] - Reflections took 6 ms to scan 1 urls, producing 1 keys and 7 values 
22:59:33.516 [restartedMain] INFO  o.r.Reflections - [scan,232] - Reflections took 7 ms to scan 1 urls, producing 2 keys and 8 values 
22:59:33.519 [restartedMain] INFO  o.r.Reflections - [scan,232] - Reflections took 0 ms to scan 1 urls, producing 0 keys and 0 values 
22:59:35.076 [restartedMain] INFO  c.g.g.StartGateway - [logStartupProfileInfo,652] - The following profiles are active: dev
22:59:35.699 [restartedMain] INFO  c.n.c.s.URLConfigurationSource - [<init>,127] - To enable URLs as dynamic configuration sources, define System property archaius.configurationSource.additionalUrls or make config.properties available on classpath.
22:59:35.702 [restartedMain] INFO  c.n.c.s.URLConfigurationSource - [<init>,127] - To enable URLs as dynamic configuration sources, define System property archaius.configurationSource.additionalUrls or make config.properties available on classpath.
22:59:44.763 [restartedMain] INFO  c.a.c.n.r.NacosServiceRegistry - [register,75] - nacos registry, DEFAULT_GROUP service-gateway 192.168.76.1:9999 register finished
22:59:44.775 [restartedMain] INFO  c.g.g.StartGateway - [logStarted,61] - Started StartGateway in 14.75 seconds (JVM running for 15.938)
23:15:19.224 [reactor-http-nio-2] INFO  c.n.c.ChainedDynamicProperty - [checkAndFlip,115] - Flipping property: service-sys.ribbon.ActiveConnectionsLimit to use NEXT property: niws.loadbalancer.availabilityFilteringRule.activeConnectionsLimit = 2147483647
23:15:19.245 [reactor-http-nio-2] INFO  c.n.l.BaseLoadBalancer - [initWithConfig,197] - Client: service-sys instantiated a LoadBalancer: DynamicServerListLoadBalancer:{NFLoadBalancer:name=service-sys,current list of Servers=[],Load balancer stats=Zone stats: {},Server stats: []}ServerList:null
23:15:19.249 [reactor-http-nio-2] INFO  c.n.l.DynamicServerListLoadBalancer - [enableAndInitLearnNewServersFeature,222] - Using serverListUpdater PollingServerListUpdater
23:15:19.262 [reactor-http-nio-2] INFO  c.n.c.ChainedDynamicProperty - [checkAndFlip,115] - Flipping property: service-sys.ribbon.ActiveConnectionsLimit to use NEXT property: niws.loadbalancer.availabilityFilteringRule.activeConnectionsLimit = 2147483647
23:15:19.264 [reactor-http-nio-2] INFO  c.n.l.DynamicServerListLoadBalancer - [restOfInit,150] - DynamicServerListLoadBalancer for client service-sys initialized: DynamicServerListLoadBalancer:{NFLoadBalancer:name=service-sys,current list of Servers=[192.168.76.1:9801],Load balancer stats=Zone stats: {unknown=[Zone:unknown;	Instance count:1;	Active connections count: 0;	Circuit breaker tripped count: 0;	Active connections per server: 0.0;]
},Server stats: [[Server:192.168.76.1:9801;	Zone:UNKNOWN;	Total Requests:0;	Successive connection failure:0;	Total blackout seconds:0;	Last connection made:Thu Jan 01 08:00:00 CST 1970;	First connection made: Thu Jan 01 08:00:00 CST 1970;	Active Connections:0;	total failure count in last (1000) msecs:0;	average resp time:0.0;	90 percentile resp time:0.0;	95 percentile resp time:0.0;	min resp time:0.0;	max resp time:0.0;	stddev resp time:0.0]
]}ServerList:com.alibaba.cloud.nacos.ribbon.NacosServerList@2c57c308
23:15:20.255 [PollingServerListUpdater-0] INFO  c.n.c.ChainedDynamicProperty - [checkAndFlip,115] - Flipping property: service-sys.ribbon.ActiveConnectionsLimit to use NEXT property: niws.loadbalancer.availabilityFilteringRule.activeConnectionsLimit = 2147483647
