16:39:16.806 [restartedMain] INFO  o.r.Reflections - [scan,232] - Reflections took 20 ms to scan 1 urls, producing 3 keys and 6 values 
16:39:16.821 [restartedMain] INFO  o.r.Reflections - [scan,232] - Reflections took 7 ms to scan 1 urls, producing 4 keys and 9 values 
16:39:16.829 [restartedMain] INFO  o.r.Reflections - [scan,232] - Reflections took 5 ms to scan 1 urls, producing 3 keys and 10 values 
16:39:16.832 [restartedMain] INFO  o.r.Reflections - [scan,232] - Reflections took 2 ms to scan 1 urls, producing 0 keys and 0 values 
16:39:16.837 [restartedMain] INFO  o.r.Reflections - [scan,232] - Reflections took 4 ms to scan 1 urls, producing 1 keys and 5 values 
16:39:16.845 [restartedMain] INFO  o.r.Reflections - [scan,232] - Reflections took 5 ms to scan 1 urls, producing 1 keys and 7 values 
16:39:16.852 [restartedMain] INFO  o.r.Reflections - [scan,232] - Reflections took 6 ms to scan 1 urls, producing 2 keys and 8 values 
16:39:16.854 [restartedMain] INFO  o.r.Reflections - [scan,232] - Reflections took 1 ms to scan 1 urls, producing 0 keys and 0 values 
16:39:18.385 [restartedMain] INFO  c.g.g.StartGateway - [logStartupProfileInfo,652] - The following profiles are active: dev
16:39:18.970 [restartedMain] INFO  c.n.c.s.URLConfigurationSource - [<init>,127] - To enable URLs as dynamic configuration sources, define System property archaius.configurationSource.additionalUrls or make config.properties available on classpath.
16:39:18.973 [restartedMain] INFO  c.n.c.s.URLConfigurationSource - [<init>,127] - To enable URLs as dynamic configuration sources, define System property archaius.configurationSource.additionalUrls or make config.properties available on classpath.
16:39:27.795 [restartedMain] INFO  c.a.c.n.r.NacosServiceRegistry - [register,75] - nacos registry, DEFAULT_GROUP service-gateway 192.168.76.1:9999 register finished
16:39:27.809 [restartedMain] INFO  c.g.g.StartGateway - [logStarted,61] - Started StartGateway in 14.397 seconds (JVM running for 15.795)
18:11:05.415 [SpringContextShutdownHook] INFO  c.a.c.n.r.NacosServiceRegistry - [deregister,94] - De-registering from Nacos Server now...
18:11:05.418 [SpringContextShutdownHook] INFO  c.a.c.n.r.NacosServiceRegistry - [deregister,114] - De-registration finished.
18:11:50.936 [restartedMain] INFO  o.r.Reflections - [scan,232] - Reflections took 15 ms to scan 1 urls, producing 3 keys and 6 values 
18:11:50.951 [restartedMain] INFO  o.r.Reflections - [scan,232] - Reflections took 7 ms to scan 1 urls, producing 4 keys and 9 values 
18:11:50.959 [restartedMain] INFO  o.r.Reflections - [scan,232] - Reflections took 6 ms to scan 1 urls, producing 3 keys and 10 values 
18:11:50.963 [restartedMain] INFO  o.r.Reflections - [scan,232] - Reflections took 2 ms to scan 1 urls, producing 0 keys and 0 values 
18:11:50.972 [restartedMain] INFO  o.r.Reflections - [scan,232] - Reflections took 9 ms to scan 1 urls, producing 1 keys and 5 values 
18:11:50.979 [restartedMain] INFO  o.r.Reflections - [scan,232] - Reflections took 5 ms to scan 1 urls, producing 1 keys and 7 values 
18:11:50.986 [restartedMain] INFO  o.r.Reflections - [scan,232] - Reflections took 5 ms to scan 1 urls, producing 2 keys and 8 values 
18:11:50.989 [restartedMain] INFO  o.r.Reflections - [scan,232] - Reflections took 1 ms to scan 1 urls, producing 0 keys and 0 values 
18:11:52.747 [restartedMain] INFO  c.g.g.StartGateway - [logStartupProfileInfo,652] - The following profiles are active: dev
18:11:53.368 [restartedMain] INFO  c.n.c.s.URLConfigurationSource - [<init>,127] - To enable URLs as dynamic configuration sources, define System property archaius.configurationSource.additionalUrls or make config.properties available on classpath.
18:11:53.370 [restartedMain] INFO  c.n.c.s.URLConfigurationSource - [<init>,127] - To enable URLs as dynamic configuration sources, define System property archaius.configurationSource.additionalUrls or make config.properties available on classpath.
18:12:02.628 [restartedMain] INFO  c.a.c.n.r.NacosServiceRegistry - [register,75] - nacos registry, DEFAULT_GROUP service-gateway 192.168.76.1:9999 register finished
18:12:02.643 [restartedMain] INFO  c.g.g.StartGateway - [logStarted,61] - Started StartGateway in 15.51 seconds (JVM running for 16.828)
18:20:45.093 [SpringContextShutdownHook] INFO  c.a.c.n.r.NacosServiceRegistry - [deregister,94] - De-registering from Nacos Server now...
18:20:45.096 [SpringContextShutdownHook] INFO  c.a.c.n.r.NacosServiceRegistry - [deregister,114] - De-registration finished.
18:33:29.256 [restartedMain] INFO  o.r.Reflections - [scan,232] - Reflections took 14 ms to scan 1 urls, producing 3 keys and 6 values 
18:33:29.271 [restartedMain] INFO  o.r.Reflections - [scan,232] - Reflections took 7 ms to scan 1 urls, producing 4 keys and 9 values 
18:33:29.278 [restartedMain] INFO  o.r.Reflections - [scan,232] - Reflections took 5 ms to scan 1 urls, producing 3 keys and 10 values 
18:33:29.281 [restartedMain] INFO  o.r.Reflections - [scan,232] - Reflections took 1 ms to scan 1 urls, producing 0 keys and 0 values 
18:33:29.288 [restartedMain] INFO  o.r.Reflections - [scan,232] - Reflections took 5 ms to scan 1 urls, producing 1 keys and 5 values 
18:33:29.295 [restartedMain] INFO  o.r.Reflections - [scan,232] - Reflections took 5 ms to scan 1 urls, producing 1 keys and 7 values 
18:33:29.302 [restartedMain] INFO  o.r.Reflections - [scan,232] - Reflections took 5 ms to scan 1 urls, producing 2 keys and 8 values 
18:33:29.304 [restartedMain] INFO  o.r.Reflections - [scan,232] - Reflections took 1 ms to scan 1 urls, producing 0 keys and 0 values 
18:33:30.780 [restartedMain] INFO  c.g.g.StartGateway - [logStartupProfileInfo,652] - The following profiles are active: dev
18:33:31.330 [restartedMain] INFO  c.n.c.s.URLConfigurationSource - [<init>,127] - To enable URLs as dynamic configuration sources, define System property archaius.configurationSource.additionalUrls or make config.properties available on classpath.
18:33:31.333 [restartedMain] INFO  c.n.c.s.URLConfigurationSource - [<init>,127] - To enable URLs as dynamic configuration sources, define System property archaius.configurationSource.additionalUrls or make config.properties available on classpath.
18:33:40.174 [restartedMain] INFO  c.a.c.n.r.NacosServiceRegistry - [register,75] - nacos registry, DEFAULT_GROUP service-gateway 192.168.76.1:9999 register finished
18:33:40.190 [restartedMain] INFO  c.g.g.StartGateway - [logStarted,61] - Started StartGateway in 14.361 seconds (JVM running for 15.601)
18:36:38.315 [SpringContextShutdownHook] INFO  c.a.c.n.r.NacosServiceRegistry - [deregister,94] - De-registering from Nacos Server now...
18:36:38.317 [SpringContextShutdownHook] INFO  c.a.c.n.r.NacosServiceRegistry - [deregister,114] - De-registration finished.
18:37:03.518 [restartedMain] INFO  o.r.Reflections - [scan,232] - Reflections took 15 ms to scan 1 urls, producing 3 keys and 6 values 
18:37:03.535 [restartedMain] INFO  o.r.Reflections - [scan,232] - Reflections took 8 ms to scan 1 urls, producing 4 keys and 9 values 
18:37:03.544 [restartedMain] INFO  o.r.Reflections - [scan,232] - Reflections took 7 ms to scan 1 urls, producing 3 keys and 10 values 
18:37:03.547 [restartedMain] INFO  o.r.Reflections - [scan,232] - Reflections took 1 ms to scan 1 urls, producing 0 keys and 0 values 
18:37:03.553 [restartedMain] INFO  o.r.Reflections - [scan,232] - Reflections took 5 ms to scan 1 urls, producing 1 keys and 5 values 
18:37:03.561 [restartedMain] INFO  o.r.Reflections - [scan,232] - Reflections took 5 ms to scan 1 urls, producing 1 keys and 7 values 
18:37:03.572 [restartedMain] INFO  o.r.Reflections - [scan,232] - Reflections took 9 ms to scan 1 urls, producing 2 keys and 8 values 
18:37:03.576 [restartedMain] INFO  o.r.Reflections - [scan,232] - Reflections took 1 ms to scan 1 urls, producing 0 keys and 0 values 
18:37:05.166 [restartedMain] INFO  c.g.g.StartGateway - [logStartupProfileInfo,652] - The following profiles are active: dev
18:37:05.771 [restartedMain] INFO  c.n.c.s.URLConfigurationSource - [<init>,127] - To enable URLs as dynamic configuration sources, define System property archaius.configurationSource.additionalUrls or make config.properties available on classpath.
18:37:05.774 [restartedMain] INFO  c.n.c.s.URLConfigurationSource - [<init>,127] - To enable URLs as dynamic configuration sources, define System property archaius.configurationSource.additionalUrls or make config.properties available on classpath.
18:37:14.626 [restartedMain] INFO  c.a.c.n.r.NacosServiceRegistry - [register,75] - nacos registry, DEFAULT_GROUP service-gateway 192.168.76.1:9999 register finished
18:37:14.639 [restartedMain] INFO  c.g.g.StartGateway - [logStarted,61] - Started StartGateway in 14.714 seconds (JVM running for 16.0)
18:43:06.181 [SpringContextShutdownHook] INFO  c.a.c.n.r.NacosServiceRegistry - [deregister,94] - De-registering from Nacos Server now...
18:43:06.184 [SpringContextShutdownHook] INFO  c.a.c.n.r.NacosServiceRegistry - [deregister,114] - De-registration finished.
18:43:19.868 [restartedMain] INFO  o.r.Reflections - [scan,232] - Reflections took 16 ms to scan 1 urls, producing 3 keys and 6 values 
18:43:19.885 [restartedMain] INFO  o.r.Reflections - [scan,232] - Reflections took 8 ms to scan 1 urls, producing 4 keys and 9 values 
18:43:19.895 [restartedMain] INFO  o.r.Reflections - [scan,232] - Reflections took 7 ms to scan 1 urls, producing 3 keys and 10 values 
18:43:19.899 [restartedMain] INFO  o.r.Reflections - [scan,232] - Reflections took 1 ms to scan 1 urls, producing 0 keys and 0 values 
18:43:19.906 [restartedMain] INFO  o.r.Reflections - [scan,232] - Reflections took 5 ms to scan 1 urls, producing 1 keys and 5 values 
18:43:19.916 [restartedMain] INFO  o.r.Reflections - [scan,232] - Reflections took 5 ms to scan 1 urls, producing 1 keys and 7 values 
18:43:19.925 [restartedMain] INFO  o.r.Reflections - [scan,232] - Reflections took 7 ms to scan 1 urls, producing 2 keys and 8 values 
18:43:19.928 [restartedMain] INFO  o.r.Reflections - [scan,232] - Reflections took 1 ms to scan 1 urls, producing 0 keys and 0 values 
18:43:22.086 [restartedMain] INFO  c.g.g.StartGateway - [logStartupProfileInfo,652] - The following profiles are active: dev
18:43:23.228 [restartedMain] INFO  c.n.c.s.URLConfigurationSource - [<init>,127] - To enable URLs as dynamic configuration sources, define System property archaius.configurationSource.additionalUrls or make config.properties available on classpath.
18:43:23.232 [restartedMain] INFO  c.n.c.s.URLConfigurationSource - [<init>,127] - To enable URLs as dynamic configuration sources, define System property archaius.configurationSource.additionalUrls or make config.properties available on classpath.
18:43:33.244 [restartedMain] INFO  c.a.c.n.r.NacosServiceRegistry - [register,75] - nacos registry, DEFAULT_GROUP service-gateway 192.168.76.1:9999 register finished
18:43:33.266 [restartedMain] INFO  c.g.g.StartGateway - [logStarted,61] - Started StartGateway in 16.969 seconds (JVM running for 18.296)
19:09:44.050 [reactor-http-nio-2] INFO  c.n.c.ChainedDynamicProperty - [checkAndFlip,115] - Flipping property: service-sys.ribbon.ActiveConnectionsLimit to use NEXT property: niws.loadbalancer.availabilityFilteringRule.activeConnectionsLimit = 2147483647
19:09:44.074 [reactor-http-nio-2] INFO  c.n.l.BaseLoadBalancer - [initWithConfig,197] - Client: service-sys instantiated a LoadBalancer: DynamicServerListLoadBalancer:{NFLoadBalancer:name=service-sys,current list of Servers=[],Load balancer stats=Zone stats: {},Server stats: []}ServerList:null
19:09:44.077 [reactor-http-nio-2] INFO  c.n.l.DynamicServerListLoadBalancer - [enableAndInitLearnNewServersFeature,222] - Using serverListUpdater PollingServerListUpdater
19:09:44.099 [reactor-http-nio-2] INFO  c.n.c.ChainedDynamicProperty - [checkAndFlip,115] - Flipping property: service-sys.ribbon.ActiveConnectionsLimit to use NEXT property: niws.loadbalancer.availabilityFilteringRule.activeConnectionsLimit = 2147483647
19:09:44.100 [reactor-http-nio-2] INFO  c.n.l.DynamicServerListLoadBalancer - [restOfInit,150] - DynamicServerListLoadBalancer for client service-sys initialized: DynamicServerListLoadBalancer:{NFLoadBalancer:name=service-sys,current list of Servers=[192.168.76.1:9801],Load balancer stats=Zone stats: {unknown=[Zone:unknown;	Instance count:1;	Active connections count: 0;	Circuit breaker tripped count: 0;	Active connections per server: 0.0;]
},Server stats: [[Server:192.168.76.1:9801;	Zone:UNKNOWN;	Total Requests:0;	Successive connection failure:0;	Total blackout seconds:0;	Last connection made:Thu Jan 01 08:00:00 CST 1970;	First connection made: Thu Jan 01 08:00:00 CST 1970;	Active Connections:0;	total failure count in last (1000) msecs:0;	average resp time:0.0;	90 percentile resp time:0.0;	95 percentile resp time:0.0;	min resp time:0.0;	max resp time:0.0;	stddev resp time:0.0]
]}ServerList:com.alibaba.cloud.nacos.ribbon.NacosServerList@7fd95102
19:09:45.089 [PollingServerListUpdater-0] INFO  c.n.c.ChainedDynamicProperty - [checkAndFlip,115] - Flipping property: service-sys.ribbon.ActiveConnectionsLimit to use NEXT property: niws.loadbalancer.availabilityFilteringRule.activeConnectionsLimit = 2147483647
19:10:52.970 [Thread-25] INFO  c.n.l.PollingServerListUpdater - [run,53] - Shutting down the Executor Pool for PollingServerListUpdater
19:10:52.978 [SpringContextShutdownHook] INFO  c.a.c.n.r.NacosServiceRegistry - [deregister,94] - De-registering from Nacos Server now...
19:10:52.982 [SpringContextShutdownHook] INFO  c.a.c.n.r.NacosServiceRegistry - [deregister,114] - De-registration finished.
